  === GASBOR 2.3i (r10552) started on   31-Mar-2020   15:53:16
 Computation mode ....................................... : User
 Project identifier ..................................... : ../GNOM/S_A_02700_F2-T1_lys_8_000.out
 Project description:
 Initialized random seed as ..................... : 74604482010808841
 GNOM file name ......................................... : ../GNOM/S_A_02700_F2-T1_lys_8_000.out
 Data set title
 Maximum diameter of the particle ....................... : 44.00
 Radius of gyration ..................................... : 14.67
 Number of GNOM data points ............................. : 438
 Maximum s value [1/angstrom] ........................... : 0.5793
 Number of Shannon channels ............................. : 8.114
 Reduced s maximum ...................................... : 0.5780
 Reduced number of Shannon channels ..................... : 8.096
 Number of knots in the curve to fit .................... : 16
 Point symmetry of the particle ......................... : P1
 Number of equivalent positions ......................... : 1
 Total number of residues ............................... : 129
 Packing radius of dummy atoms .......................... : 1.900
  Number of dummy waters ................................ : 90
 Excluded volume per residue ............................ : 28.73
 Radius of the search volume ............................ : 22.00
 Histogram penalty weight ............................... : 1.000E-03
 Bond length penalty weight ............................. : 1.000E-02
 Discontiguity penalty weight ........................... : 1.000E-02
 Peripheral penalty weight .............................. : 1.000
 Expected particle anisometry ........................... : Unknown
 Contrast of the hydration layer ........................ : 3.000E-02
 Histogram penalty value ................................ : 28.10
 Bond length penalty value .............................. : 1.563
 Initial DRM # of graphs ................................ : 66
 Discontiguity   value .................................. : 1.682
 Peripheral penalty value ............................... : 0.3808
 Weight: 0-2 = s^2, 3-5 = s, 6 = log .................... : 2
 *** Accounting for constant background ***
 Initial scale factor ................................... : 3.178E-09
 Constant background subtracted ......................... : -6.812E-06
 Initial R^2 factor ..................................... : 3.761E-02
 Initial R   factor ..................................... : 0.1939
 Initial penalty ........................................ : 0.4414
 Initial fVal ........................................... : 0.4790
 R-factor fixing threshold .............................. : 0.0
 Fixing threshold for PenCha ............................ : 0.0
 Fixing threshold for PenLen ............................ : 0.0
 Initial annealing temperature .......................... : 1.000E-03
 Annealing schedule factor .............................. : 0.9000
 # of independent atoms to modify ....................... : 1
 Max # of iterations at each T .......................... : 55000
 Max # of successes at each T ........................... : 5500
 Min # of successes to continue ......................... : 55
 Max # of annealing steps ............................... : 100
  ====  Simulated annealing procedure started  ====
 j:   1 T: 0.100E-02 Suc:  5500 Eva:     9837 CPU:  0.784E+00 SqF: 0.5667
  Rf: 0.10269 His: 24.40 Bnd: 0.873 Dis:0.1593 Per :0.2758
 j:   2 T: 0.900E-03 Suc:  5500 Eva:    20018 CPU:  0.170E+01 SqF: 0.5188
  Rf: 0.07990 His: 22.96 Bnd: 0.786 Dis:0.1324 Per :0.2848
 j:   3 T: 0.810E-03 Suc:  5500 Eva:    30575 CPU:  0.273E+01 SqF: 0.4735
  Rf: 0.07529 His: 22.72 Bnd: 0.820 Dis:0.1503 Per :0.2836
 j:   4 T: 0.729E-03 Suc:  5500 Eva:    41500 CPU:  0.356E+01 SqF: 0.4341
  Rf: 0.05311 His: 23.95 Bnd: 0.672 Dis:0.1870 Per :0.2880
 j:   5 T: 0.656E-03 Suc:  5500 Eva:    52802 CPU:  0.470E+01 SqF: 0.4000
  Rf: 0.04777 His: 22.05 Bnd: 0.635 Dis:0.2154 Per :0.2955
 j:   6 T: 0.590E-03 Suc:  5500 Eva:    64894 CPU:  0.580E+01 SqF: 0.3654
  Rf: 0.03562 His: 21.03 Bnd: 0.557 Dis:0.1062 Per :0.2999
 j:   7 T: 0.531E-03 Suc:  5500 Eva:    77495 CPU:  0.685E+01 SqF: 0.3361
  Rf: 0.02502 His: 17.64 Bnd: 0.495 Dis:0.1685 Per :0.3117
 j:   8 T: 0.478E-03 Suc:  5500 Eva:    90828 CPU:  0.795E+01 SqF: 0.3110
  Rf: 0.04045 His: 18.31 Bnd: 0.495 Dis:0.0891 Per :0.3099
 j:   9 T: 0.430E-03 Suc:  5500 Eva:   105080 CPU:  0.937E+01 SqF: 0.2832
  Rf: 0.04319 His: 16.79 Bnd: 0.333 Dis:0.1324 Per :0.3069
 j:  10 T: 0.387E-03 Suc:  5500 Eva:   120103 CPU:  0.105E+02 SqF: 0.2647
  Rf: 0.02839 His: 17.70 Bnd: 0.403 Dis:0.0807 Per :0.3113
 j:  11 T: 0.349E-03 Suc:  5500 Eva:   136657 CPU:  0.120E+02 SqF: 0.2453
  Rf: 0.02840 His: 16.60 Bnd: 0.329 Dis:0.1062 Per :0.3161
 j:  12 T: 0.314E-03 Suc:  5500 Eva:   154896 CPU:  0.135E+02 SqF: 0.2301
  Rf: 0.02912 His: 17.32 Bnd: 0.228 Dis:0.0976 Per :0.3200
 j:  13 T: 0.282E-03 Suc:  5500 Eva:   174291 CPU:  0.153E+02 SqF: 0.2142
  Rf: 0.02922 His: 16.22 Bnd: 0.288 Dis:0.0235 Per :0.3219
 j:  14 T: 0.254E-03 Suc:  5500 Eva:   195616 CPU:  0.172E+02 SqF: 0.1996
  Rf: 0.01809 His: 15.27 Bnd: 0.298 Dis:0.0558 Per :0.3202
 j:  15 T: 0.229E-03 Suc:  5500 Eva:   219579 CPU:  0.191E+02 SqF: 0.1873
  Rf: 0.01808 His: 15.08 Bnd: 0.230 Dis:0.0640 Per :0.3195
 j:  16 T: 0.206E-03 Suc:  5500 Eva:   246633 CPU:  0.215E+02 SqF: 0.1754
  Rf: 0.01933 His: 13.79 Bnd: 0.177 Dis:0.0976 Per :0.3271
 j:  17 T: 0.185E-03 Suc:  5500 Eva:   276395 CPU:  0.239E+02 SqF: 0.1689
  Rf: 0.02535 His: 13.49 Bnd: 0.225 Dis:0.0156 Per :0.3494
 j:  18 T: 0.167E-03 Suc:  5500 Eva:   310111 CPU:  0.266E+02 SqF: 0.1592
  Rf: 0.03327 His: 13.33 Bnd: 0.126 Dis:0.0640 Per :0.3237
 j:  19 T: 0.150E-03 Suc:  5500 Eva:   348651 CPU:  0.300E+02 SqF: 0.1521
  Rf: 0.02205 His: 13.39 Bnd: 0.126 Dis:0.0315 Per :0.3406
 j:  20 T: 0.135E-03 Suc:  5500 Eva:   393332 CPU:  0.342E+02 SqF: 0.1448
  Rf: 0.01989 His: 13.05 Bnd: 0.148 Dis:0.0078 Per :0.3263
 j:  21 T: 0.122E-03 Suc:  5500 Eva:   444391 CPU:  0.398E+02 SqF: 0.1388
  Rf: 0.01622 His: 11.92 Bnd: 0.173 Dis:0.0315 Per :0.3403
 j:  22 T: 0.109E-03 Suc:  4966 Eva:   499391 CPU:  0.449E+02 SqF: 0.1298
  Rf: 0.02907 His: 10.82 Bnd: 0.091 Dis:0.0000 Per :0.3574
 j:  23 T: 0.985E-04 Suc:  4124 Eva:   554391 CPU:  0.497E+02 SqF: 0.1252
  Rf: 0.01719 His: 10.91 Bnd: 0.077 Dis:0.0395 Per :0.3415
 j:  24 T: 0.886E-04 Suc:  3616 Eva:   609391 CPU:  0.546E+02 SqF: 0.1214
  Rf: 0.01382 His: 10.75 Bnd: 0.096 Dis:0.0000 Per :0.3611
 j:  25 T: 0.798E-04 Suc:  2763 Eva:   664391 CPU:  0.592E+02 SqF: 0.1162
  Rf: 0.02037 His: 10.04 Bnd: 0.075 Dis:0.0156 Per :0.3378
 j:  26 T: 0.718E-04 Suc:  2224 Eva:   719391 CPU:  0.642E+02 SqF: 0.1136
  Rf: 0.02541 His:  9.61 Bnd: 0.090 Dis:0.0000 Per :0.3365
 j:  27 T: 0.646E-04 Suc:  1852 Eva:   774391 CPU:  0.701E+02 SqF: 0.1099
  Rf: 0.02228 His:  9.36 Bnd: 0.060 Dis:0.0156 Per :0.3513
 j:  28 T: 0.581E-04 Suc:  1464 Eva:   829391 CPU:  0.751E+02 SqF: 0.1074
  Rf: 0.02074 His:  8.96 Bnd: 0.080 Dis:0.0000 Per :0.3934
 j:  29 T: 0.523E-04 Suc:  1228 Eva:   884391 CPU:  0.800E+02 SqF: 0.1045
  Rf: 0.02032 His:  8.86 Bnd: 0.065 Dis:0.0000 Per :0.3684
 j:  30 T: 0.471E-04 Suc:   807 Eva:   939391 CPU:  0.847E+02 SqF: 0.1005
  Rf: 0.02542 His:  8.19 Bnd: 0.046 Dis:0.0000 Per :0.3619
 j:  31 T: 0.424E-04 Suc:   695 Eva:   994391 CPU:  0.897E+02 SqF: 0.1004
  Rf: 0.02509 His:  8.06 Bnd: 0.076 Dis:0.0000 Per :0.3494
 j:  32 T: 0.382E-04 Suc:   516 Eva:  1049391 CPU:  0.944E+02 SqF: 0.0979
  Rf: 0.02000 His:  8.07 Bnd: 0.059 Dis:0.0000 Per :0.3557
 j:  33 T: 0.343E-04 Suc:   341 Eva:  1104391 CPU:  0.998E+02 SqF: 0.0933
  Rf: 0.02037 His:  7.05 Bnd: 0.083 Dis:0.0000 Per :0.3536
 j:  34 T: 0.309E-04 Suc:   269 Eva:  1159391 CPU:  0.105E+03 SqF: 0.0912
  Rf: 0.02746 His:  6.49 Bnd: 0.074 Dis:0.0000 Per :0.3598
 j:  35 T: 0.278E-04 Suc:   268 Eva:  1214391 CPU:  0.111E+03 SqF: 0.0884
  Rf: 0.01620 His:  7.02 Bnd: 0.027 Dis:0.0000 Per :0.3446
 j:  36 T: 0.250E-04 Suc:   142 Eva:  1269391 CPU:  0.118E+03 SqF: 0.0869
  Rf: 0.02373 His:  6.35 Bnd: 0.041 Dis:0.0000 Per :0.3557
 j:  37 T: 0.225E-04 Suc:   123 Eva:  1324391 CPU:  0.126E+03 SqF: 0.0857
  Rf: 0.01930 His:  6.30 Bnd: 0.049 Dis:0.0000 Per :0.3571
 j:  38 T: 0.203E-04 Suc:    71 Eva:  1379391 CPU:  0.131E+03 SqF: 0.0856
  Rf: 0.02018 His:  6.29 Bnd: 0.048 Dis:0.0000 Per :0.3576
 j:  39 T: 0.182E-04 Suc:    76 Eva:  1434391 CPU:  0.136E+03 SqF: 0.0845
  Rf: 0.01800 His:  6.06 Bnd: 0.064 Dis:0.0000 Per :0.3547
 j:  40 T: 0.164E-04 Suc:    32 Eva:  1489391 CPU:  0.141E+03 SqF: 0.0836
  Rf: 0.01723 His:  5.94 Bnd: 0.066 Dis:0.0000 Per :0.3515

 Final Chi^2 against raw data ........................... : 2.000

   === GASBOR 2.3i (r10552) finished on   31-Mar-2020   15:55:39
