dammif ........................................... : r11734
Log opened ....................................... : 25-Mar-2020, 12:32:18
Run as:
Full command line ................................ : /usr/bin/dammif --quiet --mode=Slow --prefix=lys_8_07 --unit=Unknown --symmetry=P1 --anisometry=Unknown --omit-solvent lys_8.out
Configuration mode ............................... : slow
Angular units .................................... : unknown
Prefix ........................................... : lys_8_07
Omit output of solvent ........................... : yes
GNOM input file .................................. : lys_8.out
Expected particle anisometry ..................... : unknown
Enforced particle symmetry ....................... : p1
Pseudo-chains in PDB output ...................... : no
GNOM file:
Title ............................................ :
Angular units .................................... : angstrom
Maximum particle diameter [Angstrom] ............. : 44.0
Radius of gyration [Angstrom] .................... : 14.7
Minimum s [1/Angstrom] ........................... : 0.00
Maximum s [1/Angstrom] ........................... : 0.579
Configured as:
Shape class ...................................... : compact
Approx. shape dimension (ri) ..................... : 0.00
Approx. shape dimension (ro) ..................... : 18.9
Approx. shape dimension (h) ...................... : 0.00
Dummy atom radius ................................ : 1.00
Number of spherical harmonics .................... : 20
Proportion of the curve to be fitted ............. : 1.00
Maximum s [1/Angstrom] ........................... : 0.579
Number of shannon channels ....................... : 9
Number of supporting points in spline approx. .... : 10
Probability that the spline approx. fits the data  : 0.563E-77
Weighting function ............................... : emphasised porod
Initial random seed .............................. : 3511068281973257145
Maximum number of steps .......................... : 400
Maximum number of iterations ..................... : 100000
Minumum number of successes ...................... : 50
Maximum number of successes ...................... : 10000
Temperature scheduling factor .................... : 0.950
Rg penalty weight ................................ : 0.100E-02
Center penalty weight ............................ : 0.100E-04
Looseness penalty weight ......................... : 0.100E-01
Anisometry penalty weight ........................ : 0.00
Constant subtraction ............................. : 0.520E-04
Annealing procedure status ....................... : warming up
Initial Rg penalty ............................... : 0.169E-03
Initial Center penalty ........................... : 0.781E-15
Initial Looseness penalty ........................ : 0.506E-02
Annealing procedure status ....................... : started
Step:    1, T: 0.736E-05, 3039/10775, Succ: 10000, Eval: 18406, CPU: 00:00:02
 Rf: 0.0655, Los: 0.11, Rg: 0.00, Cen: 0.48, Ani: 0.00, Fit: 0.0735
Step:    2, T: 0.699E-05, 3065/12305, Succ: 10000, Eval: 39908, CPU: 00:00:06
 Rf: 0.0640, Los: 0.11, Rg: 0.05, Cen: 0.53, Ani: 0.00, Fit: 0.0725
Step:    3, T: 0.664E-05, 3065/13218, Succ: 10000, Eval: 61922, CPU: 00:00:09
 Rf: 0.0613, Los: 0.11, Rg: 0.06, Cen: 0.57, Ani: 0.00, Fit: 0.0701
Step:    4, T: 0.631E-05, 3017/13978, Succ: 10000, Eval: 85047, CPU: 00:00:12
 Rf: 0.0592, Los: 0.11, Rg: 0.11, Cen: 0.54, Ani: 0.00, Fit: 0.0690
Step:    5, T: 0.599E-05, 2987/14504, Succ: 10000, Eval: 107548, CPU: 00:00:15
 Rf: 0.0563, Los: 0.11, Rg: 0.08, Cen: 0.69, Ani: 0.00, Fit: 0.0661
Step:    6, T: 0.569E-05, 3001/14935, Succ: 10000, Eval: 129586, CPU: 00:00:18
 Rf: 0.0546, Los: 0.11, Rg: 0.08, Cen: 0.57, Ani: 0.00, Fit: 0.0644
Step:    7, T: 0.541E-05, 2963/15231, Succ: 10000, Eval: 151948, CPU: 00:00:20
 Rf: 0.0543, Los: 0.11, Rg: 0.10, Cen: 0.75, Ani: 0.00, Fit: 0.0645
Step:    8, T: 0.514E-05, 2995/15472, Succ: 10000, Eval: 174398, CPU: 00:00:22
 Rf: 0.0510, Los: 0.10, Rg: 0.05, Cen: 0.88, Ani: 0.00, Fit: 0.0608
Step:    9, T: 0.488E-05, 2839/15702, Succ: 10000, Eval: 195882, CPU: 00:00:25
 Rf: 0.0476, Los: 0.10, Rg: 0.05, Cen: 1.30, Ani: 0.00, Fit: 0.0581
Step:   10, T: 0.464E-05, 2777/15932, Succ: 10000, Eval: 218239, CPU: 00:00:27
 Rf: 0.0454, Los: 0.11, Rg: 0.05, Cen: 1.87, Ani: 0.00, Fit: 0.0569
Step:   11, T: 0.441E-05, 2781/16105, Succ: 10000, Eval: 240342, CPU: 00:00:29
 Rf: 0.0414, Los: 0.10, Rg: 0.02, Cen: 1.89, Ani: 0.00, Fit: 0.0527
Step:   12, T: 0.419E-05, 2799/16286, Succ: 10000, Eval: 262315, CPU: 00:00:31
 Rf: 0.0423, Los: 0.10, Rg: 0.03, Cen: 1.58, Ani: 0.00, Fit: 0.0536
Step:   13, T: 0.398E-05, 2843/16484, Succ: 10000, Eval: 283974, CPU: 00:00:33
 Rf: 0.0411, Los: 0.10, Rg: 0.05, Cen: 1.70, Ani: 0.00, Fit: 0.0521
Step:   14, T: 0.378E-05, 2705/16702, Succ: 10000, Eval: 305444, CPU: 00:00:35
 Rf: 0.0368, Los: 0.10, Rg: 0.04, Cen: 0.67, Ani: 0.00, Fit: 0.0493
Step:   15, T: 0.359E-05, 2697/16978, Succ: 10000, Eval: 327158, CPU: 00:00:37
 Rf: 0.0315, Los: 0.10, Rg: 0.02, Cen: 1.45, Ani: 0.00, Fit: 0.0446
Step:   16, T: 0.341E-05, 2659/17087, Succ: 10000, Eval: 348893, CPU: 00:00:39
 Rf: 0.0308, Los: 0.09, Rg: 0.02, Cen: 1.24, Ani: 0.00, Fit: 0.0438
Step:   17, T: 0.324E-05, 2621/17281, Succ: 10000, Eval: 370956, CPU: 00:00:41
 Rf: 0.0306, Los: 0.10, Rg: 0.03, Cen: 1.67, Ani: 0.00, Fit: 0.0441
Step:   18, T: 0.308E-05, 2627/17337, Succ: 10000, Eval: 392753, CPU: 00:00:43
 Rf: 0.0304, Los: 0.10, Rg: 0.01, Cen: 1.42, Ani: 0.00, Fit: 0.0438
Step:   19, T: 0.292E-05, 2615/17415, Succ: 10000, Eval: 415008, CPU: 00:00:44
 Rf: 0.0287, Los: 0.09, Rg: 0.01, Cen: 1.22, Ani: 0.00, Fit: 0.0422
Step:   20, T: 0.278E-05, 2593/17494, Succ: 10000, Eval: 436474, CPU: 00:00:46
 Rf: 0.0234, Los: 0.09, Rg: 0.01, Cen: 0.86, Ani: 0.00, Fit: 0.0387
Step:   21, T: 0.264E-05, 2585/17624, Succ: 10000, Eval: 458130, CPU: 00:00:47
 Rf: 0.0243, Los: 0.09, Rg: 0.01, Cen: 1.06, Ani: 0.00, Fit: 0.0391
Step:   22, T: 0.251E-05, 2587/17708, Succ: 10000, Eval: 479128, CPU: 00:00:49
 Rf: 0.0232, Los: 0.09, Rg: 0.00, Cen: 0.92, Ani: 0.00, Fit: 0.0377
Step:   23, T: 0.238E-05, 2583/17743, Succ: 10000, Eval: 500699, CPU: 00:00:50
 Rf: 0.0193, Los: 0.09, Rg: 0.01, Cen: 1.01, Ani: 0.00, Fit: 0.0355
Step:   24, T: 0.226E-05, 2561/17789, Succ: 10000, Eval: 522069, CPU: 00:00:51
 Rf: 0.0172, Los: 0.08, Rg: 0.01, Cen: 1.18, Ani: 0.00, Fit: 0.0340
Step:   25, T: 0.215E-05, 2563/17842, Succ: 10000, Eval: 543135, CPU: 00:00:53
 Rf: 0.0200, Los: 0.09, Rg: 0.00, Cen: 0.63, Ani: 0.00, Fit: 0.0359
Step:   26, T: 0.204E-05, 2539/17892, Succ: 10000, Eval: 564463, CPU: 00:00:54
 Rf: 0.0170, Los: 0.08, Rg: 0.00, Cen: 0.56, Ani: 0.00, Fit: 0.0337
Step:   27, T: 0.194E-05, 2561/17923, Succ: 10000, Eval: 585683, CPU: 00:00:55
 Rf: 0.0165, Los: 0.08, Rg: 0.00, Cen: 0.32, Ani: 0.00, Fit: 0.0336
Step:   28, T: 0.184E-05, 2563/18029, Succ: 10000, Eval: 606329, CPU: 00:00:56
 Rf: 0.0147, Los: 0.08, Rg: 0.01, Cen: 0.30, Ani: 0.00, Fit: 0.0316
Step:   29, T: 0.175E-05, 2535/18096, Succ: 10000, Eval: 627519, CPU: 00:00:58
 Rf: 0.0157, Los: 0.08, Rg: 0.01, Cen: 0.29, Ani: 0.00, Fit: 0.0326
Step:   30, T: 0.166E-05, 2563/18146, Succ: 10000, Eval: 648728, CPU: 00:00:59
 Rf: 0.0125, Los: 0.07, Rg: 0.01, Cen: 0.18, Ani: 0.00, Fit: 0.0294
Step:   31, T: 0.158E-05, 2521/18164, Succ: 10000, Eval: 669309, CPU: 00:01:00
 Rf: 0.0132, Los: 0.07, Rg: 0.00, Cen: 0.39, Ani: 0.00, Fit: 0.0305
Step:   32, T: 0.150E-05, 2559/18224, Succ: 10000, Eval: 690719, CPU: 00:01:01
 Rf: 0.0126, Los: 0.07, Rg: 0.01, Cen: 0.35, Ani: 0.00, Fit: 0.0301
Step:   33, T: 0.143E-05, 2485/18261, Succ: 10000, Eval: 711666, CPU: 00:01:02
 Rf: 0.0104, Los: 0.07, Rg: 0.00, Cen: 0.59, Ani: 0.00, Fit: 0.0287
Step:   34, T: 0.135E-05, 2523/18298, Succ: 10000, Eval: 732408, CPU: 00:01:03
 Rf: 0.0110, Los: 0.07, Rg: 0.01, Cen: 0.28, Ani: 0.00, Fit: 0.0284
Step:   35, T: 0.129E-05, 2507/18336, Succ: 10000, Eval: 753261, CPU: 00:01:04
 Rf: 0.0103, Los: 0.06, Rg: 0.00, Cen: 0.49, Ani: 0.00, Fit: 0.0275
Step:   36, T: 0.122E-05, 2559/18352, Succ: 10000, Eval: 774257, CPU: 00:01:05
 Rf: 0.0108, Los: 0.06, Rg: 0.00, Cen: 0.11, Ani: 0.00, Fit: 0.0274
Step:   37, T: 0.116E-05, 2571/18365, Succ: 10000, Eval: 794464, CPU: 00:01:06
 Rf: 0.0102, Los: 0.06, Rg: 0.00, Cen: 0.11, Ani: 0.00, Fit: 0.0263
Step:   38, T: 0.110E-05, 2557/18382, Succ: 10000, Eval: 814876, CPU: 00:01:06
 Rf: 0.0091, Los: 0.06, Rg: 0.00, Cen: 0.20, Ani: 0.00, Fit: 0.0257
Step:   39, T: 0.105E-05, 2565/18419, Succ: 10000, Eval: 835388, CPU: 00:01:07
 Rf: 0.0078, Los: 0.06, Rg: 0.01, Cen: 0.38, Ani: 0.00, Fit: 0.0251
Step:   40, T: 0.996E-06, 2589/18419, Succ: 10000, Eval: 856212, CPU: 00:01:08
 Rf: 0.0091, Los: 0.06, Rg: 0.00, Cen: 0.20, Ani: 0.00, Fit: 0.0253
Step:   41, T: 0.946E-06, 2567/18422, Succ: 10000, Eval: 877561, CPU: 00:01:09
 Rf: 0.0073, Los: 0.05, Rg: 0.00, Cen: 0.34, Ani: 0.00, Fit: 0.0243
Step:   42, T: 0.899E-06, 2555/18438, Succ: 10000, Eval: 898475, CPU: 00:01:10
 Rf: 0.0079, Los: 0.05, Rg: 0.00, Cen: 0.18, Ani: 0.00, Fit: 0.0248
Step:   43, T: 0.854E-06, 2575/18439, Succ: 10000, Eval: 920227, CPU: 00:01:10
 Rf: 0.0064, Los: 0.05, Rg: 0.00, Cen: 0.19, Ani: 0.00, Fit: 0.0233
Step:   44, T: 0.811E-06, 2621/18446, Succ: 10000, Eval: 941810, CPU: 00:01:11
 Rf: 0.0076, Los: 0.05, Rg: 0.00, Cen: 0.45, Ani: 0.00, Fit: 0.0236
Step:   45, T: 0.770E-06, 2665/18451, Succ: 10000, Eval: 963228, CPU: 00:01:12
 Rf: 0.0061, Los: 0.05, Rg: 0.00, Cen: 0.23, Ani: 0.00, Fit: 0.0225
Step:   46, T: 0.732E-06, 2625/18456, Succ: 10000, Eval: 985006, CPU: 00:01:13
 Rf: 0.0068, Los: 0.04, Rg: 0.00, Cen: 0.09, Ani: 0.00, Fit: 0.0222
Step:   47, T: 0.695E-06, 2633/18461, Succ: 10000, Eval: 1007285, CPU: 00:01:13
 Rf: 0.0057, Los: 0.05, Rg: 0.00, Cen: 0.24, Ani: 0.00, Fit: 0.0224
Step:   48, T: 0.660E-06, 2629/18466, Succ: 10000, Eval: 1029540, CPU: 00:01:14
 Rf: 0.0061, Los: 0.04, Rg: 0.00, Cen: 0.17, Ani: 0.00, Fit: 0.0221
Step:   49, T: 0.627E-06, 2667/18467, Succ: 10000, Eval: 1051740, CPU: 00:01:15
 Rf: 0.0055, Los: 0.04, Rg: 0.00, Cen: 0.18, Ani: 0.00, Fit: 0.0208
Step:   50, T: 0.596E-06, 2679/18475, Succ: 10000, Eval: 1073848, CPU: 00:01:15
 Rf: 0.0060, Los: 0.04, Rg: 0.00, Cen: 0.24, Ani: 0.00, Fit: 0.0212
Step:   51, T: 0.566E-06, 2705/18475, Succ: 10000, Eval: 1096726, CPU: 00:01:16
 Rf: 0.0055, Los: 0.04, Rg: 0.00, Cen: 0.29, Ani: 0.00, Fit: 0.0205
Step:   52, T: 0.538E-06, 2719/18475, Succ: 10000, Eval: 1120173, CPU: 00:01:17
 Rf: 0.0058, Los: 0.04, Rg: 0.00, Cen: 0.11, Ani: 0.00, Fit: 0.0200
Step:   53, T: 0.511E-06, 2669/18479, Succ: 10000, Eval: 1143678, CPU: 00:01:18
 Rf: 0.0047, Los: 0.04, Rg: 0.00, Cen: 0.26, Ani: 0.00, Fit: 0.0194
Step:   54, T: 0.486E-06, 2695/18484, Succ: 10000, Eval: 1167516, CPU: 00:01:18
 Rf: 0.0047, Los: 0.03, Rg: 0.00, Cen: 0.12, Ani: 0.00, Fit: 0.0193
Step:   55, T: 0.461E-06, 2727/18484, Succ: 10000, Eval: 1191577, CPU: 00:01:19
 Rf: 0.0049, Los: 0.03, Rg: 0.00, Cen: 0.08, Ani: 0.00, Fit: 0.0191
Step:   56, T: 0.438E-06, 2719/18484, Succ: 10000, Eval: 1215895, CPU: 00:01:20
 Rf: 0.0042, Los: 0.03, Rg: 0.00, Cen: 0.10, Ani: 0.00, Fit: 0.0185
Step:   57, T: 0.416E-06, 2761/18490, Succ: 10000, Eval: 1241022, CPU: 00:01:20
 Rf: 0.0044, Los: 0.03, Rg: 0.00, Cen: 0.07, Ani: 0.00, Fit: 0.0183
Step:   58, T: 0.395E-06, 2763/18490, Succ: 10000, Eval: 1266324, CPU: 00:01:21
 Rf: 0.0041, Los: 0.03, Rg: 0.00, Cen: 0.26, Ani: 0.00, Fit: 0.0178
Step:   59, T: 0.376E-06, 2779/18491, Succ: 10000, Eval: 1292028, CPU: 00:01:22
 Rf: 0.0039, Los: 0.03, Rg: 0.00, Cen: 0.05, Ani: 0.00, Fit: 0.0172
Step:   60, T: 0.357E-06, 2733/18491, Succ: 10000, Eval: 1318094, CPU: 00:01:23
 Rf: 0.0033, Los: 0.03, Rg: 0.00, Cen: 0.29, Ani: 0.00, Fit: 0.0173
Step:   61, T: 0.339E-06, 2765/18492, Succ: 10000, Eval: 1344836, CPU: 00:01:24
 Rf: 0.0034, Los: 0.03, Rg: 0.00, Cen: 0.04, Ani: 0.00, Fit: 0.0172
Step:   62, T: 0.322E-06, 2771/18492, Succ: 10000, Eval: 1372633, CPU: 00:01:24
 Rf: 0.0035, Los: 0.03, Rg: 0.00, Cen: 0.19, Ani: 0.00, Fit: 0.0168
Step:   63, T: 0.306E-06, 2813/18492, Succ: 10000, Eval: 1400398, CPU: 00:01:25
 Rf: 0.0035, Los: 0.03, Rg: 0.00, Cen: 0.05, Ani: 0.00, Fit: 0.0167
Step:   64, T: 0.291E-06, 2835/18492, Succ: 10000, Eval: 1428386, CPU: 00:01:26
 Rf: 0.0038, Los: 0.03, Rg: 0.00, Cen: 0.10, Ani: 0.00, Fit: 0.0164
Step:   65, T: 0.276E-06, 2835/18496, Succ: 10000, Eval: 1456767, CPU: 00:01:27
 Rf: 0.0034, Los: 0.02, Rg: 0.00, Cen: 0.02, Ani: 0.00, Fit: 0.0161
Step:   66, T: 0.262E-06, 2877/18499, Succ: 10000, Eval: 1485918, CPU: 00:01:28
 Rf: 0.0034, Los: 0.02, Rg: 0.00, Cen: 0.13, Ani: 0.00, Fit: 0.0152
Step:   67, T: 0.249E-06, 2901/18499, Succ: 10000, Eval: 1515937, CPU: 00:01:29
 Rf: 0.0033, Los: 0.02, Rg: 0.00, Cen: 0.09, Ani: 0.00, Fit: 0.0155
Step:   68, T: 0.237E-06, 2865/18499, Succ: 10000, Eval: 1547076, CPU: 00:01:30
 Rf: 0.0029, Los: 0.02, Rg: 0.00, Cen: 0.04, Ani: 0.00, Fit: 0.0152
Step:   69, T: 0.225E-06, 2903/18499, Succ: 10000, Eval: 1578258, CPU: 00:01:30
 Rf: 0.0028, Los: 0.02, Rg: 0.00, Cen: 0.04, Ani: 0.00, Fit: 0.0145
Step:   70, T: 0.214E-06, 2915/18499, Succ: 10000, Eval: 1610064, CPU: 00:01:31
 Rf: 0.0023, Los: 0.02, Rg: 0.00, Cen: 0.15, Ani: 0.00, Fit: 0.0144
Step:   71, T: 0.203E-06, 2913/18514, Succ: 10000, Eval: 1643247, CPU: 00:01:32
 Rf: 0.0028, Los: 0.02, Rg: 0.00, Cen: 0.03, Ani: 0.00, Fit: 0.0140
Step:   72, T: 0.193E-06, 2933/18514, Succ: 10000, Eval: 1677342, CPU: 00:01:33
 Rf: 0.0023, Los: 0.02, Rg: 0.00, Cen: 0.05, Ani: 0.00, Fit: 0.0140
Step:   73, T: 0.183E-06, 2943/18514, Succ: 10000, Eval: 1711680, CPU: 00:01:35
 Rf: 0.0030, Los: 0.02, Rg: 0.00, Cen: 0.07, Ani: 0.00, Fit: 0.0142
Step:   74, T: 0.174E-06, 2999/18514, Succ: 10000, Eval: 1747208, CPU: 00:01:36
 Rf: 0.0025, Los: 0.02, Rg: 0.00, Cen: 0.07, Ani: 0.00, Fit: 0.0131
Step:   75, T: 0.165E-06, 3021/18514, Succ: 10000, Eval: 1784216, CPU: 00:01:37
 Rf: 0.0024, Los: 0.02, Rg: 0.00, Cen: 0.03, Ani: 0.00, Fit: 0.0131
Step:   76, T: 0.157E-06, 2999/18514, Succ: 10000, Eval: 1821846, CPU: 00:01:38
 Rf: 0.0023, Los: 0.02, Rg: 0.00, Cen: 0.02, Ani: 0.00, Fit: 0.0132
Step:   77, T: 0.149E-06, 3009/18514, Succ: 10000, Eval: 1860786, CPU: 00:01:39
 Rf: 0.0028, Los: 0.02, Rg: 0.00, Cen: 0.05, Ani: 0.00, Fit: 0.0129
Step:   78, T: 0.142E-06, 3037/18514, Succ: 10000, Eval: 1901110, CPU: 00:01:40
 Rf: 0.0026, Los: 0.02, Rg: 0.00, Cen: 0.02, Ani: 0.00, Fit: 0.0126
Step:   79, T: 0.135E-06, 3037/18514, Succ: 10000, Eval: 1942742, CPU: 00:01:41
 Rf: 0.0025, Los: 0.02, Rg: 0.00, Cen: 0.04, Ani: 0.00, Fit: 0.0127
Step:   80, T: 0.128E-06, 3099/18514, Succ: 10000, Eval: 1986288, CPU: 00:01:43
 Rf: 0.0027, Los: 0.01, Rg: 0.00, Cen: 0.02, Ani: 0.00, Fit: 0.0122
Step:   81, T: 0.122E-06, 3103/18514, Succ: 10000, Eval: 2029510, CPU: 00:01:44
 Rf: 0.0024, Los: 0.01, Rg: 0.00, Cen: 0.04, Ani: 0.00, Fit: 0.0118
Step:   82, T: 0.115E-06, 3095/18514, Succ: 10000, Eval: 2074471, CPU: 00:01:45
 Rf: 0.0026, Los: 0.01, Rg: 0.00, Cen: 0.05, Ani: 0.00, Fit: 0.0121
Step:   83, T: 0.110E-06, 3101/18514, Succ: 10000, Eval: 2122280, CPU: 00:01:47
 Rf: 0.0024, Los: 0.01, Rg: 0.00, Cen: 0.04, Ani: 0.00, Fit: 0.0120
Step:   84, T: 0.104E-06, 3123/18514, Succ: 10000, Eval: 2171766, CPU: 00:01:48
 Rf: 0.0024, Los: 0.01, Rg: 0.00, Cen: 0.04, Ani: 0.00, Fit: 0.0116
Step:   85, T: 0.990E-07, 3141/18514, Succ: 10000, Eval: 2221558, CPU: 00:01:50
 Rf: 0.0022, Los: 0.01, Rg: 0.00, Cen: 0.03, Ani: 0.00, Fit: 0.0113
Step:   86, T: 0.941E-07, 3179/18514, Succ: 10000, Eval: 2274893, CPU: 00:01:52
 Rf: 0.0023, Los: 0.01, Rg: 0.00, Cen: 0.03, Ani: 0.00, Fit: 0.0113
Step:   87, T: 0.893E-07, 3169/18514, Succ: 10000, Eval: 2330051, CPU: 00:01:53
 Rf: 0.0023, Los: 0.01, Rg: 0.00, Cen: 0.03, Ani: 0.00, Fit: 0.0112
Step:   88, T: 0.849E-07, 3187/18514, Succ: 10000, Eval: 2386667, CPU: 00:01:55
 Rf: 0.0022, Los: 0.01, Rg: 0.00, Cen: 0.02, Ani: 0.00, Fit: 0.0111
Step:   89, T: 0.806E-07, 3197/18514, Succ: 10000, Eval: 2446399, CPU: 00:01:57
 Rf: 0.0022, Los: 0.01, Rg: 0.00, Cen: 0.04, Ani: 0.00, Fit: 0.0108
Step:   90, T: 0.766E-07, 3211/18514, Succ: 10000, Eval: 2508901, CPU: 00:01:59
 Rf: 0.0024, Los: 0.01, Rg: 0.00, Cen: 0.01, Ani: 0.00, Fit: 0.0106
Step:   91, T: 0.728E-07, 3201/18514, Succ: 10000, Eval: 2574421, CPU: 00:02:01
 Rf: 0.0022, Los: 0.01, Rg: 0.00, Cen: 0.00, Ani: 0.00, Fit: 0.0105
Step:   92, T: 0.691E-07, 3273/18514, Succ: 10000, Eval: 2643131, CPU: 00:02:03
 Rf: 0.0022, Los: 0.01, Rg: 0.00, Cen: 0.00, Ani: 0.00, Fit: 0.0102
Step:   93, T: 0.657E-07, 3225/18514, Succ: 10000, Eval: 2716266, CPU: 00:02:05
 Rf: 0.0023, Los: 0.01, Rg: 0.00, Cen: 0.01, Ani: 0.00, Fit: 0.0104
Step:   94, T: 0.624E-07, 3251/18514, Succ: 10000, Eval: 2794398, CPU: 00:02:07
 Rf: 0.0021, Los: 0.01, Rg: 0.00, Cen: 0.01, Ani: 0.00, Fit: 0.0101
Step:   95, T: 0.593E-07, 3293/18514, Succ: 10000, Eval: 2876425, CPU: 00:02:10
 Rf: 0.0020, Los: 0.01, Rg: 0.00, Cen: 0.01, Ani: 0.00, Fit: 0.0098
Step:   96, T: 0.563E-07, 3299/18514, Succ: 10000, Eval: 2964812, CPU: 00:02:13
 Rf: 0.0019, Los: 0.01, Rg: 0.00, Cen: 0.00, Ani: 0.00, Fit: 0.0098
Step:   97, T: 0.535E-07, 3287/18514, Succ: 10000, Eval: 3058442, CPU: 00:02:16
 Rf: 0.0021, Los: 0.01, Rg: 0.00, Cen: 0.00, Ani: 0.00, Fit: 0.0096
Step:   98, T: 0.508E-07, 3305/18514, Succ: 10000, Eval: 3156547, CPU: 00:02:19
 Rf: 0.0019, Los: 0.01, Rg: 0.00, Cen: 0.01, Ani: 0.00, Fit: 0.0096
Step:   99, T: 0.483E-07, 3314/18514, Succ: 9515, Eval: 3256547, CPU: 00:02:22
 Rf: 0.0019, Los: 0.01, Rg: 0.00, Cen: 0.02, Ani: 0.00, Fit: 0.0094
Step:  100, T: 0.459E-07, 3351/18514, Succ: 8819, Eval: 3356547, CPU: 00:02:25
 Rf: 0.0018, Los: 0.01, Rg: 0.00, Cen: 0.01, Ani: 0.00, Fit: 0.0091
Step:  101, T: 0.436E-07, 3356/18514, Succ: 8051, Eval: 3456547, CPU: 00:02:28
 Rf: 0.0019, Los: 0.01, Rg: 0.00, Cen: 0.02, Ani: 0.00, Fit: 0.0091
Step:  102, T: 0.414E-07, 3366/18514, Succ: 7414, Eval: 3556547, CPU: 00:02:31
 Rf: 0.0020, Los: 0.01, Rg: 0.00, Cen: 0.02, Ani: 0.00, Fit: 0.0089
Step:  103, T: 0.393E-07, 3372/18514, Succ: 6856, Eval: 3656547, CPU: 00:02:35
 Rf: 0.0019, Los: 0.01, Rg: 0.00, Cen: 0.00, Ani: 0.00, Fit: 0.0089
Step:  104, T: 0.374E-07, 3397/18514, Succ: 6359, Eval: 3756547, CPU: 00:02:38
 Rf: 0.0019, Los: 0.01, Rg: 0.00, Cen: 0.02, Ani: 0.00, Fit: 0.0087
Step:  105, T: 0.355E-07, 3406/18514, Succ: 5797, Eval: 3856547, CPU: 00:02:41
 Rf: 0.0018, Los: 0.01, Rg: 0.00, Cen: 0.01, Ani: 0.00, Fit: 0.0086
Step:  106, T: 0.337E-07, 3402/18514, Succ: 5144, Eval: 3956547, CPU: 00:02:44
 Rf: 0.0018, Los: 0.01, Rg: 0.00, Cen: 0.01, Ani: 0.00, Fit: 0.0085
Step:  107, T: 0.320E-07, 3444/18514, Succ: 4620, Eval: 4056547, CPU: 00:02:47
 Rf: 0.0018, Los: 0.01, Rg: 0.00, Cen: 0.01, Ani: 0.00, Fit: 0.0084
Step:  108, T: 0.304E-07, 3439/18514, Succ: 4387, Eval: 4156547, CPU: 00:02:51
 Rf: 0.0017, Los: 0.01, Rg: 0.00, Cen: 0.01, Ani: 0.00, Fit: 0.0083
Step:  109, T: 0.289E-07, 3441/18514, Succ: 3798, Eval: 4256547, CPU: 00:02:54
 Rf: 0.0018, Los: 0.01, Rg: 0.00, Cen: 0.01, Ani: 0.00, Fit: 0.0082
Step:  110, T: 0.275E-07, 3438/18514, Succ: 3381, Eval: 4356547, CPU: 00:02:57
 Rf: 0.0017, Los: 0.01, Rg: 0.00, Cen: 0.01, Ani: 0.00, Fit: 0.0082
Step:  111, T: 0.261E-07, 3445/18514, Succ: 2897, Eval: 4456547, CPU: 00:03:00
 Rf: 0.0018, Los: 0.01, Rg: 0.00, Cen: 0.00, Ani: 0.00, Fit: 0.0081
Step:  112, T: 0.248E-07, 3478/18514, Succ: 2645, Eval: 4556547, CPU: 00:03:03
 Rf: 0.0018, Los: 0.01, Rg: 0.00, Cen: 0.02, Ani: 0.00, Fit: 0.0080
Step:  113, T: 0.235E-07, 3458/18514, Succ: 2466, Eval: 4656547, CPU: 00:03:07
 Rf: 0.0017, Los: 0.01, Rg: 0.00, Cen: 0.03, Ani: 0.00, Fit: 0.0080
Step:  114, T: 0.224E-07, 3463/18514, Succ: 2157, Eval: 4756547, CPU: 00:03:10
 Rf: 0.0018, Los: 0.01, Rg: 0.00, Cen: 0.01, Ani: 0.00, Fit: 0.0079
Step:  115, T: 0.212E-07, 3477/18514, Succ: 1838, Eval: 4856547, CPU: 00:03:13
 Rf: 0.0018, Los: 0.01, Rg: 0.00, Cen: 0.01, Ani: 0.00, Fit: 0.0079
Step:  116, T: 0.202E-07, 3485/18514, Succ: 1420, Eval: 4956547, CPU: 00:03:16
 Rf: 0.0018, Los: 0.01, Rg: 0.00, Cen: 0.00, Ani: 0.00, Fit: 0.0078
Step:  117, T: 0.192E-07, 3497/18514, Succ: 1180, Eval: 5056547, CPU: 00:03:19
 Rf: 0.0018, Los: 0.01, Rg: 0.00, Cen: 0.01, Ani: 0.00, Fit: 0.0078
Step:  118, T: 0.182E-07, 3491/18514, Succ: 1148, Eval: 5156547, CPU: 00:03:23
 Rf: 0.0018, Los: 0.01, Rg: 0.00, Cen: 0.00, Ani: 0.00, Fit: 0.0078
Step:  119, T: 0.173E-07, 3492/18514, Succ: 1059, Eval: 5256547, CPU: 00:03:26
 Rf: 0.0018, Los: 0.01, Rg: 0.00, Cen: 0.01, Ani: 0.00, Fit: 0.0078
Step:  120, T: 0.164E-07, 3499/18514, Succ: 857, Eval: 5356547, CPU: 00:03:29
 Rf: 0.0018, Los: 0.01, Rg: 0.00, Cen: 0.00, Ani: 0.00, Fit: 0.0078
Step:  121, T: 0.156E-07, 3509/18514, Succ: 754, Eval: 5456547, CPU: 00:03:32
 Rf: 0.0019, Los: 0.01, Rg: 0.00, Cen: 0.00, Ani: 0.00, Fit: 0.0077
Step:  122, T: 0.148E-07, 3504/18514, Succ: 699, Eval: 5556547, CPU: 00:03:35
 Rf: 0.0018, Los: 0.01, Rg: 0.00, Cen: 0.00, Ani: 0.00, Fit: 0.0077
Step:  123, T: 0.141E-07, 3508/18514, Succ: 638, Eval: 5656547, CPU: 00:03:39
 Rf: 0.0019, Los: 0.01, Rg: 0.00, Cen: 0.01, Ani: 0.00, Fit: 0.0077
Step:  124, T: 0.134E-07, 3510/18514, Succ: 556, Eval: 5756547, CPU: 00:03:42
 Rf: 0.0019, Los: 0.01, Rg: 0.00, Cen: 0.01, Ani: 0.00, Fit: 0.0077
Step:  125, T: 0.127E-07, 3507/18514, Succ: 551, Eval: 5856547, CPU: 00:03:45
 Rf: 0.0018, Los: 0.01, Rg: 0.00, Cen: 0.00, Ani: 0.00, Fit: 0.0077
Step:  126, T: 0.121E-07, 3514/18514, Succ: 413, Eval: 5956547, CPU: 00:03:48
 Rf: 0.0019, Los: 0.01, Rg: 0.00, Cen: 0.00, Ani: 0.00, Fit: 0.0077
Step:  127, T: 0.115E-07, 3511/18514, Succ: 481, Eval: 6056547, CPU: 00:03:52
 Rf: 0.0018, Los: 0.01, Rg: 0.00, Cen: 0.00, Ani: 0.00, Fit: 0.0077
Step:  128, T: 0.109E-07, 3513/18514, Succ: 346, Eval: 6156547, CPU: 00:03:55
 Rf: 0.0019, Los: 0.01, Rg: 0.00, Cen: 0.00, Ani: 0.00, Fit: 0.0077
Step:  129, T: 0.104E-07, 3516/18514, Succ: 337, Eval: 6256547, CPU: 00:03:58
 Rf: 0.0019, Los: 0.01, Rg: 0.00, Cen: 0.00, Ani: 0.00, Fit: 0.0077
Step:  130, T: 0.984E-08, 3514/18514, Succ: 262, Eval: 6356547, CPU: 00:04:02
 Rf: 0.0019, Los: 0.01, Rg: 0.00, Cen: 0.00, Ani: 0.00, Fit: 0.0077
Step:  131, T: 0.935E-08, 3516/18514, Succ: 250, Eval: 6456547, CPU: 00:04:05
 Rf: 0.0019, Los: 0.01, Rg: 0.00, Cen: 0.00, Ani: 0.00, Fit: 0.0077
Step:  132, T: 0.888E-08, 3517/18514, Succ: 229, Eval: 6556547, CPU: 00:04:09
 Rf: 0.0019, Los: 0.01, Rg: 0.00, Cen: 0.00, Ani: 0.00, Fit: 0.0077
Step:  133, T: 0.844E-08, 3512/18514, Succ: 195, Eval: 6656547, CPU: 00:04:12
 Rf: 0.0019, Los: 0.01, Rg: 0.00, Cen: 0.00, Ani: 0.00, Fit: 0.0077
Step:  134, T: 0.802E-08, 3515/18514, Succ: 185, Eval: 6756547, CPU: 00:04:16
 Rf: 0.0019, Los: 0.01, Rg: 0.00, Cen: 0.00, Ani: 0.00, Fit: 0.0077
Step:  135, T: 0.762E-08, 3516/18514, Succ: 183, Eval: 6856547, CPU: 00:04:19
 Rf: 0.0019, Los: 0.01, Rg: 0.00, Cen: 0.00, Ani: 0.00, Fit: 0.0077
Step:  136, T: 0.724E-08, 3516/18514, Succ: 216, Eval: 6956547, CPU: 00:04:23
 Rf: 0.0019, Los: 0.01, Rg: 0.00, Cen: 0.00, Ani: 0.00, Fit: 0.0077
Step:  137, T: 0.687E-08, 3515/18514, Succ: 117, Eval: 7056547, CPU: 00:04:27
 Rf: 0.0019, Los: 0.01, Rg: 0.00, Cen: 0.00, Ani: 0.00, Fit: 0.0077
Step:  138, T: 0.653E-08, 3514/18514, Succ: 121, Eval: 7156547, CPU: 00:04:31
 Rf: 0.0019, Los: 0.01, Rg: 0.00, Cen: 0.00, Ani: 0.00, Fit: 0.0077
Step:  139, T: 0.620E-08, 3514/18514, Succ: 80, Eval: 7256547, CPU: 00:04:35
 Rf: 0.0019, Los: 0.01, Rg: 0.00, Cen: 0.00, Ani: 0.00, Fit: 0.0077
Step:  140, T: 0.589E-08, 3516/18514, Succ: 112, Eval: 7356547, CPU: 00:04:38
 Rf: 0.0019, Los: 0.01, Rg: 0.00, Cen: 0.00, Ani: 0.00, Fit: 0.0077
Step:  141, T: 0.560E-08, 3515/18514, Succ: 115, Eval: 7456547, CPU: 00:04:42
 Rf: 0.0019, Los: 0.01, Rg: 0.00, Cen: 0.00, Ani: 0.00, Fit: 0.0077
Step:  142, T: 0.532E-08, 3512/18514, Succ: 109, Eval: 7556547, CPU: 00:04:45
 Rf: 0.0018, Los: 0.01, Rg: 0.00, Cen: 0.00, Ani: 0.00, Fit: 0.0077
Step:  143, T: 0.505E-08, 3516/18514, Succ: 42, Eval: 7656547, CPU: 00:04:49
 Rf: 0.0019, Los: 0.01, Rg: 0.00, Cen: 0.00, Ani: 0.00, Fit: 0.0077
Annealing procedure status ....................... : cooled down
Probability that the model fits the data ......... : 0.603E-05
Preparing output files ........................... : pdb, fit, fir
Log closed ....................................... : 25-Mar-2020, 12:37:20
