dammif ........................................... : r11734
Log opened ....................................... : 25-Mar-2020, 12:39:58
Run as:
Full command line ................................ : /usr/bin/dammif --quiet --mode=Slow --prefix=lys_8_16 --unit=Unknown --symmetry=P1 --anisometry=Unknown --omit-solvent lys_8.out
Configuration mode ............................... : slow
Angular units .................................... : unknown
Prefix ........................................... : lys_8_16
Omit output of solvent ........................... : yes
GNOM input file .................................. : lys_8.out
Expected particle anisometry ..................... : unknown
Enforced particle symmetry ....................... : p1
Pseudo-chains in PDB output ...................... : no
GNOM file:
Title ............................................ :
Angular units .................................... : angstrom
Maximum particle diameter [Angstrom] ............. : 44.0
Radius of gyration [Angstrom] .................... : 14.7
Minimum s [1/Angstrom] ........................... : 0.00
Maximum s [1/Angstrom] ........................... : 0.579
Configured as:
Shape class ...................................... : compact
Approx. shape dimension (ri) ..................... : 0.00
Approx. shape dimension (ro) ..................... : 18.9
Approx. shape dimension (h) ...................... : 0.00
Dummy atom radius ................................ : 1.00
Number of spherical harmonics .................... : 20
Proportion of the curve to be fitted ............. : 1.00
Maximum s [1/Angstrom] ........................... : 0.579
Number of shannon channels ....................... : 9
Number of supporting points in spline approx. .... : 10
Probability that the spline approx. fits the data  : 0.563E-77
Weighting function ............................... : emphasised porod
Initial random seed .............................. : 3541171091513357672
Maximum number of steps .......................... : 400
Maximum number of iterations ..................... : 100000
Minumum number of successes ...................... : 50
Maximum number of successes ...................... : 10000
Temperature scheduling factor .................... : 0.950
Rg penalty weight ................................ : 0.100E-02
Center penalty weight ............................ : 0.100E-04
Looseness penalty weight ......................... : 0.100E-01
Anisometry penalty weight ........................ : 0.00
Constant subtraction ............................. : 0.520E-04
Annealing procedure status ....................... : warming up
Initial Rg penalty ............................... : 0.169E-03
Initial Center penalty ........................... : 0.781E-15
Initial Looseness penalty ........................ : 0.506E-02
Annealing procedure status ....................... : started
Step:    1, T: 0.717E-05, 3001/10823, Succ: 10000, Eval: 18379, CPU: 00:00:02
 Rf: 0.0630, Los: 0.11, Rg: 0.00, Cen: 0.46, Ani: 0.00, Fit: 0.0713
Step:    2, T: 0.681E-05, 2971/12432, Succ: 10000, Eval: 40536, CPU: 00:00:05
 Rf: 0.0590, Los: 0.11, Rg: 0.05, Cen: 0.18, Ani: 0.00, Fit: 0.0682
Step:    3, T: 0.647E-05, 2991/13298, Succ: 10000, Eval: 62950, CPU: 00:00:07
 Rf: 0.0590, Los: 0.11, Rg: 0.07, Cen: 0.06, Ani: 0.00, Fit: 0.0680
Step:    4, T: 0.615E-05, 3017/13886, Succ: 10000, Eval: 85628, CPU: 00:00:10
 Rf: 0.0567, Los: 0.11, Rg: 0.08, Cen: 0.48, Ani: 0.00, Fit: 0.0665
Step:    5, T: 0.584E-05, 2943/14398, Succ: 10000, Eval: 108401, CPU: 00:00:12
 Rf: 0.0549, Los: 0.11, Rg: 0.06, Cen: 0.35, Ani: 0.00, Fit: 0.0646
Step:    6, T: 0.555E-05, 2885/14810, Succ: 10000, Eval: 131067, CPU: 00:00:14
 Rf: 0.0509, Los: 0.12, Rg: 0.08, Cen: 0.71, Ani: 0.00, Fit: 0.0619
Step:    7, T: 0.527E-05, 2949/15161, Succ: 10000, Eval: 154203, CPU: 00:00:17
 Rf: 0.0525, Los: 0.11, Rg: 0.06, Cen: 0.79, Ani: 0.00, Fit: 0.0626
Step:    8, T: 0.501E-05, 2903/15517, Succ: 10000, Eval: 176732, CPU: 00:00:19
 Rf: 0.0495, Los: 0.11, Rg: 0.09, Cen: 1.47, Ani: 0.00, Fit: 0.0601
Step:    9, T: 0.476E-05, 2911/15721, Succ: 10000, Eval: 199596, CPU: 00:00:21
 Rf: 0.0503, Los: 0.11, Rg: 0.05, Cen: 1.47, Ani: 0.00, Fit: 0.0605
Step:   10, T: 0.452E-05, 2903/15953, Succ: 10000, Eval: 222181, CPU: 00:00:23
 Rf: 0.0461, Los: 0.10, Rg: 0.05, Cen: 1.42, Ani: 0.00, Fit: 0.0565
Step:   11, T: 0.429E-05, 2773/16197, Succ: 10000, Eval: 245369, CPU: 00:00:25
 Rf: 0.0440, Los: 0.11, Rg: 0.06, Cen: 1.16, Ani: 0.00, Fit: 0.0558
Step:   12, T: 0.408E-05, 2687/16385, Succ: 10000, Eval: 267952, CPU: 00:00:27
 Rf: 0.0344, Los: 0.10, Rg: 0.03, Cen: 1.19, Ani: 0.00, Fit: 0.0475
Step:   13, T: 0.387E-05, 2705/16573, Succ: 10000, Eval: 290809, CPU: 00:00:29
 Rf: 0.0331, Los: 0.10, Rg: 0.04, Cen: 1.09, Ani: 0.00, Fit: 0.0466
Step:   14, T: 0.368E-05, 2763/16773, Succ: 10000, Eval: 313763, CPU: 00:00:30
 Rf: 0.0348, Los: 0.10, Rg: 0.03, Cen: 0.83, Ani: 0.00, Fit: 0.0474
Step:   15, T: 0.350E-05, 2685/16929, Succ: 10000, Eval: 336087, CPU: 00:00:32
 Rf: 0.0310, Los: 0.10, Rg: 0.04, Cen: 0.61, Ani: 0.00, Fit: 0.0446
Step:   16, T: 0.332E-05, 2647/17037, Succ: 10000, Eval: 358624, CPU: 00:00:34
 Rf: 0.0307, Los: 0.10, Rg: 0.06, Cen: 0.31, Ani: 0.00, Fit: 0.0447
Step:   17, T: 0.316E-05, 2619/17133, Succ: 10000, Eval: 380309, CPU: 00:00:35
 Rf: 0.0270, Los: 0.10, Rg: 0.02, Cen: 0.56, Ani: 0.00, Fit: 0.0418
Step:   18, T: 0.300E-05, 2611/17269, Succ: 10000, Eval: 402643, CPU: 00:00:36
 Rf: 0.0262, Los: 0.10, Rg: 0.03, Cen: 0.75, Ani: 0.00, Fit: 0.0411
Step:   19, T: 0.285E-05, 2583/17429, Succ: 10000, Eval: 424412, CPU: 00:00:38
 Rf: 0.0250, Los: 0.09, Rg: 0.02, Cen: 0.41, Ani: 0.00, Fit: 0.0400
Step:   20, T: 0.271E-05, 2575/17516, Succ: 10000, Eval: 446161, CPU: 00:00:39
 Rf: 0.0233, Los: 0.10, Rg: 0.02, Cen: 1.12, Ani: 0.00, Fit: 0.0391
Step:   21, T: 0.257E-05, 2565/17625, Succ: 10000, Eval: 468285, CPU: 00:00:41
 Rf: 0.0220, Los: 0.09, Rg: 0.03, Cen: 1.36, Ani: 0.00, Fit: 0.0381
Step:   22, T: 0.244E-05, 2541/17686, Succ: 10000, Eval: 490383, CPU: 00:00:42
 Rf: 0.0196, Los: 0.09, Rg: 0.02, Cen: 1.72, Ani: 0.00, Fit: 0.0367
Step:   23, T: 0.232E-05, 2553/17754, Succ: 10000, Eval: 511745, CPU: 00:00:43
 Rf: 0.0204, Los: 0.09, Rg: 0.01, Cen: 1.22, Ani: 0.00, Fit: 0.0364
Step:   24, T: 0.220E-05, 2541/17821, Succ: 10000, Eval: 533119, CPU: 00:00:45
 Rf: 0.0189, Los: 0.09, Rg: 0.02, Cen: 1.00, Ani: 0.00, Fit: 0.0352
Step:   25, T: 0.209E-05, 2591/17879, Succ: 10000, Eval: 554140, CPU: 00:00:46
 Rf: 0.0192, Los: 0.08, Rg: 0.01, Cen: 1.02, Ani: 0.00, Fit: 0.0351
Step:   26, T: 0.199E-05, 2529/17925, Succ: 10000, Eval: 575676, CPU: 00:00:48
 Rf: 0.0168, Los: 0.09, Rg: 0.01, Cen: 0.81, Ani: 0.00, Fit: 0.0343
Step:   27, T: 0.189E-05, 2575/17959, Succ: 10000, Eval: 595879, CPU: 00:00:49
 Rf: 0.0171, Los: 0.08, Rg: 0.01, Cen: 0.75, Ani: 0.00, Fit: 0.0329
Step:   28, T: 0.179E-05, 2551/17979, Succ: 10000, Eval: 616144, CPU: 00:00:50
 Rf: 0.0144, Los: 0.07, Rg: 0.01, Cen: 0.76, Ani: 0.00, Fit: 0.0306
Step:   29, T: 0.171E-05, 2607/18003, Succ: 10000, Eval: 637012, CPU: 00:00:51
 Rf: 0.0141, Los: 0.07, Rg: 0.01, Cen: 0.91, Ani: 0.00, Fit: 0.0309
Step:   30, T: 0.162E-05, 2521/18065, Succ: 10000, Eval: 658293, CPU: 00:00:52
 Rf: 0.0121, Los: 0.07, Rg: 0.01, Cen: 0.38, Ani: 0.00, Fit: 0.0301
Step:   31, T: 0.154E-05, 2559/18095, Succ: 10000, Eval: 679224, CPU: 00:00:53
 Rf: 0.0134, Los: 0.07, Rg: 0.01, Cen: 0.35, Ani: 0.00, Fit: 0.0303
Step:   32, T: 0.146E-05, 2575/18113, Succ: 10000, Eval: 700145, CPU: 00:00:55
 Rf: 0.0126, Los: 0.07, Rg: 0.01, Cen: 0.36, Ani: 0.00, Fit: 0.0292
Step:   33, T: 0.139E-05, 2495/18115, Succ: 10000, Eval: 720335, CPU: 00:00:56
 Rf: 0.0110, Los: 0.07, Rg: 0.00, Cen: 0.56, Ani: 0.00, Fit: 0.0290
Step:   34, T: 0.132E-05, 2545/18138, Succ: 10000, Eval: 740972, CPU: 00:00:56
 Rf: 0.0103, Los: 0.07, Rg: 0.01, Cen: 0.55, Ani: 0.00, Fit: 0.0281
Step:   35, T: 0.125E-05, 2533/18141, Succ: 10000, Eval: 761677, CPU: 00:00:57
 Rf: 0.0095, Los: 0.07, Rg: 0.00, Cen: 0.03, Ani: 0.00, Fit: 0.0281
Step:   36, T: 0.119E-05, 2555/18149, Succ: 10000, Eval: 782550, CPU: 00:00:58
 Rf: 0.0093, Los: 0.06, Rg: 0.00, Cen: 0.66, Ani: 0.00, Fit: 0.0264
Step:   37, T: 0.113E-05, 2519/18159, Succ: 10000, Eval: 803106, CPU: 00:00:59
 Rf: 0.0087, Los: 0.06, Rg: 0.00, Cen: 0.35, Ani: 0.00, Fit: 0.0263
Step:   38, T: 0.107E-05, 2555/18175, Succ: 10000, Eval: 823895, CPU: 00:01:00
 Rf: 0.0084, Los: 0.06, Rg: 0.01, Cen: 0.31, Ani: 0.00, Fit: 0.0260
Step:   39, T: 0.102E-05, 2495/18181, Succ: 10000, Eval: 845006, CPU: 00:01:01
 Rf: 0.0079, Los: 0.06, Rg: 0.00, Cen: 0.27, Ani: 0.00, Fit: 0.0260
Step:   40, T: 0.970E-06, 2567/18193, Succ: 10000, Eval: 865626, CPU: 00:01:02
 Rf: 0.0076, Los: 0.05, Rg: 0.00, Cen: 0.37, Ani: 0.00, Fit: 0.0248
Step:   41, T: 0.921E-06, 2581/18213, Succ: 10000, Eval: 886587, CPU: 00:01:03
 Rf: 0.0079, Los: 0.05, Rg: 0.00, Cen: 0.18, Ani: 0.00, Fit: 0.0243
Step:   42, T: 0.875E-06, 2627/18215, Succ: 10000, Eval: 907958, CPU: 00:01:04
 Rf: 0.0079, Los: 0.05, Rg: 0.00, Cen: 0.27, Ani: 0.00, Fit: 0.0237
Step:   43, T: 0.832E-06, 2619/18219, Succ: 10000, Eval: 929293, CPU: 00:01:05
 Rf: 0.0068, Los: 0.05, Rg: 0.00, Cen: 0.18, Ani: 0.00, Fit: 0.0228
Step:   44, T: 0.790E-06, 2645/18224, Succ: 10000, Eval: 950607, CPU: 00:01:06
 Rf: 0.0068, Los: 0.05, Rg: 0.00, Cen: 0.87, Ani: 0.00, Fit: 0.0229
Step:   45, T: 0.751E-06, 2631/18224, Succ: 10000, Eval: 972047, CPU: 00:01:06
 Rf: 0.0061, Los: 0.05, Rg: 0.00, Cen: 0.28, Ani: 0.00, Fit: 0.0224
Step:   46, T: 0.713E-06, 2661/18229, Succ: 10000, Eval: 993464, CPU: 00:01:07
 Rf: 0.0063, Los: 0.04, Rg: 0.00, Cen: 0.41, Ani: 0.00, Fit: 0.0221
Step:   47, T: 0.677E-06, 2623/18229, Succ: 10000, Eval: 1015433, CPU: 00:01:07
 Rf: 0.0059, Los: 0.04, Rg: 0.00, Cen: 0.08, Ani: 0.00, Fit: 0.0218
Step:   48, T: 0.643E-06, 2643/18240, Succ: 10000, Eval: 1037627, CPU: 00:01:08
 Rf: 0.0052, Los: 0.04, Rg: 0.00, Cen: 0.07, Ani: 0.00, Fit: 0.0213
Step:   49, T: 0.611E-06, 2669/18248, Succ: 10000, Eval: 1060610, CPU: 00:01:08
 Rf: 0.0054, Los: 0.04, Rg: 0.00, Cen: 0.24, Ani: 0.00, Fit: 0.0208
Step:   50, T: 0.581E-06, 2639/18250, Succ: 10000, Eval: 1083249, CPU: 00:01:09
 Rf: 0.0054, Los: 0.04, Rg: 0.00, Cen: 0.26, Ani: 0.00, Fit: 0.0205
Step:   51, T: 0.552E-06, 2673/18251, Succ: 10000, Eval: 1106603, CPU: 00:01:10
 Rf: 0.0047, Los: 0.04, Rg: 0.00, Cen: 0.17, Ani: 0.00, Fit: 0.0203
Step:   52, T: 0.524E-06, 2675/18252, Succ: 10000, Eval: 1130085, CPU: 00:01:10
 Rf: 0.0050, Los: 0.04, Rg: 0.00, Cen: 0.36, Ani: 0.00, Fit: 0.0204
Step:   53, T: 0.498E-06, 2689/18252, Succ: 10000, Eval: 1153670, CPU: 00:01:11
 Rf: 0.0047, Los: 0.04, Rg: 0.00, Cen: 0.19, Ani: 0.00, Fit: 0.0195
Step:   54, T: 0.473E-06, 2719/18252, Succ: 10000, Eval: 1177270, CPU: 00:01:12
 Rf: 0.0044, Los: 0.03, Rg: 0.00, Cen: 0.09, Ani: 0.00, Fit: 0.0191
Step:   55, T: 0.449E-06, 2715/18252, Succ: 10000, Eval: 1201454, CPU: 00:01:12
 Rf: 0.0039, Los: 0.03, Rg: 0.00, Cen: 0.08, Ani: 0.00, Fit: 0.0187
Step:   56, T: 0.427E-06, 2771/18252, Succ: 10000, Eval: 1226236, CPU: 00:01:13
 Rf: 0.0039, Los: 0.03, Rg: 0.00, Cen: 0.24, Ani: 0.00, Fit: 0.0187
Step:   57, T: 0.406E-06, 2747/18252, Succ: 10000, Eval: 1251566, CPU: 00:01:14
 Rf: 0.0041, Los: 0.03, Rg: 0.00, Cen: 0.11, Ani: 0.00, Fit: 0.0179
Step:   58, T: 0.385E-06, 2739/18259, Succ: 10000, Eval: 1277190, CPU: 00:01:14
 Rf: 0.0042, Los: 0.03, Rg: 0.00, Cen: 0.07, Ani: 0.00, Fit: 0.0180
Step:   59, T: 0.366E-06, 2757/18261, Succ: 10000, Eval: 1303383, CPU: 00:01:15
 Rf: 0.0040, Los: 0.03, Rg: 0.00, Cen: 0.33, Ani: 0.00, Fit: 0.0173
Step:   60, T: 0.348E-06, 2835/18264, Succ: 10000, Eval: 1330101, CPU: 00:01:15
 Rf: 0.0032, Los: 0.03, Rg: 0.00, Cen: 0.13, Ani: 0.00, Fit: 0.0167
Step:   61, T: 0.330E-06, 2785/18264, Succ: 10000, Eval: 1356750, CPU: 00:01:16
 Rf: 0.0035, Los: 0.03, Rg: 0.00, Cen: 0.20, Ani: 0.00, Fit: 0.0173
Step:   62, T: 0.314E-06, 2805/18264, Succ: 10000, Eval: 1384567, CPU: 00:01:16
 Rf: 0.0038, Los: 0.03, Rg: 0.00, Cen: 0.15, Ani: 0.00, Fit: 0.0167
Step:   63, T: 0.298E-06, 2851/18264, Succ: 10000, Eval: 1412499, CPU: 00:01:17
 Rf: 0.0035, Los: 0.03, Rg: 0.00, Cen: 0.13, Ani: 0.00, Fit: 0.0165
Step:   64, T: 0.283E-06, 2803/18267, Succ: 10000, Eval: 1440932, CPU: 00:01:18
 Rf: 0.0032, Los: 0.03, Rg: 0.00, Cen: 0.06, Ani: 0.00, Fit: 0.0164
Step:   65, T: 0.269E-06, 2873/18267, Succ: 10000, Eval: 1469691, CPU: 00:01:19
 Rf: 0.0034, Los: 0.02, Rg: 0.00, Cen: 0.09, Ani: 0.00, Fit: 0.0154
Step:   66, T: 0.256E-06, 2881/18267, Succ: 10000, Eval: 1499561, CPU: 00:01:20
 Rf: 0.0028, Los: 0.02, Rg: 0.00, Cen: 0.07, Ani: 0.00, Fit: 0.0149
Step:   67, T: 0.243E-06, 2883/18267, Succ: 10000, Eval: 1529625, CPU: 00:01:20
 Rf: 0.0031, Los: 0.02, Rg: 0.00, Cen: 0.05, Ani: 0.00, Fit: 0.0150
Step:   68, T: 0.231E-06, 2911/18267, Succ: 10000, Eval: 1560411, CPU: 00:01:21
 Rf: 0.0031, Los: 0.02, Rg: 0.00, Cen: 0.03, Ani: 0.00, Fit: 0.0148
Step:   69, T: 0.219E-06, 2923/18267, Succ: 10000, Eval: 1592420, CPU: 00:01:22
 Rf: 0.0031, Los: 0.02, Rg: 0.00, Cen: 0.02, Ani: 0.00, Fit: 0.0146
Step:   70, T: 0.208E-06, 2961/18270, Succ: 10000, Eval: 1625315, CPU: 00:01:23
 Rf: 0.0029, Los: 0.02, Rg: 0.00, Cen: 0.06, Ani: 0.00, Fit: 0.0142
Step:   71, T: 0.198E-06, 2917/18270, Succ: 10000, Eval: 1658113, CPU: 00:01:24
 Rf: 0.0025, Los: 0.02, Rg: 0.00, Cen: 0.02, Ani: 0.00, Fit: 0.0143
Step:   72, T: 0.188E-06, 2961/18270, Succ: 10000, Eval: 1692046, CPU: 00:01:25
 Rf: 0.0024, Los: 0.02, Rg: 0.00, Cen: 0.04, Ani: 0.00, Fit: 0.0138
Step:   73, T: 0.178E-06, 2989/18270, Succ: 10000, Eval: 1726896, CPU: 00:01:26
 Rf: 0.0027, Los: 0.02, Rg: 0.00, Cen: 0.10, Ani: 0.00, Fit: 0.0138
Step:   74, T: 0.170E-06, 2985/18270, Succ: 10000, Eval: 1763661, CPU: 00:01:26
 Rf: 0.0025, Los: 0.02, Rg: 0.00, Cen: 0.07, Ani: 0.00, Fit: 0.0135
Step:   75, T: 0.161E-06, 2987/18270, Succ: 10000, Eval: 1800609, CPU: 00:01:27
 Rf: 0.0023, Los: 0.02, Rg: 0.00, Cen: 0.09, Ani: 0.00, Fit: 0.0135
Step:   76, T: 0.153E-06, 3013/18270, Succ: 10000, Eval: 1838191, CPU: 00:01:28
 Rf: 0.0026, Los: 0.02, Rg: 0.00, Cen: 0.03, Ani: 0.00, Fit: 0.0130
Step:   77, T: 0.145E-06, 3029/18270, Succ: 10000, Eval: 1878092, CPU: 00:01:29
 Rf: 0.0028, Los: 0.02, Rg: 0.00, Cen: 0.06, Ani: 0.00, Fit: 0.0128
Step:   78, T: 0.138E-06, 3043/18272, Succ: 10000, Eval: 1919193, CPU: 00:01:30
 Rf: 0.0021, Los: 0.02, Rg: 0.00, Cen: 0.07, Ani: 0.00, Fit: 0.0126
Step:   79, T: 0.131E-06, 3053/18272, Succ: 10000, Eval: 1960471, CPU: 00:01:31
 Rf: 0.0024, Los: 0.01, Rg: 0.00, Cen: 0.03, Ani: 0.00, Fit: 0.0124
Step:   80, T: 0.125E-06, 3077/18274, Succ: 10000, Eval: 2003567, CPU: 00:01:32
 Rf: 0.0027, Los: 0.01, Rg: 0.00, Cen: 0.08, Ani: 0.00, Fit: 0.0123
Step:   81, T: 0.118E-06, 3055/18285, Succ: 10000, Eval: 2049077, CPU: 00:01:33
 Rf: 0.0022, Los: 0.01, Rg: 0.00, Cen: 0.02, Ani: 0.00, Fit: 0.0121
Step:   82, T: 0.112E-06, 3137/18290, Succ: 10000, Eval: 2095214, CPU: 00:01:35
 Rf: 0.0025, Los: 0.01, Rg: 0.00, Cen: 0.05, Ani: 0.00, Fit: 0.0116
Step:   83, T: 0.107E-06, 3093/18293, Succ: 10000, Eval: 2143267, CPU: 00:01:36
 Rf: 0.0023, Los: 0.01, Rg: 0.00, Cen: 0.03, Ani: 0.00, Fit: 0.0119
Step:   84, T: 0.102E-06, 3113/18295, Succ: 10000, Eval: 2194209, CPU: 00:01:38
 Rf: 0.0023, Los: 0.01, Rg: 0.00, Cen: 0.01, Ani: 0.00, Fit: 0.0116
Step:   85, T: 0.964E-07, 3139/18297, Succ: 10000, Eval: 2245281, CPU: 00:01:39
 Rf: 0.0021, Los: 0.01, Rg: 0.00, Cen: 0.08, Ani: 0.00, Fit: 0.0114
Step:   86, T: 0.916E-07, 3179/18298, Succ: 10000, Eval: 2299217, CPU: 00:01:40
 Rf: 0.0021, Los: 0.01, Rg: 0.00, Cen: 0.03, Ani: 0.00, Fit: 0.0111
Step:   87, T: 0.870E-07, 3179/18298, Succ: 10000, Eval: 2355573, CPU: 00:01:42
 Rf: 0.0021, Los: 0.01, Rg: 0.00, Cen: 0.03, Ani: 0.00, Fit: 0.0109
Step:   88, T: 0.827E-07, 3177/18299, Succ: 10000, Eval: 2414219, CPU: 00:01:43
 Rf: 0.0021, Los: 0.01, Rg: 0.00, Cen: 0.02, Ani: 0.00, Fit: 0.0110
Step:   89, T: 0.786E-07, 3197/18299, Succ: 10000, Eval: 2475753, CPU: 00:01:44
 Rf: 0.0020, Los: 0.01, Rg: 0.00, Cen: 0.04, Ani: 0.00, Fit: 0.0106
Step:   90, T: 0.746E-07, 3213/18300, Succ: 10000, Eval: 2540770, CPU: 00:01:46
 Rf: 0.0020, Los: 0.01, Rg: 0.00, Cen: 0.01, Ani: 0.00, Fit: 0.0106
Step:   91, T: 0.709E-07, 3243/18300, Succ: 10000, Eval: 2609467, CPU: 00:01:47
 Rf: 0.0021, Los: 0.01, Rg: 0.00, Cen: 0.02, Ani: 0.00, Fit: 0.0102
Step:   92, T: 0.674E-07, 3269/18300, Succ: 10000, Eval: 2682497, CPU: 00:01:48
 Rf: 0.0019, Los: 0.01, Rg: 0.00, Cen: 0.01, Ani: 0.00, Fit: 0.0101
Step:   93, T: 0.640E-07, 3265/18300, Succ: 10000, Eval: 2758756, CPU: 00:01:50
 Rf: 0.0021, Los: 0.01, Rg: 0.00, Cen: 0.03, Ani: 0.00, Fit: 0.0101
Step:   94, T: 0.608E-07, 3271/18301, Succ: 10000, Eval: 2837668, CPU: 00:01:53
 Rf: 0.0019, Los: 0.01, Rg: 0.00, Cen: 0.02, Ani: 0.00, Fit: 0.0100
Step:   95, T: 0.577E-07, 3293/18301, Succ: 10000, Eval: 2922314, CPU: 00:01:55
 Rf: 0.0017, Los: 0.01, Rg: 0.00, Cen: 0.01, Ani: 0.00, Fit: 0.0098
Step:   96, T: 0.549E-07, 3315/18301, Succ: 10000, Eval: 3011361, CPU: 00:01:57
 Rf: 0.0017, Los: 0.01, Rg: 0.00, Cen: 0.02, Ani: 0.00, Fit: 0.0096
Step:   97, T: 0.521E-07, 3305/18301, Succ: 10000, Eval: 3105718, CPU: 00:01:58
 Rf: 0.0019, Los: 0.01, Rg: 0.00, Cen: 0.02, Ani: 0.00, Fit: 0.0095
Step:   98, T: 0.495E-07, 3344/18301, Succ: 9667, Eval: 3205718, CPU: 00:02:01
 Rf: 0.0019, Los: 0.01, Rg: 0.00, Cen: 0.01, Ani: 0.00, Fit: 0.0093
Step:   99, T: 0.470E-07, 3358/18301, Succ: 9116, Eval: 3305718, CPU: 00:02:04
 Rf: 0.0020, Los: 0.01, Rg: 0.00, Cen: 0.01, Ani: 0.00, Fit: 0.0092
Step:  100, T: 0.447E-07, 3348/18301, Succ: 8438, Eval: 3405718, CPU: 00:02:06
 Rf: 0.0020, Los: 0.01, Rg: 0.00, Cen: 0.02, Ani: 0.00, Fit: 0.0093
Step:  101, T: 0.425E-07, 3378/18301, Succ: 7954, Eval: 3505718, CPU: 00:02:09
 Rf: 0.0019, Los: 0.01, Rg: 0.00, Cen: 0.03, Ani: 0.00, Fit: 0.0091
Step:  102, T: 0.403E-07, 3400/18301, Succ: 7326, Eval: 3605718, CPU: 00:02:12
 Rf: 0.0019, Los: 0.01, Rg: 0.00, Cen: 0.01, Ani: 0.00, Fit: 0.0089
Step:  103, T: 0.383E-07, 3383/18301, Succ: 6803, Eval: 3705718, CPU: 00:02:15
 Rf: 0.0018, Los: 0.01, Rg: 0.00, Cen: 0.01, Ani: 0.00, Fit: 0.0088
Step:  104, T: 0.364E-07, 3429/18301, Succ: 6052, Eval: 3805718, CPU: 00:02:18
 Rf: 0.0018, Los: 0.01, Rg: 0.00, Cen: 0.00, Ani: 0.00, Fit: 0.0086
Step:  105, T: 0.346E-07, 3419/18301, Succ: 5386, Eval: 3905718, CPU: 00:02:21
 Rf: 0.0017, Los: 0.01, Rg: 0.00, Cen: 0.02, Ani: 0.00, Fit: 0.0086
Step:  106, T: 0.328E-07, 3443/18301, Succ: 4868, Eval: 4005718, CPU: 00:02:24
 Rf: 0.0017, Los: 0.01, Rg: 0.00, Cen: 0.01, Ani: 0.00, Fit: 0.0084
Step:  107, T: 0.312E-07, 3431/18301, Succ: 4666, Eval: 4105718, CPU: 00:02:27
 Rf: 0.0019, Los: 0.01, Rg: 0.00, Cen: 0.02, Ani: 0.00, Fit: 0.0084
Step:  108, T: 0.296E-07, 3439/18301, Succ: 3948, Eval: 4205718, CPU: 00:02:30
 Rf: 0.0019, Los: 0.01, Rg: 0.00, Cen: 0.02, Ani: 0.00, Fit: 0.0083
Step:  109, T: 0.282E-07, 3452/18301, Succ: 3675, Eval: 4305718, CPU: 00:02:33
 Rf: 0.0018, Los: 0.01, Rg: 0.00, Cen: 0.01, Ani: 0.00, Fit: 0.0082
Step:  110, T: 0.268E-07, 3454/18301, Succ: 3198, Eval: 4405718, CPU: 00:02:36
 Rf: 0.0018, Los: 0.01, Rg: 0.00, Cen: 0.01, Ani: 0.00, Fit: 0.0082
Step:  111, T: 0.254E-07, 3461/18301, Succ: 2977, Eval: 4505718, CPU: 00:02:39
 Rf: 0.0020, Los: 0.01, Rg: 0.00, Cen: 0.00, Ani: 0.00, Fit: 0.0081
Step:  112, T: 0.241E-07, 3462/18301, Succ: 2573, Eval: 4605718, CPU: 00:02:42
 Rf: 0.0018, Los: 0.01, Rg: 0.00, Cen: 0.02, Ani: 0.00, Fit: 0.0081
Step:  113, T: 0.229E-07, 3485/18301, Succ: 2157, Eval: 4705718, CPU: 00:02:45
 Rf: 0.0018, Los: 0.01, Rg: 0.00, Cen: 0.01, Ani: 0.00, Fit: 0.0080
Step:  114, T: 0.218E-07, 3489/18301, Succ: 2014, Eval: 4805718, CPU: 00:02:48
 Rf: 0.0018, Los: 0.01, Rg: 0.00, Cen: 0.01, Ani: 0.00, Fit: 0.0080
Step:  115, T: 0.207E-07, 3500/18301, Succ: 1767, Eval: 4905718, CPU: 00:02:51
 Rf: 0.0019, Los: 0.01, Rg: 0.00, Cen: 0.01, Ani: 0.00, Fit: 0.0079
Step:  116, T: 0.197E-07, 3507/18301, Succ: 1277, Eval: 5005718, CPU: 00:02:54
 Rf: 0.0018, Los: 0.01, Rg: 0.00, Cen: 0.01, Ani: 0.00, Fit: 0.0078
Step:  117, T: 0.187E-07, 3513/18301, Succ: 1100, Eval: 5105718, CPU: 00:02:57
 Rf: 0.0019, Los: 0.01, Rg: 0.00, Cen: 0.00, Ani: 0.00, Fit: 0.0078
Step:  118, T: 0.177E-07, 3511/18301, Succ: 1048, Eval: 5205718, CPU: 00:03:00
 Rf: 0.0019, Los: 0.01, Rg: 0.00, Cen: 0.01, Ani: 0.00, Fit: 0.0078
Step:  119, T: 0.169E-07, 3511/18301, Succ: 920, Eval: 5305718, CPU: 00:03:03
 Rf: 0.0018, Los: 0.01, Rg: 0.00, Cen: 0.00, Ani: 0.00, Fit: 0.0078
Step:  120, T: 0.160E-07, 3517/18301, Succ: 876, Eval: 5405718, CPU: 00:03:06
 Rf: 0.0019, Los: 0.01, Rg: 0.00, Cen: 0.01, Ani: 0.00, Fit: 0.0078
Step:  121, T: 0.152E-07, 3518/18301, Succ: 755, Eval: 5505718, CPU: 00:03:09
 Rf: 0.0019, Los: 0.01, Rg: 0.00, Cen: 0.00, Ani: 0.00, Fit: 0.0077
Step:  122, T: 0.145E-07, 3524/18301, Succ: 700, Eval: 5605718, CPU: 00:03:12
 Rf: 0.0019, Los: 0.01, Rg: 0.00, Cen: 0.01, Ani: 0.00, Fit: 0.0077
Step:  123, T: 0.137E-07, 3522/18301, Succ: 582, Eval: 5705718, CPU: 00:03:15
 Rf: 0.0019, Los: 0.01, Rg: 0.00, Cen: 0.01, Ani: 0.00, Fit: 0.0077
Step:  124, T: 0.130E-07, 3520/18301, Succ: 488, Eval: 5805718, CPU: 00:03:18
 Rf: 0.0019, Los: 0.01, Rg: 0.00, Cen: 0.00, Ani: 0.00, Fit: 0.0077
Step:  125, T: 0.124E-07, 3526/18301, Succ: 490, Eval: 5905718, CPU: 00:03:21
 Rf: 0.0019, Los: 0.01, Rg: 0.00, Cen: 0.00, Ani: 0.00, Fit: 0.0077
Step:  126, T: 0.118E-07, 3525/18301, Succ: 339, Eval: 6005718, CPU: 00:03:24
 Rf: 0.0019, Los: 0.01, Rg: 0.00, Cen: 0.00, Ani: 0.00, Fit: 0.0077
Step:  127, T: 0.112E-07, 3522/18301, Succ: 327, Eval: 6105718, CPU: 00:03:27
 Rf: 0.0019, Los: 0.01, Rg: 0.00, Cen: 0.00, Ani: 0.00, Fit: 0.0077
Step:  128, T: 0.106E-07, 3522/18301, Succ: 370, Eval: 6205718, CPU: 00:03:30
 Rf: 0.0019, Los: 0.01, Rg: 0.00, Cen: 0.00, Ani: 0.00, Fit: 0.0077
Step:  129, T: 0.101E-07, 3524/18301, Succ: 338, Eval: 6305718, CPU: 00:03:33
 Rf: 0.0019, Los: 0.01, Rg: 0.00, Cen: 0.00, Ani: 0.00, Fit: 0.0077
Step:  130, T: 0.959E-08, 3525/18301, Succ: 247, Eval: 6405718, CPU: 00:03:36
 Rf: 0.0019, Los: 0.01, Rg: 0.00, Cen: 0.00, Ani: 0.00, Fit: 0.0077
Step:  131, T: 0.911E-08, 3520/18301, Succ: 295, Eval: 6505718, CPU: 00:03:39
 Rf: 0.0019, Los: 0.01, Rg: 0.00, Cen: 0.00, Ani: 0.00, Fit: 0.0077
Step:  132, T: 0.866E-08, 3527/18301, Succ: 281, Eval: 6605718, CPU: 00:03:42
 Rf: 0.0020, Los: 0.01, Rg: 0.00, Cen: 0.00, Ani: 0.00, Fit: 0.0077
Step:  133, T: 0.822E-08, 3531/18301, Succ: 236, Eval: 6705718, CPU: 00:03:45
 Rf: 0.0020, Los: 0.01, Rg: 0.00, Cen: 0.00, Ani: 0.00, Fit: 0.0077
Step:  134, T: 0.781E-08, 3530/18301, Succ: 171, Eval: 6805718, CPU: 00:03:48
 Rf: 0.0020, Los: 0.01, Rg: 0.00, Cen: 0.00, Ani: 0.00, Fit: 0.0077
Step:  135, T: 0.742E-08, 3532/18301, Succ: 116, Eval: 6905718, CPU: 00:03:51
 Rf: 0.0020, Los: 0.01, Rg: 0.00, Cen: 0.00, Ani: 0.00, Fit: 0.0077
Step:  136, T: 0.705E-08, 3532/18301, Succ: 142, Eval: 7005718, CPU: 00:03:54
 Rf: 0.0020, Los: 0.01, Rg: 0.00, Cen: 0.01, Ani: 0.00, Fit: 0.0077
Step:  137, T: 0.670E-08, 3533/18301, Succ: 79, Eval: 7105718, CPU: 00:03:56
 Rf: 0.0020, Los: 0.01, Rg: 0.00, Cen: 0.00, Ani: 0.00, Fit: 0.0077
Step:  138, T: 0.636E-08, 3533/18301, Succ: 108, Eval: 7205718, CPU: 00:03:59
 Rf: 0.0020, Los: 0.01, Rg: 0.00, Cen: 0.00, Ani: 0.00, Fit: 0.0077
Step:  139, T: 0.604E-08, 3534/18301, Succ: 61, Eval: 7305718, CPU: 00:04:02
 Rf: 0.0020, Los: 0.01, Rg: 0.00, Cen: 0.00, Ani: 0.00, Fit: 0.0077
Step:  140, T: 0.574E-08, 3533/18301, Succ: 71, Eval: 7405718, CPU: 00:04:05
 Rf: 0.0020, Los: 0.01, Rg: 0.00, Cen: 0.00, Ani: 0.00, Fit: 0.0077
Step:  141, T: 0.546E-08, 3534/18301, Succ: 73, Eval: 7505718, CPU: 00:04:08
 Rf: 0.0020, Los: 0.01, Rg: 0.00, Cen: 0.00, Ani: 0.00, Fit: 0.0077
Step:  142, T: 0.518E-08, 3532/18301, Succ: 56, Eval: 7605718, CPU: 00:04:10
 Rf: 0.0020, Los: 0.01, Rg: 0.00, Cen: 0.00, Ani: 0.00, Fit: 0.0077
Step:  143, T: 0.492E-08, 3533/18301, Succ: 55, Eval: 7705718, CPU: 00:04:13
 Rf: 0.0020, Los: 0.01, Rg: 0.00, Cen: 0.00, Ani: 0.00, Fit: 0.0077
Step:  144, T: 0.468E-08, 3534/18301, Succ: 49, Eval: 7805718, CPU: 00:04:16
 Rf: 0.0020, Los: 0.01, Rg: 0.00, Cen: 0.01, Ani: 0.00, Fit: 0.0077
Annealing procedure status ....................... : cooled down
Probability that the model fits the data ......... : 0.603E-05
Preparing output files ........................... : pdb, fit, fir
Log closed ....................................... : 25-Mar-2020, 12:44:20
