
    ---  CREATED BY DAMSEL     5.0 (r11734) ---
    ------------------------------------------
      CROSS-CORRELATION nsd TABLE BY SUPCOMB  
    ------------------------------------------

Input files:
    1  lys_8_01-1.pdb
    2  lys_8_02-1.pdb
    3  lys_8_03-1.pdb
    4  lys_8_04-1.pdb
    5  lys_8_05-1.pdb
    6  lys_8_06-1.pdb
    7  lys_8_07-1.pdb
    8  lys_8_08-1.pdb
    9  lys_8_09-1.pdb
   10  lys_8_10-1.pdb
   11  lys_8_11-1.pdb
   12  lys_8_12-1.pdb
   13  lys_8_13-1.pdb
   14  lys_8_14-1.pdb
   15  lys_8_15-1.pdb
   16  lys_8_16-1.pdb
   17  lys_8_17-1.pdb
   18  lys_8_18-1.pdb
   19  lys_8_19-1.pdb
   20  lys_8_20-1.pdb

SASRES resolution computation:  

   Ensemble Resolution =    20 +-  2 Angstrom
   If you use SASRES resolution estimate in your own publication, 
please cite: A.T. Tuukkanen, G.J. Kleywegt and D.I. Svergun (2016) Resolution of 
ab initio shapes determined from small-angle scattering IUCrJ 3, 440-447.

  File Aver      1      2      3      4      5      6      7      8      9     10     11     12     13     14     15     16     17     18     19     20
     1   0.59   0.00   0.66   0.60   0.55   0.56   0.53   0.64   0.65   0.55   0.63   0.58   0.50   0.69   0.52   0.64   0.53   0.60   0.62   0.59   0.55
     2   0.64   0.66   0.00   0.81   0.59   0.67   0.67   0.48   0.70   0.67   0.63   0.59   0.62   0.66   0.57   0.58   0.62   0.68   0.64   0.63   0.69
     3   0.68   0.60   0.81   0.00   0.67   0.64   0.62   0.73   0.64   0.60   0.69   0.71   0.66   0.75   0.68   0.69   0.64   0.69   0.71   0.68   0.65
     4   0.62   0.55   0.59   0.67   0.00   0.61   0.59   0.60   0.74   0.62   0.66   0.55   0.58   0.75   0.60   0.55   0.64   0.66   0.66   0.60   0.57
     5   0.61   0.56   0.67   0.64   0.61   0.00   0.59   0.61   0.69   0.57   0.62   0.60   0.53   0.75   0.57   0.61   0.59   0.60   0.61   0.56   0.59
     6   0.61   0.53   0.67   0.62   0.59   0.59   0.00   0.68   0.62   0.43   0.71   0.59   0.55   0.70   0.57   0.64   0.54   0.62   0.74   0.62   0.63
     7   0.61   0.64   0.48   0.73   0.60   0.61   0.68   0.00   0.71   0.62   0.56   0.56   0.61   0.75   0.59   0.61   0.65   0.56   0.54   0.55   0.59
     8   0.68   0.65   0.70   0.64   0.74   0.69   0.62   0.71   0.00   0.64   0.68   0.66   0.68   0.59   0.69   0.58   0.67   0.73   0.74   0.71   0.75
     9   0.59   0.55   0.67   0.60   0.62   0.57   0.43   0.62   0.64   0.00   0.61   0.59   0.56   0.69   0.54   0.65   0.53   0.59   0.64   0.55   0.59
    10   0.63   0.63   0.63   0.69   0.66   0.62   0.71   0.56   0.68   0.61   0.00   0.63   0.63   0.77   0.65   0.60   0.65   0.55   0.51   0.56   0.56
    11   0.61   0.58   0.59   0.71   0.55   0.60   0.59   0.56   0.66   0.59   0.63   0.00   0.59   0.72   0.58   0.55   0.60   0.62   0.61   0.58   0.60
    12   0.60   0.50   0.62   0.66   0.58   0.53   0.55   0.61   0.68   0.56   0.63   0.59   0.00   0.73   0.53   0.64   0.55   0.57   0.64   0.57   0.55
    13   0.72   0.69   0.66   0.75   0.75   0.75   0.70   0.75   0.59   0.69   0.77   0.72   0.73   0.00   0.73   0.64   0.74   0.77   0.76   0.71   0.78
    14   0.60   0.52   0.57   0.68   0.60   0.57   0.57   0.59   0.69   0.54   0.65   0.58   0.53   0.73   0.00   0.64   0.52   0.61   0.67   0.58   0.61
    15   0.63   0.64   0.58   0.69   0.55   0.61   0.64   0.61   0.58   0.65   0.60   0.55   0.64   0.64   0.64   0.00   0.70   0.65   0.66   0.63   0.67
    16   0.61   0.53   0.62   0.64   0.64   0.59   0.54   0.65   0.67   0.53   0.65   0.60   0.55   0.74   0.52   0.70   0.00   0.59   0.66   0.57   0.63
    17   0.62   0.60   0.68   0.69   0.66   0.60   0.62   0.56   0.73   0.59   0.55   0.62   0.57   0.77   0.61   0.65   0.59   0.00   0.54   0.52   0.57
    18   0.63   0.62   0.64   0.71   0.66   0.61   0.74   0.54   0.74   0.64   0.51   0.61   0.64   0.76   0.67   0.66   0.66   0.54   0.00   0.53   0.56
    19   0.60   0.59   0.63   0.68   0.60   0.56   0.62   0.55   0.71   0.55   0.56   0.58   0.57   0.71   0.58   0.63   0.57   0.52   0.53   0.00   0.57
    20   0.62   0.55   0.69   0.65   0.57   0.59   0.63   0.59   0.75   0.59   0.56   0.60   0.55   0.78   0.61   0.67   0.63   0.57   0.56   0.57   0.00
  Aver   0.62   0.59   0.64   0.68   0.62   0.61   0.61   0.61   0.68   0.59   0.63   0.61   0.60   0.72   0.60   0.63   0.61   0.62   0.63   0.60   0.62

Mean value of NSD         :      0.624
Standard deviation of NSD :      0.033

It is recommend to discard files with nsd > Mean + 2*Standard deviation
 Recommendation       NSD  File
        Include     0.588  lys_8_01-1.pdb
        Include     0.591  lys_8_09-1.pdb
        Include     0.596  lys_8_12-1.pdb
        Include     0.597  lys_8_19-1.pdb
        Include     0.604  lys_8_14-1.pdb
        Include     0.607  lys_8_11-1.pdb
        Include     0.609  lys_8_05-1.pdb
        Include     0.611  lys_8_06-1.pdb
        Include     0.612  lys_8_16-1.pdb
        Include     0.613  lys_8_07-1.pdb
        Include     0.617  lys_8_20-1.pdb
        Include     0.617  lys_8_17-1.pdb
        Include     0.621  lys_8_04-1.pdb
        Include     0.626  lys_8_10-1.pdb
        Include     0.628  lys_8_15-1.pdb
        Include     0.635  lys_8_18-1.pdb
        Include     0.639  lys_8_02-1.pdb
        Include     0.677  lys_8_03-1.pdb
        Include     0.678  lys_8_08-1.pdb
        Discard     0.720  lys_8_13-1.pdb
