dammif ........................................... : r11734
Log opened ....................................... : 25-Mar-2020, 12:32:20
Run as:
Full command line ................................ : /usr/bin/dammif --quiet --mode=Slow --prefix=lys_8_08 --unit=Unknown --symmetry=P1 --anisometry=Unknown --omit-solvent lys_8.out
Configuration mode ............................... : slow
Angular units .................................... : unknown
Prefix ........................................... : lys_8_08
Omit output of solvent ........................... : yes
GNOM input file .................................. : lys_8.out
Expected particle anisometry ..................... : unknown
Enforced particle symmetry ....................... : p1
Pseudo-chains in PDB output ...................... : no
GNOM file:
Title ............................................ :
Angular units .................................... : angstrom
Maximum particle diameter [Angstrom] ............. : 44.0
Radius of gyration [Angstrom] .................... : 14.7
Minimum s [1/Angstrom] ........................... : 0.00
Maximum s [1/Angstrom] ........................... : 0.579
Configured as:
Shape class ...................................... : compact
Approx. shape dimension (ri) ..................... : 0.00
Approx. shape dimension (ro) ..................... : 18.9
Approx. shape dimension (h) ...................... : 0.00
Dummy atom radius ................................ : 1.00
Number of spherical harmonics .................... : 20
Proportion of the curve to be fitted ............. : 1.00
Maximum s [1/Angstrom] ........................... : 0.579
Number of shannon channels ....................... : 9
Number of supporting points in spline approx. .... : 10
Probability that the spline approx. fits the data  : 0.563E-77
Weighting function ............................... : emphasised porod
Initial random seed .............................. : 3511135748065211325
Maximum number of steps .......................... : 400
Maximum number of iterations ..................... : 100000
Minumum number of successes ...................... : 50
Maximum number of successes ...................... : 10000
Temperature scheduling factor .................... : 0.950
Rg penalty weight ................................ : 0.100E-02
Center penalty weight ............................ : 0.100E-04
Looseness penalty weight ......................... : 0.100E-01
Anisometry penalty weight ........................ : 0.00
Constant subtraction ............................. : 0.520E-04
Annealing procedure status ....................... : warming up
Initial Rg penalty ............................... : 0.169E-03
Initial Center penalty ........................... : 0.781E-15
Initial Looseness penalty ........................ : 0.506E-02
Annealing procedure status ....................... : started
Step:    1, T: 0.724E-05, 3125/10856, Succ: 10000, Eval: 18636, CPU: 00:00:02
 Rf: 0.0667, Los: 0.11, Rg: 0.00, Cen: 0.20, Ani: 0.00, Fit: 0.0743
Step:    2, T: 0.688E-05, 3013/12331, Succ: 10000, Eval: 40256, CPU: 00:00:06
 Rf: 0.0636, Los: 0.12, Rg: 0.04, Cen: 0.11, Ani: 0.00, Fit: 0.0726
Step:    3, T: 0.653E-05, 2979/13366, Succ: 10000, Eval: 63366, CPU: 00:00:09
 Rf: 0.0605, Los: 0.12, Rg: 0.07, Cen: 0.60, Ani: 0.00, Fit: 0.0701
Step:    4, T: 0.621E-05, 3015/14001, Succ: 10000, Eval: 86382, CPU: 00:00:12
 Rf: 0.0596, Los: 0.11, Rg: 0.06, Cen: 0.71, Ani: 0.00, Fit: 0.0689
Step:    5, T: 0.590E-05, 2929/14442, Succ: 10000, Eval: 108304, CPU: 00:00:15
 Rf: 0.0552, Los: 0.11, Rg: 0.04, Cen: 0.16, Ani: 0.00, Fit: 0.0648
Step:    6, T: 0.560E-05, 2883/14891, Succ: 10000, Eval: 130782, CPU: 00:00:17
 Rf: 0.0540, Los: 0.11, Rg: 0.04, Cen: 0.74, Ani: 0.00, Fit: 0.0638
Step:    7, T: 0.532E-05, 2893/15290, Succ: 10000, Eval: 153222, CPU: 00:00:20
 Rf: 0.0506, Los: 0.11, Rg: 0.05, Cen: 0.52, Ani: 0.00, Fit: 0.0607
Step:    8, T: 0.505E-05, 2907/15580, Succ: 10000, Eval: 175567, CPU: 00:00:22
 Rf: 0.0496, Los: 0.11, Rg: 0.05, Cen: 0.43, Ani: 0.00, Fit: 0.0598
Step:    9, T: 0.480E-05, 2911/15949, Succ: 10000, Eval: 198387, CPU: 00:00:25
 Rf: 0.0489, Los: 0.10, Rg: 0.06, Cen: 0.53, Ani: 0.00, Fit: 0.0590
Step:   10, T: 0.456E-05, 2857/16227, Succ: 10000, Eval: 220500, CPU: 00:00:27
 Rf: 0.0473, Los: 0.10, Rg: 0.04, Cen: 0.83, Ani: 0.00, Fit: 0.0576
Step:   11, T: 0.433E-05, 2795/16489, Succ: 10000, Eval: 242595, CPU: 00:00:29
 Rf: 0.0409, Los: 0.10, Rg: 0.03, Cen: 1.04, Ani: 0.00, Fit: 0.0524
Step:   12, T: 0.412E-05, 2711/16685, Succ: 10000, Eval: 264479, CPU: 00:00:31
 Rf: 0.0392, Los: 0.10, Rg: 0.07, Cen: 0.69, Ani: 0.00, Fit: 0.0515
Step:   13, T: 0.391E-05, 2711/16862, Succ: 10000, Eval: 286205, CPU: 00:00:33
 Rf: 0.0351, Los: 0.10, Rg: 0.03, Cen: 1.00, Ani: 0.00, Fit: 0.0474
Step:   14, T: 0.372E-05, 2677/17115, Succ: 10000, Eval: 307703, CPU: 00:00:35
 Rf: 0.0328, Los: 0.10, Rg: 0.03, Cen: 1.58, Ani: 0.00, Fit: 0.0456
Step:   15, T: 0.353E-05, 2755/17248, Succ: 10000, Eval: 329588, CPU: 00:00:37
 Rf: 0.0350, Los: 0.09, Rg: 0.02, Cen: 1.18, Ani: 0.00, Fit: 0.0470
Step:   16, T: 0.335E-05, 2629/17361, Succ: 10000, Eval: 351212, CPU: 00:00:39
 Rf: 0.0307, Los: 0.10, Rg: 0.02, Cen: 1.59, Ani: 0.00, Fit: 0.0444
Step:   17, T: 0.319E-05, 2631/17519, Succ: 10000, Eval: 373309, CPU: 00:00:41
 Rf: 0.0292, Los: 0.10, Rg: 0.03, Cen: 1.77, Ani: 0.00, Fit: 0.0431
Step:   18, T: 0.303E-05, 2661/17690, Succ: 10000, Eval: 394982, CPU: 00:00:42
 Rf: 0.0300, Los: 0.09, Rg: 0.03, Cen: 1.56, Ani: 0.00, Fit: 0.0435
Step:   19, T: 0.288E-05, 2621/17788, Succ: 10000, Eval: 416992, CPU: 00:00:44
 Rf: 0.0271, Los: 0.09, Rg: 0.02, Cen: 1.79, Ani: 0.00, Fit: 0.0413
Step:   20, T: 0.273E-05, 2607/17850, Succ: 10000, Eval: 437994, CPU: 00:00:46
 Rf: 0.0242, Los: 0.09, Rg: 0.01, Cen: 1.57, Ani: 0.00, Fit: 0.0385
Step:   21, T: 0.259E-05, 2561/18007, Succ: 10000, Eval: 458915, CPU: 00:00:47
 Rf: 0.0228, Los: 0.09, Rg: 0.02, Cen: 2.09, Ani: 0.00, Fit: 0.0375
Step:   22, T: 0.247E-05, 2561/18080, Succ: 10000, Eval: 479982, CPU: 00:00:49
 Rf: 0.0216, Los: 0.09, Rg: 0.01, Cen: 2.03, Ani: 0.00, Fit: 0.0369
Step:   23, T: 0.234E-05, 2637/18129, Succ: 10000, Eval: 501363, CPU: 00:00:50
 Rf: 0.0219, Los: 0.09, Rg: 0.02, Cen: 2.13, Ani: 0.00, Fit: 0.0370
Step:   24, T: 0.222E-05, 2579/18227, Succ: 10000, Eval: 523248, CPU: 00:00:52
 Rf: 0.0206, Los: 0.09, Rg: 0.01, Cen: 2.60, Ani: 0.00, Fit: 0.0365
Step:   25, T: 0.211E-05, 2539/18308, Succ: 10000, Eval: 544714, CPU: 00:00:53
 Rf: 0.0176, Los: 0.09, Rg: 0.02, Cen: 2.10, Ani: 0.00, Fit: 0.0347
Step:   26, T: 0.201E-05, 2637/18416, Succ: 10000, Eval: 566039, CPU: 00:00:55
 Rf: 0.0192, Los: 0.08, Rg: 0.02, Cen: 1.71, Ani: 0.00, Fit: 0.0344
Step:   27, T: 0.191E-05, 2519/18485, Succ: 10000, Eval: 586733, CPU: 00:00:56
 Rf: 0.0163, Los: 0.08, Rg: 0.01, Cen: 1.53, Ani: 0.00, Fit: 0.0329
Step:   28, T: 0.181E-05, 2511/18576, Succ: 10000, Eval: 607860, CPU: 00:00:57
 Rf: 0.0152, Los: 0.08, Rg: 0.01, Cen: 0.71, Ani: 0.00, Fit: 0.0328
Step:   29, T: 0.172E-05, 2561/18663, Succ: 10000, Eval: 629144, CPU: 00:00:58
 Rf: 0.0150, Los: 0.08, Rg: 0.01, Cen: 0.60, Ani: 0.00, Fit: 0.0320
Step:   30, T: 0.164E-05, 2567/18718, Succ: 10000, Eval: 650048, CPU: 00:01:00
 Rf: 0.0136, Los: 0.08, Rg: 0.02, Cen: 0.56, Ani: 0.00, Fit: 0.0310
Step:   31, T: 0.155E-05, 2529/18759, Succ: 10000, Eval: 670899, CPU: 00:01:01
 Rf: 0.0115, Los: 0.07, Rg: 0.01, Cen: 0.40, Ani: 0.00, Fit: 0.0297
Step:   32, T: 0.148E-05, 2551/18793, Succ: 10000, Eval: 691809, CPU: 00:01:02
 Rf: 0.0119, Los: 0.07, Rg: 0.01, Cen: 0.29, Ani: 0.00, Fit: 0.0296
Step:   33, T: 0.140E-05, 2517/18834, Succ: 10000, Eval: 712553, CPU: 00:01:03
 Rf: 0.0115, Los: 0.07, Rg: 0.01, Cen: 0.25, Ani: 0.00, Fit: 0.0296
Step:   34, T: 0.133E-05, 2541/18845, Succ: 10000, Eval: 733235, CPU: 00:01:04
 Rf: 0.0104, Los: 0.07, Rg: 0.01, Cen: 0.18, Ani: 0.00, Fit: 0.0280
Step:   35, T: 0.127E-05, 2561/18881, Succ: 10000, Eval: 753984, CPU: 00:01:05
 Rf: 0.0104, Los: 0.06, Rg: 0.00, Cen: 0.25, Ani: 0.00, Fit: 0.0272
Step:   36, T: 0.120E-05, 2567/18910, Succ: 10000, Eval: 774515, CPU: 00:01:05
 Rf: 0.0094, Los: 0.06, Rg: 0.00, Cen: 0.19, Ani: 0.00, Fit: 0.0267
Step:   37, T: 0.114E-05, 2561/18920, Succ: 10000, Eval: 795114, CPU: 00:01:06
 Rf: 0.0094, Los: 0.06, Rg: 0.00, Cen: 0.18, Ani: 0.00, Fit: 0.0266
Step:   38, T: 0.108E-05, 2583/18929, Succ: 10000, Eval: 815930, CPU: 00:01:07
 Rf: 0.0089, Los: 0.06, Rg: 0.00, Cen: 0.27, Ani: 0.00, Fit: 0.0258
Step:   39, T: 0.103E-05, 2561/18933, Succ: 10000, Eval: 836705, CPU: 00:01:08
 Rf: 0.0081, Los: 0.06, Rg: 0.00, Cen: 0.16, Ani: 0.00, Fit: 0.0251
Step:   40, T: 0.979E-06, 2611/18938, Succ: 10000, Eval: 857642, CPU: 00:01:09
 Rf: 0.0075, Los: 0.05, Rg: 0.01, Cen: 0.26, Ani: 0.00, Fit: 0.0244
Step:   41, T: 0.930E-06, 2603/18950, Succ: 10000, Eval: 878531, CPU: 00:01:10
 Rf: 0.0072, Los: 0.05, Rg: 0.00, Cen: 0.17, Ani: 0.00, Fit: 0.0241
Step:   42, T: 0.884E-06, 2585/18974, Succ: 10000, Eval: 899523, CPU: 00:01:10
 Rf: 0.0079, Los: 0.05, Rg: 0.00, Cen: 0.22, Ani: 0.00, Fit: 0.0237
Step:   43, T: 0.840E-06, 2615/18982, Succ: 10000, Eval: 920462, CPU: 00:01:11
 Rf: 0.0073, Los: 0.05, Rg: 0.00, Cen: 0.28, Ani: 0.00, Fit: 0.0234
Step:   44, T: 0.798E-06, 2605/18999, Succ: 10000, Eval: 941762, CPU: 00:01:12
 Rf: 0.0065, Los: 0.05, Rg: 0.01, Cen: 0.16, Ani: 0.00, Fit: 0.0234
Step:   45, T: 0.758E-06, 2625/19017, Succ: 10000, Eval: 963290, CPU: 00:01:12
 Rf: 0.0065, Los: 0.05, Rg: 0.00, Cen: 0.07, Ani: 0.00, Fit: 0.0224
Step:   46, T: 0.720E-06, 2577/19019, Succ: 10000, Eval: 985291, CPU: 00:01:13
 Rf: 0.0060, Los: 0.05, Rg: 0.00, Cen: 0.36, Ani: 0.00, Fit: 0.0223
Step:   47, T: 0.684E-06, 2639/19024, Succ: 10000, Eval: 1007888, CPU: 00:01:14
 Rf: 0.0058, Los: 0.04, Rg: 0.00, Cen: 0.31, Ani: 0.00, Fit: 0.0218
Step:   48, T: 0.650E-06, 2669/19030, Succ: 10000, Eval: 1030090, CPU: 00:01:15
 Rf: 0.0049, Los: 0.04, Rg: 0.00, Cen: 0.12, Ani: 0.00, Fit: 0.0208
Step:   49, T: 0.617E-06, 2651/19042, Succ: 10000, Eval: 1052590, CPU: 00:01:15
 Rf: 0.0060, Los: 0.04, Rg: 0.00, Cen: 0.27, Ani: 0.00, Fit: 0.0208
Step:   50, T: 0.586E-06, 2637/19042, Succ: 10000, Eval: 1075376, CPU: 00:01:16
 Rf: 0.0052, Los: 0.04, Rg: 0.00, Cen: 0.11, Ani: 0.00, Fit: 0.0207
Step:   51, T: 0.557E-06, 2645/19042, Succ: 10000, Eval: 1098944, CPU: 00:01:17
 Rf: 0.0044, Los: 0.04, Rg: 0.00, Cen: 0.21, Ani: 0.00, Fit: 0.0203
Step:   52, T: 0.529E-06, 2717/19042, Succ: 10000, Eval: 1122561, CPU: 00:01:18
 Rf: 0.0050, Los: 0.04, Rg: 0.00, Cen: 0.19, Ani: 0.00, Fit: 0.0200
Step:   53, T: 0.503E-06, 2745/19042, Succ: 10000, Eval: 1146311, CPU: 00:01:18
 Rf: 0.0051, Los: 0.03, Rg: 0.00, Cen: 0.48, Ani: 0.00, Fit: 0.0194
Step:   54, T: 0.478E-06, 2695/19042, Succ: 10000, Eval: 1170884, CPU: 00:01:19
 Rf: 0.0046, Los: 0.03, Rg: 0.00, Cen: 0.03, Ani: 0.00, Fit: 0.0192
Step:   55, T: 0.454E-06, 2725/19043, Succ: 10000, Eval: 1195473, CPU: 00:01:20
 Rf: 0.0040, Los: 0.03, Rg: 0.00, Cen: 0.04, Ani: 0.00, Fit: 0.0190
Step:   56, T: 0.431E-06, 2781/19043, Succ: 10000, Eval: 1220405, CPU: 00:01:21
 Rf: 0.0045, Los: 0.03, Rg: 0.00, Cen: 0.21, Ani: 0.00, Fit: 0.0185
Step:   57, T: 0.409E-06, 2745/19044, Succ: 10000, Eval: 1246085, CPU: 00:01:21
 Rf: 0.0039, Los: 0.03, Rg: 0.00, Cen: 0.12, Ani: 0.00, Fit: 0.0183
Step:   58, T: 0.389E-06, 2709/19044, Succ: 10000, Eval: 1272153, CPU: 00:01:22
 Rf: 0.0039, Los: 0.03, Rg: 0.00, Cen: 0.22, Ani: 0.00, Fit: 0.0182
Step:   59, T: 0.369E-06, 2753/19044, Succ: 10000, Eval: 1298419, CPU: 00:01:23
 Rf: 0.0041, Los: 0.03, Rg: 0.00, Cen: 0.14, Ani: 0.00, Fit: 0.0177
Step:   60, T: 0.351E-06, 2743/19044, Succ: 10000, Eval: 1325285, CPU: 00:01:24
 Rf: 0.0032, Los: 0.03, Rg: 0.00, Cen: 0.05, Ani: 0.00, Fit: 0.0175
Step:   61, T: 0.333E-06, 2803/19044, Succ: 10000, Eval: 1352672, CPU: 00:01:24
 Rf: 0.0040, Los: 0.03, Rg: 0.00, Cen: 0.09, Ani: 0.00, Fit: 0.0170
Step:   62, T: 0.317E-06, 2761/19044, Succ: 10000, Eval: 1380281, CPU: 00:01:25
 Rf: 0.0034, Los: 0.03, Rg: 0.00, Cen: 0.06, Ani: 0.00, Fit: 0.0166
Step:   63, T: 0.301E-06, 2781/19044, Succ: 10000, Eval: 1408796, CPU: 00:01:26
 Rf: 0.0035, Los: 0.03, Rg: 0.00, Cen: 0.03, Ani: 0.00, Fit: 0.0165
Step:   64, T: 0.286E-06, 2829/19044, Succ: 10000, Eval: 1438228, CPU: 00:01:27
 Rf: 0.0031, Los: 0.03, Rg: 0.00, Cen: 0.03, Ani: 0.00, Fit: 0.0163
Step:   65, T: 0.272E-06, 2847/19045, Succ: 10000, Eval: 1467533, CPU: 00:01:28
 Rf: 0.0031, Los: 0.02, Rg: 0.00, Cen: 0.21, Ani: 0.00, Fit: 0.0158
Step:   66, T: 0.258E-06, 2881/19045, Succ: 10000, Eval: 1497564, CPU: 00:01:29
 Rf: 0.0034, Los: 0.02, Rg: 0.00, Cen: 0.07, Ani: 0.00, Fit: 0.0158
Step:   67, T: 0.245E-06, 2905/19045, Succ: 10000, Eval: 1527844, CPU: 00:01:30
 Rf: 0.0030, Los: 0.02, Rg: 0.00, Cen: 0.08, Ani: 0.00, Fit: 0.0153
Step:   68, T: 0.233E-06, 2883/19045, Succ: 10000, Eval: 1559298, CPU: 00:01:31
 Rf: 0.0028, Los: 0.02, Rg: 0.00, Cen: 0.02, Ani: 0.00, Fit: 0.0151
Step:   69, T: 0.221E-06, 2901/19048, Succ: 10000, Eval: 1591347, CPU: 00:01:32
 Rf: 0.0032, Los: 0.02, Rg: 0.00, Cen: 0.02, Ani: 0.00, Fit: 0.0148
Step:   70, T: 0.210E-06, 2893/19049, Succ: 10000, Eval: 1624209, CPU: 00:01:33
 Rf: 0.0028, Los: 0.02, Rg: 0.00, Cen: 0.08, Ani: 0.00, Fit: 0.0146
Step:   71, T: 0.200E-06, 2931/19054, Succ: 10000, Eval: 1657420, CPU: 00:01:34
 Rf: 0.0028, Los: 0.02, Rg: 0.00, Cen: 0.08, Ani: 0.00, Fit: 0.0143
Step:   72, T: 0.190E-06, 2953/19055, Succ: 10000, Eval: 1692425, CPU: 00:01:35
 Rf: 0.0028, Los: 0.02, Rg: 0.00, Cen: 0.04, Ani: 0.00, Fit: 0.0139
Step:   73, T: 0.180E-06, 2929/19058, Succ: 10000, Eval: 1727764, CPU: 00:01:36
 Rf: 0.0032, Los: 0.02, Rg: 0.00, Cen: 0.02, Ani: 0.00, Fit: 0.0142
Step:   74, T: 0.171E-06, 2993/19062, Succ: 10000, Eval: 1764420, CPU: 00:01:37
 Rf: 0.0028, Los: 0.02, Rg: 0.00, Cen: 0.02, Ani: 0.00, Fit: 0.0136
Step:   75, T: 0.163E-06, 2997/19074, Succ: 10000, Eval: 1801465, CPU: 00:01:38
 Rf: 0.0027, Los: 0.02, Rg: 0.00, Cen: 0.03, Ani: 0.00, Fit: 0.0135
Step:   76, T: 0.154E-06, 3027/19079, Succ: 10000, Eval: 1840193, CPU: 00:01:39
 Rf: 0.0027, Los: 0.02, Rg: 0.00, Cen: 0.06, Ani: 0.00, Fit: 0.0132
Step:   77, T: 0.147E-06, 3027/19083, Succ: 10000, Eval: 1879793, CPU: 00:01:41
 Rf: 0.0027, Los: 0.02, Rg: 0.00, Cen: 0.04, Ani: 0.00, Fit: 0.0129
Step:   78, T: 0.139E-06, 3025/19099, Succ: 10000, Eval: 1920366, CPU: 00:01:42
 Rf: 0.0024, Los: 0.02, Rg: 0.00, Cen: 0.06, Ani: 0.00, Fit: 0.0128
Step:   79, T: 0.132E-06, 3051/19111, Succ: 10000, Eval: 1961859, CPU: 00:01:43
 Rf: 0.0025, Los: 0.02, Rg: 0.00, Cen: 0.00, Ani: 0.00, Fit: 0.0126
Step:   80, T: 0.126E-06, 3061/19117, Succ: 10000, Eval: 2005139, CPU: 00:01:44
 Rf: 0.0024, Los: 0.01, Rg: 0.00, Cen: 0.03, Ani: 0.00, Fit: 0.0123
Step:   81, T: 0.120E-06, 3075/19127, Succ: 10000, Eval: 2050578, CPU: 00:01:46
 Rf: 0.0027, Los: 0.01, Rg: 0.00, Cen: 0.03, Ani: 0.00, Fit: 0.0124
Step:   82, T: 0.114E-06, 3115/19135, Succ: 10000, Eval: 2097212, CPU: 00:01:47
 Rf: 0.0026, Los: 0.01, Rg: 0.00, Cen: 0.08, Ani: 0.00, Fit: 0.0121
Step:   83, T: 0.108E-06, 3113/19135, Succ: 10000, Eval: 2145178, CPU: 00:01:49
 Rf: 0.0024, Los: 0.01, Rg: 0.00, Cen: 0.02, Ani: 0.00, Fit: 0.0117
Step:   84, T: 0.102E-06, 3129/19135, Succ: 10000, Eval: 2194719, CPU: 00:01:50
 Rf: 0.0024, Los: 0.01, Rg: 0.00, Cen: 0.01, Ani: 0.00, Fit: 0.0116
Step:   85, T: 0.974E-07, 3143/19142, Succ: 10000, Eval: 2247072, CPU: 00:01:52
 Rf: 0.0022, Los: 0.01, Rg: 0.00, Cen: 0.05, Ani: 0.00, Fit: 0.0115
Step:   86, T: 0.925E-07, 3155/19145, Succ: 10000, Eval: 2302207, CPU: 00:01:54
 Rf: 0.0025, Los: 0.01, Rg: 0.00, Cen: 0.03, Ani: 0.00, Fit: 0.0113
Step:   87, T: 0.879E-07, 3185/19146, Succ: 10000, Eval: 2358876, CPU: 00:01:55
 Rf: 0.0024, Los: 0.01, Rg: 0.00, Cen: 0.04, Ani: 0.00, Fit: 0.0112
Step:   88, T: 0.835E-07, 3195/19146, Succ: 10000, Eval: 2418763, CPU: 00:01:57
 Rf: 0.0022, Los: 0.01, Rg: 0.00, Cen: 0.01, Ani: 0.00, Fit: 0.0107
Step:   89, T: 0.793E-07, 3193/19146, Succ: 10000, Eval: 2482032, CPU: 00:01:59
 Rf: 0.0022, Los: 0.01, Rg: 0.00, Cen: 0.02, Ani: 0.00, Fit: 0.0107
Step:   90, T: 0.753E-07, 3225/19146, Succ: 10000, Eval: 2546832, CPU: 00:02:01
 Rf: 0.0022, Los: 0.01, Rg: 0.00, Cen: 0.01, Ani: 0.00, Fit: 0.0104
Step:   91, T: 0.716E-07, 3239/19149, Succ: 10000, Eval: 2615312, CPU: 00:02:04
 Rf: 0.0021, Los: 0.01, Rg: 0.00, Cen: 0.02, Ani: 0.00, Fit: 0.0102
Step:   92, T: 0.680E-07, 3255/19149, Succ: 10000, Eval: 2686643, CPU: 00:02:06
 Rf: 0.0022, Los: 0.01, Rg: 0.00, Cen: 0.02, Ani: 0.00, Fit: 0.0101
Step:   93, T: 0.646E-07, 3259/19149, Succ: 10000, Eval: 2762807, CPU: 00:02:08
 Rf: 0.0020, Los: 0.01, Rg: 0.00, Cen: 0.01, Ani: 0.00, Fit: 0.0099
Step:   94, T: 0.614E-07, 3265/19153, Succ: 10000, Eval: 2844640, CPU: 00:02:11
 Rf: 0.0018, Los: 0.01, Rg: 0.00, Cen: 0.02, Ani: 0.00, Fit: 0.0098
Step:   95, T: 0.583E-07, 3307/19153, Succ: 10000, Eval: 2930510, CPU: 00:02:14
 Rf: 0.0020, Los: 0.01, Rg: 0.00, Cen: 0.01, Ani: 0.00, Fit: 0.0096
Step:   96, T: 0.554E-07, 3307/19154, Succ: 10000, Eval: 3022230, CPU: 00:02:16
 Rf: 0.0020, Los: 0.01, Rg: 0.00, Cen: 0.01, Ani: 0.00, Fit: 0.0096
Step:   97, T: 0.526E-07, 3303/19154, Succ: 10000, Eval: 3121392, CPU: 00:02:20
 Rf: 0.0019, Los: 0.01, Rg: 0.00, Cen: 0.03, Ani: 0.00, Fit: 0.0095
Step:   98, T: 0.500E-07, 3327/19155, Succ: 9554, Eval: 3221392, CPU: 00:02:23
 Rf: 0.0019, Los: 0.01, Rg: 0.00, Cen: 0.03, Ani: 0.00, Fit: 0.0093
Step:   99, T: 0.475E-07, 3349/19155, Succ: 9052, Eval: 3321392, CPU: 00:02:26
 Rf: 0.0019, Los: 0.01, Rg: 0.00, Cen: 0.01, Ani: 0.00, Fit: 0.0092
Step:  100, T: 0.451E-07, 3329/19155, Succ: 8226, Eval: 3421392, CPU: 00:02:29
 Rf: 0.0019, Los: 0.01, Rg: 0.00, Cen: 0.01, Ani: 0.00, Fit: 0.0091
Step:  101, T: 0.429E-07, 3376/19163, Succ: 7611, Eval: 3521392, CPU: 00:02:32
 Rf: 0.0017, Los: 0.01, Rg: 0.00, Cen: 0.01, Ani: 0.00, Fit: 0.0087
Step:  102, T: 0.407E-07, 3386/19167, Succ: 6850, Eval: 3621392, CPU: 00:02:36
 Rf: 0.0019, Los: 0.01, Rg: 0.00, Cen: 0.02, Ani: 0.00, Fit: 0.0088
Step:  103, T: 0.387E-07, 3404/19167, Succ: 6640, Eval: 3721392, CPU: 00:02:39
 Rf: 0.0019, Los: 0.01, Rg: 0.00, Cen: 0.01, Ani: 0.00, Fit: 0.0086
Step:  104, T: 0.367E-07, 3401/19167, Succ: 5735, Eval: 3821392, CPU: 00:02:42
 Rf: 0.0018, Los: 0.01, Rg: 0.00, Cen: 0.01, Ani: 0.00, Fit: 0.0086
Step:  105, T: 0.349E-07, 3417/19169, Succ: 5264, Eval: 3921392, CPU: 00:02:45
 Rf: 0.0018, Los: 0.01, Rg: 0.00, Cen: 0.01, Ani: 0.00, Fit: 0.0085
Step:  106, T: 0.332E-07, 3391/19170, Succ: 5002, Eval: 4021392, CPU: 00:02:48
 Rf: 0.0018, Los: 0.01, Rg: 0.00, Cen: 0.01, Ani: 0.00, Fit: 0.0086
Step:  107, T: 0.315E-07, 3417/19170, Succ: 4444, Eval: 4121392, CPU: 00:02:52
 Rf: 0.0019, Los: 0.01, Rg: 0.00, Cen: 0.02, Ani: 0.00, Fit: 0.0084
Step:  108, T: 0.299E-07, 3434/19170, Succ: 3649, Eval: 4221392, CPU: 00:02:55
 Rf: 0.0019, Los: 0.01, Rg: 0.00, Cen: 0.01, Ani: 0.00, Fit: 0.0083
Step:  109, T: 0.284E-07, 3463/19170, Succ: 3473, Eval: 4321392, CPU: 00:02:58
 Rf: 0.0018, Los: 0.01, Rg: 0.00, Cen: 0.00, Ani: 0.00, Fit: 0.0082
Step:  110, T: 0.270E-07, 3465/19170, Succ: 3106, Eval: 4421392, CPU: 00:03:01
 Rf: 0.0018, Los: 0.01, Rg: 0.00, Cen: 0.01, Ani: 0.00, Fit: 0.0081
Step:  111, T: 0.257E-07, 3456/19170, Succ: 2773, Eval: 4521392, CPU: 00:03:05
 Rf: 0.0019, Los: 0.01, Rg: 0.00, Cen: 0.00, Ani: 0.00, Fit: 0.0081
Step:  112, T: 0.244E-07, 3480/19170, Succ: 2418, Eval: 4621392, CPU: 00:03:08
 Rf: 0.0018, Los: 0.01, Rg: 0.00, Cen: 0.01, Ani: 0.00, Fit: 0.0080
Step:  113, T: 0.232E-07, 3470/19170, Succ: 2202, Eval: 4721392, CPU: 00:03:11
 Rf: 0.0018, Los: 0.01, Rg: 0.00, Cen: 0.00, Ani: 0.00, Fit: 0.0080
Step:  114, T: 0.220E-07, 3490/19170, Succ: 1930, Eval: 4821392, CPU: 00:03:14
 Rf: 0.0017, Los: 0.01, Rg: 0.00, Cen: 0.00, Ani: 0.00, Fit: 0.0079
Step:  115, T: 0.209E-07, 3493/19170, Succ: 1597, Eval: 4921392, CPU: 00:03:17
 Rf: 0.0018, Los: 0.01, Rg: 0.00, Cen: 0.01, Ani: 0.00, Fit: 0.0079
Step:  116, T: 0.199E-07, 3496/19170, Succ: 1383, Eval: 5021392, CPU: 00:03:21
 Rf: 0.0018, Los: 0.01, Rg: 0.00, Cen: 0.01, Ani: 0.00, Fit: 0.0078
Step:  117, T: 0.189E-07, 3501/19170, Succ: 1155, Eval: 5121392, CPU: 00:03:24
 Rf: 0.0018, Los: 0.01, Rg: 0.00, Cen: 0.01, Ani: 0.00, Fit: 0.0078
Step:  118, T: 0.179E-07, 3506/19170, Succ: 885, Eval: 5221392, CPU: 00:03:27
 Rf: 0.0018, Los: 0.01, Rg: 0.00, Cen: 0.01, Ani: 0.00, Fit: 0.0078
Step:  119, T: 0.170E-07, 3505/19170, Succ: 703, Eval: 5321392, CPU: 00:03:30
 Rf: 0.0017, Los: 0.01, Rg: 0.00, Cen: 0.00, Ani: 0.00, Fit: 0.0077
Step:  120, T: 0.162E-07, 3506/19170, Succ: 579, Eval: 5421392, CPU: 00:03:34
 Rf: 0.0017, Los: 0.01, Rg: 0.00, Cen: 0.00, Ani: 0.00, Fit: 0.0077
Step:  121, T: 0.154E-07, 3514/19170, Succ: 490, Eval: 5521392, CPU: 00:03:37
 Rf: 0.0018, Los: 0.01, Rg: 0.00, Cen: 0.00, Ani: 0.00, Fit: 0.0077
Step:  122, T: 0.146E-07, 3516/19170, Succ: 404, Eval: 5621392, CPU: 00:03:40
 Rf: 0.0018, Los: 0.01, Rg: 0.00, Cen: 0.01, Ani: 0.00, Fit: 0.0077
Step:  123, T: 0.139E-07, 3516/19170, Succ: 414, Eval: 5721392, CPU: 00:03:43
 Rf: 0.0018, Los: 0.01, Rg: 0.00, Cen: 0.00, Ani: 0.00, Fit: 0.0077
Step:  124, T: 0.132E-07, 3521/19170, Succ: 309, Eval: 5821392, CPU: 00:03:47
 Rf: 0.0018, Los: 0.01, Rg: 0.00, Cen: 0.00, Ani: 0.00, Fit: 0.0077
Step:  125, T: 0.125E-07, 3519/19170, Succ: 244, Eval: 5921392, CPU: 00:03:50
 Rf: 0.0018, Los: 0.01, Rg: 0.00, Cen: 0.00, Ani: 0.00, Fit: 0.0077
Step:  126, T: 0.119E-07, 3519/19170, Succ: 234, Eval: 6021392, CPU: 00:03:53
 Rf: 0.0018, Los: 0.01, Rg: 0.00, Cen: 0.00, Ani: 0.00, Fit: 0.0077
Step:  127, T: 0.113E-07, 3524/19170, Succ: 115, Eval: 6121392, CPU: 00:03:56
 Rf: 0.0018, Los: 0.01, Rg: 0.00, Cen: 0.01, Ani: 0.00, Fit: 0.0077
Step:  128, T: 0.107E-07, 3522/19170, Succ: 102, Eval: 6221392, CPU: 00:04:00
 Rf: 0.0018, Los: 0.01, Rg: 0.00, Cen: 0.00, Ani: 0.00, Fit: 0.0077
Step:  129, T: 0.102E-07, 3521/19170, Succ: 119, Eval: 6321392, CPU: 00:04:03
 Rf: 0.0018, Los: 0.01, Rg: 0.00, Cen: 0.01, Ani: 0.00, Fit: 0.0077
Step:  130, T: 0.968E-08, 3520/19170, Succ: 175, Eval: 6421392, CPU: 00:04:07
 Rf: 0.0018, Los: 0.01, Rg: 0.00, Cen: 0.00, Ani: 0.00, Fit: 0.0077
Step:  131, T: 0.920E-08, 3521/19170, Succ: 147, Eval: 6521392, CPU: 00:04:10
 Rf: 0.0018, Los: 0.01, Rg: 0.00, Cen: 0.00, Ani: 0.00, Fit: 0.0077
Step:  132, T: 0.874E-08, 3525/19170, Succ: 86, Eval: 6621392, CPU: 00:04:14
 Rf: 0.0018, Los: 0.01, Rg: 0.00, Cen: 0.00, Ani: 0.00, Fit: 0.0077
Step:  133, T: 0.830E-08, 3524/19170, Succ: 75, Eval: 6721392, CPU: 00:04:17
 Rf: 0.0018, Los: 0.01, Rg: 0.00, Cen: 0.00, Ani: 0.00, Fit: 0.0077
Step:  134, T: 0.789E-08, 3523/19170, Succ: 45, Eval: 6821392, CPU: 00:04:21
 Rf: 0.0018, Los: 0.01, Rg: 0.00, Cen: 0.00, Ani: 0.00, Fit: 0.0077
Annealing procedure status ....................... : cooled down
Probability that the model fits the data ......... : 0.603E-05
Preparing output files ........................... : pdb, fit, fir
Log closed ....................................... : 25-Mar-2020, 12:36:52
