   === DAMMIN  started at           25-Mar-2020   14:28:29
 Computation mode ....................................... : Slow
 Project identifier ..................................... : refine_lys_8
 Project description:
 Initialized random seed as ..................... : 3967940716174785501
 GNOM file name ......................................... : lys_8.out
 Data set title
 Maximum diameter of the particle ....................... : 44.00
 Radius of gyration read ................................ : 14.67
 Number of GNOM data points ............................. : 438
 Maximum s value [1/angstrom] ........................... : 0.5793
 Number of Shannon channels ............................. : 8.114
 Number of knots in the curve to fit .................... : 20
  *** Warning: constant reduced to avoid oversubtraction
 A constant was subtracted .............................. : 4.162E-05
 Maximum order of harmonics ............................. : 15
 DAM coordinates file name .............................. : lys_8_damstart.pdb
 Number of atoms read ................................... : 2420
 Maximum radius ......................................... : 28.21
 Packing radius of dummy atoms .......................... : 1.500
 Point symmetry of the particle ......................... : P1
 Number of core (fixed) atoms ........................... : 523
 Number of equivalent positions ......................... : 1
 Expected particle anisometry ........................... : Unknown
 Excluded volume per atom ............................... : 19.10
 Radius of 1st coordination sphere ...................... : 4.230
 Minimum number of contacts ............................. : 5
 Maximum number of contacts ............................. : 13
 Looseness penalty weight ............................... : 5.000E-03
 No of non-solvent atoms ................................ : 2420
 Initial DAM looseness .................................. : 3.730E-03
 Disconnectivity penalty weight ......................... : 5.000E-03
 Initial DAM # of graphs ................................ : 1
 Discontiguity   value .................................. : 0.0
 Center of the initial DAM:   -0.6493  -0.0342   1.0153
 Peripheral penalty weight .............................. : 0.3000
 Peripheral penalty value ............................... : 0.4077
 Looseness fixing threshold ............................. : 0.0
 R-factor  fixing threshold ............................. : 0.0
  ***    The structure was randomized    ***
 No of non-solvent atoms ................................ : 1495
 Randomized DAM looseness ............................... : 4.113E-02
 Randomized DAM # of graphs ............................. : 5
 Discontiguity   value .................................. : 4.021E-03
 Randomized peripheral penalty value .................... : 0.3744
 Weight: 0=s^2, 1=Emphas.s->0, 2=Log .................... : 1
 *** Porod weight with emphasis at low s ***
 Initial scale factor ................................... : 1.932E-11
 Scale factor fixed (Y=Yes, N=No) ....................... : N
 Initial R^2 factor ..................................... : 0.1232
 Initial R   factor ..................................... : 0.3511
 Initial penalty ........................................ : 0.1125
 Initial fVal ........................................... : 0.2358
 Variation of the target function ....................... : 1.838E-04
 CPU per function call, seconds ......................... : 1.860E-04
 Initial annealing temperature .......................... : 1.000E-03
 Annealing schedule factor .............................. : 0.9500
 # of independent atoms to modify ....................... : 1
 Max # of iterations at each T .......................... : 132790
 Max # of successes at each T ........................... : 13279
 Min # of successes to continue ......................... : 44
 Max # of annealing steps ............................... : 200
  ====  Simulated annealing procedure started  ====
 j:   1 T: 0.100E-02 Suc: 13279 Eva:    14527 CPU:  0.259E+01 SqF: 0.4484
  Rf: 0.30714 Los:0.0497 Dis:0.0066 Per:  0.3549 Sca: 0.223E-10
 j:   2 T: 0.950E-03 Suc: 13279 Eva:    29179 CPU:  0.520E+01 SqF: 0.4419
  Rf: 0.30716 Los:0.0526 Dis:0.0111 Per:  0.3530 Sca: 0.226E-10
 j:   3 T: 0.903E-03 Suc: 13279 Eva:    43778 CPU:  0.783E+01 SqF: 0.4366
  Rf: 0.30841 Los:0.0491 Dis:0.0096 Per:  0.3515 Sca: 0.223E-10
 j:   4 T: 0.857E-03 Suc: 13279 Eva:    58556 CPU:  0.105E+02 SqF: 0.4300
  Rf: 0.30575 Los:0.0483 Dis:0.0052 Per:  0.3543 Sca: 0.232E-10
 j:   5 T: 0.815E-03 Suc: 13279 Eva:    73463 CPU:  0.131E+02 SqF: 0.4152
  Rf: 0.29349 Los:0.0500 Dis:0.0075 Per:  0.3520 Sca: 0.230E-10
 j:   6 T: 0.774E-03 Suc: 13279 Eva:    88381 CPU:  0.158E+02 SqF: 0.4152
  Rf: 0.29349 Los:0.0500 Dis:0.0075 Per:  0.3520 Sca: 0.230E-10
 j:   7 T: 0.735E-03 Suc: 13279 Eva:   103434 CPU:  0.184E+02 SqF: 0.4045
  Rf: 0.29305 Los:0.0542 Dis:0.0130 Per:  0.3509 Sca: 0.238E-10
 j:   8 T: 0.698E-03 Suc: 13279 Eva:   118508 CPU:  0.210E+02 SqF: 0.4045
  Rf: 0.29305 Los:0.0542 Dis:0.0130 Per:  0.3509 Sca: 0.238E-10
 j:   9 T: 0.663E-03 Suc: 13279 Eva:   133683 CPU:  0.237E+02 SqF: 0.3957
  Rf: 0.29172 Los:0.0470 Dis:0.0067 Per:  0.3576 Sca: 0.231E-10
 j:  10 T: 0.630E-03 Suc: 13279 Eva:   148962 CPU:  0.264E+02 SqF: 0.3925
  Rf: 0.29634 Los:0.0513 Dis:0.0107 Per:  0.3488 Sca: 0.236E-10
 j:  11 T: 0.599E-03 Suc: 13279 Eva:   164381 CPU:  0.291E+02 SqF: 0.3825
  Rf: 0.28883 Los:0.0544 Dis:0.0100 Per:  0.3483 Sca: 0.240E-10
 j:  12 T: 0.569E-03 Suc: 13279 Eva:   179918 CPU:  0.318E+02 SqF: 0.3785
  Rf: 0.28986 Los:0.0481 Dis:0.0130 Per:  0.3453 Sca: 0.234E-10
 j:  13 T: 0.540E-03 Suc: 13279 Eva:   195606 CPU:  0.345E+02 SqF: 0.3720
  Rf: 0.28565 Los:0.0587 Dis:0.0211 Per:  0.3480 Sca: 0.245E-10
 j:  14 T: 0.513E-03 Suc: 13279 Eva:   211441 CPU:  0.372E+02 SqF: 0.3655
  Rf: 0.28210 Los:0.0545 Dis:0.0140 Per:  0.3485 Sca: 0.242E-10
 j:  15 T: 0.488E-03 Suc: 13279 Eva:   227605 CPU:  0.400E+02 SqF: 0.3543
  Rf: 0.27144 Los:0.0550 Dis:0.0135 Per:  0.3521 Sca: 0.256E-10
 j:  16 T: 0.463E-03 Suc: 13279 Eva:   243731 CPU:  0.427E+02 SqF: 0.3513
  Rf: 0.27433 Los:0.0558 Dis:0.0183 Per:  0.3437 Sca: 0.253E-10
 j:  17 T: 0.440E-03 Suc: 13279 Eva:   260006 CPU:  0.455E+02 SqF: 0.3509
  Rf: 0.27670 Los:0.0512 Dis:0.0171 Per:  0.3503 Sca: 0.244E-10
 j:  18 T: 0.418E-03 Suc: 13279 Eva:   276778 CPU:  0.482E+02 SqF: 0.3250
  Rf: 0.24966 Los:0.0555 Dis:0.0182 Per:  0.3422 Sca: 0.271E-10
 j:  19 T: 0.397E-03 Suc: 13279 Eva:   293796 CPU:  0.510E+02 SqF: 0.3249
  Rf: 0.25429 Los:0.0584 Dis:0.0283 Per:  0.3396 Sca: 0.268E-10
 j:  20 T: 0.377E-03 Suc: 13279 Eva:   310973 CPU:  0.538E+02 SqF: 0.3175
  Rf: 0.24975 Los:0.0536 Dis:0.0089 Per:  0.3369 Sca: 0.262E-10
 j:  21 T: 0.358E-03 Suc: 13279 Eva:   328616 CPU:  0.567E+02 SqF: 0.3142
  Rf: 0.24784 Los:0.0571 Dis:0.0294 Per:  0.3427 Sca: 0.263E-10
 j:  22 T: 0.341E-03 Suc: 13279 Eva:   346765 CPU:  0.596E+02 SqF: 0.2979
  Rf: 0.23303 Los:0.0559 Dis:0.0127 Per:  0.3340 Sca: 0.280E-10
 j:  23 T: 0.324E-03 Suc: 13279 Eva:   364971 CPU:  0.625E+02 SqF: 0.2979
  Rf: 0.23303 Los:0.0559 Dis:0.0127 Per:  0.3340 Sca: 0.280E-10
 j:  24 T: 0.307E-03 Suc: 13279 Eva:   383687 CPU:  0.655E+02 SqF: 0.2884
  Rf: 0.22742 Los:0.0641 Dis:0.0446 Per:  0.3355 Sca: 0.289E-10
 j:  25 T: 0.292E-03 Suc: 13279 Eva:   402998 CPU:  0.685E+02 SqF: 0.2726
  Rf: 0.21097 Los:0.0622 Dis:0.0349 Per:  0.3348 Sca: 0.304E-10
 j:  26 T: 0.277E-03 Suc: 13279 Eva:   422561 CPU:  0.715E+02 SqF: 0.2644
  Rf: 0.20483 Los:0.0649 Dis:0.0327 Per:  0.3302 Sca: 0.313E-10
 j:  27 T: 0.264E-03 Suc: 13279 Eva:   442537 CPU:  0.745E+02 SqF: 0.2641
  Rf: 0.20699 Los:0.0660 Dis:0.0384 Per:  0.3339 Sca: 0.317E-10
 j:  28 T: 0.250E-03 Suc: 13279 Eva:   462942 CPU:  0.775E+02 SqF: 0.2530
  Rf: 0.19634 Los:0.0731 Dis:0.0527 Per:  0.3303 Sca: 0.328E-10
 j:  29 T: 0.238E-03 Suc: 13279 Eva:   483980 CPU:  0.806E+02 SqF: 0.2436
  Rf: 0.18756 Los:0.0624 Dis:0.0304 Per:  0.3321 Sca: 0.321E-10
 j:  30 T: 0.226E-03 Suc: 13279 Eva:   505652 CPU:  0.838E+02 SqF: 0.2273
  Rf: 0.17073 Los:0.0634 Dis:0.0315 Per:  0.3254 Sca: 0.340E-10
 j:  31 T: 0.215E-03 Suc: 13279 Eva:   527730 CPU:  0.869E+02 SqF: 0.2235
  Rf: 0.16821 Los:0.0628 Dis:0.0265 Per:  0.3297 Sca: 0.338E-10
 j:  32 T: 0.204E-03 Suc: 13279 Eva:   550219 CPU:  0.901E+02 SqF: 0.2145
  Rf: 0.15963 Los:0.0678 Dis:0.0478 Per:  0.3258 Sca: 0.348E-10
 j:  33 T: 0.194E-03 Suc: 13279 Eva:   573318 CPU:  0.933E+02 SqF: 0.2102
  Rf: 0.15813 Los:0.0645 Dis:0.0437 Per:  0.3206 Sca: 0.343E-10
 j:  34 T: 0.184E-03 Suc: 13279 Eva:   597320 CPU:  0.966E+02 SqF: 0.2033
  Rf: 0.15188 Los:0.0703 Dis:0.0511 Per:  0.3196 Sca: 0.360E-10
 j:  35 T: 0.175E-03 Suc: 13279 Eva:   621366 CPU:  0.999E+02 SqF: 0.1913
  Rf: 0.14021 Los:0.0575 Dis:0.0225 Per:  0.3152 Sca: 0.348E-10
 j:  36 T: 0.166E-03 Suc: 13279 Eva:   646004 CPU:  0.103E+03 SqF: 0.1913
  Rf: 0.14021 Los:0.0575 Dis:0.0225 Per:  0.3152 Sca: 0.348E-10
 j:  37 T: 0.158E-03 Suc: 13279 Eva:   671157 CPU:  0.107E+03 SqF: 0.1848
  Rf: 0.13573 Los:0.0668 Dis:0.0466 Per:  0.3206 Sca: 0.368E-10
 j:  38 T: 0.150E-03 Suc: 13279 Eva:   697126 CPU:  0.110E+03 SqF: 0.1711
  Rf: 0.11961 Los:0.0698 Dis:0.0608 Per:  0.3183 Sca: 0.386E-10
 j:  39 T: 0.142E-03 Suc: 13279 Eva:   723655 CPU:  0.113E+03 SqF: 0.1687
  Rf: 0.12010 Los:0.0631 Dis:0.0445 Per:  0.3160 Sca: 0.379E-10
 j:  40 T: 0.135E-03 Suc: 13279 Eva:   750704 CPU:  0.117E+03 SqF: 0.1616
  Rf: 0.11277 Los:0.0662 Dis:0.0565 Per:  0.3147 Sca: 0.382E-10
 j:  41 T: 0.129E-03 Suc: 13279 Eva:   778306 CPU:  0.120E+03 SqF: 0.1560
  Rf: 0.10721 Los:0.0707 Dis:0.0599 Per:  0.3161 Sca: 0.397E-10
 j:  42 T: 0.122E-03 Suc: 13279 Eva:   806524 CPU:  0.124E+03 SqF: 0.1505
  Rf: 0.10357 Los:0.0623 Dis:0.0458 Per:  0.3110 Sca: 0.397E-10
 j:  43 T: 0.116E-03 Suc: 13279 Eva:   835253 CPU:  0.128E+03 SqF: 0.1453
  Rf: 0.09908 Los:0.0636 Dis:0.0489 Per:  0.3085 Sca: 0.409E-10
 j:  44 T: 0.110E-03 Suc: 13279 Eva:   864196 CPU:  0.131E+03 SqF: 0.1434
  Rf: 0.09780 Los:0.0669 Dis:0.0610 Per:  0.3133 Sca: 0.405E-10
 j:  45 T: 0.105E-03 Suc: 13279 Eva:   893749 CPU:  0.135E+03 SqF: 0.1393
  Rf: 0.09552 Los:0.0625 Dis:0.0435 Per:  0.3109 Sca: 0.411E-10
 j:  46 T: 0.994E-04 Suc: 13279 Eva:   923944 CPU:  0.139E+03 SqF: 0.1306
  Rf: 0.08592 Los:0.0629 Dis:0.0519 Per:  0.3052 Sca: 0.413E-10
 j:  47 T: 0.945E-04 Suc: 13279 Eva:   954619 CPU:  0.142E+03 SqF: 0.1252
  Rf: 0.07881 Los:0.0632 Dis:0.0473 Per:  0.3146 Sca: 0.420E-10
 j:  48 T: 0.897E-04 Suc: 13279 Eva:   985567 CPU:  0.146E+03 SqF: 0.1241
  Rf: 0.08181 Los:0.0677 Dis:0.0482 Per:  0.3019 Sca: 0.424E-10
 j:  49 T: 0.853E-04 Suc: 13279 Eva:  1017390 CPU:  0.150E+03 SqF: 0.1190
  Rf: 0.07476 Los:0.0674 Dis:0.0652 Per:  0.3090 Sca: 0.423E-10
 j:  50 T: 0.810E-04 Suc: 13279 Eva:  1048880 CPU:  0.154E+03 SqF: 0.1152
  Rf: 0.07200 Los:0.0687 Dis:0.0668 Per:  0.3046 Sca: 0.427E-10
 j:  51 T: 0.769E-04 Suc: 13279 Eva:  1081136 CPU:  0.157E+03 SqF: 0.1124
  Rf: 0.07056 Los:0.0663 Dis:0.0615 Per:  0.3043 Sca: 0.430E-10
 j:  52 T: 0.731E-04 Suc: 13279 Eva:  1114183 CPU:  0.161E+03 SqF: 0.1064
  Rf: 0.06265 Los:0.0716 Dis:0.0702 Per:  0.3050 Sca: 0.437E-10
 j:  53 T: 0.694E-04 Suc: 13279 Eva:  1148237 CPU:  0.165E+03 SqF: 0.1033
  Rf: 0.06295 Los:0.0617 Dis:0.0493 Per:  0.2959 Sca: 0.435E-10
 j:  54 T: 0.660E-04 Suc: 13279 Eva:  1181889 CPU:  0.169E+03 SqF: 0.0987
  Rf: 0.05618 Los:0.0682 Dis:0.0548 Per:  0.3019 Sca: 0.451E-10
 j:  55 T: 0.627E-04 Suc: 13279 Eva:  1216882 CPU:  0.173E+03 SqF: 0.0974
  Rf: 0.05756 Los:0.0633 Dis:0.0517 Per:  0.2976 Sca: 0.437E-10
 j:  56 T: 0.595E-04 Suc: 13279 Eva:  1251718 CPU:  0.177E+03 SqF: 0.0939
  Rf: 0.05448 Los:0.0582 Dis:0.0412 Per:  0.2997 Sca: 0.438E-10
 j:  57 T: 0.566E-04 Suc: 13279 Eva:  1287193 CPU:  0.181E+03 SqF: 0.0898
  Rf: 0.05070 Los:0.0599 Dis:0.0418 Per:  0.2942 Sca: 0.447E-10
 j:  58 T: 0.537E-04 Suc: 13279 Eva:  1323073 CPU:  0.185E+03 SqF: 0.0880
  Rf: 0.04925 Los:0.0628 Dis:0.0526 Per:  0.2945 Sca: 0.447E-10
 j:  59 T: 0.510E-04 Suc: 13279 Eva:  1358824 CPU:  0.189E+03 SqF: 0.0846
  Rf: 0.04661 Los:0.0587 Dis:0.0380 Per:  0.2941 Sca: 0.437E-10
 j:  60 T: 0.485E-04 Suc: 13279 Eva:  1395394 CPU:  0.193E+03 SqF: 0.0812
  Rf: 0.04372 Los:0.0606 Dis:0.0353 Per:  0.2885 Sca: 0.455E-10
 j:  61 T: 0.461E-04 Suc: 13279 Eva:  1431966 CPU:  0.197E+03 SqF: 0.0776
  Rf: 0.03700 Los:0.0556 Dis:0.0456 Per:  0.3002 Sca: 0.451E-10
 j:  62 T: 0.438E-04 Suc: 13279 Eva:  1469372 CPU:  0.201E+03 SqF: 0.0756
  Rf: 0.03634 Los:0.0629 Dis:0.0461 Per:  0.2937 Sca: 0.477E-10
 j:  63 T: 0.416E-04 Suc: 13279 Eva:  1506471 CPU:  0.205E+03 SqF: 0.0756
  Rf: 0.03634 Los:0.0629 Dis:0.0461 Per:  0.2937 Sca: 0.477E-10
 j:  64 T: 0.395E-04 Suc: 13279 Eva:  1543778 CPU:  0.209E+03 SqF: 0.0706
  Rf: 0.03169 Los:0.0618 Dis:0.0442 Per:  0.2914 Sca: 0.465E-10
 j:  65 T: 0.375E-04 Suc: 13279 Eva:  1582087 CPU:  0.213E+03 SqF: 0.0689
  Rf: 0.03002 Los:0.0596 Dis:0.0516 Per:  0.2923 Sca: 0.465E-10
 j:  66 T: 0.356E-04 Suc: 13279 Eva:  1621110 CPU:  0.217E+03 SqF: 0.0685
  Rf: 0.03031 Los:0.0620 Dis:0.0614 Per:  0.2956 Sca: 0.464E-10
 j:  67 T: 0.339E-04 Suc: 13279 Eva:  1660075 CPU:  0.222E+03 SqF: 0.0660
  Rf: 0.02952 Los:0.0603 Dis:0.0476 Per:  0.2905 Sca: 0.457E-10
 j:  68 T: 0.322E-04 Suc: 13279 Eva:  1699358 CPU:  0.226E+03 SqF: 0.0660
  Rf: 0.03235 Los:0.0542 Dis:0.0472 Per:  0.2905 Sca: 0.450E-10
 j:  69 T: 0.306E-04 Suc: 13279 Eva:  1738322 CPU:  0.230E+03 SqF: 0.0624
  Rf: 0.02701 Los:0.0580 Dis:0.0333 Per:  0.2955 Sca: 0.466E-10
 j:  70 T: 0.290E-04 Suc: 13279 Eva:  1778581 CPU:  0.234E+03 SqF: 0.0591
  Rf: 0.02276 Los:0.0559 Dis:0.0335 Per:  0.2898 Sca: 0.465E-10
 j:  71 T: 0.276E-04 Suc: 13279 Eva:  1818473 CPU:  0.239E+03 SqF: 0.0577
  Rf: 0.02310 Los:0.0500 Dis:0.0369 Per:  0.2860 Sca: 0.458E-10
 j:  72 T: 0.262E-04 Suc: 13279 Eva:  1859178 CPU:  0.243E+03 SqF: 0.0575
  Rf: 0.02497 Los:0.0531 Dis:0.0358 Per:  0.2841 Sca: 0.460E-10
 j:  73 T: 0.249E-04 Suc: 13279 Eva:  1899595 CPU:  0.247E+03 SqF: 0.0553
  Rf: 0.02080 Los:0.0527 Dis:0.0443 Per:  0.2862 Sca: 0.460E-10
 j:  74 T: 0.236E-04 Suc: 13279 Eva:  1940613 CPU:  0.252E+03 SqF: 0.0543
  Rf: 0.02171 Los:0.0544 Dis:0.0337 Per:  0.2867 Sca: 0.471E-10
 j:  75 T: 0.225E-04 Suc: 13279 Eva:  1981854 CPU:  0.256E+03 SqF: 0.0526
  Rf: 0.02092 Los:0.0526 Dis:0.0288 Per:  0.2858 Sca: 0.468E-10
 j:  76 T: 0.213E-04 Suc: 13279 Eva:  2022617 CPU:  0.260E+03 SqF: 0.0503
  Rf: 0.01768 Los:0.0498 Dis:0.0286 Per:  0.2856 Sca: 0.460E-10
 j:  77 T: 0.203E-04 Suc: 13279 Eva:  2064573 CPU:  0.265E+03 SqF: 0.0499
  Rf: 0.01968 Los:0.0490 Dis:0.0262 Per:  0.2835 Sca: 0.459E-10
 j:  78 T: 0.193E-04 Suc: 13279 Eva:  2106497 CPU:  0.269E+03 SqF: 0.0488
  Rf: 0.01867 Los:0.0498 Dis:0.0240 Per:  0.2882 Sca: 0.469E-10
 j:  79 T: 0.183E-04 Suc: 13279 Eva:  2148964 CPU:  0.274E+03 SqF: 0.0473
  Rf: 0.01630 Los:0.0526 Dis:0.0293 Per:  0.2842 Sca: 0.480E-10
 j:  80 T: 0.174E-04 Suc: 13279 Eva:  2191530 CPU:  0.278E+03 SqF: 0.0462
  Rf: 0.01502 Los:0.0523 Dis:0.0325 Per:  0.2838 Sca: 0.465E-10
 j:  81 T: 0.165E-04 Suc: 13279 Eva:  2234710 CPU:  0.283E+03 SqF: 0.0444
  Rf: 0.01247 Los:0.0539 Dis:0.0282 Per:  0.2829 Sca: 0.485E-10
 j:  82 T: 0.157E-04 Suc: 13279 Eva:  2277436 CPU:  0.287E+03 SqF: 0.0428
  Rf: 0.01362 Los:0.0467 Dis:0.0157 Per:  0.2840 Sca: 0.476E-10
 j:  83 T: 0.149E-04 Suc: 13279 Eva:  2321261 CPU:  0.292E+03 SqF: 0.0419
  Rf: 0.01156 Los:0.0465 Dis:0.0267 Per:  0.2811 Sca: 0.474E-10
 j:  84 T: 0.142E-04 Suc: 13279 Eva:  2365130 CPU:  0.296E+03 SqF: 0.0414
  Rf: 0.01349 Los:0.0439 Dis:0.0190 Per:  0.2869 Sca: 0.461E-10
 j:  85 T: 0.135E-04 Suc: 13279 Eva:  2409413 CPU:  0.301E+03 SqF: 0.0398
  Rf: 0.01100 Los:0.0477 Dis:0.0170 Per:  0.2824 Sca: 0.476E-10
 j:  86 T: 0.128E-04 Suc: 13279 Eva:  2453648 CPU:  0.305E+03 SqF: 0.0397
  Rf: 0.01067 Los:0.0495 Dis:0.0244 Per:  0.2846 Sca: 0.481E-10
 j:  87 T: 0.121E-04 Suc: 13279 Eva:  2497942 CPU:  0.310E+03 SqF: 0.0384
  Rf: 0.01137 Los:0.0466 Dis:0.0168 Per:  0.2832 Sca: 0.469E-10
 j:  88 T: 0.115E-04 Suc: 13279 Eva:  2543094 CPU:  0.315E+03 SqF: 0.0370
  Rf: 0.00986 Los:0.0446 Dis:0.0157 Per:  0.2814 Sca: 0.472E-10
 j:  89 T: 0.110E-04 Suc: 13279 Eva:  2588175 CPU:  0.319E+03 SqF: 0.0368
  Rf: 0.01215 Los:0.0444 Dis:0.0108 Per:  0.2835 Sca: 0.471E-10
 j:  90 T: 0.104E-04 Suc: 13279 Eva:  2634094 CPU:  0.324E+03 SqF: 0.0358
  Rf: 0.01086 Los:0.0452 Dis:0.0121 Per:  0.2804 Sca: 0.477E-10
 j:  91 T: 0.989E-05 Suc: 13279 Eva:  2680546 CPU:  0.329E+03 SqF: 0.0351
  Rf: 0.01036 Los:0.0423 Dis:0.0154 Per:  0.2818 Sca: 0.457E-10
 j:  92 T: 0.939E-05 Suc: 13279 Eva:  2726243 CPU:  0.334E+03 SqF: 0.0342
  Rf: 0.00871 Los:0.0455 Dis:0.0145 Per:  0.2805 Sca: 0.473E-10
 j:  93 T: 0.892E-05 Suc: 13279 Eva:  2772242 CPU:  0.338E+03 SqF: 0.0325
  Rf: 0.00832 Los:0.0404 Dis:0.0084 Per:  0.2778 Sca: 0.467E-10
 j:  94 T: 0.848E-05 Suc: 13279 Eva:  2818647 CPU:  0.343E+03 SqF: 0.0321
  Rf: 0.00763 Los:0.0405 Dis:0.0118 Per:  0.2786 Sca: 0.455E-10
 j:  95 T: 0.805E-05 Suc: 13279 Eva:  2865461 CPU:  0.348E+03 SqF: 0.0315
  Rf: 0.00910 Los:0.0399 Dis:0.0071 Per:  0.2801 Sca: 0.461E-10
 j:  96 T: 0.765E-05 Suc: 13279 Eva:  2911895 CPU:  0.353E+03 SqF: 0.0308
  Rf: 0.00798 Los:0.0407 Dis:0.0072 Per:  0.2814 Sca: 0.469E-10
 j:  97 T: 0.727E-05 Suc: 13279 Eva:  2959316 CPU:  0.358E+03 SqF: 0.0299
  Rf: 0.00643 Los:0.0415 Dis:0.0084 Per:  0.2758 Sca: 0.466E-10
 j:  98 T: 0.691E-05 Suc: 13279 Eva:  3007409 CPU:  0.363E+03 SqF: 0.0293
  Rf: 0.00727 Los:0.0401 Dis:0.0061 Per:  0.2773 Sca: 0.478E-10
 j:  99 T: 0.656E-05 Suc: 13279 Eva:  3056348 CPU:  0.368E+03 SqF: 0.0287
  Rf: 0.00680 Los:0.0404 Dis:0.0048 Per:  0.2790 Sca: 0.474E-10
 j: 100 T: 0.623E-05 Suc: 13279 Eva:  3105763 CPU:  0.373E+03 SqF: 0.0279
  Rf: 0.00641 Los:0.0367 Dis:0.0060 Per:  0.2797 Sca: 0.467E-10
 j: 101 T: 0.592E-05 Suc: 13279 Eva:  3155577 CPU:  0.378E+03 SqF: 0.0276
  Rf: 0.00686 Los:0.0394 Dis:0.0036 Per:  0.2804 Sca: 0.461E-10
 j: 102 T: 0.562E-05 Suc: 13279 Eva:  3205865 CPU:  0.384E+03 SqF: 0.0265
  Rf: 0.00546 Los:0.0345 Dis:0.0059 Per:  0.2795 Sca: 0.451E-10
 j: 103 T: 0.534E-05 Suc: 13279 Eva:  3255228 CPU:  0.389E+03 SqF: 0.0264
  Rf: 0.00463 Los:0.0395 Dis:0.0072 Per:  0.2771 Sca: 0.474E-10
 j: 104 T: 0.508E-05 Suc: 13279 Eva:  3305836 CPU:  0.394E+03 SqF: 0.0254
  Rf: 0.00586 Los:0.0364 Dis:0.0012 Per:  0.2773 Sca: 0.464E-10
 j: 105 T: 0.482E-05 Suc: 13279 Eva:  3355509 CPU:  0.399E+03 SqF: 0.0250
  Rf: 0.00470 Los:0.0363 Dis:0.0036 Per:  0.2790 Sca: 0.457E-10
 j: 106 T: 0.458E-05 Suc: 13279 Eva:  3406970 CPU:  0.405E+03 SqF: 0.0244
  Rf: 0.00448 Los:0.0353 Dis:0.0035 Per:  0.2773 Sca: 0.456E-10
 j: 107 T: 0.435E-05 Suc: 13279 Eva:  3459168 CPU:  0.410E+03 SqF: 0.0242
  Rf: 0.00578 Los:0.0363 Dis:0.0012 Per:  0.2794 Sca: 0.464E-10
 j: 108 T: 0.413E-05 Suc: 13279 Eva:  3510136 CPU:  0.415E+03 SqF: 0.0234
  Rf: 0.00360 Los:0.0342 Dis:0.0047 Per:  0.2748 Sca: 0.453E-10
 j: 109 T: 0.393E-05 Suc: 13279 Eva:  3563118 CPU:  0.421E+03 SqF: 0.0232
  Rf: 0.00469 Los:0.0339 Dis:0.0035 Per:  0.2775 Sca: 0.456E-10
 j: 110 T: 0.373E-05 Suc: 13279 Eva:  3615209 CPU:  0.426E+03 SqF: 0.0222
  Rf: 0.00484 Los:0.0318 Dis:0.0000 Per:  0.2776 Sca: 0.459E-10
 j: 111 T: 0.354E-05 Suc: 13279 Eva:  3668012 CPU:  0.432E+03 SqF: 0.0219
  Rf: 0.00342 Los:0.0333 Dis:0.0012 Per:  0.2779 Sca: 0.463E-10
 j: 112 T: 0.337E-05 Suc: 13279 Eva:  3722773 CPU:  0.437E+03 SqF: 0.0218
  Rf: 0.00404 Los:0.0346 Dis:0.0012 Per:  0.2769 Sca: 0.464E-10
 j: 113 T: 0.320E-05 Suc: 13279 Eva:  3778062 CPU:  0.443E+03 SqF: 0.0212
  Rf: 0.00298 Los:0.0324 Dis:0.0024 Per:  0.2775 Sca: 0.454E-10
 j: 114 T: 0.304E-05 Suc: 13279 Eva:  3832954 CPU:  0.449E+03 SqF: 0.0206
  Rf: 0.00412 Los:0.0308 Dis:0.0000 Per:  0.2760 Sca: 0.451E-10
 j: 115 T: 0.289E-05 Suc: 13279 Eva:  3888942 CPU:  0.455E+03 SqF: 0.0204
  Rf: 0.00427 Los:0.0317 Dis:0.0000 Per:  0.2767 Sca: 0.460E-10
 j: 116 T: 0.274E-05 Suc: 13279 Eva:  3945785 CPU:  0.461E+03 SqF: 0.0202
  Rf: 0.00389 Los:0.0325 Dis:0.0000 Per:  0.2779 Sca: 0.466E-10
 j: 117 T: 0.261E-05 Suc: 13279 Eva:  4002665 CPU:  0.467E+03 SqF: 0.0196
  Rf: 0.00407 Los:0.0308 Dis:0.0000 Per:  0.2746 Sca: 0.457E-10
 j: 118 T: 0.248E-05 Suc: 13279 Eva:  4061241 CPU:  0.473E+03 SqF: 0.0189
  Rf: 0.00395 Los:0.0278 Dis:0.0000 Per:  0.2752 Sca: 0.442E-10
 j: 119 T: 0.235E-05 Suc: 13279 Eva:  4120432 CPU:  0.479E+03 SqF: 0.0189
  Rf: 0.00313 Los:0.0304 Dis:0.0000 Per:  0.2764 Sca: 0.453E-10
 j: 120 T: 0.223E-05 Suc: 13279 Eva:  4178883 CPU:  0.485E+03 SqF: 0.0183
  Rf: 0.00216 Los:0.0290 Dis:0.0000 Per:  0.2757 Sca: 0.450E-10
 j: 121 T: 0.212E-05 Suc: 13279 Eva:  4239361 CPU:  0.491E+03 SqF: 0.0183
  Rf: 0.00320 Los:0.0295 Dis:0.0000 Per:  0.2763 Sca: 0.451E-10
 j: 122 T: 0.202E-05 Suc: 13279 Eva:  4300481 CPU:  0.498E+03 SqF: 0.0178
  Rf: 0.00283 Los:0.0284 Dis:0.0000 Per:  0.2761 Sca: 0.451E-10
 j: 123 T: 0.192E-05 Suc: 13279 Eva:  4363386 CPU:  0.504E+03 SqF: 0.0175
  Rf: 0.00318 Los:0.0268 Dis:0.0000 Per:  0.2795 Sca: 0.444E-10
 j: 124 T: 0.182E-05 Suc: 13279 Eva:  4426911 CPU:  0.511E+03 SqF: 0.0172
  Rf: 0.00275 Los:0.0275 Dis:0.0000 Per:  0.2745 Sca: 0.441E-10
 j: 125 T: 0.173E-05 Suc: 13279 Eva:  4491413 CPU:  0.518E+03 SqF: 0.0167
  Rf: 0.00263 Los:0.0261 Dis:0.0000 Per:  0.2750 Sca: 0.440E-10
 j: 126 T: 0.164E-05 Suc: 13279 Eva:  4557270 CPU:  0.525E+03 SqF: 0.0166
  Rf: 0.00268 Los:0.0261 Dis:0.0000 Per:  0.2772 Sca: 0.439E-10
 j: 127 T: 0.156E-05 Suc: 13279 Eva:  4624332 CPU:  0.532E+03 SqF: 0.0162
  Rf: 0.00368 Los:0.0243 Dis:0.0000 Per:  0.2743 Sca: 0.441E-10
 j: 128 T: 0.148E-05 Suc: 13279 Eva:  4691474 CPU:  0.539E+03 SqF: 0.0161
  Rf: 0.00192 Los:0.0267 Dis:0.0000 Per:  0.2748 Sca: 0.438E-10
 j: 129 T: 0.141E-05 Suc: 13279 Eva:  4759414 CPU:  0.546E+03 SqF: 0.0157
  Rf: 0.00230 Los:0.0254 Dis:0.0000 Per:  0.2743 Sca: 0.437E-10
 j: 130 T: 0.134E-05 Suc: 13279 Eva:  4830877 CPU:  0.553E+03 SqF: 0.0154
  Rf: 0.00283 Los:0.0237 Dis:0.0000 Per:  0.2740 Sca: 0.433E-10
 j: 131 T: 0.127E-05 Suc: 13279 Eva:  4901756 CPU:  0.561E+03 SqF: 0.0150
  Rf: 0.00183 Los:0.0232 Dis:0.0000 Per:  0.2742 Sca: 0.431E-10
 j: 132 T: 0.121E-05 Suc: 13279 Eva:  4975813 CPU:  0.569E+03 SqF: 0.0148
  Rf: 0.00192 Los:0.0235 Dis:0.0000 Per:  0.2740 Sca: 0.431E-10
 j: 133 T: 0.115E-05 Suc: 13279 Eva:  5051078 CPU:  0.576E+03 SqF: 0.0145
  Rf: 0.00211 Los:0.0222 Dis:0.0000 Per:  0.2754 Sca: 0.425E-10
 j: 134 T: 0.109E-05 Suc: 13279 Eva:  5128676 CPU:  0.585E+03 SqF: 0.0144
  Rf: 0.00265 Los:0.0222 Dis:0.0000 Per:  0.2773 Sca: 0.437E-10
 j: 135 T: 0.104E-05 Suc: 13279 Eva:  5206654 CPU:  0.593E+03 SqF: 0.0140
  Rf: 0.00274 Los:0.0204 Dis:0.0000 Per:  0.2745 Sca: 0.426E-10
 j: 136 T: 0.983E-06 Suc: 13279 Eva:  5287084 CPU:  0.601E+03 SqF: 0.0138
  Rf: 0.00226 Los:0.0209 Dis:0.0000 Per:  0.2765 Sca: 0.436E-10
 j: 137 T: 0.934E-06 Suc: 13279 Eva:  5369261 CPU:  0.610E+03 SqF: 0.0135
  Rf: 0.00267 Los:0.0196 Dis:0.0000 Per:  0.2762 Sca: 0.418E-10
 j: 138 T: 0.887E-06 Suc: 13279 Eva:  5455934 CPU:  0.619E+03 SqF: 0.0131
  Rf: 0.00198 Los:0.0189 Dis:0.0000 Per:  0.2739 Sca: 0.411E-10
 j: 139 T: 0.843E-06 Suc: 13279 Eva:  5542554 CPU:  0.628E+03 SqF: 0.0131
  Rf: 0.00198 Los:0.0189 Dis:0.0000 Per:  0.2739 Sca: 0.411E-10
 j: 140 T: 0.801E-06 Suc: 13279 Eva:  5631942 CPU:  0.638E+03 SqF: 0.0131
  Rf: 0.00190 Los:0.0202 Dis:0.0000 Per:  0.2765 Sca: 0.413E-10
 j: 141 T: 0.761E-06 Suc: 13279 Eva:  5726081 CPU:  0.648E+03 SqF: 0.0126
  Rf: 0.00196 Los:0.0184 Dis:0.0000 Per:  0.2763 Sca: 0.407E-10
 j: 142 T: 0.723E-06 Suc: 13279 Eva:  5819971 CPU:  0.658E+03 SqF: 0.0125
  Rf: 0.00245 Los:0.0180 Dis:0.0000 Per:  0.2762 Sca: 0.415E-10
 j: 143 T: 0.687E-06 Suc: 13279 Eva:  5919816 CPU:  0.668E+03 SqF: 0.0121
  Rf: 0.00234 Los:0.0172 Dis:0.0000 Per:  0.2724 Sca: 0.411E-10
 j: 144 T: 0.652E-06 Suc: 13279 Eva:  6022359 CPU:  0.679E+03 SqF: 0.0119
  Rf: 0.00133 Los:0.0173 Dis:0.0000 Per:  0.2743 Sca: 0.401E-10
 j: 145 T: 0.620E-06 Suc: 13279 Eva:  6131182 CPU:  0.690E+03 SqF: 0.0116
  Rf: 0.00133 Los:0.0164 Dis:0.0000 Per:  0.2728 Sca: 0.401E-10
 j: 146 T: 0.589E-06 Suc: 13279 Eva:  6240730 CPU:  0.702E+03 SqF: 0.0115
  Rf: 0.00172 Los:0.0162 Dis:0.0000 Per:  0.2738 Sca: 0.406E-10
 j: 147 T: 0.559E-06 Suc: 13279 Eva:  6356562 CPU:  0.714E+03 SqF: 0.0113
  Rf: 0.00183 Los:0.0158 Dis:0.0000 Per:  0.2728 Sca: 0.404E-10
 j: 148 T: 0.531E-06 Suc: 13279 Eva:  6478161 CPU:  0.727E+03 SqF: 0.0112
  Rf: 0.00146 Los:0.0159 Dis:0.0000 Per:  0.2741 Sca: 0.407E-10
 j: 149 T: 0.505E-06 Suc: 13279 Eva:  6605234 CPU:  0.741E+03 SqF: 0.0111
  Rf: 0.00102 Los:0.0160 Dis:0.0000 Per:  0.2757 Sca: 0.412E-10
 j: 150 T: 0.480E-06 Suc: 13279 Eva:  6737066 CPU:  0.755E+03 SqF: 0.0106
  Rf: 0.00119 Los:0.0143 Dis:0.0000 Per:  0.2725 Sca: 0.398E-10
 j: 151 T: 0.456E-06 Suc: 12778 Eva:  6869856 CPU:  0.769E+03 SqF: 0.0103
  Rf: 0.00135 Los:0.0134 Dis:0.0000 Per:  0.2721 Sca: 0.390E-10
 j: 152 T: 0.433E-06 Suc: 12058 Eva:  7002646 CPU:  0.783E+03 SqF: 0.0102
  Rf: 0.00122 Los:0.0134 Dis:0.0000 Per:  0.2721 Sca: 0.392E-10
 j: 153 T: 0.411E-06 Suc: 11126 Eva:  7135436 CPU:  0.797E+03 SqF: 0.0102
  Rf: 0.00122 Los:0.0134 Dis:0.0000 Per:  0.2721 Sca: 0.392E-10
 j: 154 T: 0.391E-06 Suc: 10872 Eva:  7268226 CPU:  0.811E+03 SqF: 0.0100
  Rf: 0.00109 Los:0.0132 Dis:0.0000 Per:  0.2720 Sca: 0.393E-10
 j: 155 T: 0.371E-06 Suc: 10841 Eva:  7401016 CPU:  0.825E+03 SqF: 0.0099
  Rf: 0.00130 Los:0.0132 Dis:0.0000 Per:  0.2717 Sca: 0.398E-10
 j: 156 T: 0.352E-06 Suc: 10083 Eva:  7533806 CPU:  0.839E+03 SqF: 0.0097
  Rf: 0.00116 Los:0.0129 Dis:0.0000 Per:  0.2729 Sca: 0.395E-10
 j: 157 T: 0.335E-06 Suc:  9087 Eva:  7666596 CPU:  0.853E+03 SqF: 0.0096
  Rf: 0.00141 Los:0.0126 Dis:0.0000 Per:  0.2795 Sca: 0.393E-10
 j: 158 T: 0.318E-06 Suc:  8961 Eva:  7799386 CPU:  0.868E+03 SqF: 0.0094
  Rf: 0.00073 Los:0.0124 Dis:0.0000 Per:  0.2751 Sca: 0.387E-10
 j: 159 T: 0.302E-06 Suc:  8537 Eva:  7932176 CPU:  0.882E+03 SqF: 0.0093
  Rf: 0.00113 Los:0.0119 Dis:0.0000 Per:  0.2746 Sca: 0.387E-10
 j: 160 T: 0.287E-06 Suc:  7939 Eva:  8064966 CPU:  0.896E+03 SqF: 0.0091
  Rf: 0.00082 Los:0.0118 Dis:0.0000 Per:  0.2721 Sca: 0.393E-10
 j: 161 T: 0.273E-06 Suc:  7126 Eva:  8197756 CPU:  0.910E+03 SqF: 0.0090
  Rf: 0.00086 Los:0.0117 Dis:0.0000 Per:  0.2720 Sca: 0.387E-10
 j: 162 T: 0.259E-06 Suc:  6634 Eva:  8330546 CPU:  0.924E+03 SqF: 0.0088
  Rf: 0.00118 Los:0.0111 Dis:0.0000 Per:  0.2725 Sca: 0.385E-10
 j: 163 T: 0.246E-06 Suc:  6280 Eva:  8463336 CPU:  0.938E+03 SqF: 0.0088
  Rf: 0.00081 Los:0.0112 Dis:0.0000 Per:  0.2719 Sca: 0.383E-10
 j: 164 T: 0.234E-06 Suc:  5872 Eva:  8596126 CPU:  0.952E+03 SqF: 0.0086
  Rf: 0.00116 Los:0.0107 Dis:0.0000 Per:  0.2728 Sca: 0.376E-10
 j: 165 T: 0.222E-06 Suc:  5632 Eva:  8728916 CPU:  0.966E+03 SqF: 0.0084
  Rf: 0.00058 Los:0.0104 Dis:0.0000 Per:  0.2717 Sca: 0.377E-10
 j: 166 T: 0.211E-06 Suc:  5428 Eva:  8861706 CPU:  0.980E+03 SqF: 0.0083
  Rf: 0.00086 Los:0.0100 Dis:0.0000 Per:  0.2739 Sca: 0.378E-10
 j: 167 T: 0.201E-06 Suc:  4907 Eva:  8994496 CPU:  0.994E+03 SqF: 0.0080
  Rf: 0.00152 Los:0.0091 Dis:0.0000 Per:  0.2735 Sca: 0.372E-10
 j: 168 T: 0.190E-06 Suc:  4719 Eva:  9127286 CPU:  0.101E+04 SqF: 0.0080
  Rf: 0.00152 Los:0.0091 Dis:0.0000 Per:  0.2735 Sca: 0.372E-10
 j: 169 T: 0.181E-06 Suc:  4237 Eva:  9260076 CPU:  0.102E+04 SqF: 0.0080
  Rf: 0.00152 Los:0.0091 Dis:0.0000 Per:  0.2735 Sca: 0.372E-10
 j: 170 T: 0.172E-06 Suc:  4033 Eva:  9392866 CPU:  0.104E+04 SqF: 0.0077
  Rf: 0.00107 Los:0.0089 Dis:0.0000 Per:  0.2721 Sca: 0.371E-10
 j: 171 T: 0.163E-06 Suc:  3712 Eva:  9525656 CPU:  0.105E+04 SqF: 0.0077
  Rf: 0.00103 Los:0.0090 Dis:0.0000 Per:  0.2718 Sca: 0.365E-10
 j: 172 T: 0.155E-06 Suc:  3317 Eva:  9658446 CPU:  0.106E+04 SqF: 0.0076
  Rf: 0.00106 Los:0.0087 Dis:0.0000 Per:  0.2716 Sca: 0.369E-10
 j: 173 T: 0.147E-06 Suc:  3165 Eva:  9791236 CPU:  0.108E+04 SqF: 0.0075
  Rf: 0.00088 Los:0.0086 Dis:0.0000 Per:  0.2727 Sca: 0.362E-10
 j: 174 T: 0.140E-06 Suc:  2732 Eva:  9924026 CPU:  0.109E+04 SqF: 0.0075
  Rf: 0.00057 Los:0.0088 Dis:0.0000 Per:  0.2727 Sca: 0.368E-10
 j: 175 T: 0.133E-06 Suc:  2458 Eva: 10056816 CPU:  0.111E+04 SqF: 0.0072
  Rf: 0.00056 Los:0.0081 Dis:0.0000 Per:  0.2730 Sca: 0.356E-10
 j: 176 T: 0.126E-06 Suc:  2204 Eva: 10189606 CPU:  0.112E+04 SqF: 0.0072
  Rf: 0.00056 Los:0.0081 Dis:0.0000 Per:  0.2730 Sca: 0.356E-10
 j: 177 T: 0.120E-06 Suc:  1970 Eva: 10322396 CPU:  0.113E+04 SqF: 0.0071
  Rf: 0.00077 Los:0.0079 Dis:0.0000 Per:  0.2722 Sca: 0.360E-10
 j: 178 T: 0.114E-06 Suc:  1954 Eva: 10455186 CPU:  0.115E+04 SqF: 0.0070
  Rf: 0.00077 Los:0.0078 Dis:0.0000 Per:  0.2720 Sca: 0.360E-10
 j: 179 T: 0.108E-06 Suc:  1595 Eva: 10587976 CPU:  0.116E+04 SqF: 0.0068
  Rf: 0.00066 Los:0.0075 Dis:0.0000 Per:  0.2715 Sca: 0.359E-10
 j: 180 T: 0.103E-06 Suc:  1490 Eva: 10720766 CPU:  0.118E+04 SqF: 0.0067
  Rf: 0.00055 Los:0.0073 Dis:0.0000 Per:  0.2717 Sca: 0.354E-10
 j: 181 T: 0.978E-07 Suc:  1302 Eva: 10853556 CPU:  0.119E+04 SqF: 0.0067
  Rf: 0.00055 Los:0.0073 Dis:0.0000 Per:  0.2717 Sca: 0.354E-10
 j: 182 T: 0.929E-07 Suc:   990 Eva: 10986346 CPU:  0.120E+04 SqF: 0.0065
  Rf: 0.00052 Los:0.0069 Dis:0.0000 Per:  0.2716 Sca: 0.350E-10
 j: 183 T: 0.882E-07 Suc:  1022 Eva: 11119136 CPU:  0.122E+04 SqF: 0.0065
  Rf: 0.00052 Los:0.0069 Dis:0.0000 Per:  0.2716 Sca: 0.350E-10
 j: 184 T: 0.838E-07 Suc:   932 Eva: 11251926 CPU:  0.123E+04 SqF: 0.0065
  Rf: 0.00052 Los:0.0069 Dis:0.0000 Per:  0.2716 Sca: 0.350E-10
 j: 185 T: 0.796E-07 Suc:   849 Eva: 11384716 CPU:  0.125E+04 SqF: 0.0065
  Rf: 0.00073 Los:0.0070 Dis:0.0000 Per:  0.2716 Sca: 0.350E-10
 j: 186 T: 0.757E-07 Suc:   738 Eva: 11517506 CPU:  0.126E+04 SqF: 0.0065
  Rf: 0.00056 Los:0.0071 Dis:0.0000 Per:  0.2720 Sca: 0.351E-10
 j: 187 T: 0.719E-07 Suc:   657 Eva: 11650296 CPU:  0.127E+04 SqF: 0.0065
  Rf: 0.00056 Los:0.0071 Dis:0.0000 Per:  0.2720 Sca: 0.351E-10
 j: 188 T: 0.683E-07 Suc:   570 Eva: 11783086 CPU:  0.129E+04 SqF: 0.0064
  Rf: 0.00054 Los:0.0070 Dis:0.0000 Per:  0.2714 Sca: 0.351E-10
 j: 189 T: 0.649E-07 Suc:   391 Eva: 11915876 CPU:  0.130E+04 SqF: 0.0062
  Rf: 0.00049 Los:0.0066 Dis:0.0000 Per:  0.2717 Sca: 0.349E-10
 j: 190 T: 0.616E-07 Suc:   366 Eva: 12048666 CPU:  0.132E+04 SqF: 0.0062
  Rf: 0.00061 Los:0.0066 Dis:0.0000 Per:  0.2722 Sca: 0.349E-10
 j: 191 T: 0.585E-07 Suc:   303 Eva: 12181456 CPU:  0.133E+04 SqF: 0.0062
  Rf: 0.00056 Los:0.0066 Dis:0.0000 Per:  0.2721 Sca: 0.351E-10
 j: 192 T: 0.556E-07 Suc:   316 Eva: 12314246 CPU:  0.134E+04 SqF: 0.0062
  Rf: 0.00056 Los:0.0066 Dis:0.0000 Per:  0.2721 Sca: 0.351E-10
 j: 193 T: 0.528E-07 Suc:   279 Eva: 12447036 CPU:  0.136E+04 SqF: 0.0062
  Rf: 0.00056 Los:0.0066 Dis:0.0000 Per:  0.2721 Sca: 0.351E-10
 j: 194 T: 0.502E-07 Suc:   204 Eva: 12579826 CPU:  0.137E+04 SqF: 0.0062
  Rf: 0.00058 Los:0.0067 Dis:0.0000 Per:  0.2718 Sca: 0.348E-10
 j: 195 T: 0.477E-07 Suc:   203 Eva: 12712616 CPU:  0.139E+04 SqF: 0.0061
  Rf: 0.00067 Los:0.0066 Dis:0.0000 Per:  0.2718 Sca: 0.347E-10
 j: 196 T: 0.453E-07 Suc:   259 Eva: 12845406 CPU:  0.140E+04 SqF: 0.0061
  Rf: 0.00056 Los:0.0066 Dis:0.0000 Per:  0.2718 Sca: 0.346E-10
 j: 197 T: 0.430E-07 Suc:   111 Eva: 12978196 CPU:  0.141E+04 SqF: 0.0061
  Rf: 0.00043 Los:0.0066 Dis:0.0000 Per:  0.2716 Sca: 0.347E-10
 j: 198 T: 0.409E-07 Suc:   135 Eva: 13110986 CPU:  0.143E+04 SqF: 0.0060
  Rf: 0.00071 Los:0.0065 Dis:0.0000 Per:  0.2717 Sca: 0.346E-10
 j: 199 T: 0.388E-07 Suc:    53 Eva: 13243776 CPU:  0.144E+04 SqF: 0.0060
  Rf: 0.00056 Los:0.0065 Dis:0.0000 Per:  0.2720 Sca: 0.346E-10
 j: 200 T: 0.369E-07 Suc:    44 Eva: 13376566 CPU:  0.145E+04 SqF: 0.0060
  Rf: 0.00047 Los:0.0065 Dis:0.0000 Per:  0.2718 Sca: 0.346E-10

 Final Chi^2 against raw data ........................... : 1.446

     ===== DAMMIN finished at   25-Mar-2020   14:52:53
