2020-03-31 16:31:33,762 - BEGIN
2020-03-31 16:31:33,762 - Script name: /home/sbio/norm/softwares/denss/venv3/bin/denss.all.py
2020-03-31 16:31:33,762 - DENSS Version: 1.5.0
2020-03-31 16:31:33,762 - Data filename: lys_8.out
2020-03-31 16:31:33,762 - Output prefix: lys_8/lys_8_2
2020-03-31 16:31:33,762 - Mode: SLOW
2020-03-31 16:31:33,762 - q range of input data: 0.000 < q < 0.579
2020-03-31 16:31:33,762 - Maximum dimension: 44.000
2020-03-31 16:31:33,762 - Sampling ratio: 3.000
2020-03-31 16:31:33,762 - Requested real space voxel size: 6.600
2020-03-31 16:31:33,762 - Number of electrons: 10000.000
2020-03-31 16:31:33,763 - Limit Dmax: False
2020-03-31 16:31:33,763 - Limit Dmax Steps: [502]
2020-03-31 16:31:33,763 - Recenter: True
2020-03-31 16:31:33,763 - Recenter Steps: [501, 1001, 1501, 2001, 2501, 3001, 3501, 4001, 4501, 5001, 5501, 6001, 6501, 7001, 7501, 8001]
2020-03-31 16:31:33,763 - Recenter Mode: com
2020-03-31 16:31:33,763 - NCS: 0
2020-03-31 16:31:33,763 - NCS Steps: [3000, 5000, 7000, 9000]
2020-03-31 16:31:33,763 - NCS Axis: 1
2020-03-31 16:31:33,763 - Positivity: True
2020-03-31 16:31:33,763 - Minimum Density: None
2020-03-31 16:31:33,763 - Maximum Density: None
2020-03-31 16:31:33,763 - Extrapolate high q: True
2020-03-31 16:31:33,763 - Shrinkwrap: True
2020-03-31 16:31:33,763 - Shrinkwrap sigma start: 3
2020-03-31 16:31:33,763 - Shrinkwrap sigma end: 1.5
2020-03-31 16:31:33,763 - Shrinkwrap sigma decay: 0.99
2020-03-31 16:31:33,763 - Shrinkwrap threshold fraction: 0.2
2020-03-31 16:31:33,763 - Shrinkwrap iterations: 20
2020-03-31 16:31:33,763 - Shrinkwrap starting step: 5000
2020-03-31 16:31:33,763 - Enforce connectivity: True
2020-03-31 16:31:33,763 - Enforce connectivity steps: [6000]
2020-03-31 16:31:33,764 - Chi2 end fraction: 1.000e-03
2020-03-31 16:31:33,765 - Maximum number of steps: 15000
2020-03-31 16:31:33,765 - Grid size (voxels): 20 x 20 x 20
2020-03-31 16:31:33,765 - Real space box width (angstroms): 132.000
2020-03-31 16:31:33,765 - Real space box range (angstroms): -66.000 < x < 66.000
2020-03-31 16:31:33,765 - Real space box volume (angstroms^3): 2299968.000
2020-03-31 16:31:33,765 - Real space voxel size (angstroms): 6.600
2020-03-31 16:31:33,765 - Real space voxel volume (angstroms^3): 287.496
2020-03-31 16:31:33,765 - Reciprocal space box width (angstroms^(-1)): 0.904
2020-03-31 16:31:33,765 - Reciprocal space box range (angstroms^(-1)): -0.476 < qx < 0.428
2020-03-31 16:31:33,765 - Maximum q vector (diagonal) (angstroms^(-1)): 0.824
2020-03-31 16:31:33,765 - Number of q shells: 17
2020-03-31 16:31:33,765 - Width of q shells (angstroms^(-1)): 0.048
2020-03-31 16:31:33,765 - Random seed: 1741629627
2020-03-31 16:32:14,173 - FINISHED DENSITY REFINEMENT
2020-03-31 16:32:14,174 - Number of steps: 14999
2020-03-31 16:32:14,174 - Final Chi2: 1.248e-02
2020-03-31 16:32:14,174 - Final Rg: 15.375
2020-03-31 16:32:14,174 - Final Support Volume: 64399.104
2020-03-31 16:32:14,174 - END
