2020-03-31 16:31:33,732 - BEGIN
2020-03-31 16:31:33,732 - Script name: /home/sbio/norm/softwares/denss/venv3/bin/denss.all.py
2020-03-31 16:31:33,732 - DENSS Version: 1.5.0
2020-03-31 16:31:33,732 - Data filename: lys_8.out
2020-03-31 16:31:33,732 - Output prefix: lys_8/lys_8_3
2020-03-31 16:31:33,732 - Mode: SLOW
2020-03-31 16:31:33,732 - q range of input data: 0.000 < q < 0.579
2020-03-31 16:31:33,732 - Maximum dimension: 44.000
2020-03-31 16:31:33,732 - Sampling ratio: 3.000
2020-03-31 16:31:33,732 - Requested real space voxel size: 6.600
2020-03-31 16:31:33,732 - Number of electrons: 10000.000
2020-03-31 16:31:33,733 - Limit Dmax: False
2020-03-31 16:31:33,733 - Limit Dmax Steps: [502]
2020-03-31 16:31:33,733 - Recenter: True
2020-03-31 16:31:33,733 - Recenter Steps: [501, 1001, 1501, 2001, 2501, 3001, 3501, 4001, 4501, 5001, 5501, 6001, 6501, 7001, 7501, 8001]
2020-03-31 16:31:33,733 - Recenter Mode: com
2020-03-31 16:31:33,733 - NCS: 0
2020-03-31 16:31:33,733 - NCS Steps: [3000, 5000, 7000, 9000]
2020-03-31 16:31:33,733 - NCS Axis: 1
2020-03-31 16:31:33,733 - Positivity: True
2020-03-31 16:31:33,733 - Minimum Density: None
2020-03-31 16:31:33,733 - Maximum Density: None
2020-03-31 16:31:33,733 - Extrapolate high q: True
2020-03-31 16:31:33,733 - Shrinkwrap: True
2020-03-31 16:31:33,733 - Shrinkwrap sigma start: 3
2020-03-31 16:31:33,733 - Shrinkwrap sigma end: 1.5
2020-03-31 16:31:33,733 - Shrinkwrap sigma decay: 0.99
2020-03-31 16:31:33,733 - Shrinkwrap threshold fraction: 0.2
2020-03-31 16:31:33,733 - Shrinkwrap iterations: 20
2020-03-31 16:31:33,733 - Shrinkwrap starting step: 5000
2020-03-31 16:31:33,733 - Enforce connectivity: True
2020-03-31 16:31:33,733 - Enforce connectivity steps: [6000]
2020-03-31 16:31:33,734 - Chi2 end fraction: 1.000e-03
2020-03-31 16:31:33,735 - Maximum number of steps: 15000
2020-03-31 16:31:33,735 - Grid size (voxels): 20 x 20 x 20
2020-03-31 16:31:33,735 - Real space box width (angstroms): 132.000
2020-03-31 16:31:33,735 - Real space box range (angstroms): -66.000 < x < 66.000
2020-03-31 16:31:33,735 - Real space box volume (angstroms^3): 2299968.000
2020-03-31 16:31:33,735 - Real space voxel size (angstroms): 6.600
2020-03-31 16:31:33,735 - Real space voxel volume (angstroms^3): 287.496
2020-03-31 16:31:33,735 - Reciprocal space box width (angstroms^(-1)): 0.904
2020-03-31 16:31:33,735 - Reciprocal space box range (angstroms^(-1)): -0.476 < qx < 0.428
2020-03-31 16:31:33,735 - Maximum q vector (diagonal) (angstroms^(-1)): 0.824
2020-03-31 16:31:33,735 - Number of q shells: 17
2020-03-31 16:31:33,735 - Width of q shells (angstroms^(-1)): 0.048
2020-03-31 16:31:33,735 - Random seed: 1097952776
2020-03-31 16:32:12,748 - FINISHED DENSITY REFINEMENT
2020-03-31 16:32:12,749 - Number of steps: 14999
2020-03-31 16:32:12,749 - Final Chi2: 1.111e-02
2020-03-31 16:32:12,749 - Final Rg: 18.593
2020-03-31 16:32:12,749 - Final Support Volume: 65261.592
2020-03-31 16:32:12,749 - END
