2020-03-31 16:32:47,619 - BEGIN
2020-03-31 16:32:47,619 - Script name: /home/sbio/norm/softwares/denss/venv3/bin/denss.all.py
2020-03-31 16:32:47,619 - DENSS Version: 1.5.0
2020-03-31 16:32:47,619 - Data filename: lys_8.out
2020-03-31 16:32:47,619 - Output prefix: lys_8/lys_8_18
2020-03-31 16:32:47,619 - Mode: SLOW
2020-03-31 16:32:47,619 - q range of input data: 0.000 < q < 0.579
2020-03-31 16:32:47,619 - Maximum dimension: 44.000
2020-03-31 16:32:47,619 - Sampling ratio: 3.000
2020-03-31 16:32:47,619 - Requested real space voxel size: 6.600
2020-03-31 16:32:47,619 - Number of electrons: 10000.000
2020-03-31 16:32:47,619 - Limit Dmax: False
2020-03-31 16:32:47,619 - Limit Dmax Steps: [502]
2020-03-31 16:32:47,619 - Recenter: True
2020-03-31 16:32:47,619 - Recenter Steps: [501, 1001, 1501, 2001, 2501, 3001, 3501, 4001, 4501, 5001, 5501, 6001, 6501, 7001, 7501, 8001]
2020-03-31 16:32:47,620 - Recenter Mode: com
2020-03-31 16:32:47,620 - NCS: 0
2020-03-31 16:32:47,620 - NCS Steps: [3000, 5000, 7000, 9000]
2020-03-31 16:32:47,620 - NCS Axis: 1
2020-03-31 16:32:47,620 - Positivity: True
2020-03-31 16:32:47,620 - Minimum Density: None
2020-03-31 16:32:47,620 - Maximum Density: None
2020-03-31 16:32:47,620 - Extrapolate high q: True
2020-03-31 16:32:47,620 - Shrinkwrap: True
2020-03-31 16:32:47,620 - Shrinkwrap sigma start: 3
2020-03-31 16:32:47,620 - Shrinkwrap sigma end: 1.5
2020-03-31 16:32:47,620 - Shrinkwrap sigma decay: 0.99
2020-03-31 16:32:47,620 - Shrinkwrap threshold fraction: 0.2
2020-03-31 16:32:47,620 - Shrinkwrap iterations: 20
2020-03-31 16:32:47,620 - Shrinkwrap starting step: 5000
2020-03-31 16:32:47,620 - Enforce connectivity: True
2020-03-31 16:32:47,620 - Enforce connectivity steps: [6000]
2020-03-31 16:32:47,620 - Chi2 end fraction: 1.000e-03
2020-03-31 16:32:47,621 - Maximum number of steps: 15000
2020-03-31 16:32:47,621 - Grid size (voxels): 20 x 20 x 20
2020-03-31 16:32:47,621 - Real space box width (angstroms): 132.000
2020-03-31 16:32:47,621 - Real space box range (angstroms): -66.000 < x < 66.000
2020-03-31 16:32:47,621 - Real space box volume (angstroms^3): 2299968.000
2020-03-31 16:32:47,621 - Real space voxel size (angstroms): 6.600
2020-03-31 16:32:47,621 - Real space voxel volume (angstroms^3): 287.496
2020-03-31 16:32:47,621 - Reciprocal space box width (angstroms^(-1)): 0.904
2020-03-31 16:32:47,621 - Reciprocal space box range (angstroms^(-1)): -0.476 < qx < 0.428
2020-03-31 16:32:47,621 - Maximum q vector (diagonal) (angstroms^(-1)): 0.824
2020-03-31 16:32:47,621 - Number of q shells: 17
2020-03-31 16:32:47,621 - Width of q shells (angstroms^(-1)): 0.048
2020-03-31 16:32:47,621 - Random seed: 378243480
2020-03-31 16:33:10,823 - FINISHED DENSITY REFINEMENT
2020-03-31 16:33:10,823 - Number of steps: 14999
2020-03-31 16:33:10,823 - Final Chi2: 2.265e-02
2020-03-31 16:33:10,823 - Final Rg: 17.777
2020-03-31 16:33:10,823 - Final Support Volume: 62674.128
2020-03-31 16:33:10,824 - END
