dammif ........................................... : r11734
Log opened ....................................... : 24-Mar-2020, 18:24:24
Run as:
Full command line ................................ : /usr/bin/dammif --quiet --mode=Slow --prefix=lys_8_20 --unit=Unknown --symmetry=P1 --anisometry=Unknown --omit-solvent lys_8.out
Configuration mode ............................... : slow
Angular units .................................... : unknown
Prefix ........................................... : lys_8_20
Omit output of solvent ........................... : yes
GNOM input file .................................. : lys_8.out
Expected particle anisometry ..................... : unknown
Enforced particle symmetry ....................... : p1
Pseudo-chains in PDB output ...................... : no
GNOM file:
Title ............................................ :
Angular units .................................... : angstrom
Maximum particle diameter [Angstrom] ............. : 44.0
Radius of gyration [Angstrom] .................... : 14.7
Minimum s [1/Angstrom] ........................... : 0.00
Maximum s [1/Angstrom] ........................... : 0.579
Configured as:
Shape class ...................................... : compact
Approx. shape dimension (ri) ..................... : 0.00
Approx. shape dimension (ro) ..................... : 18.9
Approx. shape dimension (h) ...................... : 0.00
Dummy atom radius ................................ : 1.00
Number of spherical harmonics .................... : 20
Proportion of the curve to be fitted ............. : 1.00
Maximum s [1/Angstrom] ........................... : 0.579
Number of shannon channels ....................... : 9
Number of supporting points in spline approx. .... : 10
Probability that the spline approx. fits the data  : 0.563E-77
Weighting function ............................... : emphasised porod
Initial random seed .............................. : 8456589181825063373
Maximum number of steps .......................... : 400
Maximum number of iterations ..................... : 100000
Minumum number of successes ...................... : 50
Maximum number of successes ...................... : 10000
Temperature scheduling factor .................... : 0.950
Rg penalty weight ................................ : 0.100E-02
Center penalty weight ............................ : 0.100E-04
Looseness penalty weight ......................... : 0.100E-01
Anisometry penalty weight ........................ : 0.00
Constant subtraction ............................. : 0.520E-04
Annealing procedure status ....................... : warming up
Initial Rg penalty ............................... : 0.169E-03
Initial Center penalty ........................... : 0.781E-15
Initial Looseness penalty ........................ : 0.506E-02
Annealing procedure status ....................... : started
Step:    1, T: 0.726E-05, 3089/10858, Succ: 10000, Eval: 18685, CPU: 00:00:02
 Rf: 0.0676, Los: 0.11, Rg: 0.01, Cen: 0.21, Ani: 0.00, Fit: 0.0752
Step:    2, T: 0.690E-05, 3035/12313, Succ: 10000, Eval: 39992, CPU: 00:00:05
 Rf: 0.0633, Los: 0.12, Rg: 0.04, Cen: 0.50, Ani: 0.00, Fit: 0.0721
Step:    3, T: 0.655E-05, 3017/13277, Succ: 10000, Eval: 62756, CPU: 00:00:08
 Rf: 0.0617, Los: 0.12, Rg: 0.05, Cen: 0.43, Ani: 0.00, Fit: 0.0710
Step:    4, T: 0.623E-05, 3001/13988, Succ: 10000, Eval: 84937, CPU: 00:00:11
 Rf: 0.0602, Los: 0.11, Rg: 0.05, Cen: 0.44, Ani: 0.00, Fit: 0.0693
Step:    5, T: 0.592E-05, 3019/14531, Succ: 10000, Eval: 108090, CPU: 00:00:13
 Rf: 0.0569, Los: 0.11, Rg: 0.05, Cen: 0.93, Ani: 0.00, Fit: 0.0662
Step:    6, T: 0.562E-05, 2953/14923, Succ: 10000, Eval: 130875, CPU: 00:00:15
 Rf: 0.0550, Los: 0.11, Rg: 0.05, Cen: 0.44, Ani: 0.00, Fit: 0.0642
Step:    7, T: 0.534E-05, 2887/15374, Succ: 10000, Eval: 153889, CPU: 00:00:17
 Rf: 0.0510, Los: 0.11, Rg: 0.05, Cen: 0.62, Ani: 0.00, Fit: 0.0613
Step:    8, T: 0.507E-05, 2865/15613, Succ: 10000, Eval: 176915, CPU: 00:00:19
 Rf: 0.0505, Los: 0.11, Rg: 0.05, Cen: 0.60, Ani: 0.00, Fit: 0.0609
Step:    9, T: 0.482E-05, 2903/15908, Succ: 10000, Eval: 199938, CPU: 00:00:21
 Rf: 0.0486, Los: 0.10, Rg: 0.05, Cen: 0.97, Ani: 0.00, Fit: 0.0589
Step:   10, T: 0.458E-05, 2873/16132, Succ: 10000, Eval: 222962, CPU: 00:00:22
 Rf: 0.0463, Los: 0.10, Rg: 0.06, Cen: 0.91, Ani: 0.00, Fit: 0.0570
Step:   11, T: 0.435E-05, 2783/16347, Succ: 10000, Eval: 245236, CPU: 00:00:24
 Rf: 0.0405, Los: 0.11, Rg: 0.02, Cen: 0.94, Ani: 0.00, Fit: 0.0524
Step:   12, T: 0.413E-05, 2781/16565, Succ: 10000, Eval: 267473, CPU: 00:00:26
 Rf: 0.0411, Los: 0.10, Rg: 0.04, Cen: 0.77, Ani: 0.00, Fit: 0.0524
Step:   13, T: 0.392E-05, 2641/16682, Succ: 10000, Eval: 289566, CPU: 00:00:27
 Rf: 0.0359, Los: 0.10, Rg: 0.06, Cen: 0.97, Ani: 0.00, Fit: 0.0489
Step:   14, T: 0.373E-05, 2651/16788, Succ: 10000, Eval: 311304, CPU: 00:00:28
 Rf: 0.0324, Los: 0.10, Rg: 0.02, Cen: 0.95, Ani: 0.00, Fit: 0.0456
Step:   15, T: 0.354E-05, 2691/16892, Succ: 10000, Eval: 333313, CPU: 00:00:29
 Rf: 0.0339, Los: 0.10, Rg: 0.04, Cen: 0.57, Ani: 0.00, Fit: 0.0466
Step:   16, T: 0.336E-05, 2669/17068, Succ: 10000, Eval: 355007, CPU: 00:00:30
 Rf: 0.0308, Los: 0.10, Rg: 0.03, Cen: 0.40, Ani: 0.00, Fit: 0.0441
Step:   17, T: 0.320E-05, 2609/17190, Succ: 10000, Eval: 376740, CPU: 00:00:31
 Rf: 0.0279, Los: 0.10, Rg: 0.02, Cen: 0.29, Ani: 0.00, Fit: 0.0422
Step:   18, T: 0.304E-05, 2637/17250, Succ: 10000, Eval: 398496, CPU: 00:00:32
 Rf: 0.0284, Los: 0.10, Rg: 0.01, Cen: 0.98, Ani: 0.00, Fit: 0.0428
Step:   19, T: 0.288E-05, 2605/17348, Succ: 10000, Eval: 420792, CPU: 00:00:33
 Rf: 0.0269, Los: 0.09, Rg: 0.01, Cen: 1.26, Ani: 0.00, Fit: 0.0408
Step:   20, T: 0.274E-05, 2575/17488, Succ: 10000, Eval: 442059, CPU: 00:00:34
 Rf: 0.0229, Los: 0.09, Rg: 0.01, Cen: 0.71, Ani: 0.00, Fit: 0.0381
Step:   21, T: 0.260E-05, 2555/17610, Succ: 10000, Eval: 463347, CPU: 00:00:35
 Rf: 0.0229, Los: 0.09, Rg: 0.02, Cen: 0.84, Ani: 0.00, Fit: 0.0387
Step:   22, T: 0.247E-05, 2653/17765, Succ: 10000, Eval: 484734, CPU: 00:00:36
 Rf: 0.0237, Los: 0.09, Rg: 0.01, Cen: 1.01, Ani: 0.00, Fit: 0.0380
Step:   23, T: 0.235E-05, 2555/17856, Succ: 10000, Eval: 506141, CPU: 00:00:37
 Rf: 0.0195, Los: 0.09, Rg: 0.02, Cen: 1.04, Ani: 0.00, Fit: 0.0358
Step:   24, T: 0.223E-05, 2561/17931, Succ: 10000, Eval: 527652, CPU: 00:00:37
 Rf: 0.0190, Los: 0.09, Rg: 0.01, Cen: 1.35, Ani: 0.00, Fit: 0.0357
Step:   25, T: 0.212E-05, 2549/17994, Succ: 10000, Eval: 548823, CPU: 00:00:38
 Rf: 0.0176, Los: 0.08, Rg: 0.01, Cen: 1.27, Ani: 0.00, Fit: 0.0342
Step:   26, T: 0.201E-05, 2567/18023, Succ: 10000, Eval: 569406, CPU: 00:00:39
 Rf: 0.0177, Los: 0.08, Rg: 0.01, Cen: 0.86, Ani: 0.00, Fit: 0.0334
Step:   27, T: 0.191E-05, 2511/18103, Succ: 10000, Eval: 590585, CPU: 00:00:40
 Rf: 0.0163, Los: 0.08, Rg: 0.00, Cen: 0.92, Ani: 0.00, Fit: 0.0330
Step:   28, T: 0.182E-05, 2561/18181, Succ: 10000, Eval: 611655, CPU: 00:00:41
 Rf: 0.0149, Los: 0.08, Rg: 0.01, Cen: 1.57, Ani: 0.00, Fit: 0.0322
Step:   29, T: 0.173E-05, 2595/18213, Succ: 10000, Eval: 632527, CPU: 00:00:41
 Rf: 0.0154, Los: 0.07, Rg: 0.01, Cen: 1.47, Ani: 0.00, Fit: 0.0317
Step:   30, T: 0.164E-05, 2551/18232, Succ: 10000, Eval: 653395, CPU: 00:00:42
 Rf: 0.0116, Los: 0.07, Rg: 0.00, Cen: 1.21, Ani: 0.00, Fit: 0.0293
Step:   31, T: 0.156E-05, 2553/18260, Succ: 10000, Eval: 673908, CPU: 00:00:43
 Rf: 0.0132, Los: 0.07, Rg: 0.00, Cen: 1.13, Ani: 0.00, Fit: 0.0299
Step:   32, T: 0.148E-05, 2615/18291, Succ: 10000, Eval: 694607, CPU: 00:00:44
 Rf: 0.0122, Los: 0.07, Rg: 0.01, Cen: 0.85, Ani: 0.00, Fit: 0.0287
Step:   33, T: 0.141E-05, 2529/18347, Succ: 10000, Eval: 715027, CPU: 00:00:45
 Rf: 0.0115, Los: 0.07, Rg: 0.01, Cen: 0.20, Ani: 0.00, Fit: 0.0289
Step:   34, T: 0.134E-05, 2543/18422, Succ: 10000, Eval: 735624, CPU: 00:00:46
 Rf: 0.0115, Los: 0.07, Rg: 0.01, Cen: 0.52, Ani: 0.00, Fit: 0.0286
Step:   35, T: 0.127E-05, 2495/18441, Succ: 10000, Eval: 756072, CPU: 00:00:46
 Rf: 0.0089, Los: 0.06, Rg: 0.00, Cen: 0.32, Ani: 0.00, Fit: 0.0271
Step:   36, T: 0.121E-05, 2595/18457, Succ: 10000, Eval: 777066, CPU: 00:00:47
 Rf: 0.0117, Los: 0.06, Rg: 0.01, Cen: 0.56, Ani: 0.00, Fit: 0.0279
Step:   37, T: 0.115E-05, 2569/18475, Succ: 10000, Eval: 797742, CPU: 00:00:47
 Rf: 0.0088, Los: 0.06, Rg: 0.01, Cen: 0.14, Ani: 0.00, Fit: 0.0266
Step:   38, T: 0.109E-05, 2555/18500, Succ: 10000, Eval: 818141, CPU: 00:00:48
 Rf: 0.0087, Los: 0.06, Rg: 0.00, Cen: 0.09, Ani: 0.00, Fit: 0.0258
Step:   39, T: 0.103E-05, 2577/18503, Succ: 10000, Eval: 838997, CPU: 00:00:48
 Rf: 0.0076, Los: 0.06, Rg: 0.00, Cen: 0.16, Ani: 0.00, Fit: 0.0258
Step:   40, T: 0.982E-06, 2603/18507, Succ: 10000, Eval: 860063, CPU: 00:00:49
 Rf: 0.0091, Los: 0.05, Rg: 0.00, Cen: 0.25, Ani: 0.00, Fit: 0.0248
Step:   41, T: 0.933E-06, 2595/18507, Succ: 10000, Eval: 880902, CPU: 00:00:50
 Rf: 0.0081, Los: 0.05, Rg: 0.00, Cen: 0.10, Ani: 0.00, Fit: 0.0242
Step:   42, T: 0.887E-06, 2593/18509, Succ: 10000, Eval: 902096, CPU: 00:00:51
 Rf: 0.0076, Los: 0.05, Rg: 0.00, Cen: 0.14, Ani: 0.00, Fit: 0.0244
Step:   43, T: 0.842E-06, 2565/18511, Succ: 10000, Eval: 923324, CPU: 00:00:51
 Rf: 0.0061, Los: 0.05, Rg: 0.00, Cen: 0.11, Ani: 0.00, Fit: 0.0235
Step:   44, T: 0.800E-06, 2595/18511, Succ: 10000, Eval: 944388, CPU: 00:00:52
 Rf: 0.0062, Los: 0.05, Rg: 0.00, Cen: 0.30, Ani: 0.00, Fit: 0.0234
Step:   45, T: 0.760E-06, 2627/18512, Succ: 10000, Eval: 965644, CPU: 00:00:52
 Rf: 0.0064, Los: 0.05, Rg: 0.00, Cen: 0.14, Ani: 0.00, Fit: 0.0226
Step:   46, T: 0.722E-06, 2635/18515, Succ: 10000, Eval: 987448, CPU: 00:00:52
 Rf: 0.0071, Los: 0.05, Rg: 0.00, Cen: 0.06, Ani: 0.00, Fit: 0.0229
Step:   47, T: 0.686E-06, 2617/18520, Succ: 10000, Eval: 1009301, CPU: 00:00:53
 Rf: 0.0059, Los: 0.04, Rg: 0.00, Cen: 0.21, Ani: 0.00, Fit: 0.0219
Step:   48, T: 0.652E-06, 2637/18528, Succ: 10000, Eval: 1031348, CPU: 00:00:53
 Rf: 0.0063, Los: 0.04, Rg: 0.00, Cen: 0.24, Ani: 0.00, Fit: 0.0218
Step:   49, T: 0.619E-06, 2651/18535, Succ: 10000, Eval: 1053828, CPU: 00:00:54
 Rf: 0.0060, Los: 0.04, Rg: 0.00, Cen: 0.06, Ani: 0.00, Fit: 0.0211
Step:   50, T: 0.588E-06, 2633/18537, Succ: 10000, Eval: 1076463, CPU: 00:00:54
 Rf: 0.0047, Los: 0.04, Rg: 0.00, Cen: 0.18, Ani: 0.00, Fit: 0.0204
Step:   51, T: 0.559E-06, 2653/18539, Succ: 10000, Eval: 1099989, CPU: 00:00:55
 Rf: 0.0051, Los: 0.04, Rg: 0.00, Cen: 0.07, Ani: 0.00, Fit: 0.0203
Step:   52, T: 0.531E-06, 2663/18542, Succ: 10000, Eval: 1123128, CPU: 00:00:55
 Rf: 0.0040, Los: 0.04, Rg: 0.00, Cen: 0.05, Ani: 0.00, Fit: 0.0197
Step:   53, T: 0.504E-06, 2677/18543, Succ: 10000, Eval: 1147035, CPU: 00:00:56
 Rf: 0.0046, Los: 0.04, Rg: 0.00, Cen: 0.17, Ani: 0.00, Fit: 0.0194
Step:   54, T: 0.479E-06, 2717/18543, Succ: 10000, Eval: 1170978, CPU: 00:00:57
 Rf: 0.0039, Los: 0.03, Rg: 0.00, Cen: 0.12, Ani: 0.00, Fit: 0.0190
Step:   55, T: 0.455E-06, 2719/18543, Succ: 10000, Eval: 1195256, CPU: 00:00:57
 Rf: 0.0039, Los: 0.03, Rg: 0.00, Cen: 0.08, Ani: 0.00, Fit: 0.0186
Step:   56, T: 0.432E-06, 2709/18543, Succ: 10000, Eval: 1220330, CPU: 00:00:58
 Rf: 0.0042, Los: 0.03, Rg: 0.00, Cen: 0.22, Ani: 0.00, Fit: 0.0187
Step:   57, T: 0.411E-06, 2777/18549, Succ: 10000, Eval: 1245170, CPU: 00:00:59
 Rf: 0.0041, Los: 0.03, Rg: 0.00, Cen: 0.11, Ani: 0.00, Fit: 0.0178
Step:   58, T: 0.390E-06, 2741/18557, Succ: 10000, Eval: 1270577, CPU: 00:00:59
 Rf: 0.0034, Los: 0.03, Rg: 0.00, Cen: 0.15, Ani: 0.00, Fit: 0.0178
Step:   59, T: 0.371E-06, 2779/18558, Succ: 10000, Eval: 1296173, CPU: 00:01:00
 Rf: 0.0033, Los: 0.03, Rg: 0.00, Cen: 0.06, Ani: 0.00, Fit: 0.0178
Step:   60, T: 0.352E-06, 2767/18561, Succ: 10000, Eval: 1323112, CPU: 00:01:00
 Rf: 0.0033, Los: 0.03, Rg: 0.00, Cen: 0.04, Ani: 0.00, Fit: 0.0171
Step:   61, T: 0.335E-06, 2821/18562, Succ: 10000, Eval: 1350305, CPU: 00:01:01
 Rf: 0.0033, Los: 0.03, Rg: 0.00, Cen: 0.05, Ani: 0.00, Fit: 0.0165
Step:   62, T: 0.318E-06, 2817/18562, Succ: 10000, Eval: 1377517, CPU: 00:01:02
 Rf: 0.0033, Los: 0.03, Rg: 0.00, Cen: 0.05, Ani: 0.00, Fit: 0.0165
Step:   63, T: 0.302E-06, 2849/18562, Succ: 10000, Eval: 1405188, CPU: 00:01:02
 Rf: 0.0037, Los: 0.03, Rg: 0.00, Cen: 0.09, Ani: 0.00, Fit: 0.0165
Step:   64, T: 0.287E-06, 2831/18564, Succ: 10000, Eval: 1433461, CPU: 00:01:03
 Rf: 0.0027, Los: 0.02, Rg: 0.00, Cen: 0.13, Ani: 0.00, Fit: 0.0158
Step:   65, T: 0.273E-06, 2857/18564, Succ: 10000, Eval: 1462069, CPU: 00:01:03
 Rf: 0.0033, Los: 0.02, Rg: 0.00, Cen: 0.08, Ani: 0.00, Fit: 0.0157
Step:   66, T: 0.259E-06, 2869/18566, Succ: 10000, Eval: 1491645, CPU: 00:01:04
 Rf: 0.0031, Los: 0.02, Rg: 0.00, Cen: 0.02, Ani: 0.00, Fit: 0.0156
Step:   67, T: 0.246E-06, 2851/18566, Succ: 10000, Eval: 1522073, CPU: 00:01:04
 Rf: 0.0030, Los: 0.02, Rg: 0.00, Cen: 0.08, Ani: 0.00, Fit: 0.0156
Step:   68, T: 0.234E-06, 2891/18566, Succ: 10000, Eval: 1553020, CPU: 00:01:05
 Rf: 0.0028, Los: 0.02, Rg: 0.00, Cen: 0.01, Ani: 0.00, Fit: 0.0152
Step:   69, T: 0.222E-06, 2919/18566, Succ: 10000, Eval: 1584925, CPU: 00:01:05
 Rf: 0.0028, Los: 0.02, Rg: 0.00, Cen: 0.04, Ani: 0.00, Fit: 0.0144
Step:   70, T: 0.211E-06, 2885/18566, Succ: 10000, Eval: 1617441, CPU: 00:01:06
 Rf: 0.0026, Los: 0.02, Rg: 0.00, Cen: 0.05, Ani: 0.00, Fit: 0.0145
Step:   71, T: 0.200E-06, 2903/18566, Succ: 10000, Eval: 1650423, CPU: 00:01:07
 Rf: 0.0033, Los: 0.02, Rg: 0.00, Cen: 0.07, Ani: 0.00, Fit: 0.0147
Step:   72, T: 0.190E-06, 2951/18566, Succ: 10000, Eval: 1684479, CPU: 00:01:07
 Rf: 0.0027, Los: 0.02, Rg: 0.00, Cen: 0.01, Ani: 0.00, Fit: 0.0140
Step:   73, T: 0.181E-06, 2955/18566, Succ: 10000, Eval: 1719279, CPU: 00:01:08
 Rf: 0.0030, Los: 0.02, Rg: 0.00, Cen: 0.03, Ani: 0.00, Fit: 0.0140
Step:   74, T: 0.172E-06, 2969/18566, Succ: 10000, Eval: 1755194, CPU: 00:01:09
 Rf: 0.0025, Los: 0.02, Rg: 0.00, Cen: 0.10, Ani: 0.00, Fit: 0.0136
Step:   75, T: 0.163E-06, 3009/18566, Succ: 10000, Eval: 1791798, CPU: 00:01:09
 Rf: 0.0025, Los: 0.02, Rg: 0.00, Cen: 0.01, Ani: 0.00, Fit: 0.0132
Step:   76, T: 0.155E-06, 2999/18569, Succ: 10000, Eval: 1829751, CPU: 00:01:10
 Rf: 0.0025, Los: 0.02, Rg: 0.00, Cen: 0.07, Ani: 0.00, Fit: 0.0130
Step:   77, T: 0.147E-06, 3017/18569, Succ: 10000, Eval: 1869059, CPU: 00:01:11
 Rf: 0.0026, Los: 0.02, Rg: 0.00, Cen: 0.05, Ani: 0.00, Fit: 0.0130
Step:   78, T: 0.140E-06, 3069/18569, Succ: 10000, Eval: 1909386, CPU: 00:01:11
 Rf: 0.0023, Los: 0.02, Rg: 0.00, Cen: 0.06, Ani: 0.00, Fit: 0.0128
Step:   79, T: 0.133E-06, 3025/18569, Succ: 10000, Eval: 1951066, CPU: 00:01:12
 Rf: 0.0025, Los: 0.02, Rg: 0.00, Cen: 0.04, Ani: 0.00, Fit: 0.0126
Step:   80, T: 0.126E-06, 3075/18569, Succ: 10000, Eval: 1993567, CPU: 00:01:13
 Rf: 0.0024, Los: 0.01, Rg: 0.00, Cen: 0.04, Ani: 0.00, Fit: 0.0123
Step:   81, T: 0.120E-06, 3117/18569, Succ: 10000, Eval: 2037189, CPU: 00:01:14
 Rf: 0.0024, Los: 0.01, Rg: 0.00, Cen: 0.01, Ani: 0.00, Fit: 0.0118
Step:   82, T: 0.114E-06, 3099/18569, Succ: 10000, Eval: 2082364, CPU: 00:01:15
 Rf: 0.0022, Los: 0.01, Rg: 0.00, Cen: 0.02, Ani: 0.00, Fit: 0.0119
Step:   83, T: 0.108E-06, 3109/18569, Succ: 10000, Eval: 2130466, CPU: 00:01:15
 Rf: 0.0022, Los: 0.01, Rg: 0.00, Cen: 0.04, Ani: 0.00, Fit: 0.0119
Step:   84, T: 0.103E-06, 3121/18569, Succ: 10000, Eval: 2180345, CPU: 00:01:16
 Rf: 0.0023, Los: 0.01, Rg: 0.00, Cen: 0.03, Ani: 0.00, Fit: 0.0117
Step:   85, T: 0.977E-07, 3175/18569, Succ: 10000, Eval: 2231005, CPU: 00:01:17
 Rf: 0.0022, Los: 0.01, Rg: 0.00, Cen: 0.04, Ani: 0.00, Fit: 0.0113
Step:   86, T: 0.928E-07, 3161/18569, Succ: 10000, Eval: 2284301, CPU: 00:01:18
 Rf: 0.0022, Los: 0.01, Rg: 0.00, Cen: 0.02, Ani: 0.00, Fit: 0.0112
Step:   87, T: 0.882E-07, 3171/18569, Succ: 10000, Eval: 2340540, CPU: 00:01:20
 Rf: 0.0022, Los: 0.01, Rg: 0.00, Cen: 0.04, Ani: 0.00, Fit: 0.0111
Step:   88, T: 0.838E-07, 3195/18569, Succ: 10000, Eval: 2397717, CPU: 00:01:21
 Rf: 0.0021, Los: 0.01, Rg: 0.00, Cen: 0.02, Ani: 0.00, Fit: 0.0110
Step:   89, T: 0.796E-07, 3181/18569, Succ: 10000, Eval: 2458330, CPU: 00:01:22
 Rf: 0.0022, Los: 0.01, Rg: 0.00, Cen: 0.01, Ani: 0.00, Fit: 0.0110
Step:   90, T: 0.756E-07, 3253/18569, Succ: 10000, Eval: 2523325, CPU: 00:01:23
 Rf: 0.0021, Los: 0.01, Rg: 0.00, Cen: 0.01, Ani: 0.00, Fit: 0.0104
Step:   91, T: 0.718E-07, 3245/18569, Succ: 10000, Eval: 2589714, CPU: 00:01:24
 Rf: 0.0020, Los: 0.01, Rg: 0.00, Cen: 0.01, Ani: 0.00, Fit: 0.0105
Step:   92, T: 0.682E-07, 3249/18569, Succ: 10000, Eval: 2660272, CPU: 00:01:26
 Rf: 0.0021, Los: 0.01, Rg: 0.00, Cen: 0.02, Ani: 0.00, Fit: 0.0103
Step:   93, T: 0.648E-07, 3243/18569, Succ: 10000, Eval: 2733715, CPU: 00:01:27
 Rf: 0.0019, Los: 0.01, Rg: 0.00, Cen: 0.02, Ani: 0.00, Fit: 0.0101
Step:   94, T: 0.616E-07, 3287/18569, Succ: 10000, Eval: 2811424, CPU: 00:01:28
 Rf: 0.0019, Los: 0.01, Rg: 0.00, Cen: 0.00, Ani: 0.00, Fit: 0.0100
Step:   95, T: 0.585E-07, 3289/18569, Succ: 10000, Eval: 2896220, CPU: 00:01:30
 Rf: 0.0017, Los: 0.01, Rg: 0.00, Cen: 0.02, Ani: 0.00, Fit: 0.0098
Step:   96, T: 0.556E-07, 3283/18569, Succ: 10000, Eval: 2983578, CPU: 00:01:32
 Rf: 0.0018, Los: 0.01, Rg: 0.00, Cen: 0.01, Ani: 0.00, Fit: 0.0098
Step:   97, T: 0.528E-07, 3321/18569, Succ: 10000, Eval: 3079998, CPU: 00:01:34
 Rf: 0.0019, Los: 0.01, Rg: 0.00, Cen: 0.02, Ani: 0.00, Fit: 0.0096
Step:   98, T: 0.502E-07, 3318/18569, Succ: 9605, Eval: 3179998, CPU: 00:01:36
 Rf: 0.0018, Los: 0.01, Rg: 0.00, Cen: 0.02, Ani: 0.00, Fit: 0.0095
Step:   99, T: 0.476E-07, 3347/18569, Succ: 9095, Eval: 3279998, CPU: 00:01:38
 Rf: 0.0018, Los: 0.01, Rg: 0.00, Cen: 0.01, Ani: 0.00, Fit: 0.0093
Step:  100, T: 0.453E-07, 3351/18569, Succ: 8480, Eval: 3379998, CPU: 00:01:41
 Rf: 0.0018, Los: 0.01, Rg: 0.00, Cen: 0.02, Ani: 0.00, Fit: 0.0092
Step:  101, T: 0.430E-07, 3342/18569, Succ: 7895, Eval: 3479998, CPU: 00:01:44
 Rf: 0.0016, Los: 0.01, Rg: 0.00, Cen: 0.02, Ani: 0.00, Fit: 0.0092
Step:  102, T: 0.408E-07, 3374/18569, Succ: 7232, Eval: 3579998, CPU: 00:01:46
 Rf: 0.0018, Los: 0.01, Rg: 0.00, Cen: 0.01, Ani: 0.00, Fit: 0.0091
Step:  103, T: 0.388E-07, 3365/18569, Succ: 6613, Eval: 3679998, CPU: 00:01:48
 Rf: 0.0017, Los: 0.01, Rg: 0.00, Cen: 0.03, Ani: 0.00, Fit: 0.0090
Step:  104, T: 0.369E-07, 3392/18569, Succ: 5949, Eval: 3779998, CPU: 00:01:50
 Rf: 0.0016, Los: 0.01, Rg: 0.00, Cen: 0.01, Ani: 0.00, Fit: 0.0088
Step:  105, T: 0.350E-07, 3417/18569, Succ: 5413, Eval: 3879998, CPU: 00:01:52
 Rf: 0.0019, Los: 0.01, Rg: 0.00, Cen: 0.01, Ani: 0.00, Fit: 0.0088
Step:  106, T: 0.333E-07, 3406/18569, Succ: 5059, Eval: 3979998, CPU: 00:01:54
 Rf: 0.0018, Los: 0.01, Rg: 0.00, Cen: 0.01, Ani: 0.00, Fit: 0.0087
Step:  107, T: 0.316E-07, 3425/18569, Succ: 4535, Eval: 4079998, CPU: 00:01:56
 Rf: 0.0017, Los: 0.01, Rg: 0.00, Cen: 0.01, Ani: 0.00, Fit: 0.0086
Step:  108, T: 0.300E-07, 3431/18569, Succ: 4082, Eval: 4179998, CPU: 00:01:58
 Rf: 0.0018, Los: 0.01, Rg: 0.00, Cen: 0.01, Ani: 0.00, Fit: 0.0085
Step:  109, T: 0.285E-07, 3433/18569, Succ: 3450, Eval: 4279998, CPU: 00:01:59
 Rf: 0.0019, Los: 0.01, Rg: 0.00, Cen: 0.01, Ani: 0.00, Fit: 0.0085
Step:  110, T: 0.271E-07, 3456/18569, Succ: 3223, Eval: 4379998, CPU: 00:02:01
 Rf: 0.0019, Los: 0.01, Rg: 0.00, Cen: 0.00, Ani: 0.00, Fit: 0.0083
Step:  111, T: 0.257E-07, 3460/18569, Succ: 2544, Eval: 4479998, CPU: 00:02:03
 Rf: 0.0019, Los: 0.01, Rg: 0.00, Cen: 0.00, Ani: 0.00, Fit: 0.0083
Step:  112, T: 0.245E-07, 3475/18569, Succ: 2419, Eval: 4579998, CPU: 00:02:05
 Rf: 0.0018, Los: 0.01, Rg: 0.00, Cen: 0.00, Ani: 0.00, Fit: 0.0082
Step:  113, T: 0.232E-07, 3479/18569, Succ: 1986, Eval: 4679998, CPU: 00:02:08
 Rf: 0.0019, Los: 0.01, Rg: 0.00, Cen: 0.01, Ani: 0.00, Fit: 0.0082
Step:  114, T: 0.221E-07, 3497/18569, Succ: 1814, Eval: 4779998, CPU: 00:02:11
 Rf: 0.0019, Los: 0.01, Rg: 0.00, Cen: 0.00, Ani: 0.00, Fit: 0.0081
Step:  115, T: 0.210E-07, 3487/18569, Succ: 1712, Eval: 4879998, CPU: 00:02:14
 Rf: 0.0019, Los: 0.01, Rg: 0.00, Cen: 0.00, Ani: 0.00, Fit: 0.0081
Step:  116, T: 0.199E-07, 3484/18569, Succ: 1351, Eval: 4979998, CPU: 00:02:16
 Rf: 0.0019, Los: 0.01, Rg: 0.00, Cen: 0.00, Ani: 0.00, Fit: 0.0081
Step:  117, T: 0.189E-07, 3491/18569, Succ: 1235, Eval: 5079998, CPU: 00:02:18
 Rf: 0.0019, Los: 0.01, Rg: 0.00, Cen: 0.01, Ani: 0.00, Fit: 0.0080
Step:  118, T: 0.180E-07, 3505/18569, Succ: 994, Eval: 5179998, CPU: 00:02:21
 Rf: 0.0019, Los: 0.01, Rg: 0.00, Cen: 0.01, Ani: 0.00, Fit: 0.0080
Step:  119, T: 0.171E-07, 3503/18569, Succ: 914, Eval: 5279998, CPU: 00:02:24
 Rf: 0.0019, Los: 0.01, Rg: 0.00, Cen: 0.00, Ani: 0.00, Fit: 0.0080
Step:  120, T: 0.162E-07, 3503/18569, Succ: 738, Eval: 5379998, CPU: 00:02:25
 Rf: 0.0019, Los: 0.01, Rg: 0.00, Cen: 0.01, Ani: 0.00, Fit: 0.0080
Step:  121, T: 0.154E-07, 3512/18569, Succ: 529, Eval: 5479998, CPU: 00:02:27
 Rf: 0.0019, Los: 0.01, Rg: 0.00, Cen: 0.00, Ani: 0.00, Fit: 0.0079
Step:  122, T: 0.146E-07, 3504/18569, Succ: 428, Eval: 5579998, CPU: 00:02:29
 Rf: 0.0019, Los: 0.01, Rg: 0.00, Cen: 0.01, Ani: 0.00, Fit: 0.0079
Step:  123, T: 0.139E-07, 3510/18569, Succ: 442, Eval: 5679998, CPU: 00:02:31
 Rf: 0.0019, Los: 0.01, Rg: 0.00, Cen: 0.00, Ani: 0.00, Fit: 0.0079
Step:  124, T: 0.132E-07, 3518/18569, Succ: 312, Eval: 5779998, CPU: 00:02:33
 Rf: 0.0019, Los: 0.01, Rg: 0.00, Cen: 0.01, Ani: 0.00, Fit: 0.0079
Step:  125, T: 0.126E-07, 3520/18569, Succ: 226, Eval: 5879998, CPU: 00:02:35
 Rf: 0.0019, Los: 0.01, Rg: 0.00, Cen: 0.00, Ani: 0.00, Fit: 0.0079
Step:  126, T: 0.119E-07, 3516/18569, Succ: 198, Eval: 5979998, CPU: 00:02:36
 Rf: 0.0019, Los: 0.01, Rg: 0.00, Cen: 0.00, Ani: 0.00, Fit: 0.0079
Step:  127, T: 0.113E-07, 3519/18569, Succ: 143, Eval: 6079998, CPU: 00:02:38
 Rf: 0.0019, Los: 0.01, Rg: 0.00, Cen: 0.01, Ani: 0.00, Fit: 0.0079
Step:  128, T: 0.108E-07, 3518/18569, Succ: 177, Eval: 6179998, CPU: 00:02:40
 Rf: 0.0019, Los: 0.01, Rg: 0.00, Cen: 0.00, Ani: 0.00, Fit: 0.0079
Step:  129, T: 0.102E-07, 3522/18569, Succ: 178, Eval: 6279998, CPU: 00:02:42
 Rf: 0.0019, Los: 0.01, Rg: 0.00, Cen: 0.00, Ani: 0.00, Fit: 0.0079
Step:  130, T: 0.972E-08, 3521/18569, Succ: 125, Eval: 6379998, CPU: 00:02:44
 Rf: 0.0019, Los: 0.01, Rg: 0.00, Cen: 0.00, Ani: 0.00, Fit: 0.0079
Step:  131, T: 0.923E-08, 3522/18569, Succ: 73, Eval: 6479998, CPU: 00:02:46
 Rf: 0.0019, Los: 0.01, Rg: 0.00, Cen: 0.00, Ani: 0.00, Fit: 0.0079
Step:  132, T: 0.877E-08, 3523/18569, Succ: 51, Eval: 6579998, CPU: 00:02:48
 Rf: 0.0019, Los: 0.01, Rg: 0.00, Cen: 0.00, Ani: 0.00, Fit: 0.0079
Step:  133, T: 0.833E-08, 3523/18569, Succ: 18, Eval: 6679998, CPU: 00:02:49
 Rf: 0.0019, Los: 0.01, Rg: 0.00, Cen: 0.00, Ani: 0.00, Fit: 0.0079
Annealing procedure status ....................... : cooled down
Probability that the model fits the data ......... : 0.603E-05
Preparing output files ........................... : pdb, fit, fir
Log closed ....................................... : 24-Mar-2020, 18:27:19
