dammif ........................................... : r11734
Log opened ....................................... : 24-Mar-2020, 18:19:58
Run as:
Full command line ................................ : /usr/bin/dammif --quiet --mode=Slow --prefix=lys_8_13 --unit=Unknown --symmetry=P1 --anisometry=Unknown --omit-solvent lys_8.out
Configuration mode ............................... : slow
Angular units .................................... : unknown
Prefix ........................................... : lys_8_13
Omit output of solvent ........................... : yes
GNOM input file .................................. : lys_8.out
Expected particle anisometry ..................... : unknown
Enforced particle symmetry ....................... : p1
Pseudo-chains in PDB output ...................... : no
GNOM file:
Title ............................................ :
Angular units .................................... : angstrom
Maximum particle diameter [Angstrom] ............. : 44.0
Radius of gyration [Angstrom] .................... : 14.7
Minimum s [1/Angstrom] ........................... : 0.00
Maximum s [1/Angstrom] ........................... : 0.579
Configured as:
Shape class ...................................... : compact
Approx. shape dimension (ri) ..................... : 0.00
Approx. shape dimension (ro) ..................... : 18.9
Approx. shape dimension (h) ...................... : 0.00
Dummy atom radius ................................ : 1.00
Number of spherical harmonics .................... : 20
Proportion of the curve to be fitted ............. : 1.00
Maximum s [1/Angstrom] ........................... : 0.579
Number of shannon channels ....................... : 9
Number of supporting points in spline approx. .... : 10
Probability that the spline approx. fits the data  : 0.563E-77
Weighting function ............................... : emphasised porod
Initial random seed .............................. : 8439168486442604745
Maximum number of steps .......................... : 400
Maximum number of iterations ..................... : 100000
Minumum number of successes ...................... : 50
Maximum number of successes ...................... : 10000
Temperature scheduling factor .................... : 0.950
Rg penalty weight ................................ : 0.100E-02
Center penalty weight ............................ : 0.100E-04
Looseness penalty weight ......................... : 0.100E-01
Anisometry penalty weight ........................ : 0.00
Constant subtraction ............................. : 0.520E-04
Annealing procedure status ....................... : warming up
Initial Rg penalty ............................... : 0.169E-03
Initial Center penalty ........................... : 0.781E-15
Initial Looseness penalty ........................ : 0.506E-02
Annealing procedure status ....................... : started
Step:    1, T: 0.718E-05, 3051/10936, Succ: 10000, Eval: 18327, CPU: 00:00:02
 Rf: 0.0677, Los: 0.11, Rg: 0.02, Cen: 0.22, Ani: 0.00, Fit: 0.0753
Step:    2, T: 0.682E-05, 3033/12505, Succ: 10000, Eval: 40184, CPU: 00:00:05
 Rf: 0.0608, Los: 0.12, Rg: 0.03, Cen: 0.61, Ani: 0.00, Fit: 0.0700
Step:    3, T: 0.648E-05, 3029/13437, Succ: 10000, Eval: 63069, CPU: 00:00:08
 Rf: 0.0617, Los: 0.11, Rg: 0.04, Cen: 0.67, Ani: 0.00, Fit: 0.0705
Step:    4, T: 0.616E-05, 2943/14155, Succ: 10000, Eval: 86152, CPU: 00:00:11
 Rf: 0.0556, Los: 0.11, Rg: 0.06, Cen: 0.32, Ani: 0.00, Fit: 0.0652
Step:    5, T: 0.585E-05, 2965/14682, Succ: 10000, Eval: 109345, CPU: 00:00:14
 Rf: 0.0538, Los: 0.11, Rg: 0.07, Cen: 1.02, Ani: 0.00, Fit: 0.0637
Step:    6, T: 0.556E-05, 2915/15007, Succ: 10000, Eval: 132245, CPU: 00:00:16
 Rf: 0.0513, Los: 0.11, Rg: 0.07, Cen: 0.71, Ani: 0.00, Fit: 0.0615
Step:    7, T: 0.528E-05, 2909/15262, Succ: 10000, Eval: 154660, CPU: 00:00:18
 Rf: 0.0540, Los: 0.11, Rg: 0.08, Cen: 0.75, Ani: 0.00, Fit: 0.0639
Step:    8, T: 0.502E-05, 2877/15572, Succ: 10000, Eval: 176589, CPU: 00:00:20
 Rf: 0.0483, Los: 0.11, Rg: 0.05, Cen: 1.12, Ani: 0.00, Fit: 0.0587
Step:    9, T: 0.477E-05, 2803/15768, Succ: 10000, Eval: 198003, CPU: 00:00:22
 Rf: 0.0453, Los: 0.11, Rg: 0.05, Cen: 1.05, Ani: 0.00, Fit: 0.0562
Step:   10, T: 0.453E-05, 2865/16029, Succ: 10000, Eval: 220783, CPU: 00:00:24
 Rf: 0.0422, Los: 0.10, Rg: 0.07, Cen: 0.88, Ani: 0.00, Fit: 0.0537
Step:   11, T: 0.430E-05, 2753/16321, Succ: 10000, Eval: 243917, CPU: 00:00:27
 Rf: 0.0411, Los: 0.10, Rg: 0.03, Cen: 1.37, Ani: 0.00, Fit: 0.0523
Step:   12, T: 0.409E-05, 2733/16438, Succ: 10000, Eval: 266217, CPU: 00:00:28
 Rf: 0.0380, Los: 0.10, Rg: 0.02, Cen: 1.83, Ani: 0.00, Fit: 0.0497
Step:   13, T: 0.388E-05, 2649/16647, Succ: 10000, Eval: 288294, CPU: 00:00:30
 Rf: 0.0354, Los: 0.10, Rg: 0.03, Cen: 1.39, Ani: 0.00, Fit: 0.0482
Step:   14, T: 0.369E-05, 2701/16725, Succ: 10000, Eval: 310225, CPU: 00:00:32
 Rf: 0.0359, Los: 0.10, Rg: 0.02, Cen: 1.26, Ani: 0.00, Fit: 0.0486
Step:   15, T: 0.350E-05, 2739/16952, Succ: 10000, Eval: 332620, CPU: 00:00:34
 Rf: 0.0335, Los: 0.10, Rg: 0.05, Cen: 1.65, Ani: 0.00, Fit: 0.0468
Step:   16, T: 0.333E-05, 2693/17062, Succ: 10000, Eval: 354945, CPU: 00:00:35
 Rf: 0.0305, Los: 0.10, Rg: 0.04, Cen: 1.57, Ani: 0.00, Fit: 0.0441
Step:   17, T: 0.316E-05, 2663/17197, Succ: 10000, Eval: 376934, CPU: 00:00:37
 Rf: 0.0282, Los: 0.10, Rg: 0.03, Cen: 1.19, Ani: 0.00, Fit: 0.0424
Step:   18, T: 0.300E-05, 2567/17313, Succ: 10000, Eval: 398975, CPU: 00:00:38
 Rf: 0.0258, Los: 0.10, Rg: 0.02, Cen: 1.23, Ani: 0.00, Fit: 0.0413
Step:   19, T: 0.285E-05, 2585/17422, Succ: 10000, Eval: 420751, CPU: 00:00:40
 Rf: 0.0252, Los: 0.10, Rg: 0.02, Cen: 1.01, Ani: 0.00, Fit: 0.0406
Step:   20, T: 0.271E-05, 2565/17557, Succ: 10000, Eval: 442137, CPU: 00:00:41
 Rf: 0.0236, Los: 0.09, Rg: 0.02, Cen: 1.37, Ani: 0.00, Fit: 0.0392
Step:   21, T: 0.258E-05, 2621/17671, Succ: 10000, Eval: 465004, CPU: 00:00:43
 Rf: 0.0248, Los: 0.10, Rg: 0.02, Cen: 1.42, Ani: 0.00, Fit: 0.0400
Step:   22, T: 0.245E-05, 2643/17748, Succ: 10000, Eval: 487095, CPU: 00:00:44
 Rf: 0.0223, Los: 0.09, Rg: 0.01, Cen: 1.39, Ani: 0.00, Fit: 0.0373
Step:   23, T: 0.232E-05, 2579/17811, Succ: 10000, Eval: 508772, CPU: 00:00:46
 Rf: 0.0200, Los: 0.09, Rg: 0.01, Cen: 1.13, Ani: 0.00, Fit: 0.0364
Step:   24, T: 0.221E-05, 2541/17838, Succ: 10000, Eval: 530363, CPU: 00:00:47
 Rf: 0.0193, Los: 0.09, Rg: 0.01, Cen: 0.74, Ani: 0.00, Fit: 0.0353
Step:   25, T: 0.210E-05, 2553/17874, Succ: 10000, Eval: 551373, CPU: 00:00:48
 Rf: 0.0165, Los: 0.08, Rg: 0.01, Cen: 0.35, Ani: 0.00, Fit: 0.0333
Step:   26, T: 0.199E-05, 2547/17953, Succ: 10000, Eval: 572224, CPU: 00:00:50
 Rf: 0.0163, Los: 0.08, Rg: 0.01, Cen: 0.43, Ani: 0.00, Fit: 0.0327
Step:   27, T: 0.189E-05, 2549/18026, Succ: 10000, Eval: 593266, CPU: 00:00:51
 Rf: 0.0157, Los: 0.08, Rg: 0.01, Cen: 0.27, Ani: 0.00, Fit: 0.0323
Step:   28, T: 0.180E-05, 2495/18043, Succ: 10000, Eval: 613878, CPU: 00:00:52
 Rf: 0.0138, Los: 0.08, Rg: 0.01, Cen: 0.06, Ani: 0.00, Fit: 0.0315
Step:   29, T: 0.171E-05, 2529/18085, Succ: 10000, Eval: 634972, CPU: 00:00:53
 Rf: 0.0167, Los: 0.08, Rg: 0.01, Cen: 0.41, Ani: 0.00, Fit: 0.0328
Step:   30, T: 0.162E-05, 2575/18114, Succ: 10000, Eval: 655732, CPU: 00:00:54
 Rf: 0.0151, Los: 0.07, Rg: 0.00, Cen: 0.30, Ani: 0.00, Fit: 0.0309
Step:   31, T: 0.154E-05, 2521/18136, Succ: 10000, Eval: 676248, CPU: 00:00:55
 Rf: 0.0116, Los: 0.07, Rg: 0.01, Cen: 0.36, Ani: 0.00, Fit: 0.0294
Step:   32, T: 0.146E-05, 2565/18190, Succ: 10000, Eval: 696778, CPU: 00:00:56
 Rf: 0.0144, Los: 0.07, Rg: 0.01, Cen: 0.90, Ani: 0.00, Fit: 0.0303
Step:   33, T: 0.139E-05, 2531/18208, Succ: 10000, Eval: 717546, CPU: 00:00:57
 Rf: 0.0119, Los: 0.07, Rg: 0.00, Cen: 0.61, Ani: 0.00, Fit: 0.0291
Step:   34, T: 0.132E-05, 2555/18218, Succ: 10000, Eval: 738338, CPU: 00:00:58
 Rf: 0.0109, Los: 0.07, Rg: 0.01, Cen: 0.33, Ani: 0.00, Fit: 0.0279
Step:   35, T: 0.126E-05, 2567/18229, Succ: 10000, Eval: 758830, CPU: 00:00:59
 Rf: 0.0110, Los: 0.06, Rg: 0.00, Cen: 0.18, Ani: 0.00, Fit: 0.0276
Step:   36, T: 0.119E-05, 2543/18248, Succ: 10000, Eval: 779043, CPU: 00:01:00
 Rf: 0.0091, Los: 0.06, Rg: 0.00, Cen: 0.10, Ani: 0.00, Fit: 0.0266
Step:   37, T: 0.113E-05, 2575/18284, Succ: 10000, Eval: 799200, CPU: 00:01:00
 Rf: 0.0099, Los: 0.06, Rg: 0.01, Cen: 0.29, Ani: 0.00, Fit: 0.0264
Step:   38, T: 0.108E-05, 2551/18328, Succ: 10000, Eval: 819930, CPU: 00:01:01
 Rf: 0.0086, Los: 0.06, Rg: 0.00, Cen: 0.33, Ani: 0.00, Fit: 0.0262
Step:   39, T: 0.102E-05, 2609/18345, Succ: 10000, Eval: 840747, CPU: 00:01:02
 Rf: 0.0089, Los: 0.05, Rg: 0.00, Cen: 0.03, Ani: 0.00, Fit: 0.0249
Step:   40, T: 0.972E-06, 2549/18363, Succ: 10000, Eval: 861696, CPU: 00:01:03
 Rf: 0.0083, Los: 0.06, Rg: 0.01, Cen: 0.27, Ani: 0.00, Fit: 0.0256
Step:   41, T: 0.923E-06, 2563/18390, Succ: 10000, Eval: 883024, CPU: 00:01:04
 Rf: 0.0078, Los: 0.06, Rg: 0.00, Cen: 0.17, Ani: 0.00, Fit: 0.0253
Step:   42, T: 0.877E-06, 2609/18392, Succ: 10000, Eval: 904194, CPU: 00:01:04
 Rf: 0.0060, Los: 0.05, Rg: 0.00, Cen: 0.31, Ani: 0.00, Fit: 0.0232
Step:   43, T: 0.833E-06, 2615/18396, Succ: 10000, Eval: 924994, CPU: 00:01:05
 Rf: 0.0065, Los: 0.05, Rg: 0.01, Cen: 0.07, Ani: 0.00, Fit: 0.0232
Step:   44, T: 0.792E-06, 2627/18396, Succ: 10000, Eval: 946601, CPU: 00:01:06
 Rf: 0.0060, Los: 0.05, Rg: 0.00, Cen: 0.11, Ani: 0.00, Fit: 0.0227
Step:   45, T: 0.752E-06, 2613/18401, Succ: 10000, Eval: 968284, CPU: 00:01:07
 Rf: 0.0064, Los: 0.05, Rg: 0.00, Cen: 0.14, Ani: 0.00, Fit: 0.0226
Step:   46, T: 0.714E-06, 2629/18431, Succ: 10000, Eval: 990106, CPU: 00:01:07
 Rf: 0.0062, Los: 0.05, Rg: 0.00, Cen: 0.10, Ani: 0.00, Fit: 0.0229
Step:   47, T: 0.679E-06, 2609/18440, Succ: 10000, Eval: 1012810, CPU: 00:01:08
 Rf: 0.0064, Los: 0.05, Rg: 0.00, Cen: 0.08, Ani: 0.00, Fit: 0.0223
Step:   48, T: 0.645E-06, 2619/18456, Succ: 10000, Eval: 1035323, CPU: 00:01:09
 Rf: 0.0057, Los: 0.04, Rg: 0.00, Cen: 0.12, Ani: 0.00, Fit: 0.0220
Step:   49, T: 0.612E-06, 2655/18457, Succ: 10000, Eval: 1057942, CPU: 00:01:10
 Rf: 0.0054, Los: 0.04, Rg: 0.00, Cen: 0.22, Ani: 0.00, Fit: 0.0209
Step:   50, T: 0.582E-06, 2665/18461, Succ: 10000, Eval: 1080664, CPU: 00:01:10
 Rf: 0.0052, Los: 0.04, Rg: 0.00, Cen: 0.08, Ani: 0.00, Fit: 0.0204
Step:   51, T: 0.553E-06, 2711/18461, Succ: 10000, Eval: 1104174, CPU: 00:01:11
 Rf: 0.0058, Los: 0.04, Rg: 0.00, Cen: 0.24, Ani: 0.00, Fit: 0.0209
Step:   52, T: 0.525E-06, 2699/18461, Succ: 10000, Eval: 1127898, CPU: 00:01:12
 Rf: 0.0043, Los: 0.04, Rg: 0.00, Cen: 0.30, Ani: 0.00, Fit: 0.0199
Step:   53, T: 0.499E-06, 2705/18461, Succ: 10000, Eval: 1151826, CPU: 00:01:12
 Rf: 0.0056, Los: 0.04, Rg: 0.00, Cen: 0.13, Ani: 0.00, Fit: 0.0199
Step:   54, T: 0.474E-06, 2713/18464, Succ: 10000, Eval: 1176443, CPU: 00:01:13
 Rf: 0.0041, Los: 0.04, Rg: 0.00, Cen: 0.33, Ani: 0.00, Fit: 0.0194
Step:   55, T: 0.450E-06, 2739/18472, Succ: 10000, Eval: 1201229, CPU: 00:01:14
 Rf: 0.0053, Los: 0.03, Rg: 0.00, Cen: 0.19, Ani: 0.00, Fit: 0.0192
Step:   56, T: 0.428E-06, 2707/18475, Succ: 10000, Eval: 1226259, CPU: 00:01:15
 Rf: 0.0037, Los: 0.03, Rg: 0.00, Cen: 0.13, Ani: 0.00, Fit: 0.0186
Step:   57, T: 0.406E-06, 2745/18475, Succ: 10000, Eval: 1251780, CPU: 00:01:15
 Rf: 0.0047, Los: 0.03, Rg: 0.00, Cen: 0.17, Ani: 0.00, Fit: 0.0185
Step:   58, T: 0.386E-06, 2757/18475, Succ: 10000, Eval: 1277550, CPU: 00:01:16
 Rf: 0.0039, Los: 0.03, Rg: 0.00, Cen: 0.20, Ani: 0.00, Fit: 0.0178
Step:   59, T: 0.367E-06, 2747/18475, Succ: 10000, Eval: 1303581, CPU: 00:01:17
 Rf: 0.0038, Los: 0.03, Rg: 0.00, Cen: 0.18, Ani: 0.00, Fit: 0.0179
Step:   60, T: 0.348E-06, 2733/18492, Succ: 10000, Eval: 1330208, CPU: 00:01:18
 Rf: 0.0033, Los: 0.03, Rg: 0.00, Cen: 0.05, Ani: 0.00, Fit: 0.0173
Step:   61, T: 0.331E-06, 2763/18494, Succ: 10000, Eval: 1357221, CPU: 00:01:19
 Rf: 0.0034, Los: 0.03, Rg: 0.00, Cen: 0.03, Ani: 0.00, Fit: 0.0168
Step:   62, T: 0.314E-06, 2813/18496, Succ: 10000, Eval: 1385341, CPU: 00:01:19
 Rf: 0.0035, Los: 0.03, Rg: 0.00, Cen: 0.01, Ani: 0.00, Fit: 0.0169
Step:   63, T: 0.299E-06, 2815/18497, Succ: 10000, Eval: 1413920, CPU: 00:01:20
 Rf: 0.0031, Los: 0.03, Rg: 0.00, Cen: 0.17, Ani: 0.00, Fit: 0.0167
Step:   64, T: 0.284E-06, 2821/18500, Succ: 10000, Eval: 1442800, CPU: 00:01:21
 Rf: 0.0036, Los: 0.02, Rg: 0.00, Cen: 0.11, Ani: 0.00, Fit: 0.0160
Step:   65, T: 0.270E-06, 2841/18504, Succ: 10000, Eval: 1472494, CPU: 00:01:22
 Rf: 0.0031, Los: 0.02, Rg: 0.00, Cen: 0.02, Ani: 0.00, Fit: 0.0160
Step:   66, T: 0.256E-06, 2873/18504, Succ: 10000, Eval: 1503077, CPU: 00:01:23
 Rf: 0.0028, Los: 0.02, Rg: 0.00, Cen: 0.09, Ani: 0.00, Fit: 0.0154
Step:   67, T: 0.243E-06, 2839/18504, Succ: 10000, Eval: 1534591, CPU: 00:01:24
 Rf: 0.0030, Los: 0.02, Rg: 0.00, Cen: 0.07, Ani: 0.00, Fit: 0.0159
Step:   68, T: 0.231E-06, 2871/18504, Succ: 10000, Eval: 1565928, CPU: 00:01:25
 Rf: 0.0033, Los: 0.02, Rg: 0.00, Cen: 0.03, Ani: 0.00, Fit: 0.0151
Step:   69, T: 0.220E-06, 2861/18504, Succ: 10000, Eval: 1598254, CPU: 00:01:26
 Rf: 0.0027, Los: 0.02, Rg: 0.00, Cen: 0.14, Ani: 0.00, Fit: 0.0151
Step:   70, T: 0.209E-06, 2939/18504, Succ: 10000, Eval: 1631616, CPU: 00:01:27
 Rf: 0.0031, Los: 0.02, Rg: 0.00, Cen: 0.05, Ani: 0.00, Fit: 0.0146
Step:   71, T: 0.198E-06, 2935/18504, Succ: 10000, Eval: 1665645, CPU: 00:01:28
 Rf: 0.0031, Los: 0.02, Rg: 0.00, Cen: 0.07, Ani: 0.00, Fit: 0.0143
Step:   72, T: 0.188E-06, 2929/18508, Succ: 10000, Eval: 1700472, CPU: 00:01:29
 Rf: 0.0028, Los: 0.02, Rg: 0.00, Cen: 0.09, Ani: 0.00, Fit: 0.0141
Step:   73, T: 0.179E-06, 2975/18508, Succ: 10000, Eval: 1736527, CPU: 00:01:30
 Rf: 0.0029, Los: 0.02, Rg: 0.00, Cen: 0.02, Ani: 0.00, Fit: 0.0136
Step:   74, T: 0.170E-06, 2957/18512, Succ: 10000, Eval: 1773473, CPU: 00:01:31
 Rf: 0.0030, Los: 0.02, Rg: 0.00, Cen: 0.07, Ani: 0.00, Fit: 0.0138
Step:   75, T: 0.161E-06, 2967/18512, Succ: 10000, Eval: 1811311, CPU: 00:01:32
 Rf: 0.0024, Los: 0.02, Rg: 0.00, Cen: 0.01, Ani: 0.00, Fit: 0.0133
Step:   76, T: 0.153E-06, 3009/18512, Succ: 10000, Eval: 1850884, CPU: 00:01:33
 Rf: 0.0026, Los: 0.02, Rg: 0.00, Cen: 0.03, Ani: 0.00, Fit: 0.0132
Step:   77, T: 0.146E-06, 3017/18514, Succ: 10000, Eval: 1890881, CPU: 00:01:34
 Rf: 0.0023, Los: 0.02, Rg: 0.00, Cen: 0.06, Ani: 0.00, Fit: 0.0129
Step:   78, T: 0.138E-06, 3005/18514, Succ: 10000, Eval: 1932670, CPU: 00:01:36
 Rf: 0.0025, Los: 0.02, Rg: 0.00, Cen: 0.05, Ani: 0.00, Fit: 0.0130
Step:   79, T: 0.131E-06, 3023/18514, Succ: 10000, Eval: 1975267, CPU: 00:01:37
 Rf: 0.0023, Los: 0.02, Rg: 0.00, Cen: 0.03, Ani: 0.00, Fit: 0.0126
Step:   80, T: 0.125E-06, 3071/18514, Succ: 10000, Eval: 2019887, CPU: 00:01:38
 Rf: 0.0025, Los: 0.01, Rg: 0.00, Cen: 0.10, Ani: 0.00, Fit: 0.0122
Step:   81, T: 0.119E-06, 3085/18514, Succ: 10000, Eval: 2065400, CPU: 00:01:40
 Rf: 0.0021, Los: 0.01, Rg: 0.00, Cen: 0.04, Ani: 0.00, Fit: 0.0119
Step:   82, T: 0.113E-06, 3125/18514, Succ: 10000, Eval: 2112018, CPU: 00:01:41
 Rf: 0.0022, Los: 0.01, Rg: 0.00, Cen: 0.04, Ani: 0.00, Fit: 0.0116
Step:   83, T: 0.107E-06, 3109/18514, Succ: 10000, Eval: 2161415, CPU: 00:01:42
 Rf: 0.0021, Los: 0.01, Rg: 0.00, Cen: 0.01, Ani: 0.00, Fit: 0.0117
Step:   84, T: 0.102E-06, 3105/18514, Succ: 10000, Eval: 2212080, CPU: 00:01:44
 Rf: 0.0022, Los: 0.01, Rg: 0.00, Cen: 0.02, Ani: 0.00, Fit: 0.0117
Step:   85, T: 0.966E-07, 3167/18514, Succ: 10000, Eval: 2264771, CPU: 00:01:46
 Rf: 0.0021, Los: 0.01, Rg: 0.00, Cen: 0.11, Ani: 0.00, Fit: 0.0112
Step:   86, T: 0.918E-07, 3171/18514, Succ: 10000, Eval: 2319588, CPU: 00:01:47
 Rf: 0.0020, Los: 0.01, Rg: 0.00, Cen: 0.01, Ani: 0.00, Fit: 0.0110
Step:   87, T: 0.872E-07, 3161/18514, Succ: 10000, Eval: 2376044, CPU: 00:01:49
 Rf: 0.0021, Los: 0.01, Rg: 0.00, Cen: 0.02, Ani: 0.00, Fit: 0.0109
Step:   88, T: 0.829E-07, 3191/18514, Succ: 10000, Eval: 2435628, CPU: 00:01:51
 Rf: 0.0020, Los: 0.01, Rg: 0.00, Cen: 0.02, Ani: 0.00, Fit: 0.0108
Step:   89, T: 0.787E-07, 3215/18514, Succ: 10000, Eval: 2499465, CPU: 00:01:53
 Rf: 0.0020, Los: 0.01, Rg: 0.00, Cen: 0.00, Ani: 0.00, Fit: 0.0106
Step:   90, T: 0.748E-07, 3209/18514, Succ: 10000, Eval: 2564745, CPU: 00:01:55
 Rf: 0.0019, Los: 0.01, Rg: 0.00, Cen: 0.02, Ani: 0.00, Fit: 0.0106
Step:   91, T: 0.710E-07, 3219/18514, Succ: 10000, Eval: 2633679, CPU: 00:01:57
 Rf: 0.0019, Los: 0.01, Rg: 0.00, Cen: 0.02, Ani: 0.00, Fit: 0.0103
Step:   92, T: 0.675E-07, 3235/18514, Succ: 10000, Eval: 2706887, CPU: 00:01:59
 Rf: 0.0019, Los: 0.01, Rg: 0.00, Cen: 0.07, Ani: 0.00, Fit: 0.0103
Step:   93, T: 0.641E-07, 3245/18514, Succ: 10000, Eval: 2782236, CPU: 00:02:02
 Rf: 0.0017, Los: 0.01, Rg: 0.00, Cen: 0.02, Ani: 0.00, Fit: 0.0099
Step:   94, T: 0.609E-07, 3267/18514, Succ: 10000, Eval: 2864526, CPU: 00:02:04
 Rf: 0.0018, Los: 0.01, Rg: 0.00, Cen: 0.02, Ani: 0.00, Fit: 0.0099
Step:   95, T: 0.579E-07, 3293/18514, Succ: 10000, Eval: 2951825, CPU: 00:02:07
 Rf: 0.0018, Los: 0.01, Rg: 0.00, Cen: 0.01, Ani: 0.00, Fit: 0.0096
Step:   96, T: 0.550E-07, 3305/18514, Succ: 10000, Eval: 3045300, CPU: 00:02:10
 Rf: 0.0016, Los: 0.01, Rg: 0.00, Cen: 0.01, Ani: 0.00, Fit: 0.0095
Step:   97, T: 0.522E-07, 3317/18514, Succ: 10000, Eval: 3145069, CPU: 00:02:13
 Rf: 0.0018, Los: 0.01, Rg: 0.00, Cen: 0.02, Ani: 0.00, Fit: 0.0094
Step:   98, T: 0.496E-07, 3349/18514, Succ: 9536, Eval: 3245069, CPU: 00:02:16
 Rf: 0.0017, Los: 0.01, Rg: 0.00, Cen: 0.03, Ani: 0.00, Fit: 0.0093
Step:   99, T: 0.471E-07, 3348/18514, Succ: 8847, Eval: 3345069, CPU: 00:02:19
 Rf: 0.0017, Los: 0.01, Rg: 0.00, Cen: 0.01, Ani: 0.00, Fit: 0.0092
Step:  100, T: 0.448E-07, 3347/18514, Succ: 8305, Eval: 3445069, CPU: 00:02:22
 Rf: 0.0017, Los: 0.01, Rg: 0.00, Cen: 0.01, Ani: 0.00, Fit: 0.0091
Step:  101, T: 0.425E-07, 3356/18514, Succ: 7725, Eval: 3545069, CPU: 00:02:25
 Rf: 0.0017, Los: 0.01, Rg: 0.00, Cen: 0.01, Ani: 0.00, Fit: 0.0090
Step:  102, T: 0.404E-07, 3371/18514, Succ: 7077, Eval: 3645069, CPU: 00:02:28
 Rf: 0.0017, Los: 0.01, Rg: 0.00, Cen: 0.02, Ani: 0.00, Fit: 0.0089
Step:  103, T: 0.384E-07, 3381/18514, Succ: 6486, Eval: 3745069, CPU: 00:02:32
 Rf: 0.0017, Los: 0.01, Rg: 0.00, Cen: 0.01, Ani: 0.00, Fit: 0.0087
Step:  104, T: 0.365E-07, 3404/18514, Succ: 6051, Eval: 3845069, CPU: 00:02:35
 Rf: 0.0017, Los: 0.01, Rg: 0.00, Cen: 0.01, Ani: 0.00, Fit: 0.0086
Step:  105, T: 0.346E-07, 3410/18514, Succ: 5230, Eval: 3945069, CPU: 00:02:38
 Rf: 0.0016, Los: 0.01, Rg: 0.00, Cen: 0.01, Ani: 0.00, Fit: 0.0085
Step:  106, T: 0.329E-07, 3400/18514, Succ: 4842, Eval: 4045069, CPU: 00:02:41
 Rf: 0.0016, Los: 0.01, Rg: 0.00, Cen: 0.01, Ani: 0.00, Fit: 0.0085
Step:  107, T: 0.313E-07, 3421/18514, Succ: 4413, Eval: 4145069, CPU: 00:02:44
 Rf: 0.0016, Los: 0.01, Rg: 0.00, Cen: 0.00, Ani: 0.00, Fit: 0.0083
Step:  108, T: 0.297E-07, 3422/18514, Succ: 3859, Eval: 4245069, CPU: 00:02:47
 Rf: 0.0015, Los: 0.01, Rg: 0.00, Cen: 0.02, Ani: 0.00, Fit: 0.0083
Step:  109, T: 0.282E-07, 3441/18514, Succ: 3435, Eval: 4345069, CPU: 00:02:51
 Rf: 0.0016, Los: 0.01, Rg: 0.00, Cen: 0.01, Ani: 0.00, Fit: 0.0081
Step:  110, T: 0.268E-07, 3440/18514, Succ: 2729, Eval: 4445069, CPU: 00:02:54
 Rf: 0.0017, Los: 0.01, Rg: 0.00, Cen: 0.01, Ani: 0.00, Fit: 0.0081
Step:  111, T: 0.255E-07, 3471/18514, Succ: 2759, Eval: 4545069, CPU: 00:02:57
 Rf: 0.0016, Los: 0.01, Rg: 0.00, Cen: 0.00, Ani: 0.00, Fit: 0.0080
Step:  112, T: 0.242E-07, 3473/18514, Succ: 2342, Eval: 4645069, CPU: 00:03:00
 Rf: 0.0016, Los: 0.01, Rg: 0.00, Cen: 0.00, Ani: 0.00, Fit: 0.0080
Step:  113, T: 0.230E-07, 3480/18514, Succ: 2015, Eval: 4745069, CPU: 00:03:03
 Rf: 0.0017, Los: 0.01, Rg: 0.00, Cen: 0.01, Ani: 0.00, Fit: 0.0079
Step:  114, T: 0.218E-07, 3487/18514, Succ: 1759, Eval: 4845069, CPU: 00:03:07
 Rf: 0.0016, Los: 0.01, Rg: 0.00, Cen: 0.01, Ani: 0.00, Fit: 0.0079
Step:  115, T: 0.207E-07, 3481/18514, Succ: 1454, Eval: 4945069, CPU: 00:03:10
 Rf: 0.0017, Los: 0.01, Rg: 0.00, Cen: 0.00, Ani: 0.00, Fit: 0.0078
Step:  116, T: 0.197E-07, 3505/18514, Succ: 1152, Eval: 5045069, CPU: 00:03:13
 Rf: 0.0016, Los: 0.01, Rg: 0.00, Cen: 0.01, Ani: 0.00, Fit: 0.0078
Step:  117, T: 0.187E-07, 3510/18514, Succ: 1083, Eval: 5145069, CPU: 00:03:16
 Rf: 0.0016, Los: 0.01, Rg: 0.00, Cen: 0.01, Ani: 0.00, Fit: 0.0077
Step:  118, T: 0.178E-07, 3497/18514, Succ: 815, Eval: 5245069, CPU: 00:03:19
 Rf: 0.0016, Los: 0.01, Rg: 0.00, Cen: 0.00, Ani: 0.00, Fit: 0.0077
Step:  119, T: 0.169E-07, 3504/18514, Succ: 701, Eval: 5345069, CPU: 00:03:23
 Rf: 0.0017, Los: 0.01, Rg: 0.00, Cen: 0.01, Ani: 0.00, Fit: 0.0077
Step:  120, T: 0.160E-07, 3508/18514, Succ: 642, Eval: 5445069, CPU: 00:03:26
 Rf: 0.0017, Los: 0.01, Rg: 0.00, Cen: 0.00, Ani: 0.00, Fit: 0.0077
Step:  121, T: 0.152E-07, 3496/18514, Succ: 556, Eval: 5545069, CPU: 00:03:29
 Rf: 0.0017, Los: 0.01, Rg: 0.00, Cen: 0.01, Ani: 0.00, Fit: 0.0077
Step:  122, T: 0.145E-07, 3511/18514, Succ: 487, Eval: 5645069, CPU: 00:03:32
 Rf: 0.0017, Los: 0.01, Rg: 0.00, Cen: 0.00, Ani: 0.00, Fit: 0.0077
Step:  123, T: 0.138E-07, 3509/18514, Succ: 288, Eval: 5745069, CPU: 00:03:36
 Rf: 0.0017, Los: 0.01, Rg: 0.00, Cen: 0.01, Ani: 0.00, Fit: 0.0077
Step:  124, T: 0.131E-07, 3518/18514, Succ: 217, Eval: 5845069, CPU: 00:03:39
 Rf: 0.0017, Los: 0.01, Rg: 0.00, Cen: 0.00, Ani: 0.00, Fit: 0.0076
Step:  125, T: 0.124E-07, 3520/18514, Succ: 132, Eval: 5945069, CPU: 00:03:42
 Rf: 0.0017, Los: 0.01, Rg: 0.00, Cen: 0.00, Ani: 0.00, Fit: 0.0076
Step:  126, T: 0.118E-07, 3520/18514, Succ: 154, Eval: 6045069, CPU: 00:03:46
 Rf: 0.0017, Los: 0.01, Rg: 0.00, Cen: 0.00, Ani: 0.00, Fit: 0.0076
Step:  127, T: 0.112E-07, 3515/18514, Succ: 101, Eval: 6145069, CPU: 00:03:49
 Rf: 0.0017, Los: 0.01, Rg: 0.00, Cen: 0.00, Ani: 0.00, Fit: 0.0076
Step:  128, T: 0.106E-07, 3519/18514, Succ: 106, Eval: 6245069, CPU: 00:03:52
 Rf: 0.0017, Los: 0.01, Rg: 0.00, Cen: 0.00, Ani: 0.00, Fit: 0.0076
Step:  129, T: 0.101E-07, 3520/18514, Succ: 129, Eval: 6345069, CPU: 00:03:56
 Rf: 0.0017, Los: 0.01, Rg: 0.00, Cen: 0.00, Ani: 0.00, Fit: 0.0076
Step:  130, T: 0.961E-08, 3520/18514, Succ: 88, Eval: 6445069, CPU: 00:03:59
 Rf: 0.0017, Los: 0.01, Rg: 0.00, Cen: 0.00, Ani: 0.00, Fit: 0.0076
Step:  131, T: 0.913E-08, 3517/18514, Succ: 67, Eval: 6545069, CPU: 00:04:02
 Rf: 0.0017, Los: 0.01, Rg: 0.00, Cen: 0.00, Ani: 0.00, Fit: 0.0076
Step:  132, T: 0.867E-08, 3518/18514, Succ: 55, Eval: 6645069, CPU: 00:04:06
 Rf: 0.0017, Los: 0.01, Rg: 0.00, Cen: 0.00, Ani: 0.00, Fit: 0.0076
Step:  133, T: 0.824E-08, 3521/18514, Succ: 55, Eval: 6745069, CPU: 00:04:09
 Rf: 0.0017, Los: 0.01, Rg: 0.00, Cen: 0.00, Ani: 0.00, Fit: 0.0076
Step:  134, T: 0.783E-08, 3519/18514, Succ: 46, Eval: 6845069, CPU: 00:04:13
 Rf: 0.0017, Los: 0.01, Rg: 0.00, Cen: 0.01, Ani: 0.00, Fit: 0.0076
Annealing procedure status ....................... : cooled down
Probability that the model fits the data ......... : 0.603E-05
Preparing output files ........................... : pdb, fit, fir
Log closed ....................................... : 24-Mar-2020, 18:24:23
