
    ---  CREATED BY DAMSEL     5.0 (r11734) ---
    ------------------------------------------
      CROSS-CORRELATION nsd TABLE BY SUPCOMB  
    ------------------------------------------

Input files:
    1  lys_8_01-1.pdb
    2  lys_8_02-1.pdb
    3  lys_8_03-1.pdb
    4  lys_8_04-1.pdb
    5  lys_8_05-1.pdb
    6  lys_8_06-1.pdb
    7  lys_8_07-1.pdb
    8  lys_8_08-1.pdb
    9  lys_8_09-1.pdb
   10  lys_8_10-1.pdb
   11  lys_8_11-1.pdb
   12  lys_8_12-1.pdb
   13  lys_8_13-1.pdb
   14  lys_8_14-1.pdb
   15  lys_8_15-1.pdb
   16  lys_8_16-1.pdb
   17  lys_8_17-1.pdb
   18  lys_8_18-1.pdb
   19  lys_8_19-1.pdb
   20  lys_8_20-1.pdb

SASRES resolution computation:  

   Ensemble Resolution =    20 +-  2 Angstrom
   If you use SASRES resolution estimate in your own publication, 
please cite: A.T. Tuukkanen, G.J. Kleywegt and D.I. Svergun (2016) Resolution of 
ab initio shapes determined from small-angle scattering IUCrJ 3, 440-447.

  File Aver      1      2      3      4      5      6      7      8      9     10     11     12     13     14     15     16     17     18     19     20
     1   0.63   0.00   0.72   0.60   0.52   0.53   0.76   0.58   0.56   0.74   0.56   0.73   0.62   0.64   0.65   0.56   0.52   0.63   0.76   0.61   0.63
     2   0.65   0.72   0.00   0.65   0.70   0.71   0.50   0.80   0.68   0.50   0.64   0.65   0.59   0.79   0.56   0.68   0.83   0.62   0.48   0.70   0.63
     3   0.61   0.60   0.65   0.00   0.61   0.60   0.65   0.66   0.53   0.65   0.57   0.67   0.62   0.59   0.70   0.51   0.65   0.55   0.66   0.57   0.54
     4   0.63   0.52   0.70   0.61   0.00   0.51   0.75   0.58   0.61   0.74   0.57   0.71   0.64   0.60   0.69   0.58   0.52   0.62   0.75   0.62   0.62
     5   0.63   0.53   0.71   0.60   0.51   0.00   0.76   0.53   0.62   0.74   0.59   0.73   0.60   0.60   0.68   0.56   0.53   0.59   0.73   0.62   0.63
     6   0.68   0.76   0.50   0.65   0.75   0.76   0.00   0.80   0.68   0.50   0.66   0.69   0.61   0.81   0.64   0.68   0.83   0.61   0.55   0.73   0.63
     7   0.67   0.58   0.80   0.66   0.58   0.53   0.80   0.00   0.58   0.80   0.67   0.71   0.69   0.51   0.75   0.63   0.53   0.71   0.79   0.69   0.64
     8   0.61   0.56   0.68   0.53   0.61   0.62   0.68   0.58   0.00   0.66   0.56   0.66   0.60   0.60   0.68   0.55   0.60   0.57   0.69   0.58   0.58
     9   0.66   0.74   0.50   0.65   0.74   0.74   0.50   0.80   0.66   0.00   0.64   0.66   0.58   0.79   0.60   0.68   0.81   0.64   0.53   0.70   0.63
    10   0.61   0.56   0.64   0.57   0.57   0.59   0.66   0.67   0.56   0.64   0.00   0.73   0.58   0.67   0.66   0.52   0.63   0.54   0.65   0.51   0.57
    11   0.68   0.73   0.65   0.67   0.71   0.73   0.69   0.71   0.66   0.66   0.73   0.00   0.66   0.66   0.61   0.66   0.75   0.66   0.67   0.66   0.72
    12   0.62   0.62   0.59   0.62   0.64   0.60   0.61   0.69   0.60   0.58   0.58   0.66   0.00   0.69   0.56   0.63   0.67   0.58   0.59   0.66   0.62
    13   0.66   0.64   0.79   0.59   0.60   0.60   0.81   0.51   0.60   0.79   0.67   0.66   0.69   0.00   0.78   0.59   0.49   0.66   0.77   0.67   0.65
    14   0.67   0.65   0.56   0.70   0.69   0.68   0.64   0.75   0.68   0.60   0.66   0.61   0.56   0.78   0.00   0.70   0.75   0.67   0.56   0.70   0.70
    15   0.60   0.56   0.68   0.51   0.58   0.56   0.68   0.63   0.55   0.68   0.52   0.66   0.63   0.59   0.70   0.00   0.61   0.54   0.69   0.57   0.54
    16   0.66   0.52   0.83   0.65   0.52   0.53   0.83   0.53   0.60   0.81   0.63   0.75   0.67   0.49   0.75   0.61   0.00   0.65   0.82   0.67   0.64
    17   0.61   0.63   0.62   0.55   0.62   0.59   0.61   0.71   0.57   0.64   0.54   0.66   0.58   0.66   0.67   0.54   0.65   0.00   0.63   0.56   0.58
    18   0.67   0.76   0.48   0.66   0.75   0.73   0.55   0.79   0.69   0.53   0.65   0.67   0.59   0.77   0.56   0.69   0.82   0.63   0.00   0.70   0.65
    19   0.64   0.61   0.70   0.57   0.62   0.62   0.73   0.69   0.58   0.70   0.51   0.66   0.66   0.67   0.70   0.57   0.67   0.56   0.70   0.00   0.55
    20   0.62   0.63   0.63   0.54   0.62   0.63   0.63   0.64   0.58   0.63   0.57   0.72   0.62   0.65   0.70   0.54   0.64   0.58   0.65   0.55   0.00
  Aver   0.64   0.63   0.65   0.61   0.63   0.63   0.68   0.67   0.61   0.66   0.61   0.68   0.62   0.66   0.67   0.60   0.66   0.61   0.67   0.64   0.62

Mean value of NSD         :      0.639
Standard deviation of NSD :      0.026

It is recommend to discard files with nsd > Mean + 2*Standard deviation
 Recommendation       NSD  File
        Include     0.605  lys_8_15-1.pdb
        Include     0.605  lys_8_10-1.pdb
        Include     0.608  lys_8_03-1.pdb
        Include     0.611  lys_8_17-1.pdb
        Include     0.611  lys_8_08-1.pdb
        Include     0.618  lys_8_20-1.pdb
        Include     0.621  lys_8_12-1.pdb
        Include     0.625  lys_8_05-1.pdb
        Include     0.628  lys_8_01-1.pdb
        Include     0.630  lys_8_04-1.pdb
        Include     0.635  lys_8_19-1.pdb
        Include     0.654  lys_8_02-1.pdb
        Include     0.658  lys_8_16-1.pdb
        Include     0.661  lys_8_13-1.pdb
        Include     0.663  lys_8_09-1.pdb
        Include     0.665  lys_8_14-1.pdb
        Include     0.665  lys_8_07-1.pdb
        Include     0.667  lys_8_18-1.pdb
        Include     0.676  lys_8_06-1.pdb
        Include     0.683  lys_8_11-1.pdb
