   === DAMMIN  started at           24-Mar-2020   20:12:36
 Computation mode ....................................... : Slow
 Project identifier ..................................... : refine_lys_8
 Project description:
 Initialized random seed as ..................... : 8882130738403745763
 GNOM file name ......................................... : lys_8.out
 Data set title
 Maximum diameter of the particle ....................... : 44.00
 Radius of gyration read ................................ : 14.67
 Number of GNOM data points ............................. : 438
 Maximum s value [1/angstrom] ........................... : 0.5793
 Number of Shannon channels ............................. : 8.114
 Number of knots in the curve to fit .................... : 20
  *** Warning: constant reduced to avoid oversubtraction
 A constant was subtracted .............................. : 4.162E-05
 Maximum order of harmonics ............................. : 15
 DAM coordinates file name .............................. : lys_8_damstart.pdb
 Number of atoms read ................................... : 4031
 Maximum radius ......................................... : 29.03
 Packing radius of dummy atoms .......................... : 1.250
 Point symmetry of the particle ......................... : P1
 Number of core (fixed) atoms ........................... : 904
 Number of equivalent positions ......................... : 1
 Expected particle anisometry ........................... : Unknown
 Excluded volume per atom ............................... : 11.06
 Radius of 1st coordination sphere ...................... : 3.525
 Minimum number of contacts ............................. : 4
 Maximum number of contacts ............................. : 13
 Looseness penalty weight ............................... : 3.000E-03
 No of non-solvent atoms ................................ : 4031
 Initial DAM looseness .................................. : 2.988E-03
 Disconnectivity penalty weight ......................... : 3.000E-03
 Initial DAM # of graphs ................................ : 1
 Discontiguity   value .................................. : 0.0
 Center of the initial DAM:    0.9066  -0.1626   0.2233
 Peripheral penalty weight .............................. : 0.3000
 Peripheral penalty value ............................... : 0.3780
 Looseness fixing threshold ............................. : 0.0
 R-factor  fixing threshold ............................. : 0.0
  ***    The structure was randomized    ***
 No of non-solvent atoms ................................ : 2480
 Randomized DAM looseness ............................... : 3.855E-02
 Randomized DAM # of graphs ............................. : 6
 Discontiguity   value .................................. : 2.018E-03
 Randomized peripheral penalty value .................... : 0.3431
 Weight: 0=s^2, 1=Emphas.s->0, 2=Log .................... : 1
 *** Porod weight with emphasis at low s ***
 Initial scale factor ................................... : 2.061E-11
 Scale factor fixed (Y=Yes, N=No) ....................... : N
 Initial R^2 factor ..................................... : 0.1129
 Initial R   factor ..................................... : 0.3360
 Initial penalty ........................................ : 0.1031
 Initial fVal ........................................... : 0.2160
 Variation of the target function ....................... : 1.107E-04
 CPU per function call, seconds ......................... : 3.050E-04
 Initial annealing temperature .......................... : 1.000E-03
 Annealing schedule factor .............................. : 0.9500
 # of independent atoms to modify ....................... : 1
 Max # of iterations at each T .......................... : 218890
 Max # of successes at each T ........................... : 21889
 Min # of successes to continue ......................... : 72
 Max # of annealing steps ............................... : 200
  ====  Simulated annealing procedure started  ====
 j:   1 T: 0.100E-02 Suc: 21889 Eva:    23020 CPU:  0.686E+01 SqF: 0.4440
  Rf: 0.31145 Los:0.0424 Dis:0.0038 Per:  0.3333 Sca: 0.221E-10
 j:   2 T: 0.950E-03 Suc: 21889 Eva:    46156 CPU:  0.138E+02 SqF: 0.4365
  Rf: 0.31004 Los:0.0439 Dis:0.0051 Per:  0.3309 Sca: 0.224E-10
 j:   3 T: 0.903E-03 Suc: 21889 Eva:    69256 CPU:  0.206E+02 SqF: 0.4311
  Rf: 0.30947 Los:0.0465 Dis:0.0117 Per:  0.3319 Sca: 0.228E-10
 j:   4 T: 0.857E-03 Suc: 21889 Eva:    92477 CPU:  0.275E+02 SqF: 0.4238
  Rf: 0.30622 Los:0.0437 Dis:0.0048 Per:  0.3333 Sca: 0.233E-10
 j:   5 T: 0.815E-03 Suc: 21889 Eva:   115683 CPU:  0.344E+02 SqF: 0.4160
  Rf: 0.30435 Los:0.0445 Dis:0.0064 Per:  0.3284 Sca: 0.223E-10
 j:   6 T: 0.774E-03 Suc: 21889 Eva:   139027 CPU:  0.413E+02 SqF: 0.4144
  Rf: 0.30683 Los:0.0447 Dis:0.0073 Per:  0.3335 Sca: 0.226E-10
 j:   7 T: 0.735E-03 Suc: 21889 Eva:   162452 CPU:  0.483E+02 SqF: 0.4089
  Rf: 0.30770 Los:0.0464 Dis:0.0039 Per:  0.3283 Sca: 0.225E-10
 j:   8 T: 0.698E-03 Suc: 21889 Eva:   185876 CPU:  0.552E+02 SqF: 0.4059
  Rf: 0.30759 Los:0.0463 Dis:0.0060 Per:  0.3339 Sca: 0.229E-10
 j:   9 T: 0.663E-03 Suc: 21889 Eva:   209490 CPU:  0.622E+02 SqF: 0.3980
  Rf: 0.30448 Los:0.0480 Dis:0.0078 Per:  0.3291 Sca: 0.229E-10
 j:  10 T: 0.630E-03 Suc: 21889 Eva:   233122 CPU:  0.692E+02 SqF: 0.3891
  Rf: 0.29781 Los:0.0485 Dis:0.0106 Per:  0.3308 Sca: 0.237E-10
 j:  11 T: 0.599E-03 Suc: 21889 Eva:   256947 CPU:  0.762E+02 SqF: 0.3866
  Rf: 0.30003 Los:0.0465 Dis:0.0092 Per:  0.3298 Sca: 0.232E-10
 j:  12 T: 0.569E-03 Suc: 21889 Eva:   280898 CPU:  0.832E+02 SqF: 0.3824
  Rf: 0.29931 Los:0.0479 Dis:0.0079 Per:  0.3311 Sca: 0.237E-10
 j:  13 T: 0.540E-03 Suc: 21889 Eva:   304850 CPU:  0.902E+02 SqF: 0.3780
  Rf: 0.29830 Los:0.0467 Dis:0.0079 Per:  0.3313 Sca: 0.238E-10
 j:  14 T: 0.513E-03 Suc: 21889 Eva:   328905 CPU:  0.973E+02 SqF: 0.3716
  Rf: 0.29517 Los:0.0460 Dis:0.0082 Per:  0.3298 Sca: 0.229E-10
 j:  15 T: 0.488E-03 Suc: 21889 Eva:   353041 CPU:  0.104E+03 SqF: 0.3711
  Rf: 0.29898 Los:0.0483 Dis:0.0087 Per:  0.3293 Sca: 0.232E-10
 j:  16 T: 0.463E-03 Suc: 21889 Eva:   377205 CPU:  0.111E+03 SqF: 0.3649
  Rf: 0.29454 Los:0.0455 Dis:0.0083 Per:  0.3326 Sca: 0.236E-10
 j:  17 T: 0.440E-03 Suc: 21889 Eva:   401613 CPU:  0.119E+03 SqF: 0.3599
  Rf: 0.29174 Los:0.0459 Dis:0.0159 Per:  0.3351 Sca: 0.238E-10
 j:  18 T: 0.418E-03 Suc: 21889 Eva:   426156 CPU:  0.126E+03 SqF: 0.3556
  Rf: 0.29130 Los:0.0495 Dis:0.0053 Per:  0.3302 Sca: 0.234E-10
 j:  19 T: 0.397E-03 Suc: 21889 Eva:   450970 CPU:  0.133E+03 SqF: 0.3509
  Rf: 0.29020 Los:0.0478 Dis:0.0045 Per:  0.3255 Sca: 0.243E-10
 j:  20 T: 0.377E-03 Suc: 21889 Eva:   476025 CPU:  0.140E+03 SqF: 0.3428
  Rf: 0.28316 Los:0.0472 Dis:0.0102 Per:  0.3282 Sca: 0.240E-10
 j:  21 T: 0.358E-03 Suc: 21889 Eva:   501123 CPU:  0.147E+03 SqF: 0.3428
  Rf: 0.28316 Los:0.0472 Dis:0.0102 Per:  0.3282 Sca: 0.240E-10
 j:  22 T: 0.341E-03 Suc: 21889 Eva:   526435 CPU:  0.154E+03 SqF: 0.3411
  Rf: 0.28732 Los:0.0491 Dis:0.0120 Per:  0.3288 Sca: 0.239E-10
 j:  23 T: 0.324E-03 Suc: 21889 Eva:   552153 CPU:  0.162E+03 SqF: 0.3271
  Rf: 0.27360 Los:0.0534 Dis:0.0120 Per:  0.3289 Sca: 0.258E-10
 j:  24 T: 0.307E-03 Suc: 21889 Eva:   577970 CPU:  0.169E+03 SqF: 0.3271
  Rf: 0.27360 Los:0.0534 Dis:0.0120 Per:  0.3289 Sca: 0.258E-10
 j:  25 T: 0.292E-03 Suc: 21889 Eva:   603900 CPU:  0.176E+03 SqF: 0.3214
  Rf: 0.27337 Los:0.0516 Dis:0.0074 Per:  0.3242 Sca: 0.255E-10
 j:  26 T: 0.277E-03 Suc: 21889 Eva:   630050 CPU:  0.184E+03 SqF: 0.3207
  Rf: 0.27468 Los:0.0516 Dis:0.0110 Per:  0.3273 Sca: 0.252E-10
 j:  27 T: 0.264E-03 Suc: 21889 Eva:   656610 CPU:  0.191E+03 SqF: 0.3150
  Rf: 0.27102 Los:0.0483 Dis:0.0082 Per:  0.3243 Sca: 0.252E-10
 j:  28 T: 0.250E-03 Suc: 21889 Eva:   683660 CPU:  0.198E+03 SqF: 0.3034
  Rf: 0.25982 Los:0.0551 Dis:0.0217 Per:  0.3234 Sca: 0.263E-10
 j:  29 T: 0.238E-03 Suc: 21889 Eva:   711215 CPU:  0.206E+03 SqF: 0.3006
  Rf: 0.25899 Los:0.0507 Dis:0.0187 Per:  0.3231 Sca: 0.258E-10
 j:  30 T: 0.226E-03 Suc: 21889 Eva:   738908 CPU:  0.213E+03 SqF: 0.2935
  Rf: 0.25329 Los:0.0567 Dis:0.0240 Per:  0.3211 Sca: 0.270E-10
 j:  31 T: 0.215E-03 Suc: 21889 Eva:   767111 CPU:  0.221E+03 SqF: 0.2929
  Rf: 0.25491 Los:0.0564 Dis:0.0154 Per:  0.3202 Sca: 0.274E-10
 j:  32 T: 0.204E-03 Suc: 21889 Eva:   795898 CPU:  0.229E+03 SqF: 0.2796
  Rf: 0.24191 Los:0.0606 Dis:0.0277 Per:  0.3167 Sca: 0.283E-10
 j:  33 T: 0.194E-03 Suc: 21889 Eva:   825046 CPU:  0.236E+03 SqF: 0.2722
  Rf: 0.23546 Los:0.0574 Dis:0.0181 Per:  0.3172 Sca: 0.280E-10
 j:  34 T: 0.184E-03 Suc: 21889 Eva:   854881 CPU:  0.244E+03 SqF: 0.2616
  Rf: 0.22543 Los:0.0579 Dis:0.0338 Per:  0.3141 Sca: 0.290E-10
 j:  35 T: 0.175E-03 Suc: 21889 Eva:   885631 CPU:  0.252E+03 SqF: 0.2572
  Rf: 0.22192 Los:0.0606 Dis:0.0286 Per:  0.3172 Sca: 0.301E-10
 j:  36 T: 0.166E-03 Suc: 21889 Eva:   916721 CPU:  0.260E+03 SqF: 0.2534
  Rf: 0.21987 Los:0.0632 Dis:0.0373 Per:  0.3122 Sca: 0.303E-10
 j:  37 T: 0.158E-03 Suc: 21889 Eva:   948477 CPU:  0.268E+03 SqF: 0.2475
  Rf: 0.21511 Los:0.0595 Dis:0.0230 Per:  0.3111 Sca: 0.299E-10
 j:  38 T: 0.150E-03 Suc: 21889 Eva:   980953 CPU:  0.276E+03 SqF: 0.2417
  Rf: 0.21034 Los:0.0606 Dis:0.0241 Per:  0.3095 Sca: 0.312E-10
 j:  39 T: 0.142E-03 Suc: 21889 Eva:  1014236 CPU:  0.284E+03 SqF: 0.2331
  Rf: 0.20173 Los:0.0596 Dis:0.0277 Per:  0.3132 Sca: 0.311E-10
 j:  40 T: 0.135E-03 Suc: 21889 Eva:  1048442 CPU:  0.292E+03 SqF: 0.2246
  Rf: 0.19410 Los:0.0627 Dis:0.0417 Per:  0.3071 Sca: 0.316E-10
 j:  41 T: 0.129E-03 Suc: 21889 Eva:  1083368 CPU:  0.301E+03 SqF: 0.2142
  Rf: 0.18365 Los:0.0598 Dis:0.0259 Per:  0.3085 Sca: 0.327E-10
 j:  42 T: 0.122E-03 Suc: 21889 Eva:  1119713 CPU:  0.309E+03 SqF: 0.2061
  Rf: 0.17576 Los:0.0633 Dis:0.0389 Per:  0.3076 Sca: 0.343E-10
 j:  43 T: 0.116E-03 Suc: 21889 Eva:  1156349 CPU:  0.317E+03 SqF: 0.1907
  Rf: 0.15959 Los:0.0650 Dis:0.0454 Per:  0.3034 Sca: 0.359E-10
 j:  44 T: 0.110E-03 Suc: 21889 Eva:  1194059 CPU:  0.326E+03 SqF: 0.1899
  Rf: 0.16002 Los:0.0738 Dis:0.0683 Per:  0.3032 Sca: 0.362E-10
 j:  45 T: 0.105E-03 Suc: 21889 Eva:  1232540 CPU:  0.335E+03 SqF: 0.1873
  Rf: 0.15850 Los:0.0634 Dis:0.0467 Per:  0.3062 Sca: 0.352E-10
 j:  46 T: 0.994E-04 Suc: 21889 Eva:  1271929 CPU:  0.343E+03 SqF: 0.1794
  Rf: 0.15102 Los:0.0661 Dis:0.0510 Per:  0.3024 Sca: 0.369E-10
 j:  47 T: 0.945E-04 Suc: 21889 Eva:  1312581 CPU:  0.352E+03 SqF: 0.1674
  Rf: 0.13882 Los:0.0631 Dis:0.0429 Per:  0.2974 Sca: 0.378E-10
 j:  48 T: 0.897E-04 Suc: 21889 Eva:  1354229 CPU:  0.361E+03 SqF: 0.1648
  Rf: 0.13717 Los:0.0657 Dis:0.0681 Per:  0.2946 Sca: 0.369E-10
 j:  49 T: 0.853E-04 Suc: 21889 Eva:  1396756 CPU:  0.371E+03 SqF: 0.1529
  Rf: 0.12376 Los:0.0656 Dis:0.0636 Per:  0.3005 Sca: 0.392E-10
 j:  50 T: 0.810E-04 Suc: 21889 Eva:  1439599 CPU:  0.380E+03 SqF: 0.1509
  Rf: 0.12371 Los:0.0623 Dis:0.0457 Per:  0.2939 Sca: 0.381E-10
 j:  51 T: 0.769E-04 Suc: 21889 Eva:  1483289 CPU:  0.389E+03 SqF: 0.1401
  Rf: 0.11158 Los:0.0719 Dis:0.0683 Per:  0.2925 Sca: 0.408E-10
 j:  52 T: 0.731E-04 Suc: 21889 Eva:  1528185 CPU:  0.398E+03 SqF: 0.1348
  Rf: 0.10654 Los:0.0676 Dis:0.0653 Per:  0.2926 Sca: 0.410E-10
 j:  53 T: 0.694E-04 Suc: 21889 Eva:  1573872 CPU:  0.407E+03 SqF: 0.1303
  Rf: 0.10279 Los:0.0663 Dis:0.0472 Per:  0.2919 Sca: 0.410E-10
 j:  54 T: 0.660E-04 Suc: 21889 Eva:  1620620 CPU:  0.417E+03 SqF: 0.1292
  Rf: 0.10241 Los:0.0654 Dis:0.0609 Per:  0.2938 Sca: 0.404E-10
 j:  55 T: 0.627E-04 Suc: 21889 Eva:  1668033 CPU:  0.426E+03 SqF: 0.1224
  Rf: 0.09563 Los:0.0630 Dis:0.0618 Per:  0.2902 Sca: 0.411E-10
 j:  56 T: 0.595E-04 Suc: 21889 Eva:  1716600 CPU:  0.436E+03 SqF: 0.1210
  Rf: 0.09519 Los:0.0649 Dis:0.0518 Per:  0.2929 Sca: 0.411E-10
 j:  57 T: 0.566E-04 Suc: 21889 Eva:  1765779 CPU:  0.446E+03 SqF: 0.1154
  Rf: 0.09061 Los:0.0631 Dis:0.0520 Per:  0.2810 Sca: 0.413E-10
 j:  58 T: 0.537E-04 Suc: 21889 Eva:  1816110 CPU:  0.456E+03 SqF: 0.1127
  Rf: 0.08695 Los:0.0647 Dis:0.0645 Per:  0.2950 Sca: 0.422E-10
 j:  59 T: 0.510E-04 Suc: 21889 Eva:  1866251 CPU:  0.466E+03 SqF: 0.1048
  Rf: 0.07890 Los:0.0646 Dis:0.0650 Per:  0.2857 Sca: 0.421E-10
 j:  60 T: 0.485E-04 Suc: 21889 Eva:  1916962 CPU:  0.475E+03 SqF: 0.1020
  Rf: 0.07644 Los:0.0699 Dis:0.0667 Per:  0.2848 Sca: 0.441E-10
 j:  61 T: 0.461E-04 Suc: 21889 Eva:  1969140 CPU:  0.485E+03 SqF: 0.0974
  Rf: 0.07203 Los:0.0631 Dis:0.0612 Per:  0.2839 Sca: 0.439E-10
 j:  62 T: 0.438E-04 Suc: 21889 Eva:  2022310 CPU:  0.496E+03 SqF: 0.0958
  Rf: 0.07157 Los:0.0683 Dis:0.0629 Per:  0.2783 Sca: 0.448E-10
 j:  63 T: 0.416E-04 Suc: 21889 Eva:  2075933 CPU:  0.506E+03 SqF: 0.0925
  Rf: 0.06800 Los:0.0639 Dis:0.0620 Per:  0.2848 Sca: 0.430E-10
 j:  64 T: 0.395E-04 Suc: 21889 Eva:  2130311 CPU:  0.516E+03 SqF: 0.0887
  Rf: 0.06453 Los:0.0616 Dis:0.0603 Per:  0.2816 Sca: 0.442E-10
 j:  65 T: 0.375E-04 Suc: 21889 Eva:  2185133 CPU:  0.526E+03 SqF: 0.0875
  Rf: 0.06400 Los:0.0607 Dis:0.0533 Per:  0.2856 Sca: 0.443E-10
 j:  66 T: 0.356E-04 Suc: 21889 Eva:  2240926 CPU:  0.537E+03 SqF: 0.0833
  Rf: 0.05967 Los:0.0670 Dis:0.0742 Per:  0.2757 Sca: 0.453E-10
 j:  67 T: 0.339E-04 Suc: 21889 Eva:  2297587 CPU:  0.547E+03 SqF: 0.0797
  Rf: 0.05564 Los:0.0618 Dis:0.0646 Per:  0.2828 Sca: 0.453E-10
 j:  68 T: 0.322E-04 Suc: 21889 Eva:  2354787 CPU:  0.558E+03 SqF: 0.0774
  Rf: 0.05346 Los:0.0651 Dis:0.0681 Per:  0.2832 Sca: 0.451E-10
 j:  69 T: 0.306E-04 Suc: 21889 Eva:  2412356 CPU:  0.569E+03 SqF: 0.0738
  Rf: 0.04963 Los:0.0673 Dis:0.0618 Per:  0.2829 Sca: 0.460E-10
 j:  70 T: 0.290E-04 Suc: 21889 Eva:  2470921 CPU:  0.579E+03 SqF: 0.0709
  Rf: 0.04683 Los:0.0614 Dis:0.0606 Per:  0.2826 Sca: 0.464E-10
 j:  71 T: 0.276E-04 Suc: 21889 Eva:  2530703 CPU:  0.590E+03 SqF: 0.0706
  Rf: 0.04838 Los:0.0594 Dis:0.0527 Per:  0.2788 Sca: 0.446E-10
 j:  72 T: 0.262E-04 Suc: 21889 Eva:  2591098 CPU:  0.601E+03 SqF: 0.0667
  Rf: 0.04377 Los:0.0648 Dis:0.0528 Per:  0.2779 Sca: 0.471E-10
 j:  73 T: 0.249E-04 Suc: 21889 Eva:  2651733 CPU:  0.612E+03 SqF: 0.0649
  Rf: 0.04293 Los:0.0585 Dis:0.0477 Per:  0.2749 Sca: 0.467E-10
 j:  74 T: 0.236E-04 Suc: 21889 Eva:  2713421 CPU:  0.623E+03 SqF: 0.0614
  Rf: 0.03819 Los:0.0612 Dis:0.0576 Per:  0.2759 Sca: 0.473E-10
 j:  75 T: 0.225E-04 Suc: 21889 Eva:  2775187 CPU:  0.634E+03 SqF: 0.0565
  Rf: 0.03045 Los:0.0666 Dis:0.0770 Per:  0.2717 Sca: 0.474E-10
 j:  76 T: 0.213E-04 Suc: 21889 Eva:  2837421 CPU:  0.646E+03 SqF: 0.0565
  Rf: 0.03045 Los:0.0666 Dis:0.0770 Per:  0.2717 Sca: 0.474E-10
 j:  77 T: 0.203E-04 Suc: 21889 Eva:  2900299 CPU:  0.657E+03 SqF: 0.0547
  Rf: 0.03246 Los:0.0553 Dis:0.0344 Per:  0.2743 Sca: 0.465E-10
 j:  78 T: 0.193E-04 Suc: 21889 Eva:  2963717 CPU:  0.668E+03 SqF: 0.0545
  Rf: 0.03230 Los:0.0612 Dis:0.0580 Per:  0.2719 Sca: 0.477E-10
 j:  79 T: 0.183E-04 Suc: 21889 Eva:  3027482 CPU:  0.679E+03 SqF: 0.0531
  Rf: 0.03183 Los:0.0551 Dis:0.0484 Per:  0.2722 Sca: 0.461E-10
 j:  80 T: 0.174E-04 Suc: 21889 Eva:  3091671 CPU:  0.691E+03 SqF: 0.0512
  Rf: 0.03011 Los:0.0541 Dis:0.0454 Per:  0.2709 Sca: 0.470E-10
 j:  81 T: 0.165E-04 Suc: 21889 Eva:  3157236 CPU:  0.702E+03 SqF: 0.0481
  Rf: 0.02531 Los:0.0591 Dis:0.0516 Per:  0.2703 Sca: 0.477E-10
 j:  82 T: 0.157E-04 Suc: 21889 Eva:  3223202 CPU:  0.714E+03 SqF: 0.0471
  Rf: 0.02478 Los:0.0584 Dis:0.0523 Per:  0.2703 Sca: 0.476E-10
 j:  83 T: 0.149E-04 Suc: 21889 Eva:  3289462 CPU:  0.726E+03 SqF: 0.0460
  Rf: 0.02434 Los:0.0564 Dis:0.0510 Per:  0.2685 Sca: 0.476E-10
 j:  84 T: 0.142E-04 Suc: 21889 Eva:  3356610 CPU:  0.737E+03 SqF: 0.0451
  Rf: 0.02395 Los:0.0555 Dis:0.0455 Per:  0.2725 Sca: 0.470E-10
 j:  85 T: 0.135E-04 Suc: 21889 Eva:  3423691 CPU:  0.749E+03 SqF: 0.0426
  Rf: 0.02144 Los:0.0518 Dis:0.0388 Per:  0.2691 Sca: 0.477E-10
 j:  86 T: 0.128E-04 Suc: 21889 Eva:  3491131 CPU:  0.761E+03 SqF: 0.0426
  Rf: 0.02144 Los:0.0518 Dis:0.0388 Per:  0.2691 Sca: 0.477E-10
 j:  87 T: 0.121E-04 Suc: 21889 Eva:  3559513 CPU:  0.773E+03 SqF: 0.0401
  Rf: 0.01862 Los:0.0515 Dis:0.0445 Per:  0.2665 Sca: 0.476E-10
 j:  88 T: 0.115E-04 Suc: 21889 Eva:  3628514 CPU:  0.785E+03 SqF: 0.0401
  Rf: 0.01862 Los:0.0515 Dis:0.0445 Per:  0.2665 Sca: 0.476E-10
 j:  89 T: 0.110E-04 Suc: 21889 Eva:  3698048 CPU:  0.797E+03 SqF: 0.0379
  Rf: 0.01582 Los:0.0553 Dis:0.0480 Per:  0.2661 Sca: 0.484E-10
 j:  90 T: 0.104E-04 Suc: 21889 Eva:  3766478 CPU:  0.809E+03 SqF: 0.0372
  Rf: 0.01646 Los:0.0538 Dis:0.0382 Per:  0.2670 Sca: 0.478E-10
 j:  91 T: 0.989E-05 Suc: 21889 Eva:  3835206 CPU:  0.821E+03 SqF: 0.0368
  Rf: 0.01612 Los:0.0542 Dis:0.0456 Per:  0.2678 Sca: 0.483E-10
 j:  92 T: 0.939E-05 Suc: 21889 Eva:  3906242 CPU:  0.833E+03 SqF: 0.0358
  Rf: 0.01532 Los:0.0560 Dis:0.0433 Per:  0.2663 Sca: 0.478E-10
 j:  93 T: 0.892E-05 Suc: 21889 Eva:  3975591 CPU:  0.845E+03 SqF: 0.0346
  Rf: 0.01506 Los:0.0520 Dis:0.0348 Per:  0.2662 Sca: 0.483E-10
 j:  94 T: 0.848E-05 Suc: 21889 Eva:  4046643 CPU:  0.857E+03 SqF: 0.0340
  Rf: 0.01425 Los:0.0528 Dis:0.0377 Per:  0.2672 Sca: 0.485E-10
 j:  95 T: 0.805E-05 Suc: 21889 Eva:  4116936 CPU:  0.870E+03 SqF: 0.0329
  Rf: 0.01319 Los:0.0515 Dis:0.0374 Per:  0.2657 Sca: 0.476E-10
 j:  96 T: 0.765E-05 Suc: 21889 Eva:  4188307 CPU:  0.882E+03 SqF: 0.0317
  Rf: 0.01168 Los:0.0507 Dis:0.0364 Per:  0.2641 Sca: 0.486E-10
 j:  97 T: 0.727E-05 Suc: 21889 Eva:  4260160 CPU:  0.894E+03 SqF: 0.0314
  Rf: 0.01251 Los:0.0513 Dis:0.0315 Per:  0.2660 Sca: 0.491E-10
 j:  98 T: 0.691E-05 Suc: 21889 Eva:  4332544 CPU:  0.907E+03 SqF: 0.0301
  Rf: 0.01045 Los:0.0491 Dis:0.0346 Per:  0.2628 Sca: 0.475E-10
 j:  99 T: 0.656E-05 Suc: 21889 Eva:  4404936 CPU:  0.919E+03 SqF: 0.0299
  Rf: 0.01148 Los:0.0491 Dis:0.0303 Per:  0.2669 Sca: 0.476E-10
 j: 100 T: 0.623E-05 Suc: 21889 Eva:  4477463 CPU:  0.932E+03 SqF: 0.0286
  Rf: 0.00947 Los:0.0470 Dis:0.0320 Per:  0.2639 Sca: 0.480E-10
 j: 101 T: 0.592E-05 Suc: 21889 Eva:  4550521 CPU:  0.944E+03 SqF: 0.0283
  Rf: 0.00939 Los:0.0508 Dis:0.0315 Per:  0.2626 Sca: 0.488E-10
 j: 102 T: 0.562E-05 Suc: 21889 Eva:  4622736 CPU:  0.957E+03 SqF: 0.0271
  Rf: 0.00943 Los:0.0462 Dis:0.0205 Per:  0.2626 Sca: 0.482E-10
 j: 103 T: 0.534E-05 Suc: 21889 Eva:  4696296 CPU:  0.969E+03 SqF: 0.0271
  Rf: 0.00943 Los:0.0462 Dis:0.0205 Per:  0.2626 Sca: 0.482E-10
 j: 104 T: 0.508E-05 Suc: 21889 Eva:  4771476 CPU:  0.982E+03 SqF: 0.0267
  Rf: 0.00830 Los:0.0496 Dis:0.0308 Per:  0.2640 Sca: 0.490E-10
 j: 105 T: 0.482E-05 Suc: 21889 Eva:  4845873 CPU:  0.995E+03 SqF: 0.0258
  Rf: 0.00952 Los:0.0456 Dis:0.0204 Per:  0.2620 Sca: 0.477E-10
 j: 106 T: 0.458E-05 Suc: 21889 Eva:  4920421 CPU:  0.101E+04 SqF: 0.0248
  Rf: 0.00898 Los:0.0413 Dis:0.0162 Per:  0.2640 Sca: 0.480E-10
 j: 107 T: 0.435E-05 Suc: 21889 Eva:  4995281 CPU:  0.102E+04 SqF: 0.0243
  Rf: 0.00640 Los:0.0478 Dis:0.0221 Per:  0.2618 Sca: 0.487E-10
 j: 108 T: 0.413E-05 Suc: 21889 Eva:  5070290 CPU:  0.103E+04 SqF: 0.0238
  Rf: 0.00711 Los:0.0441 Dis:0.0184 Per:  0.2641 Sca: 0.482E-10
 j: 109 T: 0.393E-05 Suc: 21889 Eva:  5146407 CPU:  0.105E+04 SqF: 0.0235
  Rf: 0.00701 Los:0.0446 Dis:0.0190 Per:  0.2643 Sca: 0.477E-10
 j: 110 T: 0.373E-05 Suc: 21889 Eva:  5221986 CPU:  0.106E+04 SqF: 0.0229
  Rf: 0.00695 Los:0.0440 Dis:0.0162 Per:  0.2636 Sca: 0.482E-10
 j: 111 T: 0.354E-05 Suc: 21889 Eva:  5298830 CPU:  0.107E+04 SqF: 0.0221
  Rf: 0.00592 Los:0.0424 Dis:0.0161 Per:  0.2626 Sca: 0.475E-10
 j: 112 T: 0.337E-05 Suc: 21889 Eva:  5376580 CPU:  0.109E+04 SqF: 0.0217
  Rf: 0.00611 Los:0.0437 Dis:0.0127 Per:  0.2616 Sca: 0.482E-10
 j: 113 T: 0.320E-05 Suc: 21889 Eva:  5454331 CPU:  0.110E+04 SqF: 0.0211
  Rf: 0.00553 Los:0.0424 Dis:0.0127 Per:  0.2613 Sca: 0.481E-10
 j: 114 T: 0.304E-05 Suc: 21889 Eva:  5532734 CPU:  0.111E+04 SqF: 0.0209
  Rf: 0.00625 Los:0.0411 Dis:0.0127 Per:  0.2614 Sca: 0.478E-10
 j: 115 T: 0.289E-05 Suc: 21889 Eva:  5612055 CPU:  0.113E+04 SqF: 0.0203
  Rf: 0.00494 Los:0.0411 Dis:0.0126 Per:  0.2605 Sca: 0.477E-10
 j: 116 T: 0.274E-05 Suc: 21889 Eva:  5690766 CPU:  0.114E+04 SqF: 0.0198
  Rf: 0.00444 Los:0.0399 Dis:0.0121 Per:  0.2611 Sca: 0.486E-10
 j: 117 T: 0.261E-05 Suc: 21889 Eva:  5770209 CPU:  0.115E+04 SqF: 0.0192
  Rf: 0.00446 Los:0.0375 Dis:0.0105 Per:  0.2615 Sca: 0.471E-10
 j: 118 T: 0.248E-05 Suc: 21889 Eva:  5850079 CPU:  0.117E+04 SqF: 0.0189
  Rf: 0.00479 Los:0.0383 Dis:0.0084 Per:  0.2615 Sca: 0.476E-10
 j: 119 T: 0.235E-05 Suc: 21889 Eva:  5931784 CPU:  0.118E+04 SqF: 0.0187
  Rf: 0.00439 Los:0.0380 Dis:0.0099 Per:  0.2622 Sca: 0.481E-10
 j: 120 T: 0.223E-05 Suc: 21889 Eva:  6012992 CPU:  0.120E+04 SqF: 0.0182
  Rf: 0.00350 Los:0.0384 Dis:0.0105 Per:  0.2597 Sca: 0.472E-10
 j: 121 T: 0.212E-05 Suc: 21889 Eva:  6094672 CPU:  0.121E+04 SqF: 0.0179
  Rf: 0.00413 Los:0.0378 Dis:0.0077 Per:  0.2608 Sca: 0.472E-10
 j: 122 T: 0.202E-05 Suc: 21889 Eva:  6177234 CPU:  0.122E+04 SqF: 0.0175
  Rf: 0.00398 Los:0.0357 Dis:0.0084 Per:  0.2603 Sca: 0.474E-10
 j: 123 T: 0.192E-05 Suc: 21889 Eva:  6259865 CPU:  0.124E+04 SqF: 0.0167
  Rf: 0.00420 Los:0.0328 Dis:0.0041 Per:  0.2605 Sca: 0.462E-10
 j: 124 T: 0.182E-05 Suc: 21889 Eva:  6343888 CPU:  0.125E+04 SqF: 0.0166
  Rf: 0.00389 Los:0.0357 Dis:0.0035 Per:  0.2609 Sca: 0.474E-10
 j: 125 T: 0.173E-05 Suc: 21889 Eva:  6428623 CPU:  0.127E+04 SqF: 0.0163
  Rf: 0.00396 Los:0.0362 Dis:0.0028 Per:  0.2596 Sca: 0.475E-10
 j: 126 T: 0.164E-05 Suc: 21889 Eva:  6512945 CPU:  0.128E+04 SqF: 0.0161
  Rf: 0.00299 Los:0.0353 Dis:0.0049 Per:  0.2607 Sca: 0.476E-10
 j: 127 T: 0.156E-05 Suc: 21889 Eva:  6599649 CPU:  0.130E+04 SqF: 0.0155
  Rf: 0.00274 Los:0.0331 Dis:0.0042 Per:  0.2607 Sca: 0.474E-10
 j: 128 T: 0.148E-05 Suc: 21889 Eva:  6685752 CPU:  0.131E+04 SqF: 0.0153
  Rf: 0.00306 Los:0.0339 Dis:0.0028 Per:  0.2598 Sca: 0.473E-10
 j: 129 T: 0.141E-05 Suc: 21889 Eva:  6773853 CPU:  0.133E+04 SqF: 0.0148
  Rf: 0.00245 Los:0.0314 Dis:0.0028 Per:  0.2599 Sca: 0.460E-10
 j: 130 T: 0.134E-05 Suc: 21889 Eva:  6862525 CPU:  0.134E+04 SqF: 0.0147
  Rf: 0.00354 Los:0.0330 Dis:0.0007 Per:  0.2592 Sca: 0.463E-10
 j: 131 T: 0.127E-05 Suc: 21889 Eva:  6950901 CPU:  0.136E+04 SqF: 0.0146
  Rf: 0.00281 Los:0.0336 Dis:0.0021 Per:  0.2597 Sca: 0.474E-10
 j: 132 T: 0.121E-05 Suc: 21889 Eva:  7039691 CPU:  0.137E+04 SqF: 0.0143
  Rf: 0.00298 Los:0.0324 Dis:0.0014 Per:  0.2595 Sca: 0.471E-10
 j: 133 T: 0.115E-05 Suc: 21889 Eva:  7129921 CPU:  0.139E+04 SqF: 0.0140
  Rf: 0.00220 Los:0.0327 Dis:0.0014 Per:  0.2605 Sca: 0.463E-10
 j: 134 T: 0.109E-05 Suc: 21889 Eva:  7221312 CPU:  0.141E+04 SqF: 0.0136
  Rf: 0.00264 Los:0.0312 Dis:0.0000 Per:  0.2608 Sca: 0.471E-10
 j: 135 T: 0.104E-05 Suc: 21889 Eva:  7314686 CPU:  0.142E+04 SqF: 0.0134
  Rf: 0.00229 Los:0.0298 Dis:0.0014 Per:  0.2585 Sca: 0.467E-10
 j: 136 T: 0.983E-06 Suc: 21889 Eva:  7408026 CPU:  0.144E+04 SqF: 0.0133
  Rf: 0.00227 Los:0.0313 Dis:0.0000 Per:  0.2600 Sca: 0.469E-10
 j: 137 T: 0.934E-06 Suc: 21889 Eva:  7502870 CPU:  0.145E+04 SqF: 0.0129
  Rf: 0.00248 Los:0.0296 Dis:0.0000 Per:  0.2596 Sca: 0.459E-10
 j: 138 T: 0.887E-06 Suc: 21889 Eva:  7601000 CPU:  0.147E+04 SqF: 0.0129
  Rf: 0.00298 Los:0.0291 Dis:0.0000 Per:  0.2597 Sca: 0.451E-10
 j: 139 T: 0.843E-06 Suc: 21889 Eva:  7697888 CPU:  0.149E+04 SqF: 0.0125
  Rf: 0.00238 Los:0.0277 Dis:0.0007 Per:  0.2587 Sca: 0.450E-10
 j: 140 T: 0.801E-06 Suc: 21889 Eva:  7795691 CPU:  0.151E+04 SqF: 0.0123
  Rf: 0.00198 Los:0.0267 Dis:0.0014 Per:  0.2590 Sca: 0.445E-10
 j: 141 T: 0.761E-06 Suc: 21889 Eva:  7894108 CPU:  0.152E+04 SqF: 0.0120
  Rf: 0.00158 Los:0.0275 Dis:0.0000 Per:  0.2583 Sca: 0.457E-10
 j: 142 T: 0.723E-06 Suc: 21889 Eva:  7993934 CPU:  0.154E+04 SqF: 0.0118
  Rf: 0.00249 Los:0.0259 Dis:0.0000 Per:  0.2592 Sca: 0.454E-10
 j: 143 T: 0.687E-06 Suc: 21889 Eva:  8096458 CPU:  0.156E+04 SqF: 0.0116
  Rf: 0.00146 Los:0.0262 Dis:0.0000 Per:  0.2578 Sca: 0.458E-10
 j: 144 T: 0.652E-06 Suc: 21889 Eva:  8199419 CPU:  0.158E+04 SqF: 0.0114
  Rf: 0.00222 Los:0.0251 Dis:0.0000 Per:  0.2591 Sca: 0.452E-10
 j: 145 T: 0.620E-06 Suc: 21889 Eva:  8303761 CPU:  0.159E+04 SqF: 0.0114
  Rf: 0.00171 Los:0.0260 Dis:0.0000 Per:  0.2584 Sca: 0.455E-10
 j: 146 T: 0.589E-06 Suc: 21889 Eva:  8408485 CPU:  0.161E+04 SqF: 0.0111
  Rf: 0.00175 Los:0.0249 Dis:0.0000 Per:  0.2576 Sca: 0.453E-10
 j: 147 T: 0.559E-06 Suc: 21889 Eva:  8517001 CPU:  0.163E+04 SqF: 0.0110
  Rf: 0.00192 Los:0.0244 Dis:0.0000 Per:  0.2589 Sca: 0.454E-10
 j: 148 T: 0.531E-06 Suc: 21889 Eva:  8626696 CPU:  0.165E+04 SqF: 0.0109
  Rf: 0.00185 Los:0.0248 Dis:0.0000 Per:  0.2597 Sca: 0.458E-10
 j: 149 T: 0.505E-06 Suc: 21889 Eva:  8739609 CPU:  0.167E+04 SqF: 0.0104
  Rf: 0.00097 Los:0.0228 Dis:0.0000 Per:  0.2582 Sca: 0.439E-10
 j: 150 T: 0.480E-06 Suc: 21889 Eva:  8853770 CPU:  0.169E+04 SqF: 0.0104
  Rf: 0.00160 Los:0.0228 Dis:0.0000 Per:  0.2580 Sca: 0.449E-10
 j: 151 T: 0.456E-06 Suc: 21889 Eva:  8969401 CPU:  0.171E+04 SqF: 0.0102
  Rf: 0.00138 Los:0.0222 Dis:0.0000 Per:  0.2579 Sca: 0.445E-10
 j: 152 T: 0.433E-06 Suc: 21889 Eva:  9088400 CPU:  0.173E+04 SqF: 0.0101
  Rf: 0.00130 Los:0.0220 Dis:0.0000 Per:  0.2588 Sca: 0.436E-10
 j: 153 T: 0.411E-06 Suc: 21889 Eva:  9211157 CPU:  0.175E+04 SqF: 0.0098
  Rf: 0.00118 Los:0.0212 Dis:0.0000 Per:  0.2586 Sca: 0.435E-10
 j: 154 T: 0.391E-06 Suc: 21889 Eva:  9333553 CPU:  0.177E+04 SqF: 0.0098
  Rf: 0.00137 Los:0.0210 Dis:0.0000 Per:  0.2582 Sca: 0.443E-10
 j: 155 T: 0.371E-06 Suc: 21889 Eva:  9460710 CPU:  0.180E+04 SqF: 0.0097
  Rf: 0.00161 Los:0.0208 Dis:0.0000 Per:  0.2595 Sca: 0.440E-10
 j: 156 T: 0.352E-06 Suc: 21889 Eva:  9591300 CPU:  0.182E+04 SqF: 0.0094
  Rf: 0.00132 Los:0.0200 Dis:0.0000 Per:  0.2587 Sca: 0.442E-10
 j: 157 T: 0.335E-06 Suc: 21889 Eva:  9723708 CPU:  0.184E+04 SqF: 0.0093
  Rf: 0.00130 Los:0.0199 Dis:0.0000 Per:  0.2586 Sca: 0.438E-10
 j: 158 T: 0.318E-06 Suc: 21889 Eva:  9859313 CPU:  0.187E+04 SqF: 0.0091
  Rf: 0.00214 Los:0.0178 Dis:0.0000 Per:  0.2583 Sca: 0.427E-10
 j: 159 T: 0.302E-06 Suc: 21889 Eva: 10002265 CPU:  0.189E+04 SqF: 0.0089
  Rf: 0.00155 Los:0.0178 Dis:0.0000 Per:  0.2594 Sca: 0.420E-10
 j: 160 T: 0.287E-06 Suc: 21889 Eva: 10145084 CPU:  0.192E+04 SqF: 0.0088
  Rf: 0.00104 Los:0.0179 Dis:0.0000 Per:  0.2577 Sca: 0.428E-10
 j: 161 T: 0.273E-06 Suc: 21889 Eva: 10295256 CPU:  0.194E+04 SqF: 0.0087
  Rf: 0.00094 Los:0.0180 Dis:0.0000 Per:  0.2576 Sca: 0.431E-10
 j: 162 T: 0.259E-06 Suc: 21889 Eva: 10450066 CPU:  0.197E+04 SqF: 0.0085
  Rf: 0.00118 Los:0.0169 Dis:0.0000 Per:  0.2600 Sca: 0.429E-10
 j: 163 T: 0.246E-06 Suc: 21889 Eva: 10612562 CPU:  0.200E+04 SqF: 0.0084
  Rf: 0.00084 Los:0.0167 Dis:0.0000 Per:  0.2590 Sca: 0.429E-10
 j: 164 T: 0.234E-06 Suc: 21889 Eva: 10780744 CPU:  0.203E+04 SqF: 0.0083
  Rf: 0.00101 Los:0.0166 Dis:0.0000 Per:  0.2568 Sca: 0.425E-10
 j: 165 T: 0.222E-06 Suc: 21889 Eva: 10952968 CPU:  0.206E+04 SqF: 0.0082
  Rf: 0.00077 Los:0.0165 Dis:0.0000 Per:  0.2573 Sca: 0.430E-10
 j: 166 T: 0.211E-06 Suc: 21889 Eva: 11130058 CPU:  0.209E+04 SqF: 0.0080
  Rf: 0.00116 Los:0.0152 Dis:0.0000 Per:  0.2577 Sca: 0.419E-10
 j: 167 T: 0.201E-06 Suc: 21889 Eva: 11315212 CPU:  0.212E+04 SqF: 0.0078
  Rf: 0.00083 Los:0.0147 Dis:0.0000 Per:  0.2584 Sca: 0.410E-10
 j: 168 T: 0.190E-06 Suc: 21889 Eva: 11512279 CPU:  0.216E+04 SqF: 0.0077
  Rf: 0.00111 Los:0.0142 Dis:0.0000 Per:  0.2582 Sca: 0.408E-10
 j: 169 T: 0.181E-06 Suc: 21889 Eva: 11714255 CPU:  0.219E+04 SqF: 0.0076
  Rf: 0.00108 Los:0.0144 Dis:0.0000 Per:  0.2579 Sca: 0.421E-10
 j: 170 T: 0.172E-06 Suc: 21889 Eva: 11921614 CPU:  0.223E+04 SqF: 0.0075
  Rf: 0.00068 Los:0.0139 Dis:0.0000 Per:  0.2588 Sca: 0.416E-10
 j: 171 T: 0.163E-06 Suc: 21889 Eva: 12134173 CPU:  0.227E+04 SqF: 0.0074
  Rf: 0.00080 Los:0.0136 Dis:0.0000 Per:  0.2584 Sca: 0.417E-10
 j: 172 T: 0.155E-06 Suc: 21153 Eva: 12353063 CPU:  0.231E+04 SqF: 0.0072
  Rf: 0.00044 Los:0.0133 Dis:0.0000 Per:  0.2583 Sca: 0.409E-10
 j: 173 T: 0.147E-06 Suc: 20241 Eva: 12571953 CPU:  0.235E+04 SqF: 0.0070
  Rf: 0.00094 Los:0.0124 Dis:0.0000 Per:  0.2572 Sca: 0.409E-10
 j: 174 T: 0.140E-06 Suc: 18887 Eva: 12790843 CPU:  0.238E+04 SqF: 0.0069
  Rf: 0.00096 Los:0.0122 Dis:0.0000 Per:  0.2567 Sca: 0.412E-10
 j: 175 T: 0.133E-06 Suc: 18143 Eva: 13009733 CPU:  0.242E+04 SqF: 0.0069
  Rf: 0.00060 Los:0.0121 Dis:0.0000 Per:  0.2569 Sca: 0.403E-10
 j: 176 T: 0.126E-06 Suc: 17128 Eva: 13228623 CPU:  0.246E+04 SqF: 0.0067
  Rf: 0.00084 Los:0.0117 Dis:0.0000 Per:  0.2573 Sca: 0.403E-10
 j: 177 T: 0.120E-06 Suc: 16379 Eva: 13447513 CPU:  0.250E+04 SqF: 0.0066
  Rf: 0.00061 Los:0.0114 Dis:0.0000 Per:  0.2577 Sca: 0.397E-10
 j: 178 T: 0.114E-06 Suc: 15865 Eva: 13666403 CPU:  0.254E+04 SqF: 0.0065
  Rf: 0.00070 Los:0.0111 Dis:0.0000 Per:  0.2585 Sca: 0.398E-10
 j: 179 T: 0.108E-06 Suc: 14269 Eva: 13885293 CPU:  0.258E+04 SqF: 0.0064
  Rf: 0.00082 Los:0.0107 Dis:0.0000 Per:  0.2573 Sca: 0.396E-10
 j: 180 T: 0.103E-06 Suc: 13166 Eva: 14104183 CPU:  0.261E+04 SqF: 0.0064
  Rf: 0.00058 Los:0.0107 Dis:0.0000 Per:  0.2564 Sca: 0.397E-10
 j: 181 T: 0.978E-07 Suc: 12904 Eva: 14323073 CPU:  0.265E+04 SqF: 0.0062
  Rf: 0.00054 Los:0.0104 Dis:0.0000 Per:  0.2564 Sca: 0.400E-10
 j: 182 T: 0.929E-07 Suc: 12647 Eva: 14541963 CPU:  0.269E+04 SqF: 0.0062
  Rf: 0.00048 Los:0.0101 Dis:0.0000 Per:  0.2578 Sca: 0.395E-10
 j: 183 T: 0.882E-07 Suc: 11793 Eva: 14760853 CPU:  0.273E+04 SqF: 0.0061
  Rf: 0.00075 Los:0.0099 Dis:0.0000 Per:  0.2581 Sca: 0.391E-10
 j: 184 T: 0.838E-07 Suc: 10653 Eva: 14979743 CPU:  0.277E+04 SqF: 0.0060
  Rf: 0.00076 Los:0.0095 Dis:0.0000 Per:  0.2567 Sca: 0.391E-10
 j: 185 T: 0.796E-07 Suc: 10269 Eva: 15198633 CPU:  0.281E+04 SqF: 0.0058
  Rf: 0.00050 Los:0.0090 Dis:0.0000 Per:  0.2566 Sca: 0.382E-10
 j: 186 T: 0.757E-07 Suc:  9661 Eva: 15417523 CPU:  0.284E+04 SqF: 0.0057
  Rf: 0.00054 Los:0.0089 Dis:0.0000 Per:  0.2568 Sca: 0.379E-10
 j: 187 T: 0.719E-07 Suc:  9117 Eva: 15636413 CPU:  0.288E+04 SqF: 0.0057
  Rf: 0.00045 Los:0.0088 Dis:0.0000 Per:  0.2574 Sca: 0.383E-10
 j: 188 T: 0.683E-07 Suc:  8169 Eva: 15855303 CPU:  0.292E+04 SqF: 0.0057
  Rf: 0.00045 Los:0.0088 Dis:0.0000 Per:  0.2574 Sca: 0.383E-10
 j: 189 T: 0.649E-07 Suc:  7606 Eva: 16074193 CPU:  0.296E+04 SqF: 0.0055
  Rf: 0.00057 Los:0.0083 Dis:0.0000 Per:  0.2571 Sca: 0.381E-10
 j: 190 T: 0.616E-07 Suc:  6629 Eva: 16293083 CPU:  0.300E+04 SqF: 0.0054
  Rf: 0.00049 Los:0.0081 Dis:0.0000 Per:  0.2569 Sca: 0.380E-10
 j: 191 T: 0.585E-07 Suc:  6186 Eva: 16511973 CPU:  0.303E+04 SqF: 0.0052
  Rf: 0.00056 Los:0.0075 Dis:0.0000 Per:  0.2576 Sca: 0.374E-10
 j: 192 T: 0.556E-07 Suc:  5688 Eva: 16730863 CPU:  0.307E+04 SqF: 0.0052
  Rf: 0.00056 Los:0.0075 Dis:0.0000 Per:  0.2576 Sca: 0.374E-10
 j: 193 T: 0.528E-07 Suc:  5126 Eva: 16949753 CPU:  0.311E+04 SqF: 0.0052
  Rf: 0.00054 Los:0.0076 Dis:0.0000 Per:  0.2582 Sca: 0.369E-10
 j: 194 T: 0.502E-07 Suc:  4690 Eva: 17168643 CPU:  0.315E+04 SqF: 0.0051
  Rf: 0.00031 Los:0.0072 Dis:0.0000 Per:  0.2579 Sca: 0.370E-10
 j: 195 T: 0.477E-07 Suc:  4337 Eva: 17387533 CPU:  0.319E+04 SqF: 0.0050
  Rf: 0.00056 Los:0.0070 Dis:0.0000 Per:  0.2578 Sca: 0.374E-10
 j: 196 T: 0.453E-07 Suc:  3838 Eva: 17606423 CPU:  0.322E+04 SqF: 0.0050
  Rf: 0.00055 Los:0.0069 Dis:0.0000 Per:  0.2579 Sca: 0.372E-10
 j: 197 T: 0.430E-07 Suc:  3553 Eva: 17825313 CPU:  0.326E+04 SqF: 0.0049
  Rf: 0.00039 Los:0.0069 Dis:0.0000 Per:  0.2593 Sca: 0.367E-10
 j: 198 T: 0.409E-07 Suc:  3457 Eva: 18044203 CPU:  0.330E+04 SqF: 0.0048
  Rf: 0.00048 Los:0.0067 Dis:0.0000 Per:  0.2598 Sca: 0.366E-10
 j: 199 T: 0.388E-07 Suc:  2661 Eva: 18263093 CPU:  0.334E+04 SqF: 0.0048
  Rf: 0.00044 Los:0.0066 Dis:0.0000 Per:  0.2605 Sca: 0.366E-10
 j: 200 T: 0.369E-07 Suc:  2463 Eva: 18481983 CPU:  0.337E+04 SqF: 0.0047
  Rf: 0.00044 Los:0.0064 Dis:0.0000 Per:  0.2597 Sca: 0.364E-10

 Final Chi^2 against raw data ........................... : 1.447

     ===== DAMMIN finished at   24-Mar-2020   21:08:53
