
           ####    G N O M   ---   Version 4.6                       ####

                                                    29-Jul-2014   10:09:51
           ===    Run No   1   ===
 Run title:   17-Feb-2013       (cy_0036.dat - 1.0*Aver(cy_0035.dat,cy_0037.da



          To optimize the performance, some input data points 
           have been joined. New number of points equals to 456

   *******    Input file(s) : ly68_0036_1.dat
           Condition P(rmin) = 0 is used. 
           Condition P(rmax) = 0 is used. 

          Highest ALPHA is found to be   0.1241E+00

  The measure of inconsistency AN1 equals to    0.8603E+00
  0.1940E+01  0.4669  1.3006  0.0082  0.9451  1.0000  0.9485  0.88732



             ####            Final results            ####

 Parameter    DISCRP    OSCILL    STABIL    SYSDEV    POSITV    VALCEN
 Weight        1.000     3.000     3.000     3.000     1.000     1.000
 Sigma         0.300     0.600     0.120     0.120     0.120     0.120
 Ideal         0.700     1.100     0.000     1.000     1.000     0.950
 Current       0.467     1.301     0.008     0.945     1.000     0.948
                - - - - - - - - - - - - - - - - - - - - - - - - - 
 Estimate      0.547     0.894     0.995     0.811     1.000     1.000

  Angular   range    :     from    0.1689   to    3.7891
  Real space range   :     from      0.00   to      4.79

  Highest ALPHA (theor) :   0.124E+00                 JOB = 0
  Current ALPHA         :   0.194E+01   Rg :  0.151E+01   I(0) :   0.780E+03

           Total  estimate : 0.887  which is    A GOOD      solution

      S          J EXP       ERROR       J REG       I REG

  0.0000E+00                                      0.7805E+03
  0.8041E-02                                      0.7804E+03
  0.1608E-01                                      0.7803E+03
  0.2412E-01                                      0.7801E+03
  0.3216E-01                                      0.7799E+03
  0.4020E-01                                      0.7795E+03
  0.4825E-01                                      0.7791E+03
  0.5629E-01                                      0.7786E+03
  0.6433E-01                                      0.7780E+03
  0.7237E-01                                      0.7774E+03
  0.8041E-01                                      0.7767E+03
  0.8845E-01                                      0.7759E+03
  0.9649E-01                                      0.7750E+03
  0.1045E+00                                      0.7740E+03
  0.1126E+00                                      0.7730E+03
  0.1206E+00                                      0.7719E+03
  0.1287E+00                                      0.7707E+03
  0.1367E+00                                      0.7695E+03
  0.1447E+00                                      0.7682E+03
  0.1528E+00                                      0.7668E+03
  0.1608E+00                                      0.7653E+03
  0.1689E+00  0.7694E+03  0.1244E+02  0.7638E+03  0.7638E+03
  0.1768E+00  0.7392E+03  0.1163E+02  0.7622E+03  0.7622E+03
  0.1848E+00  0.7542E+03  0.1123E+02  0.7605E+03  0.7605E+03
  0.1927E+00  0.7380E+03  0.1048E+02  0.7588E+03  0.7588E+03
  0.2007E+00  0.7346E+03  0.1001E+02  0.7570E+03  0.7570E+03
  0.2086E+00  0.7547E+03  0.9735E+01  0.7551E+03  0.7551E+03
  0.2166E+00  0.7513E+03  0.9366E+01  0.7532E+03  0.7532E+03
  0.2246E+00  0.7334E+03  0.8976E+01  0.7512E+03  0.7512E+03
  0.2325E+00  0.7536E+03  0.8823E+01  0.7491E+03  0.7491E+03
  0.2405E+00  0.7511E+03  0.8607E+01  0.7470E+03  0.7470E+03
  0.2484E+00  0.7485E+03  0.8300E+01  0.7448E+03  0.7448E+03
  0.2564E+00  0.7443E+03  0.8111E+01  0.7425E+03  0.7425E+03
  0.2643E+00  0.7383E+03  0.8077E+01  0.7401E+03  0.7401E+03
  0.2723E+00  0.7325E+03  0.7953E+01  0.7377E+03  0.7377E+03
  0.2802E+00  0.7373E+03  0.7776E+01  0.7353E+03  0.7353E+03
  0.2882E+00  0.7318E+03  0.7581E+01  0.7328E+03  0.7328E+03
  0.2962E+00  0.7257E+03  0.7481E+01  0.7302E+03  0.7302E+03
  0.3041E+00  0.7300E+03  0.7307E+01  0.7275E+03  0.7275E+03
  0.3121E+00  0.7146E+03  0.7111E+01  0.7248E+03  0.7248E+03
  0.3200E+00  0.7160E+03  0.7066E+01  0.7221E+03  0.7221E+03
  0.3280E+00  0.7130E+03  0.6969E+01  0.7192E+03  0.7192E+03
  0.3359E+00  0.7348E+03  0.6797E+01  0.7163E+03  0.7163E+03
  0.3439E+00  0.7004E+03  0.6734E+01  0.7134E+03  0.7134E+03
  0.3519E+00  0.7017E+03  0.6603E+01  0.7104E+03  0.7104E+03
  0.3598E+00  0.7007E+03  0.6496E+01  0.7073E+03  0.7073E+03
  0.3678E+00  0.6996E+03  0.6457E+01  0.7042E+03  0.7042E+03
  0.3757E+00  0.7019E+03  0.6365E+01  0.7011E+03  0.7011E+03
  0.3837E+00  0.7060E+03  0.6249E+01  0.6979E+03  0.6979E+03
  0.3916E+00  0.7002E+03  0.6141E+01  0.6946E+03  0.6946E+03
  0.3996E+00  0.6943E+03  0.6108E+01  0.6913E+03  0.6913E+03
  0.4076E+00  0.6849E+03  0.6041E+01  0.6879E+03  0.6879E+03
  0.4155E+00  0.6864E+03  0.5891E+01  0.6845E+03  0.6845E+03
  0.4235E+00  0.6839E+03  0.5864E+01  0.6810E+03  0.6810E+03
  0.4314E+00  0.6888E+03  0.5845E+01  0.6775E+03  0.6775E+03
  0.4394E+00  0.6794E+03  0.5837E+01  0.6739E+03  0.6739E+03
  0.4473E+00  0.6583E+03  0.5876E+01  0.6703E+03  0.6703E+03
  0.4553E+00  0.6659E+03  0.5948E+01  0.6666E+03  0.6666E+03
  0.4633E+00  0.6647E+03  0.5993E+01  0.6629E+03  0.6629E+03
  0.4712E+00  0.6676E+03  0.5947E+01  0.6592E+03  0.6592E+03
  0.4792E+00  0.6644E+03  0.5925E+01  0.6554E+03  0.6554E+03
  0.4871E+00  0.6570E+03  0.5923E+01  0.6515E+03  0.6515E+03
  0.4951E+00  0.6460E+03  0.5860E+01  0.6477E+03  0.6477E+03
  0.5030E+00  0.6439E+03  0.5876E+01  0.6437E+03  0.6437E+03
  0.5110E+00  0.6467E+03  0.5884E+01  0.6398E+03  0.6398E+03
  0.5189E+00  0.6349E+03  0.5868E+01  0.6358E+03  0.6358E+03
  0.5269E+00  0.6247E+03  0.5885E+01  0.6318E+03  0.6318E+03
  0.5349E+00  0.6341E+03  0.5886E+01  0.6277E+03  0.6277E+03
  0.5428E+00  0.6259E+03  0.5894E+01  0.6236E+03  0.6236E+03
  0.5508E+00  0.6247E+03  0.5849E+01  0.6195E+03  0.6195E+03
  0.5587E+00  0.6182E+03  0.5861E+01  0.6153E+03  0.6153E+03
  0.5667E+00  0.6071E+03  0.5797E+01  0.6111E+03  0.6111E+03
  0.5746E+00  0.6074E+03  0.5769E+01  0.6069E+03  0.6069E+03
  0.5826E+00  0.6128E+03  0.5745E+01  0.6026E+03  0.6026E+03
  0.5906E+00  0.6018E+03  0.5700E+01  0.5983E+03  0.5983E+03
  0.5985E+00  0.5885E+03  0.5679E+01  0.5940E+03  0.5940E+03
  0.6065E+00  0.5994E+03  0.5635E+01  0.5897E+03  0.5897E+03
  0.6144E+00  0.5914E+03  0.5562E+01  0.5853E+03  0.5853E+03
  0.6224E+00  0.5851E+03  0.5628E+01  0.5809E+03  0.5809E+03
  0.6303E+00  0.5764E+03  0.5536E+01  0.5765E+03  0.5765E+03
  0.6383E+00  0.5661E+03  0.5503E+01  0.5720E+03  0.5720E+03
  0.6463E+00  0.5696E+03  0.5424E+01  0.5676E+03  0.5676E+03
  0.6542E+00  0.5568E+03  0.5401E+01  0.5631E+03  0.5631E+03
  0.6622E+00  0.5597E+03  0.5479E+01  0.5586E+03  0.5586E+03
  0.6701E+00  0.5474E+03  0.5643E+01  0.5541E+03  0.5541E+03
  0.6781E+00  0.5551E+03  0.5675E+01  0.5495E+03  0.5495E+03
  0.6860E+00  0.5447E+03  0.5695E+01  0.5450E+03  0.5450E+03
  0.6940E+00  0.5391E+03  0.5719E+01  0.5404E+03  0.5404E+03
  0.7019E+00  0.5405E+03  0.5814E+01  0.5358E+03  0.5358E+03
  0.7099E+00  0.5345E+03  0.5599E+01  0.5312E+03  0.5312E+03
  0.7179E+00  0.5287E+03  0.5494E+01  0.5266E+03  0.5266E+03
  0.7258E+00  0.5208E+03  0.5432E+01  0.5219E+03  0.5219E+03
  0.7338E+00  0.5214E+03  0.5388E+01  0.5173E+03  0.5173E+03
  0.7417E+00  0.5112E+03  0.5310E+01  0.5127E+03  0.5127E+03
  0.7497E+00  0.5074E+03  0.5279E+01  0.5080E+03  0.5080E+03
  0.7576E+00  0.5002E+03  0.5266E+01  0.5033E+03  0.5033E+03
  0.7656E+00  0.4992E+03  0.5199E+01  0.4987E+03  0.4987E+03
  0.7736E+00  0.4958E+03  0.5149E+01  0.4940E+03  0.4940E+03
  0.7815E+00  0.4936E+03  0.5148E+01  0.4893E+03  0.4893E+03
  0.7895E+00  0.4881E+03  0.5112E+01  0.4846E+03  0.4846E+03
  0.7974E+00  0.4831E+03  0.5106E+01  0.4799E+03  0.4799E+03
  0.8054E+00  0.4788E+03  0.5243E+01  0.4752E+03  0.4752E+03
  0.8133E+00  0.4779E+03  0.5277E+01  0.4705E+03  0.4705E+03
  0.8213E+00  0.4628E+03  0.5161E+01  0.4658E+03  0.4658E+03
  0.8293E+00  0.4625E+03  0.5083E+01  0.4611E+03  0.4611E+03
  0.8372E+00  0.4515E+03  0.5029E+01  0.4564E+03  0.4564E+03
  0.8452E+00  0.4554E+03  0.4963E+01  0.4517E+03  0.4517E+03
  0.8531E+00  0.4435E+03  0.4935E+01  0.4471E+03  0.4471E+03
  0.8611E+00  0.4389E+03  0.4900E+01  0.4424E+03  0.4424E+03
  0.8690E+00  0.4374E+03  0.4890E+01  0.4377E+03  0.4377E+03
  0.8770E+00  0.4292E+03  0.4842E+01  0.4330E+03  0.4330E+03
  0.8849E+00  0.4320E+03  0.4849E+01  0.4283E+03  0.4283E+03
  0.8929E+00  0.4229E+03  0.4758E+01  0.4237E+03  0.4237E+03
  0.9009E+00  0.4171E+03  0.4750E+01  0.4190E+03  0.4190E+03
  0.9088E+00  0.4219E+03  0.4690E+01  0.4144E+03  0.4144E+03
  0.9168E+00  0.4102E+03  0.4689E+01  0.4098E+03  0.4098E+03
  0.9247E+00  0.4089E+03  0.4684E+01  0.4051E+03  0.4051E+03
  0.9327E+00  0.3967E+03  0.4640E+01  0.4005E+03  0.4005E+03
  0.9406E+00  0.3990E+03  0.4619E+01  0.3959E+03  0.3959E+03
  0.9486E+00  0.3914E+03  0.4600E+01  0.3913E+03  0.3913E+03
  0.9566E+00  0.3820E+03  0.4569E+01  0.3868E+03  0.3868E+03
  0.9645E+00  0.3766E+03  0.4551E+01  0.3822E+03  0.3822E+03
  0.9725E+00  0.3801E+03  0.4534E+01  0.3777E+03  0.3777E+03
  0.9804E+00  0.3755E+03  0.4526E+01  0.3731E+03  0.3731E+03
  0.9884E+00  0.3637E+03  0.4476E+01  0.3686E+03  0.3686E+03
  0.9963E+00  0.3597E+03  0.4469E+01  0.3641E+03  0.3641E+03
  0.1004E+01  0.3539E+03  0.4436E+01  0.3597E+03  0.3597E+03
  0.1012E+01  0.3489E+03  0.4418E+01  0.3552E+03  0.3552E+03
  0.1020E+01  0.3584E+03  0.4425E+01  0.3508E+03  0.3508E+03
  0.1028E+01  0.3407E+03  0.4384E+01  0.3463E+03  0.3463E+03
  0.1036E+01  0.3413E+03  0.4357E+01  0.3419E+03  0.3419E+03
  0.1044E+01  0.3366E+03  0.4325E+01  0.3376E+03  0.3376E+03
  0.1052E+01  0.3333E+03  0.4305E+01  0.3332E+03  0.3332E+03
  0.1060E+01  0.3225E+03  0.4322E+01  0.3289E+03  0.3289E+03
  0.1068E+01  0.3292E+03  0.4274E+01  0.3246E+03  0.3246E+03
  0.1076E+01  0.3282E+03  0.4270E+01  0.3203E+03  0.3203E+03
  0.1084E+01  0.3151E+03  0.4249E+01  0.3160E+03  0.3160E+03
  0.1092E+01  0.3200E+03  0.4257E+01  0.3118E+03  0.3118E+03
  0.1100E+01  0.3042E+03  0.4209E+01  0.3076E+03  0.3076E+03
  0.1108E+01  0.3010E+03  0.4186E+01  0.3034E+03  0.3034E+03
  0.1116E+01  0.3018E+03  0.4209E+01  0.2992E+03  0.2992E+03
  0.1124E+01  0.2974E+03  0.4150E+01  0.2951E+03  0.2951E+03
  0.1132E+01  0.2950E+03  0.4129E+01  0.2910E+03  0.2910E+03
  0.1140E+01  0.2819E+03  0.4129E+01  0.2869E+03  0.2869E+03
  0.1148E+01  0.2746E+03  0.4105E+01  0.2829E+03  0.2829E+03
  0.1155E+01  0.2778E+03  0.4078E+01  0.2788E+03  0.2788E+03
  0.1163E+01  0.2824E+03  0.4077E+01  0.2749E+03  0.2749E+03
  0.1171E+01  0.2700E+03  0.4012E+01  0.2709E+03  0.2709E+03
  0.1179E+01  0.2647E+03  0.4031E+01  0.2670E+03  0.2670E+03
  0.1187E+01  0.2604E+03  0.4004E+01  0.2630E+03  0.2630E+03
  0.1195E+01  0.2558E+03  0.3997E+01  0.2592E+03  0.2592E+03
  0.1205E+01  0.2549E+03  0.3943E+01  0.2545E+03  0.2545E+03
  0.1214E+01  0.2608E+03  0.3955E+01  0.2502E+03  0.2502E+03
  0.1222E+01  0.2504E+03  0.3951E+01  0.2465E+03  0.2465E+03
  0.1230E+01  0.2459E+03  0.4052E+01  0.2427E+03  0.2427E+03
  0.1238E+01  0.2453E+03  0.4086E+01  0.2390E+03  0.2390E+03
  0.1246E+01  0.2388E+03  0.4126E+01  0.2354E+03  0.2354E+03
  0.1254E+01  0.2361E+03  0.4179E+01  0.2317E+03  0.2317E+03
  0.1262E+01  0.2302E+03  0.4195E+01  0.2281E+03  0.2281E+03
  0.1270E+01  0.2292E+03  0.4165E+01  0.2245E+03  0.2245E+03
  0.1277E+01  0.2298E+03  0.4075E+01  0.2210E+03  0.2210E+03
  0.1285E+01  0.2163E+03  0.4005E+01  0.2175E+03  0.2175E+03
  0.1293E+01  0.2175E+03  0.3957E+01  0.2140E+03  0.2140E+03
  0.1301E+01  0.2106E+03  0.3910E+01  0.2105E+03  0.2105E+03
  0.1309E+01  0.2022E+03  0.3906E+01  0.2071E+03  0.2071E+03
  0.1317E+01  0.2010E+03  0.3863E+01  0.2038E+03  0.2038E+03
  0.1325E+01  0.2043E+03  0.3852E+01  0.2004E+03  0.2004E+03
  0.1333E+01  0.1984E+03  0.3809E+01  0.1971E+03  0.1971E+03
  0.1341E+01  0.1932E+03  0.3799E+01  0.1938E+03  0.1938E+03
  0.1349E+01  0.1894E+03  0.3768E+01  0.1906E+03  0.1906E+03
  0.1357E+01  0.1918E+03  0.3760E+01  0.1874E+03  0.1874E+03
  0.1365E+01  0.1807E+03  0.3738E+01  0.1842E+03  0.1842E+03
  0.1373E+01  0.1736E+03  0.3719E+01  0.1811E+03  0.1811E+03
  0.1381E+01  0.1756E+03  0.3700E+01  0.1780E+03  0.1780E+03
  0.1389E+01  0.1688E+03  0.3694E+01  0.1749E+03  0.1749E+03
  0.1397E+01  0.1737E+03  0.3670E+01  0.1719E+03  0.1719E+03
  0.1405E+01  0.1707E+03  0.3662E+01  0.1689E+03  0.1689E+03
  0.1413E+01  0.1685E+03  0.3649E+01  0.1660E+03  0.1660E+03
  0.1421E+01  0.1645E+03  0.3642E+01  0.1630E+03  0.1630E+03
  0.1429E+01  0.1567E+03  0.3620E+01  0.1601E+03  0.1601E+03
  0.1437E+01  0.1628E+03  0.3594E+01  0.1573E+03  0.1573E+03
  0.1445E+01  0.1594E+03  0.3616E+01  0.1545E+03  0.1545E+03
  0.1453E+01  0.1554E+03  0.3569E+01  0.1517E+03  0.1517E+03
  0.1460E+01  0.1543E+03  0.3572E+01  0.1489E+03  0.1489E+03
  0.1468E+01  0.1492E+03  0.3536E+01  0.1462E+03  0.1462E+03
  0.1476E+01  0.1426E+03  0.3539E+01  0.1436E+03  0.1436E+03
  0.1484E+01  0.1437E+03  0.3528E+01  0.1409E+03  0.1409E+03
  0.1492E+01  0.1386E+03  0.3521E+01  0.1383E+03  0.1383E+03
  0.1500E+01  0.1353E+03  0.3501E+01  0.1357E+03  0.1357E+03
  0.1508E+01  0.1284E+03  0.3499E+01  0.1332E+03  0.1332E+03
  0.1516E+01  0.1353E+03  0.3500E+01  0.1307E+03  0.1307E+03
  0.1524E+01  0.1268E+03  0.3486E+01  0.1282E+03  0.1282E+03
  0.1532E+01  0.1263E+03  0.3479E+01  0.1258E+03  0.1258E+03
  0.1540E+01  0.1153E+03  0.3459E+01  0.1234E+03  0.1234E+03
  0.1548E+01  0.1195E+03  0.3438E+01  0.1210E+03  0.1210E+03
  0.1556E+01  0.1181E+03  0.3447E+01  0.1187E+03  0.1187E+03
  0.1564E+01  0.1154E+03  0.3424E+01  0.1164E+03  0.1164E+03
  0.1572E+01  0.1144E+03  0.3423E+01  0.1141E+03  0.1141E+03
  0.1580E+01  0.1070E+03  0.3420E+01  0.1119E+03  0.1119E+03
  0.1588E+01  0.1078E+03  0.3391E+01  0.1097E+03  0.1097E+03
  0.1596E+01  0.1053E+03  0.3375E+01  0.1075E+03  0.1075E+03
  0.1604E+01  0.1108E+03  0.3363E+01  0.1054E+03  0.1054E+03
  0.1612E+01  0.1121E+03  0.3372E+01  0.1033E+03  0.1033E+03
  0.1620E+01  0.9895E+02  0.3339E+01  0.1012E+03  0.1012E+03
  0.1628E+01  0.1011E+03  0.3333E+01  0.9917E+02  0.9917E+02
  0.1636E+01  0.9835E+02  0.3339E+01  0.9717E+02  0.9717E+02
  0.1643E+01  0.9581E+02  0.3315E+01  0.9520E+02  0.9520E+02
  0.1651E+01  0.9262E+02  0.3302E+01  0.9326E+02  0.9326E+02
  0.1659E+01  0.9030E+02  0.3305E+01  0.9135E+02  0.9135E+02
  0.1667E+01  0.8744E+02  0.3286E+01  0.8947E+02  0.8947E+02
  0.1675E+01  0.8919E+02  0.3275E+01  0.8762E+02  0.8762E+02
  0.1683E+01  0.8637E+02  0.3283E+01  0.8581E+02  0.8581E+02
  0.1691E+01  0.8225E+02  0.3262E+01  0.8402E+02  0.8402E+02
  0.1699E+01  0.8348E+02  0.3251E+01  0.8226E+02  0.8226E+02
  0.1707E+01  0.7978E+02  0.3247E+01  0.8054E+02  0.8054E+02
  0.1715E+01  0.7784E+02  0.3239E+01  0.7884E+02  0.7884E+02
  0.1723E+01  0.7853E+02  0.3239E+01  0.7717E+02  0.7717E+02
  0.1731E+01  0.7648E+02  0.3213E+01  0.7554E+02  0.7554E+02
  0.1739E+01  0.7587E+02  0.3216E+01  0.7393E+02  0.7393E+02
  0.1747E+01  0.7045E+02  0.3209E+01  0.7235E+02  0.7235E+02
  0.1755E+01  0.6709E+02  0.3204E+01  0.7080E+02  0.7080E+02
  0.1763E+01  0.7117E+02  0.3192E+01  0.6927E+02  0.6927E+02
  0.1771E+01  0.6764E+02  0.3193E+01  0.6778E+02  0.6778E+02
  0.1779E+01  0.6598E+02  0.3164E+01  0.6631E+02  0.6631E+02
  0.1787E+01  0.6311E+02  0.3196E+01  0.6487E+02  0.6487E+02
  0.1795E+01  0.6125E+02  0.3278E+01  0.6345E+02  0.6345E+02
  0.1803E+01  0.6575E+02  0.3318E+01  0.6207E+02  0.6207E+02
  0.1811E+01  0.6488E+02  0.3331E+01  0.6071E+02  0.6071E+02
  0.1819E+01  0.5887E+02  0.3377E+01  0.5937E+02  0.5937E+02
  0.1826E+01  0.6208E+02  0.3351E+01  0.5806E+02  0.5806E+02
  0.1834E+01  0.5906E+02  0.3345E+01  0.5678E+02  0.5678E+02
  0.1842E+01  0.5502E+02  0.3264E+01  0.5552E+02  0.5552E+02
  0.1850E+01  0.5448E+02  0.3258E+01  0.5429E+02  0.5429E+02
  0.1858E+01  0.4791E+02  0.3232E+01  0.5308E+02  0.5308E+02
  0.1866E+01  0.5230E+02  0.3229E+01  0.5189E+02  0.5189E+02
  0.1874E+01  0.5272E+02  0.3232E+01  0.5073E+02  0.5073E+02
  0.1882E+01  0.5192E+02  0.3253E+01  0.4960E+02  0.4960E+02
  0.1890E+01  0.4758E+02  0.3225E+01  0.4848E+02  0.4848E+02
  0.1898E+01  0.4581E+02  0.3223E+01  0.4739E+02  0.4739E+02
  0.1906E+01  0.4747E+02  0.3239E+01  0.4633E+02  0.4633E+02
  0.1914E+01  0.4412E+02  0.3240E+01  0.4528E+02  0.4528E+02
  0.1922E+01  0.4797E+02  0.3224E+01  0.4426E+02  0.4426E+02
  0.1930E+01  0.4983E+02  0.3217E+01  0.4326E+02  0.4326E+02
  0.1938E+01  0.4245E+02  0.3235E+01  0.4228E+02  0.4228E+02
  0.1946E+01  0.3607E+02  0.3207E+01  0.4132E+02  0.4132E+02
  0.1954E+01  0.3983E+02  0.3196E+01  0.4038E+02  0.4038E+02
  0.1962E+01  0.4047E+02  0.3201E+01  0.3947E+02  0.3947E+02
  0.1970E+01  0.3539E+02  0.3169E+01  0.3857E+02  0.3857E+02
  0.1978E+01  0.4049E+02  0.3199E+01  0.3770E+02  0.3770E+02
  0.1986E+01  0.3707E+02  0.3185E+01  0.3684E+02  0.3684E+02
  0.1994E+01  0.3486E+02  0.3178E+01  0.3601E+02  0.3601E+02
  0.2002E+01  0.3470E+02  0.3181E+01  0.3519E+02  0.3519E+02
  0.2009E+01  0.3570E+02  0.3190E+01  0.3439E+02  0.3439E+02
  0.2017E+01  0.3882E+02  0.3193E+01  0.3361E+02  0.3361E+02
  0.2025E+01  0.3007E+02  0.3166E+01  0.3285E+02  0.3285E+02
  0.2033E+01  0.2986E+02  0.3186E+01  0.3211E+02  0.3211E+02
  0.2041E+01  0.2816E+02  0.3177E+01  0.3138E+02  0.3138E+02
  0.2049E+01  0.2609E+02  0.3186E+01  0.3068E+02  0.3068E+02
  0.2057E+01  0.2574E+02  0.3153E+01  0.2999E+02  0.2999E+02
  0.2065E+01  0.3110E+02  0.3178E+01  0.2931E+02  0.2931E+02
  0.2073E+01  0.2455E+02  0.3166E+01  0.2866E+02  0.2866E+02
  0.2081E+01  0.2461E+02  0.3161E+01  0.2801E+02  0.2801E+02
  0.2089E+01  0.2548E+02  0.3158E+01  0.2739E+02  0.2739E+02
  0.2097E+01  0.2804E+02  0.3168E+01  0.2678E+02  0.2678E+02
  0.2105E+01  0.2799E+02  0.3155E+01  0.2619E+02  0.2619E+02
  0.2113E+01  0.2746E+02  0.3154E+01  0.2561E+02  0.2561E+02
  0.2121E+01  0.2133E+02  0.3146E+01  0.2505E+02  0.2505E+02
  0.2129E+01  0.2077E+02  0.3141E+01  0.2450E+02  0.2450E+02
  0.2137E+01  0.2210E+02  0.3152E+01  0.2397E+02  0.2397E+02
  0.2145E+01  0.1917E+02  0.3144E+01  0.2345E+02  0.2345E+02
  0.2153E+01  0.1726E+02  0.3158E+01  0.2294E+02  0.2294E+02
  0.2161E+01  0.1936E+02  0.3156E+01  0.2245E+02  0.2245E+02
  0.2169E+01  0.1892E+02  0.3168E+01  0.2197E+02  0.2197E+02
  0.2177E+01  0.2067E+02  0.3187E+01  0.2151E+02  0.2151E+02
  0.2185E+01  0.1924E+02  0.3180E+01  0.2105E+02  0.2105E+02
  0.2192E+01  0.2260E+02  0.3186E+01  0.2061E+02  0.2061E+02
  0.2200E+01  0.2846E+02  0.3201E+01  0.2019E+02  0.2019E+02
  0.2208E+01  0.1361E+02  0.3197E+01  0.1977E+02  0.1977E+02
  0.2216E+01  0.1735E+02  0.3176E+01  0.1937E+02  0.1937E+02
  0.2224E+01  0.1701E+02  0.3172E+01  0.1898E+02  0.1898E+02
  0.2232E+01  0.1766E+02  0.3179E+01  0.1860E+02  0.1860E+02
  0.2240E+01  0.1690E+02  0.3187E+01  0.1823E+02  0.1823E+02
  0.2248E+01  0.1090E+02  0.3180E+01  0.1787E+02  0.1787E+02
  0.2256E+01  0.2100E+02  0.3199E+01  0.1752E+02  0.1752E+02
  0.2264E+01  0.1502E+02  0.3201E+01  0.1719E+02  0.1719E+02
  0.2272E+01  0.1548E+02  0.3203E+01  0.1686E+02  0.1686E+02
  0.2280E+01  0.1697E+02  0.3210E+01  0.1655E+02  0.1655E+02
  0.2288E+01  0.1436E+02  0.3195E+01  0.1624E+02  0.1624E+02
  0.2296E+01  0.1639E+02  0.3201E+01  0.1594E+02  0.1594E+02
  0.2304E+01  0.1538E+02  0.3218E+01  0.1566E+02  0.1566E+02
  0.2312E+01  0.1422E+02  0.3219E+01  0.1538E+02  0.1538E+02
  0.2320E+01  0.1364E+02  0.3213E+01  0.1511E+02  0.1511E+02
  0.2328E+01  0.1552E+02  0.3227E+01  0.1485E+02  0.1485E+02
  0.2336E+01  0.1626E+02  0.3229E+01  0.1460E+02  0.1460E+02
  0.2344E+01  0.1118E+02  0.3236E+01  0.1436E+02  0.1436E+02
  0.2352E+01  0.1373E+02  0.3286E+01  0.1412E+02  0.1412E+02
  0.2360E+01  0.1359E+02  0.3420E+01  0.1389E+02  0.1389E+02
  0.2368E+01  0.1607E+02  0.3496E+01  0.1368E+02  0.1368E+02
  0.2375E+01  0.1270E+02  0.3561E+01  0.1347E+02  0.1347E+02
  0.2383E+01  0.1115E+02  0.3564E+01  0.1326E+02  0.1326E+02
  0.2391E+01  0.1637E+02  0.3634E+01  0.1307E+02  0.1307E+02
  0.2399E+01  0.1434E+02  0.3539E+01  0.1288E+02  0.1288E+02
  0.2407E+01  0.9775E+01  0.3478E+01  0.1269E+02  0.1269E+02
  0.2415E+01  0.8533E+01  0.3429E+01  0.1252E+02  0.1252E+02
  0.2423E+01  0.1531E+02  0.3432E+01  0.1235E+02  0.1235E+02
  0.2431E+01  0.6563E+01  0.3407E+01  0.1219E+02  0.1219E+02
  0.2439E+01  0.1463E+02  0.3410E+01  0.1203E+02  0.1203E+02
  0.2447E+01  0.1262E+02  0.3379E+01  0.1188E+02  0.1188E+02
  0.2455E+01  0.1698E+02  0.3397E+01  0.1174E+02  0.1174E+02
  0.2463E+01  0.9446E+01  0.3370E+01  0.1160E+02  0.1160E+02
  0.2471E+01  0.1430E+02  0.3372E+01  0.1147E+02  0.1147E+02
  0.2479E+01  0.1345E+02  0.3360E+01  0.1134E+02  0.1134E+02
  0.2487E+01  0.1302E+02  0.3340E+01  0.1122E+02  0.1122E+02
  0.2495E+01  0.1140E+02  0.3361E+01  0.1110E+02  0.1110E+02
  0.2503E+01  0.1076E+02  0.3349E+01  0.1099E+02  0.1099E+02
  0.2511E+01  0.1142E+02  0.3347E+01  0.1089E+02  0.1089E+02
  0.2519E+01  0.9987E+01  0.3344E+01  0.1078E+02  0.1078E+02
  0.2527E+01  0.1232E+02  0.3354E+01  0.1069E+02  0.1069E+02
  0.2535E+01  0.8927E+01  0.3361E+01  0.1060E+02  0.1060E+02
  0.2543E+01  0.3531E+01  0.3350E+01  0.1051E+02  0.1051E+02
  0.2551E+01  0.7350E+01  0.3340E+01  0.1042E+02  0.1042E+02
  0.2558E+01  0.9381E+01  0.3336E+01  0.1034E+02  0.1034E+02
  0.2566E+01  0.9792E+01  0.3345E+01  0.1027E+02  0.1027E+02
  0.2574E+01  0.4248E+01  0.3329E+01  0.1020E+02  0.1020E+02
  0.2582E+01  0.5520E+01  0.3315E+01  0.1013E+02  0.1013E+02
  0.2590E+01  0.1209E+02  0.3327E+01  0.1006E+02  0.1006E+02
  0.2598E+01  0.8575E+01  0.3314E+01  0.1000E+02  0.1000E+02
  0.2606E+01  0.7130E+01  0.3319E+01  0.9945E+01  0.9945E+01
  0.2614E+01  0.9011E+01  0.3327E+01  0.9890E+01  0.9890E+01
  0.2622E+01  0.1158E+01  0.3317E+01  0.9839E+01  0.9839E+01
  0.2630E+01  0.1095E+02  0.3327E+01  0.9791E+01  0.9791E+01
  0.2638E+01  0.1389E+02  0.3335E+01  0.9746E+01  0.9746E+01
  0.2646E+01  0.3921E+00  0.3312E+01  0.9704E+01  0.9704E+01
  0.2654E+01  0.1080E+02  0.3340E+01  0.9664E+01  0.9664E+01
  0.2662E+01  0.3445E+01  0.3320E+01  0.9627E+01  0.9627E+01
  0.2670E+01  0.8513E+01  0.3336E+01  0.9593E+01  0.9593E+01
  0.2678E+01  0.9893E+01  0.3335E+01  0.9561E+01  0.9561E+01
  0.2686E+01  0.7960E+01  0.3316E+01  0.9532E+01  0.9532E+01
  0.2694E+01  0.7303E+01  0.3330E+01  0.9504E+01  0.9504E+01
  0.2702E+01  0.4548E+01  0.3332E+01  0.9479E+01  0.9479E+01
  0.2710E+01  0.1160E+02  0.3330E+01  0.9456E+01  0.9456E+01
  0.2718E+01  0.1922E+02  0.3345E+01  0.9435E+01  0.9435E+01
  0.2726E+01  0.4125E+01  0.3329E+01  0.9416E+01  0.9416E+01
  0.2734E+01  0.3905E+01  0.3321E+01  0.9399E+01  0.9399E+01
  0.2741E+01  0.1229E+02  0.3329E+01  0.9384E+01  0.9384E+01
  0.2749E+01  0.1094E+02  0.3340E+01  0.9370E+01  0.9370E+01
  0.2757E+01  0.5334E+01  0.3337E+01  0.9358E+01  0.9358E+01
  0.2765E+01  0.1271E+02  0.3334E+01  0.9347E+01  0.9347E+01
  0.2773E+01  0.7846E+01  0.3307E+01  0.9338E+01  0.9338E+01
  0.2781E+01  0.8486E+01  0.3324E+01  0.9330E+01  0.9330E+01
  0.2789E+01  0.1186E+02  0.3303E+01  0.9324E+01  0.9324E+01
  0.2797E+01  0.9344E+01  0.3315E+01  0.9319E+01  0.9319E+01
  0.2805E+01  0.6941E+01  0.3320E+01  0.9314E+01  0.9314E+01
  0.2813E+01  0.1286E+02  0.3316E+01  0.9312E+01  0.9312E+01
  0.2821E+01  0.1121E+02  0.3310E+01  0.9310E+01  0.9310E+01
  0.2829E+01  0.6702E+01  0.3319E+01  0.9309E+01  0.9309E+01
  0.2837E+01  0.4429E+01  0.3320E+01  0.9309E+01  0.9309E+01
  0.2845E+01  0.1527E+02  0.3313E+01  0.9310E+01  0.9310E+01
  0.2853E+01  0.1277E+02  0.3318E+01  0.9311E+01  0.9311E+01
  0.2861E+01  0.5397E+01  0.3323E+01  0.9314E+01  0.9314E+01
  0.2869E+01  0.9835E+01  0.3322E+01  0.9317E+01  0.9317E+01
  0.2877E+01  0.1131E+02  0.3306E+01  0.9321E+01  0.9321E+01
  0.2885E+01  0.9745E+01  0.3310E+01  0.9325E+01  0.9325E+01
  0.2893E+01  0.7467E+01  0.3322E+01  0.9330E+01  0.9330E+01
  0.2901E+01  0.8881E+01  0.3311E+01  0.9335E+01  0.9335E+01
  0.2909E+01  0.1251E+02  0.3326E+01  0.9341E+01  0.9341E+01
  0.2917E+01  0.1291E+02  0.3493E+01  0.9347E+01  0.9347E+01
  0.2924E+01  0.1222E+02  0.3572E+01  0.9354E+01  0.9354E+01
  0.2932E+01  0.1119E+02  0.3659E+01  0.9361E+01  0.9361E+01
  0.2940E+01  0.1380E+02  0.3724E+01  0.9368E+01  0.9368E+01
  0.2948E+01  0.9750E+01  0.3781E+01  0.9375E+01  0.9375E+01
  0.2956E+01  0.9752E+01  0.3782E+01  0.9382E+01  0.9382E+01
  0.2964E+01  0.9540E+01  0.3645E+01  0.9390E+01  0.9390E+01
  0.2972E+01  0.6706E+01  0.3589E+01  0.9398E+01  0.9398E+01
  0.2980E+01  0.7476E+01  0.3548E+01  0.9405E+01  0.9405E+01
  0.2988E+01  0.1400E+02  0.3515E+01  0.9413E+01  0.9413E+01
  0.2996E+01  0.9867E+01  0.3487E+01  0.9421E+01  0.9421E+01
  0.3004E+01  0.6261E+01  0.3480E+01  0.9429E+01  0.9429E+01
  0.3012E+01  0.8946E+01  0.3474E+01  0.9436E+01  0.9436E+01
  0.3020E+01  0.7146E+01  0.3456E+01  0.9444E+01  0.9444E+01
  0.3028E+01  0.1452E+02  0.3453E+01  0.9451E+01  0.9451E+01
  0.3036E+01  0.1213E+02  0.3440E+01  0.9458E+01  0.9458E+01
  0.3044E+01  0.7162E+01  0.3432E+01  0.9465E+01  0.9465E+01
  0.3052E+01  0.1126E+02  0.3437E+01  0.9472E+01  0.9472E+01
  0.3060E+01  0.5407E+01  0.3422E+01  0.9479E+01  0.9479E+01
  0.3068E+01  0.1014E+02  0.3436E+01  0.9485E+01  0.9485E+01
  0.3076E+01  0.1039E+02  0.3432E+01  0.9491E+01  0.9491E+01
  0.3084E+01  0.8413E+01  0.3429E+01  0.9496E+01  0.9496E+01
  0.3092E+01  0.8701E+01  0.3417E+01  0.9501E+01  0.9501E+01
  0.3100E+01  0.7554E+01  0.3418E+01  0.9506E+01  0.9506E+01
  0.3107E+01  0.1034E+02  0.3434E+01  0.9511E+01  0.9511E+01
  0.3115E+01  0.1250E+02  0.3415E+01  0.9515E+01  0.9515E+01
  0.3123E+01  0.1145E+02  0.3410E+01  0.9518E+01  0.9518E+01
  0.3131E+01  0.9075E+01  0.3414E+01  0.9522E+01  0.9522E+01
  0.3139E+01  0.1102E+02  0.3414E+01  0.9524E+01  0.9524E+01
  0.3147E+01  0.1374E+02  0.3410E+01  0.9526E+01  0.9526E+01
  0.3155E+01  0.1181E+02  0.3403E+01  0.9528E+01  0.9528E+01
  0.3163E+01  0.5526E+01  0.3395E+01  0.9529E+01  0.9529E+01
  0.3171E+01  0.1147E+02  0.3397E+01  0.9530E+01  0.9530E+01
  0.3179E+01  0.6372E+01  0.3380E+01  0.9530E+01  0.9530E+01
  0.3187E+01  0.1211E+01  0.3372E+01  0.9530E+01  0.9530E+01
  0.3195E+01  0.7155E+01  0.3390E+01  0.9529E+01  0.9529E+01
  0.3203E+01  0.8781E+01  0.3349E+01  0.9527E+01  0.9527E+01
  0.3211E+01  0.1227E+02  0.3377E+01  0.9525E+01  0.9525E+01
  0.3219E+01  0.7902E+01  0.3375E+01  0.9522E+01  0.9522E+01
  0.3227E+01  0.1166E+02  0.3372E+01  0.9519E+01  0.9519E+01
  0.3235E+01  0.1005E+02  0.3382E+01  0.9515E+01  0.9515E+01
  0.3243E+01  0.8321E+01  0.3388E+01  0.9510E+01  0.9510E+01
  0.3251E+01  0.1074E+02  0.3361E+01  0.9505E+01  0.9505E+01
  0.3259E+01  0.1285E+02  0.3375E+01  0.9499E+01  0.9499E+01
  0.3267E+01  0.9642E+01  0.3368E+01  0.9493E+01  0.9493E+01
  0.3275E+01  0.8663E+01  0.3379E+01  0.9486E+01  0.9486E+01
  0.3283E+01  0.5463E+01  0.3348E+01  0.9478E+01  0.9478E+01
  0.3290E+01  0.9769E+01  0.3387E+01  0.9470E+01  0.9470E+01
  0.3298E+01  0.9614E+01  0.3367E+01  0.9461E+01  0.9461E+01
  0.3306E+01  0.8033E+01  0.3359E+01  0.9451E+01  0.9451E+01
  0.3314E+01  0.1141E+02  0.3372E+01  0.9441E+01  0.9441E+01
  0.3322E+01  0.1282E+02  0.3377E+01  0.9430E+01  0.9430E+01
  0.3330E+01  0.8271E+01  0.3366E+01  0.9419E+01  0.9419E+01
  0.3338E+01  0.1040E+02  0.3360E+01  0.9407E+01  0.9407E+01
  0.3346E+01  0.1382E+02  0.3366E+01  0.9394E+01  0.9394E+01
  0.3354E+01  0.1035E+02  0.3377E+01  0.9380E+01  0.9380E+01
  0.3362E+01  0.8754E+01  0.3360E+01  0.9366E+01  0.9366E+01
  0.3370E+01  0.9556E+01  0.3359E+01  0.9351E+01  0.9351E+01
  0.3378E+01  0.9390E+01  0.3369E+01  0.9336E+01  0.9336E+01
  0.3386E+01  0.3966E+01  0.3359E+01  0.9320E+01  0.9320E+01
  0.3394E+01  0.4133E+01  0.3354E+01  0.9304E+01  0.9304E+01
  0.3402E+01  0.7748E+01  0.3372E+01  0.9287E+01  0.9287E+01
  0.3410E+01  0.1885E+02  0.3386E+01  0.9269E+01  0.9269E+01
  0.3418E+01  0.9448E+01  0.3362E+01  0.9250E+01  0.9250E+01
  0.3426E+01  0.2552E+01  0.3362E+01  0.9231E+01  0.9231E+01
  0.3434E+01  0.8812E+01  0.3371E+01  0.9212E+01  0.9212E+01
  0.3442E+01  0.7603E+01  0.3343E+01  0.9192E+01  0.9192E+01
  0.3450E+01  0.1613E+02  0.3359E+01  0.9171E+01  0.9171E+01
  0.3458E+01  0.1269E+02  0.3338E+01  0.9150E+01  0.9150E+01
  0.3466E+01  0.7623E+01  0.3331E+01  0.9128E+01  0.9128E+01
  0.3473E+01  0.1001E+02  0.3375E+01  0.9106E+01  0.9106E+01
  0.3481E+01  0.1394E+02  0.3554E+01  0.9083E+01  0.9083E+01
  0.3489E+01  0.1089E+02  0.3656E+01  0.9059E+01  0.9059E+01
  0.3497E+01  0.7450E+01  0.3727E+01  0.9036E+01  0.9036E+01
  0.3505E+01  0.1166E+02  0.3813E+01  0.9011E+01  0.9011E+01
  0.3513E+01  0.1023E+02  0.3870E+01  0.8986E+01  0.8986E+01
  0.3521E+01  0.1320E+02  0.3819E+01  0.8961E+01  0.8961E+01
  0.3529E+01  0.9422E+01  0.3656E+01  0.8935E+01  0.8935E+01
  0.3537E+01  0.7302E+01  0.3633E+01  0.8909E+01  0.8909E+01
  0.3545E+01  0.6656E+01  0.3572E+01  0.8882E+01  0.8882E+01
  0.3553E+01  0.8388E+01  0.3561E+01  0.8855E+01  0.8855E+01
  0.3561E+01  0.1220E+02  0.3555E+01  0.8827E+01  0.8827E+01
  0.3569E+01  0.9663E+01  0.3536E+01  0.8799E+01  0.8799E+01
  0.3577E+01  0.1141E+02  0.3524E+01  0.8771E+01  0.8771E+01
  0.3585E+01  0.5209E+01  0.3516E+01  0.8742E+01  0.8742E+01
  0.3593E+01  0.9633E+01  0.3502E+01  0.8713E+01  0.8713E+01
  0.3601E+01  0.1039E+02  0.3494E+01  0.8683E+01  0.8683E+01
  0.3609E+01  0.8636E+01  0.3471E+01  0.8653E+01  0.8653E+01
  0.3617E+01  0.7741E+01  0.3471E+01  0.8623E+01  0.8623E+01
  0.3625E+01  0.1159E+02  0.3466E+01  0.8592E+01  0.8592E+01
  0.3633E+01  0.1030E+02  0.3443E+01  0.8561E+01  0.8561E+01
  0.3641E+01  0.8389E+01  0.3447E+01  0.8530E+01  0.8530E+01
  0.3649E+01  0.1047E+02  0.3450E+01  0.8499E+01  0.8499E+01
  0.3656E+01  0.1458E+02  0.3450E+01  0.8467E+01  0.8467E+01
  0.3664E+01 -0.1520E+00  0.3419E+01  0.8435E+01  0.8435E+01
  0.3672E+01  0.7751E+01  0.3426E+01  0.8403E+01  0.8403E+01
  0.3680E+01  0.1008E+02  0.3433E+01  0.8370E+01  0.8370E+01
  0.3688E+01  0.3109E+01  0.3416E+01  0.8337E+01  0.8337E+01
  0.3696E+01  0.1119E+02  0.3425E+01  0.8305E+01  0.8305E+01
  0.3704E+01  0.1167E+02  0.3428E+01  0.8271E+01  0.8271E+01
  0.3712E+01  0.2265E+01  0.3416E+01  0.8238E+01  0.8238E+01
  0.3720E+01  0.1059E+02  0.3412E+01  0.8205E+01  0.8205E+01
  0.3728E+01  0.7155E+01  0.3424E+01  0.8171E+01  0.8171E+01
  0.3736E+01  0.1092E+01  0.3413E+01  0.8137E+01  0.8137E+01
  0.3744E+01  0.1437E+02  0.3407E+01  0.8104E+01  0.8104E+01
  0.3752E+01  0.7019E+01  0.3409E+01  0.8070E+01  0.8070E+01
  0.3760E+01  0.1475E+02  0.3415E+01  0.8036E+01  0.8036E+01
  0.3768E+01  0.1168E+02  0.3410E+01  0.8001E+01  0.8001E+01
  0.3776E+01  0.7397E+01  0.3409E+01  0.7967E+01  0.7967E+01
  0.3784E+01  0.6238E+01  0.3407E+01  0.7933E+01  0.7933E+01
  0.3789E+01  0.3770E+01  0.5831E+01  0.7910E+01  0.7910E+01

           Distance distribution  function of particle  


       R          P(R)      ERROR

  0.0000E+00  0.0000E+00  0.0000E+00
  0.4790E-01  0.4526E+00  0.2075E-01
  0.9580E-01  0.9504E+00  0.3670E-01
  0.1437E+00  0.1493E+01  0.4800E-01
  0.1916E+00  0.2080E+01  0.5489E-01
  0.2395E+00  0.2712E+01  0.5770E-01
  0.2874E+00  0.3386E+01  0.5687E-01
  0.3353E+00  0.4103E+01  0.5294E-01
  0.3832E+00  0.4862E+01  0.4659E-01
  0.4311E+00  0.5660E+01  0.3878E-01
  0.4790E+00  0.6497E+01  0.3110E-01
  0.5269E+00  0.7371E+01  0.2634E-01
  0.5748E+00  0.8279E+01  0.2781E-01
  0.6227E+00  0.9219E+01  0.3518E-01
  0.6706E+00  0.1019E+02  0.4537E-01
  0.7185E+00  0.1118E+02  0.5621E-01
  0.7664E+00  0.1220E+02  0.6649E-01
  0.8143E+00  0.1323E+02  0.7552E-01
  0.8622E+00  0.1428E+02  0.8285E-01
  0.9101E+00  0.1534E+02  0.8818E-01
  0.9580E+00  0.1640E+02  0.9134E-01
  0.1006E+01  0.1746E+02  0.9227E-01
  0.1054E+01  0.1851E+02  0.9103E-01
  0.1102E+01  0.1955E+02  0.8780E-01
  0.1150E+01  0.2056E+02  0.8287E-01
  0.1198E+01  0.2156E+02  0.7672E-01
  0.1245E+01  0.2252E+02  0.7001E-01
  0.1293E+01  0.2344E+02  0.6367E-01
  0.1341E+01  0.2432E+02  0.5887E-01
  0.1389E+01  0.2515E+02  0.5686E-01
  0.1437E+01  0.2592E+02  0.5839E-01
  0.1485E+01  0.2662E+02  0.6328E-01
  0.1533E+01  0.2726E+02  0.7058E-01
  0.1581E+01  0.2783E+02  0.7915E-01
  0.1629E+01  0.2832E+02  0.8800E-01
  0.1676E+01  0.2872E+02  0.9640E-01
  0.1724E+01  0.2905E+02  0.1038E+00
  0.1772E+01  0.2928E+02  0.1099E+00
  0.1820E+01  0.2943E+02  0.1145E+00
  0.1868E+01  0.2949E+02  0.1174E+00
  0.1916E+01  0.2946E+02  0.1187E+00
  0.1964E+01  0.2934E+02  0.1185E+00
  0.2012E+01  0.2912E+02  0.1170E+00
  0.2060E+01  0.2883E+02  0.1145E+00
  0.2108E+01  0.2845E+02  0.1115E+00
  0.2155E+01  0.2798E+02  0.1083E+00
  0.2203E+01  0.2745E+02  0.1056E+00
  0.2251E+01  0.2684E+02  0.1038E+00
  0.2299E+01  0.2616E+02  0.1031E+00
  0.2347E+01  0.2542E+02  0.1039E+00
  0.2395E+01  0.2463E+02  0.1060E+00
  0.2443E+01  0.2379E+02  0.1091E+00
  0.2491E+01  0.2291E+02  0.1129E+00
  0.2539E+01  0.2200E+02  0.1169E+00
  0.2587E+01  0.2105E+02  0.1208E+00
  0.2635E+01  0.2009E+02  0.1241E+00
  0.2682E+01  0.1911E+02  0.1266E+00
  0.2730E+01  0.1813E+02  0.1281E+00
  0.2778E+01  0.1715E+02  0.1286E+00
  0.2826E+01  0.1617E+02  0.1281E+00
  0.2874E+01  0.1520E+02  0.1266E+00
  0.2922E+01  0.1425E+02  0.1245E+00
  0.2970E+01  0.1332E+02  0.1219E+00
  0.3018E+01  0.1242E+02  0.1193E+00
  0.3066E+01  0.1155E+02  0.1169E+00
  0.3113E+01  0.1072E+02  0.1151E+00
  0.3161E+01  0.9918E+01  0.1142E+00
  0.3209E+01  0.9157E+01  0.1142E+00
  0.3257E+01  0.8436E+01  0.1153E+00
  0.3305E+01  0.7756E+01  0.1173E+00
  0.3353E+01  0.7119E+01  0.1198E+00
  0.3401E+01  0.6524E+01  0.1225E+00
  0.3449E+01  0.5970E+01  0.1251E+00
  0.3497E+01  0.5458E+01  0.1273E+00
  0.3545E+01  0.4985E+01  0.1288E+00
  0.3592E+01  0.4550E+01  0.1294E+00
  0.3640E+01  0.4152E+01  0.1290E+00
  0.3688E+01  0.3788E+01  0.1277E+00
  0.3736E+01  0.3457E+01  0.1254E+00
  0.3784E+01  0.3155E+01  0.1225E+00
  0.3832E+01  0.2881E+01  0.1192E+00
  0.3880E+01  0.2631E+01  0.1159E+00
  0.3928E+01  0.2404E+01  0.1132E+00
  0.3976E+01  0.2197E+01  0.1114E+00
  0.4024E+01  0.2007E+01  0.1110E+00
  0.4071E+01  0.1833E+01  0.1122E+00
  0.4119E+01  0.1672E+01  0.1149E+00
  0.4167E+01  0.1522E+01  0.1190E+00
  0.4215E+01  0.1381E+01  0.1238E+00
  0.4263E+01  0.1248E+01  0.1288E+00
  0.4311E+01  0.1121E+01  0.1332E+00
  0.4359E+01  0.9990E+00  0.1364E+00
  0.4407E+01  0.8806E+00  0.1377E+00
  0.4455E+01  0.7652E+00  0.1364E+00
  0.4503E+01  0.6520E+00  0.1318E+00
  0.4550E+01  0.5404E+00  0.1232E+00
  0.4598E+01  0.4300E+00  0.1101E+00
  0.4646E+01  0.3208E+00  0.9188E-01
  0.4694E+01  0.2127E+00  0.6784E-01
  0.4742E+01  0.1057E+00  0.3741E-01
  0.4790E+01  0.0000E+00  0.0000E+00
          Reciprocal space: Rg =    1.51     , I(0) =   0.7805E+03
     Real space: Rg =    1.51 +- 0.003  I(0) =   0.7805E+03 +-  0.1207E+01
