dammif ........................................... : r11734
Log opened ....................................... : 25-Mar-2020, 10:28:35
Run as:
Full command line ................................ : /usr/bin/dammif --quiet --mode=Slow --prefix=lys_8_14 --unit=Unknown --symmetry=P1 --anisometry=Unknown --omit-solvent lys_8.out
Configuration mode ............................... : slow
Angular units .................................... : unknown
Prefix ........................................... : lys_8_14
Omit output of solvent ........................... : yes
GNOM input file .................................. : lys_8.out
Expected particle anisometry ..................... : unknown
Enforced particle symmetry ....................... : p1
Pseudo-chains in PDB output ...................... : no
GNOM file:
Title ............................................ :
Angular units .................................... : angstrom
Maximum particle diameter [Angstrom] ............. : 44.0
Radius of gyration [Angstrom] .................... : 14.7
Minimum s [1/Angstrom] ........................... : 0.00
Maximum s [1/Angstrom] ........................... : 0.579
Configured as:
Shape class ...................................... : compact
Approx. shape dimension (ri) ..................... : 0.00
Approx. shape dimension (ro) ..................... : 18.9
Approx. shape dimension (h) ...................... : 0.00
Dummy atom radius ................................ : 1.00
Number of spherical harmonics .................... : 20
Proportion of the curve to be fitted ............. : 1.00
Maximum s [1/Angstrom] ........................... : 0.579
Number of shannon channels ....................... : 9
Number of supporting points in spline approx. .... : 10
Probability that the spline approx. fits the data  : 0.563E-77
Weighting function ............................... : emphasised porod
Initial random seed .............................. : 3024532972212072475
Maximum number of steps .......................... : 400
Maximum number of iterations ..................... : 100000
Minumum number of successes ...................... : 50
Maximum number of successes ...................... : 10000
Temperature scheduling factor .................... : 0.950
Rg penalty weight ................................ : 0.100E-02
Center penalty weight ............................ : 0.100E-04
Looseness penalty weight ......................... : 0.100E-01
Anisometry penalty weight ........................ : 0.00
Constant subtraction ............................. : 0.520E-04
Annealing procedure status ....................... : warming up
Initial Rg penalty ............................... : 0.169E-03
Initial Center penalty ........................... : 0.781E-15
Initial Looseness penalty ........................ : 0.506E-02
Annealing procedure status ....................... : started
Step:    1, T: 0.726E-05, 3099/10867, Succ: 10000, Eval: 18782, CPU: 00:00:02
 Rf: 0.0655, Los: 0.10, Rg: 0.01, Cen: 0.57, Ani: 0.00, Fit: 0.0731
Step:    2, T: 0.690E-05, 3045/12532, Succ: 10000, Eval: 41038, CPU: 00:00:05
 Rf: 0.0614, Los: 0.11, Rg: 0.04, Cen: 0.52, Ani: 0.00, Fit: 0.0702
Step:    3, T: 0.655E-05, 2937/13404, Succ: 10000, Eval: 63949, CPU: 00:00:08
 Rf: 0.0588, Los: 0.12, Rg: 0.07, Cen: 0.60, Ani: 0.00, Fit: 0.0684
Step:    4, T: 0.623E-05, 2987/14113, Succ: 10000, Eval: 87181, CPU: 00:00:11
 Rf: 0.0572, Los: 0.11, Rg: 0.10, Cen: 0.66, Ani: 0.00, Fit: 0.0671
Step:    5, T: 0.591E-05, 2963/14574, Succ: 10000, Eval: 109985, CPU: 00:00:14
 Rf: 0.0556, Los: 0.11, Rg: 0.09, Cen: 0.48, Ani: 0.00, Fit: 0.0654
Step:    6, T: 0.562E-05, 2959/14980, Succ: 10000, Eval: 132667, CPU: 00:00:16
 Rf: 0.0538, Los: 0.11, Rg: 0.09, Cen: 0.84, Ani: 0.00, Fit: 0.0640
Step:    7, T: 0.534E-05, 2935/15333, Succ: 10000, Eval: 155228, CPU: 00:00:19
 Rf: 0.0538, Los: 0.11, Rg: 0.06, Cen: 0.75, Ani: 0.00, Fit: 0.0638
Step:    8, T: 0.507E-05, 2935/15614, Succ: 10000, Eval: 177784, CPU: 00:00:21
 Rf: 0.0508, Los: 0.11, Rg: 0.06, Cen: 0.93, Ani: 0.00, Fit: 0.0611
Step:    9, T: 0.482E-05, 2903/15798, Succ: 10000, Eval: 200324, CPU: 00:00:23
 Rf: 0.0483, Los: 0.11, Rg: 0.04, Cen: 0.55, Ani: 0.00, Fit: 0.0589
Step:   10, T: 0.458E-05, 2869/16059, Succ: 10000, Eval: 223070, CPU: 00:00:25
 Rf: 0.0471, Los: 0.11, Rg: 0.06, Cen: 0.25, Ani: 0.00, Fit: 0.0579
Step:   11, T: 0.435E-05, 2805/16191, Succ: 10000, Eval: 245316, CPU: 00:00:27
 Rf: 0.0410, Los: 0.10, Rg: 0.02, Cen: 0.42, Ani: 0.00, Fit: 0.0520
Step:   12, T: 0.413E-05, 2709/16426, Succ: 10000, Eval: 267748, CPU: 00:00:29
 Rf: 0.0374, Los: 0.11, Rg: 0.05, Cen: 0.14, Ani: 0.00, Fit: 0.0501
Step:   13, T: 0.392E-05, 2691/16606, Succ: 10000, Eval: 289128, CPU: 00:00:31
 Rf: 0.0363, Los: 0.10, Rg: 0.05, Cen: 0.34, Ani: 0.00, Fit: 0.0489
Step:   14, T: 0.373E-05, 2735/16815, Succ: 10000, Eval: 311354, CPU: 00:00:32
 Rf: 0.0345, Los: 0.10, Rg: 0.03, Cen: 0.31, Ani: 0.00, Fit: 0.0468
Step:   15, T: 0.354E-05, 2649/17067, Succ: 10000, Eval: 333771, CPU: 00:00:34
 Rf: 0.0320, Los: 0.10, Rg: 0.04, Cen: 0.32, Ani: 0.00, Fit: 0.0459
Step:   16, T: 0.336E-05, 2651/17260, Succ: 10000, Eval: 356746, CPU: 00:00:36
 Rf: 0.0323, Los: 0.10, Rg: 0.04, Cen: 0.50, Ani: 0.00, Fit: 0.0458
Step:   17, T: 0.320E-05, 2667/17421, Succ: 10000, Eval: 379345, CPU: 00:00:38
 Rf: 0.0296, Los: 0.09, Rg: 0.03, Cen: 0.37, Ani: 0.00, Fit: 0.0428
Step:   18, T: 0.304E-05, 2627/17547, Succ: 10000, Eval: 401470, CPU: 00:00:40
 Rf: 0.0278, Los: 0.09, Rg: 0.02, Cen: 0.57, Ani: 0.00, Fit: 0.0414
Step:   19, T: 0.288E-05, 2601/17657, Succ: 10000, Eval: 423124, CPU: 00:00:41
 Rf: 0.0281, Los: 0.10, Rg: 0.01, Cen: 0.81, Ani: 0.00, Fit: 0.0422
Step:   20, T: 0.274E-05, 2617/17778, Succ: 10000, Eval: 445208, CPU: 00:00:43
 Rf: 0.0248, Los: 0.09, Rg: 0.01, Cen: 0.19, Ani: 0.00, Fit: 0.0395
Step:   21, T: 0.260E-05, 2611/17913, Succ: 10000, Eval: 467050, CPU: 00:00:44
 Rf: 0.0244, Los: 0.09, Rg: 0.02, Cen: 0.79, Ani: 0.00, Fit: 0.0389
Step:   22, T: 0.247E-05, 2611/18031, Succ: 10000, Eval: 488165, CPU: 00:00:45
 Rf: 0.0226, Los: 0.09, Rg: 0.01, Cen: 0.55, Ani: 0.00, Fit: 0.0377
Step:   23, T: 0.235E-05, 2567/18109, Succ: 10000, Eval: 510068, CPU: 00:00:47
 Rf: 0.0220, Los: 0.09, Rg: 0.01, Cen: 0.43, Ani: 0.00, Fit: 0.0380
Step:   24, T: 0.223E-05, 2491/18186, Succ: 10000, Eval: 531848, CPU: 00:00:48
 Rf: 0.0182, Los: 0.09, Rg: 0.02, Cen: 0.45, Ani: 0.00, Fit: 0.0352
Step:   25, T: 0.212E-05, 2557/18328, Succ: 10000, Eval: 553771, CPU: 00:00:49
 Rf: 0.0177, Los: 0.09, Rg: 0.02, Cen: 0.51, Ani: 0.00, Fit: 0.0345
Step:   26, T: 0.201E-05, 2551/18441, Succ: 10000, Eval: 575460, CPU: 00:00:51
 Rf: 0.0166, Los: 0.08, Rg: 0.01, Cen: 0.66, Ani: 0.00, Fit: 0.0337
Step:   27, T: 0.191E-05, 2565/18588, Succ: 10000, Eval: 596841, CPU: 00:00:52
 Rf: 0.0164, Los: 0.08, Rg: 0.02, Cen: 1.06, Ani: 0.00, Fit: 0.0333
Step:   28, T: 0.182E-05, 2579/18690, Succ: 10000, Eval: 618614, CPU: 00:00:53
 Rf: 0.0152, Los: 0.08, Rg: 0.01, Cen: 1.43, Ani: 0.00, Fit: 0.0317
Step:   29, T: 0.173E-05, 2545/18737, Succ: 10000, Eval: 639889, CPU: 00:00:54
 Rf: 0.0131, Los: 0.07, Rg: 0.01, Cen: 1.21, Ani: 0.00, Fit: 0.0306
Step:   30, T: 0.164E-05, 2459/18751, Succ: 10000, Eval: 660639, CPU: 00:00:55
 Rf: 0.0114, Los: 0.08, Rg: 0.00, Cen: 0.97, Ani: 0.00, Fit: 0.0302
Step:   31, T: 0.156E-05, 2503/18776, Succ: 10000, Eval: 681395, CPU: 00:00:56
 Rf: 0.0134, Los: 0.07, Rg: 0.01, Cen: 0.82, Ani: 0.00, Fit: 0.0306
Step:   32, T: 0.148E-05, 2571/18835, Succ: 10000, Eval: 702381, CPU: 00:00:57
 Rf: 0.0125, Los: 0.07, Rg: 0.01, Cen: 0.77, Ani: 0.00, Fit: 0.0294
Step:   33, T: 0.141E-05, 2535/18878, Succ: 10000, Eval: 723294, CPU: 00:00:58
 Rf: 0.0121, Los: 0.07, Rg: 0.00, Cen: 0.19, Ani: 0.00, Fit: 0.0290
Step:   34, T: 0.134E-05, 2551/18905, Succ: 10000, Eval: 744264, CPU: 00:00:59
 Rf: 0.0098, Los: 0.07, Rg: 0.01, Cen: 0.13, Ani: 0.00, Fit: 0.0275
Step:   35, T: 0.127E-05, 2573/18918, Succ: 10000, Eval: 765026, CPU: 00:01:00
 Rf: 0.0105, Los: 0.06, Rg: 0.00, Cen: 0.48, Ani: 0.00, Fit: 0.0274
Step:   36, T: 0.121E-05, 2517/18966, Succ: 10000, Eval: 786529, CPU: 00:01:01
 Rf: 0.0092, Los: 0.06, Rg: 0.01, Cen: 0.48, Ani: 0.00, Fit: 0.0273
Step:   37, T: 0.115E-05, 2559/18992, Succ: 10000, Eval: 807561, CPU: 00:01:02
 Rf: 0.0085, Los: 0.06, Rg: 0.00, Cen: 0.70, Ani: 0.00, Fit: 0.0261
Step:   38, T: 0.109E-05, 2561/19007, Succ: 10000, Eval: 828516, CPU: 00:01:03
 Rf: 0.0101, Los: 0.06, Rg: 0.00, Cen: 0.32, Ani: 0.00, Fit: 0.0267
Step:   39, T: 0.103E-05, 2527/19029, Succ: 10000, Eval: 849124, CPU: 00:01:03
 Rf: 0.0083, Los: 0.06, Rg: 0.00, Cen: 0.56, Ani: 0.00, Fit: 0.0255
Step:   40, T: 0.982E-06, 2605/19084, Succ: 10000, Eval: 869800, CPU: 00:01:04
 Rf: 0.0082, Los: 0.06, Rg: 0.01, Cen: 0.72, Ani: 0.00, Fit: 0.0254
Step:   41, T: 0.933E-06, 2551/19100, Succ: 10000, Eval: 890843, CPU: 00:01:05
 Rf: 0.0070, Los: 0.05, Rg: 0.00, Cen: 0.66, Ani: 0.00, Fit: 0.0241
Step:   42, T: 0.887E-06, 2585/19117, Succ: 10000, Eval: 912100, CPU: 00:01:06
 Rf: 0.0074, Los: 0.05, Rg: 0.00, Cen: 0.23, Ani: 0.00, Fit: 0.0235
Step:   43, T: 0.842E-06, 2569/19146, Succ: 10000, Eval: 933462, CPU: 00:01:06
 Rf: 0.0069, Los: 0.05, Rg: 0.00, Cen: 0.27, Ani: 0.00, Fit: 0.0239
Step:   44, T: 0.800E-06, 2611/19150, Succ: 10000, Eval: 955376, CPU: 00:01:07
 Rf: 0.0065, Los: 0.05, Rg: 0.00, Cen: 0.47, Ani: 0.00, Fit: 0.0232
Step:   45, T: 0.760E-06, 2641/19168, Succ: 10000, Eval: 976878, CPU: 00:01:08
 Rf: 0.0061, Los: 0.05, Rg: 0.00, Cen: 0.12, Ani: 0.00, Fit: 0.0222
Step:   46, T: 0.722E-06, 2651/19175, Succ: 10000, Eval: 998692, CPU: 00:01:09
 Rf: 0.0070, Los: 0.04, Rg: 0.00, Cen: 0.04, Ani: 0.00, Fit: 0.0223
Step:   47, T: 0.686E-06, 2671/19183, Succ: 10000, Eval: 1021166, CPU: 00:01:09
 Rf: 0.0060, Los: 0.04, Rg: 0.00, Cen: 0.26, Ani: 0.00, Fit: 0.0219
Step:   48, T: 0.652E-06, 2629/19197, Succ: 10000, Eval: 1043798, CPU: 00:01:10
 Rf: 0.0059, Los: 0.04, Rg: 0.00, Cen: 0.24, Ani: 0.00, Fit: 0.0217
Step:   49, T: 0.619E-06, 2639/19205, Succ: 10000, Eval: 1066436, CPU: 00:01:11
 Rf: 0.0061, Los: 0.04, Rg: 0.00, Cen: 0.16, Ani: 0.00, Fit: 0.0216
Step:   50, T: 0.588E-06, 2655/19213, Succ: 10000, Eval: 1089367, CPU: 00:01:11
 Rf: 0.0045, Los: 0.04, Rg: 0.00, Cen: 0.12, Ani: 0.00, Fit: 0.0204
Step:   51, T: 0.559E-06, 2665/19220, Succ: 10000, Eval: 1112743, CPU: 00:01:12
 Rf: 0.0059, Los: 0.04, Rg: 0.00, Cen: 0.06, Ani: 0.00, Fit: 0.0210
Step:   52, T: 0.531E-06, 2641/19228, Succ: 10000, Eval: 1136098, CPU: 00:01:13
 Rf: 0.0045, Los: 0.04, Rg: 0.00, Cen: 0.06, Ani: 0.00, Fit: 0.0200
Step:   53, T: 0.504E-06, 2709/19230, Succ: 10000, Eval: 1160194, CPU: 00:01:14
 Rf: 0.0049, Los: 0.04, Rg: 0.00, Cen: 0.09, Ani: 0.00, Fit: 0.0198
Step:   54, T: 0.479E-06, 2685/19231, Succ: 10000, Eval: 1184697, CPU: 00:01:14
 Rf: 0.0044, Los: 0.04, Rg: 0.00, Cen: 0.12, Ani: 0.00, Fit: 0.0194
Step:   55, T: 0.455E-06, 2701/19231, Succ: 10000, Eval: 1209128, CPU: 00:01:15
 Rf: 0.0047, Los: 0.03, Rg: 0.00, Cen: 0.12, Ani: 0.00, Fit: 0.0190
Step:   56, T: 0.432E-06, 2731/19231, Succ: 10000, Eval: 1234174, CPU: 00:01:16
 Rf: 0.0043, Los: 0.03, Rg: 0.00, Cen: 0.02, Ani: 0.00, Fit: 0.0184
Step:   57, T: 0.411E-06, 2767/19231, Succ: 10000, Eval: 1259690, CPU: 00:01:16
 Rf: 0.0040, Los: 0.03, Rg: 0.00, Cen: 0.11, Ani: 0.00, Fit: 0.0181
Step:   58, T: 0.390E-06, 2729/19231, Succ: 10000, Eval: 1285511, CPU: 00:01:17
 Rf: 0.0034, Los: 0.03, Rg: 0.00, Cen: 0.06, Ani: 0.00, Fit: 0.0180
Step:   59, T: 0.371E-06, 2735/19234, Succ: 10000, Eval: 1312091, CPU: 00:01:18
 Rf: 0.0039, Los: 0.03, Rg: 0.00, Cen: 0.20, Ani: 0.00, Fit: 0.0180
Step:   60, T: 0.352E-06, 2781/19241, Succ: 10000, Eval: 1338149, CPU: 00:01:19
 Rf: 0.0029, Los: 0.03, Rg: 0.00, Cen: 0.09, Ani: 0.00, Fit: 0.0172
Step:   61, T: 0.335E-06, 2803/19241, Succ: 10000, Eval: 1365279, CPU: 00:01:20
 Rf: 0.0036, Los: 0.03, Rg: 0.00, Cen: 0.09, Ani: 0.00, Fit: 0.0168
Step:   62, T: 0.318E-06, 2805/19247, Succ: 10000, Eval: 1392795, CPU: 00:01:20
 Rf: 0.0036, Los: 0.03, Rg: 0.00, Cen: 0.17, Ani: 0.00, Fit: 0.0170
Step:   63, T: 0.302E-06, 2823/19248, Succ: 10000, Eval: 1420400, CPU: 00:01:21
 Rf: 0.0035, Los: 0.03, Rg: 0.00, Cen: 0.03, Ani: 0.00, Fit: 0.0166
Step:   64, T: 0.287E-06, 2833/19248, Succ: 10000, Eval: 1449183, CPU: 00:01:22
 Rf: 0.0037, Los: 0.03, Rg: 0.00, Cen: 0.09, Ani: 0.00, Fit: 0.0164
Step:   65, T: 0.272E-06, 2829/19248, Succ: 10000, Eval: 1478434, CPU: 00:01:23
 Rf: 0.0034, Los: 0.02, Rg: 0.00, Cen: 0.05, Ani: 0.00, Fit: 0.0160
Step:   66, T: 0.259E-06, 2849/19248, Succ: 10000, Eval: 1508575, CPU: 00:01:24
 Rf: 0.0029, Los: 0.02, Rg: 0.00, Cen: 0.08, Ani: 0.00, Fit: 0.0155
Step:   67, T: 0.246E-06, 2885/19249, Succ: 10000, Eval: 1538669, CPU: 00:01:25
 Rf: 0.0029, Los: 0.02, Rg: 0.00, Cen: 0.15, Ani: 0.00, Fit: 0.0151
Step:   68, T: 0.234E-06, 2897/19249, Succ: 10000, Eval: 1570054, CPU: 00:01:26
 Rf: 0.0032, Los: 0.02, Rg: 0.00, Cen: 0.13, Ani: 0.00, Fit: 0.0150
Step:   69, T: 0.222E-06, 2907/19254, Succ: 10000, Eval: 1602452, CPU: 00:01:26
 Rf: 0.0029, Los: 0.02, Rg: 0.00, Cen: 0.03, Ani: 0.00, Fit: 0.0146
Step:   70, T: 0.211E-06, 2909/19260, Succ: 10000, Eval: 1635187, CPU: 00:01:27
 Rf: 0.0029, Los: 0.02, Rg: 0.00, Cen: 0.08, Ani: 0.00, Fit: 0.0145
Step:   71, T: 0.200E-06, 2929/19262, Succ: 10000, Eval: 1668332, CPU: 00:01:28
 Rf: 0.0028, Los: 0.02, Rg: 0.00, Cen: 0.08, Ani: 0.00, Fit: 0.0143
Step:   72, T: 0.190E-06, 2945/19272, Succ: 10000, Eval: 1702788, CPU: 00:01:29
 Rf: 0.0026, Los: 0.02, Rg: 0.00, Cen: 0.02, Ani: 0.00, Fit: 0.0139
Step:   73, T: 0.181E-06, 2957/19278, Succ: 10000, Eval: 1738095, CPU: 00:01:30
 Rf: 0.0026, Los: 0.02, Rg: 0.00, Cen: 0.06, Ani: 0.00, Fit: 0.0140
Step:   74, T: 0.172E-06, 2981/19281, Succ: 10000, Eval: 1773904, CPU: 00:01:32
 Rf: 0.0028, Los: 0.02, Rg: 0.00, Cen: 0.05, Ani: 0.00, Fit: 0.0137
Step:   75, T: 0.163E-06, 2969/19283, Succ: 10000, Eval: 1810628, CPU: 00:01:33
 Rf: 0.0024, Los: 0.02, Rg: 0.00, Cen: 0.05, Ani: 0.00, Fit: 0.0132
Step:   76, T: 0.155E-06, 3023/19284, Succ: 10000, Eval: 1848150, CPU: 00:01:34
 Rf: 0.0027, Los: 0.02, Rg: 0.00, Cen: 0.14, Ani: 0.00, Fit: 0.0130
Step:   77, T: 0.147E-06, 3001/19284, Succ: 10000, Eval: 1887853, CPU: 00:01:35
 Rf: 0.0024, Los: 0.02, Rg: 0.00, Cen: 0.05, Ani: 0.00, Fit: 0.0129
Step:   78, T: 0.140E-06, 3033/19286, Succ: 10000, Eval: 1928137, CPU: 00:01:36
 Rf: 0.0023, Los: 0.02, Rg: 0.00, Cen: 0.01, Ani: 0.00, Fit: 0.0127
Step:   79, T: 0.133E-06, 3051/19286, Succ: 10000, Eval: 1970552, CPU: 00:01:37
 Rf: 0.0023, Los: 0.02, Rg: 0.00, Cen: 0.05, Ani: 0.00, Fit: 0.0125
Step:   80, T: 0.126E-06, 3051/19286, Succ: 10000, Eval: 2014906, CPU: 00:01:39
 Rf: 0.0023, Los: 0.01, Rg: 0.00, Cen: 0.06, Ani: 0.00, Fit: 0.0124
Step:   81, T: 0.120E-06, 3095/19286, Succ: 10000, Eval: 2059899, CPU: 00:01:40
 Rf: 0.0019, Los: 0.01, Rg: 0.00, Cen: 0.06, Ani: 0.00, Fit: 0.0119
Step:   82, T: 0.114E-06, 3141/19286, Succ: 10000, Eval: 2105812, CPU: 00:01:41
 Rf: 0.0022, Los: 0.01, Rg: 0.00, Cen: 0.02, Ani: 0.00, Fit: 0.0117
Step:   83, T: 0.108E-06, 3111/19286, Succ: 10000, Eval: 2152828, CPU: 00:01:43
 Rf: 0.0021, Los: 0.01, Rg: 0.00, Cen: 0.04, Ani: 0.00, Fit: 0.0116
Step:   84, T: 0.103E-06, 3123/19286, Succ: 10000, Eval: 2202623, CPU: 00:01:44
 Rf: 0.0022, Los: 0.01, Rg: 0.00, Cen: 0.03, Ani: 0.00, Fit: 0.0113
Step:   85, T: 0.977E-07, 3123/19286, Succ: 10000, Eval: 2254327, CPU: 00:01:46
 Rf: 0.0020, Los: 0.01, Rg: 0.00, Cen: 0.01, Ani: 0.00, Fit: 0.0115
Step:   86, T: 0.928E-07, 3161/19286, Succ: 10000, Eval: 2306722, CPU: 00:01:47
 Rf: 0.0023, Los: 0.01, Rg: 0.00, Cen: 0.04, Ani: 0.00, Fit: 0.0113
Step:   87, T: 0.882E-07, 3173/19286, Succ: 10000, Eval: 2361734, CPU: 00:01:49
 Rf: 0.0021, Los: 0.01, Rg: 0.00, Cen: 0.05, Ani: 0.00, Fit: 0.0112
Step:   88, T: 0.838E-07, 3201/19286, Succ: 10000, Eval: 2420389, CPU: 00:01:51
 Rf: 0.0019, Los: 0.01, Rg: 0.00, Cen: 0.03, Ani: 0.00, Fit: 0.0108
Step:   89, T: 0.796E-07, 3199/19286, Succ: 10000, Eval: 2481270, CPU: 00:01:53
 Rf: 0.0020, Los: 0.01, Rg: 0.00, Cen: 0.03, Ani: 0.00, Fit: 0.0107
Step:   90, T: 0.756E-07, 3207/19286, Succ: 10000, Eval: 2546134, CPU: 00:01:55
 Rf: 0.0020, Los: 0.01, Rg: 0.00, Cen: 0.05, Ani: 0.00, Fit: 0.0105
Step:   91, T: 0.718E-07, 3233/19286, Succ: 10000, Eval: 2612118, CPU: 00:01:56
 Rf: 0.0020, Los: 0.01, Rg: 0.00, Cen: 0.02, Ani: 0.00, Fit: 0.0103
Step:   92, T: 0.682E-07, 3233/19286, Succ: 10000, Eval: 2682374, CPU: 00:01:59
 Rf: 0.0020, Los: 0.01, Rg: 0.00, Cen: 0.02, Ani: 0.00, Fit: 0.0103
Step:   93, T: 0.648E-07, 3253/19286, Succ: 10000, Eval: 2756634, CPU: 00:02:01
 Rf: 0.0017, Los: 0.01, Rg: 0.00, Cen: 0.03, Ani: 0.00, Fit: 0.0101
Step:   94, T: 0.616E-07, 3271/19286, Succ: 10000, Eval: 2834854, CPU: 00:02:03
 Rf: 0.0016, Los: 0.01, Rg: 0.00, Cen: 0.02, Ani: 0.00, Fit: 0.0100
Step:   95, T: 0.585E-07, 3293/19287, Succ: 10000, Eval: 2918305, CPU: 00:02:06
 Rf: 0.0019, Los: 0.01, Rg: 0.00, Cen: 0.02, Ani: 0.00, Fit: 0.0097
Step:   96, T: 0.556E-07, 3309/19290, Succ: 10000, Eval: 3007143, CPU: 00:02:09
 Rf: 0.0019, Los: 0.01, Rg: 0.00, Cen: 0.02, Ani: 0.00, Fit: 0.0097
Step:   97, T: 0.528E-07, 3311/19290, Succ: 10000, Eval: 3101988, CPU: 00:02:11
 Rf: 0.0018, Los: 0.01, Rg: 0.00, Cen: 0.01, Ani: 0.00, Fit: 0.0094
Step:   98, T: 0.501E-07, 3332/19290, Succ: 9679, Eval: 3201988, CPU: 00:02:15
 Rf: 0.0018, Los: 0.01, Rg: 0.00, Cen: 0.02, Ani: 0.00, Fit: 0.0093
Step:   99, T: 0.476E-07, 3344/19290, Succ: 9082, Eval: 3301988, CPU: 00:02:18
 Rf: 0.0018, Los: 0.01, Rg: 0.00, Cen: 0.01, Ani: 0.00, Fit: 0.0092
Step:  100, T: 0.453E-07, 3333/19290, Succ: 8439, Eval: 3401988, CPU: 00:02:21
 Rf: 0.0016, Los: 0.01, Rg: 0.00, Cen: 0.02, Ani: 0.00, Fit: 0.0092
Step:  101, T: 0.430E-07, 3339/19290, Succ: 7632, Eval: 3501988, CPU: 00:02:24
 Rf: 0.0018, Los: 0.01, Rg: 0.00, Cen: 0.01, Ani: 0.00, Fit: 0.0092
Step:  102, T: 0.408E-07, 3361/19290, Succ: 7218, Eval: 3601988, CPU: 00:02:27
 Rf: 0.0016, Los: 0.01, Rg: 0.00, Cen: 0.02, Ani: 0.00, Fit: 0.0090
Step:  103, T: 0.388E-07, 3380/19290, Succ: 6499, Eval: 3701988, CPU: 00:02:30
 Rf: 0.0018, Los: 0.01, Rg: 0.00, Cen: 0.02, Ani: 0.00, Fit: 0.0089
Step:  104, T: 0.369E-07, 3402/19290, Succ: 6204, Eval: 3801988, CPU: 00:02:33
 Rf: 0.0017, Los: 0.01, Rg: 0.00, Cen: 0.01, Ani: 0.00, Fit: 0.0088
Step:  105, T: 0.350E-07, 3409/19290, Succ: 5219, Eval: 3901988, CPU: 00:02:36
 Rf: 0.0017, Los: 0.01, Rg: 0.00, Cen: 0.00, Ani: 0.00, Fit: 0.0088
Step:  106, T: 0.333E-07, 3420/19290, Succ: 4737, Eval: 4001988, CPU: 00:02:39
 Rf: 0.0017, Los: 0.01, Rg: 0.00, Cen: 0.01, Ani: 0.00, Fit: 0.0086
Step:  107, T: 0.316E-07, 3440/19290, Succ: 4606, Eval: 4101988, CPU: 00:02:43
 Rf: 0.0017, Los: 0.01, Rg: 0.00, Cen: 0.01, Ani: 0.00, Fit: 0.0085
Step:  108, T: 0.300E-07, 3425/19290, Succ: 4033, Eval: 4201988, CPU: 00:02:46
 Rf: 0.0017, Los: 0.01, Rg: 0.00, Cen: 0.01, Ani: 0.00, Fit: 0.0084
Step:  109, T: 0.285E-07, 3423/19290, Succ: 3306, Eval: 4301988, CPU: 00:02:49
 Rf: 0.0017, Los: 0.01, Rg: 0.00, Cen: 0.01, Ani: 0.00, Fit: 0.0084
Step:  110, T: 0.271E-07, 3461/19290, Succ: 3042, Eval: 4401988, CPU: 00:02:52
 Rf: 0.0016, Los: 0.01, Rg: 0.00, Cen: 0.02, Ani: 0.00, Fit: 0.0083
Step:  111, T: 0.257E-07, 3460/19290, Succ: 2745, Eval: 4501988, CPU: 00:02:55
 Rf: 0.0018, Los: 0.01, Rg: 0.00, Cen: 0.01, Ani: 0.00, Fit: 0.0082
Step:  112, T: 0.245E-07, 3464/19290, Succ: 2386, Eval: 4601988, CPU: 00:02:58
 Rf: 0.0018, Los: 0.01, Rg: 0.00, Cen: 0.00, Ani: 0.00, Fit: 0.0082
Step:  113, T: 0.232E-07, 3469/19290, Succ: 2081, Eval: 4701988, CPU: 00:03:01
 Rf: 0.0017, Los: 0.01, Rg: 0.00, Cen: 0.00, Ani: 0.00, Fit: 0.0082
Step:  114, T: 0.221E-07, 3479/19290, Succ: 1684, Eval: 4801988, CPU: 00:03:05
 Rf: 0.0017, Los: 0.01, Rg: 0.00, Cen: 0.00, Ani: 0.00, Fit: 0.0081
Step:  115, T: 0.210E-07, 3474/19290, Succ: 1535, Eval: 4901988, CPU: 00:03:08
 Rf: 0.0016, Los: 0.01, Rg: 0.00, Cen: 0.01, Ani: 0.00, Fit: 0.0080
Step:  116, T: 0.199E-07, 3481/19290, Succ: 1253, Eval: 5001988, CPU: 00:03:11
 Rf: 0.0017, Los: 0.01, Rg: 0.00, Cen: 0.01, Ani: 0.00, Fit: 0.0080
Step:  117, T: 0.189E-07, 3489/19290, Succ: 962, Eval: 5101988, CPU: 00:03:15
 Rf: 0.0017, Los: 0.01, Rg: 0.00, Cen: 0.00, Ani: 0.00, Fit: 0.0080
Step:  118, T: 0.180E-07, 3500/19290, Succ: 901, Eval: 5201988, CPU: 00:03:18
 Rf: 0.0017, Los: 0.01, Rg: 0.00, Cen: 0.01, Ani: 0.00, Fit: 0.0079
Step:  119, T: 0.171E-07, 3492/19290, Succ: 728, Eval: 5301988, CPU: 00:03:21
 Rf: 0.0016, Los: 0.01, Rg: 0.00, Cen: 0.00, Ani: 0.00, Fit: 0.0079
Step:  120, T: 0.162E-07, 3495/19290, Succ: 583, Eval: 5401988, CPU: 00:03:24
 Rf: 0.0016, Los: 0.01, Rg: 0.00, Cen: 0.00, Ani: 0.00, Fit: 0.0079
Step:  121, T: 0.154E-07, 3503/19290, Succ: 500, Eval: 5501988, CPU: 00:03:27
 Rf: 0.0016, Los: 0.01, Rg: 0.00, Cen: 0.00, Ani: 0.00, Fit: 0.0079
Step:  122, T: 0.146E-07, 3510/19290, Succ: 393, Eval: 5601988, CPU: 00:03:31
 Rf: 0.0017, Los: 0.01, Rg: 0.00, Cen: 0.01, Ani: 0.00, Fit: 0.0079
Step:  123, T: 0.139E-07, 3507/19290, Succ: 283, Eval: 5701988, CPU: 00:03:34
 Rf: 0.0016, Los: 0.01, Rg: 0.00, Cen: 0.01, Ani: 0.00, Fit: 0.0079
Step:  124, T: 0.132E-07, 3510/19290, Succ: 251, Eval: 5801988, CPU: 00:03:37
 Rf: 0.0016, Los: 0.01, Rg: 0.00, Cen: 0.00, Ani: 0.00, Fit: 0.0079
Step:  125, T: 0.126E-07, 3513/19290, Succ: 209, Eval: 5901988, CPU: 00:03:41
 Rf: 0.0017, Los: 0.01, Rg: 0.00, Cen: 0.01, Ani: 0.00, Fit: 0.0079
Step:  126, T: 0.119E-07, 3502/19290, Succ: 237, Eval: 6001988, CPU: 00:03:44
 Rf: 0.0016, Los: 0.01, Rg: 0.00, Cen: 0.00, Ani: 0.00, Fit: 0.0079
Step:  127, T: 0.113E-07, 3505/19290, Succ: 249, Eval: 6101988, CPU: 00:03:47
 Rf: 0.0017, Los: 0.01, Rg: 0.00, Cen: 0.00, Ani: 0.00, Fit: 0.0079
Step:  128, T: 0.108E-07, 3516/19290, Succ: 197, Eval: 6201988, CPU: 00:03:51
 Rf: 0.0017, Los: 0.01, Rg: 0.00, Cen: 0.00, Ani: 0.00, Fit: 0.0079
Step:  129, T: 0.102E-07, 3514/19290, Succ: 128, Eval: 6301988, CPU: 00:03:54
 Rf: 0.0017, Los: 0.01, Rg: 0.00, Cen: 0.00, Ani: 0.00, Fit: 0.0079
Step:  130, T: 0.971E-08, 3513/19290, Succ: 101, Eval: 6401988, CPU: 00:03:57
 Rf: 0.0017, Los: 0.01, Rg: 0.00, Cen: 0.00, Ani: 0.00, Fit: 0.0079
Step:  131, T: 0.923E-08, 3512/19290, Succ: 87, Eval: 6501988, CPU: 00:04:00
 Rf: 0.0017, Los: 0.01, Rg: 0.00, Cen: 0.00, Ani: 0.00, Fit: 0.0079
Step:  132, T: 0.877E-08, 3515/19290, Succ: 85, Eval: 6601988, CPU: 00:04:04
 Rf: 0.0017, Los: 0.01, Rg: 0.00, Cen: 0.00, Ani: 0.00, Fit: 0.0079
Step:  133, T: 0.833E-08, 3514/19290, Succ: 87, Eval: 6701988, CPU: 00:04:07
 Rf: 0.0017, Los: 0.01, Rg: 0.00, Cen: 0.00, Ani: 0.00, Fit: 0.0079
Step:  134, T: 0.791E-08, 3516/19290, Succ: 84, Eval: 6801988, CPU: 00:04:10
 Rf: 0.0017, Los: 0.01, Rg: 0.00, Cen: 0.00, Ani: 0.00, Fit: 0.0079
Step:  135, T: 0.752E-08, 3514/19290, Succ: 76, Eval: 6901988, CPU: 00:04:13
 Rf: 0.0017, Los: 0.01, Rg: 0.00, Cen: 0.00, Ani: 0.00, Fit: 0.0079
Step:  136, T: 0.714E-08, 3513/19290, Succ: 63, Eval: 7001988, CPU: 00:04:16
 Rf: 0.0017, Los: 0.01, Rg: 0.00, Cen: 0.00, Ani: 0.00, Fit: 0.0079
Step:  137, T: 0.678E-08, 3516/19290, Succ: 77, Eval: 7101988, CPU: 00:04:18
 Rf: 0.0017, Los: 0.01, Rg: 0.00, Cen: 0.00, Ani: 0.00, Fit: 0.0079
Step:  138, T: 0.644E-08, 3517/19290, Succ: 29, Eval: 7201988, CPU: 00:04:21
 Rf: 0.0017, Los: 0.01, Rg: 0.00, Cen: 0.00, Ani: 0.00, Fit: 0.0079
Annealing procedure status ....................... : cooled down
Probability that the model fits the data ......... : 0.603E-05
Preparing output files ........................... : pdb, fit, fir
Log closed ....................................... : 25-Mar-2020, 10:33:03
