Models to cluster:
 lys_8_01-1.pdb
 lys_8_02-1.pdb
 lys_8_03-1.pdb
 lys_8_04-1.pdb
 lys_8_05-1.pdb
 lys_8_06-1.pdb
 lys_8_07-1.pdb
 lys_8_08-1.pdb
 lys_8_09-1.pdb
 lys_8_10-1.pdb
 lys_8_11-1.pdb
 lys_8_12-1.pdb
 lys_8_13-1.pdb
 lys_8_14-1.pdb
 lys_8_15-1.pdb
 lys_8_16-1.pdb
 lys_8_17-1.pdb
 lys_8_18-1.pdb
 lys_8_19-1.pdb
 lys_8_20-1.pdb

 Step number ............................................ : 2
 Distance between merged clusters ....................... : 0.3158
 Average dist within new cluster ........................ : 0.3158
 Distance: Cluster members
   0.0000:  2
   0.0000:  3
   0.0000:  4
   0.0000:  5
   0.0000:  6
   0.3158:  7  1
   0.0000:  8
   0.0000:  9
   0.0000: 10
   0.0000: 11
   0.0000: 12
   0.0000: 13
   0.0000: 14
   0.0000: 15
   0.0000: 16
   0.0000: 17
   0.0000: 18
   0.0000: 19
   0.0000: 20
 Average spread of non-isolated clusters ................ : 0.3158

 Step number ............................................ : 3
 Distance between merged clusters ....................... : 0.3796
 Average dist within new cluster ........................ : 0.3796
 Distance: Cluster members
   0.0000:  2
   0.0000:  3
   0.0000:  4
   0.0000:  5
   0.0000:  6
   0.3158:  7  1
   0.0000:  8
   0.0000: 10
   0.0000: 11
   0.0000: 12
   0.0000: 13
   0.0000: 14
   0.0000: 15
   0.3796: 16  9
   0.0000: 17
   0.0000: 18
   0.0000: 19
   0.0000: 20
 Average spread of non-isolated clusters ................ : 0.3477

 Step number ............................................ : 4
 Distance between merged clusters ....................... : 0.4815
 Average dist within new cluster ........................ : 0.4815
 Distance: Cluster members
   0.0000:  2
   0.0000:  4
   0.0000:  5
   0.0000:  6
   0.3158:  7  1
   0.0000:  8
   0.0000: 10
   0.0000: 11
   0.0000: 12
   0.0000: 13
   0.0000: 14
   0.0000: 15
   0.3796: 16  9
   0.0000: 17
   0.0000: 18
   0.4815: 19  3
   0.0000: 20
 Average spread of non-isolated clusters ................ : 0.3923

 Step number ............................................ : 5
 Distance between merged clusters ....................... : 0.4961
 Average dist within new cluster ........................ : 0.4360
 Distance: Cluster members
   0.0000:  2
   0.0000:  4
   0.0000:  5
   0.0000:  6
   0.0000:  8
   0.0000: 10
   0.0000: 11
   0.4360: 12  7  1
   0.0000: 13
   0.0000: 14
   0.0000: 15
   0.3796: 16  9
   0.0000: 17
   0.0000: 18
   0.4815: 19  3
   0.0000: 20
 Average spread of non-isolated clusters ................ : 0.4324

 Step number ............................................ : 6
 Distance between merged clusters ....................... : 0.5064
 Average dist within new cluster ........................ : 0.4641
 Distance: Cluster members
   0.0000:  2
   0.0000:  5
   0.0000:  6
   0.0000:  8
   0.0000: 10
   0.0000: 11
   0.4360: 12  7  1
   0.0000: 13
   0.0000: 14
   0.0000: 15
   0.4641: 16  9  4
   0.0000: 17
   0.0000: 18
   0.4815: 19  3
   0.0000: 20
 Average spread of non-isolated clusters ................ : 0.4605

 Step number ............................................ : 7
 Distance between merged clusters ....................... : 0.5121
 Average dist within new cluster ........................ : 0.5019
 Distance: Cluster members
   0.0000:  2
   0.0000:  6
   0.0000:  8
   0.0000: 10
   0.0000: 11
   0.4360: 12  7  1
   0.0000: 13
   0.0000: 14
   0.0000: 15
   0.4641: 16  9  4
   0.0000: 17
   0.0000: 18
   0.5019: 19  3  5
   0.0000: 20
 Average spread of non-isolated clusters ................ : 0.4673

 Step number ............................................ : 8
 Distance between merged clusters ....................... : 0.5267
 Average dist within new cluster ........................ : 0.5267
 Distance: Cluster members
   0.0000:  2
   0.0000:  6
   0.0000:  8
   0.0000: 10
   0.0000: 11
   0.4360: 12  7  1
   0.0000: 14
   0.0000: 15
   0.4641: 16  9  4
   0.5267: 17 13
   0.0000: 18
   0.5019: 19  3  5
   0.0000: 20
 Average spread of non-isolated clusters ................ : 0.4822

 Step number ............................................ : 9
 Distance between merged clusters ....................... : 0.5308
 Average dist within new cluster ........................ : 0.5308
 Distance: Cluster members
   0.0000:  2
   0.0000:  6
   0.0000:  8
   0.0000: 11
   0.4360: 12  7  1
   0.0000: 14
   0.5308: 15 10
   0.4641: 16  9  4
   0.5267: 17 13
   0.0000: 18
   0.5019: 19  3  5
   0.0000: 20
 Average spread of non-isolated clusters ................ : 0.4919

 Step number ............................................ : 10
 Distance between merged clusters ....................... : 0.5356
 Average dist within new cluster ........................ : 0.5137
 Distance: Cluster members
   0.0000:  2
   0.0000:  6
   0.0000:  8
   0.0000: 11
   0.4360: 12  7  1
   0.0000: 14
   0.5137: 16  9  4 15 10
   0.5267: 17 13
   0.0000: 18
   0.5019: 19  3  5
   0.0000: 20
 Average spread of non-isolated clusters ................ : 0.4946

 Step number ............................................ : 11
 Distance between merged clusters ....................... : 0.5380
 Average dist within new cluster ........................ : 0.5380
 Distance: Cluster members
   0.0000:  2
   0.0000:  6
   0.0000:  8
   0.4360: 12  7  1
   0.0000: 14
   0.5137: 16  9  4 15 10
   0.5267: 17 13
   0.0000: 18
   0.5019: 19  3  5
   0.5380: 20 11
 Average spread of non-isolated clusters ................ : 0.5032

 Step number ............................................ : 12
 Distance between merged clusters ....................... : 0.5582
 Average dist within new cluster ........................ : 0.5225
 Distance: Cluster members
   0.0000:  2
   0.0000:  6
   0.0000:  8
   0.0000: 14
   0.5137: 16  9  4 15 10
   0.5267: 17 13
   0.0000: 18
   0.5225: 19  3  5 12  7  1
   0.5380: 20 11
 Average spread of non-isolated clusters ................ : 0.5252

 Step number ............................................ : 13
 Distance between merged clusters ....................... : 0.5610
 Average dist within new cluster ........................ : 0.5294
 Distance: Cluster members
   0.0000:  2
   0.0000:  6
   0.0000:  8
   0.0000: 14
   0.5267: 17 13
   0.5294: 18 16  9  4 15 10
   0.5225: 19  3  5 12  7  1
   0.5380: 20 11
 Average spread of non-isolated clusters ................ : 0.5292

 Step number ............................................ : 14
 Distance between merged clusters ....................... : 0.5675
 Average dist within new cluster ........................ : 0.5403
 Distance: Cluster members
   0.0000:  2
   0.0000:  6
   0.0000:  8
   0.5267: 17 13
   0.5403: 18 16  9  4 15 10 14
   0.5225: 19  3  5 12  7  1
   0.5380: 20 11
 Average spread of non-isolated clusters ................ : 0.5319

 Step number ............................................ : 15
 Distance between merged clusters ....................... : 0.5742
 Average dist within new cluster ........................ : 0.5584
 Distance: Cluster members
   0.0000:  6
   0.0000:  8
   0.5584: 17 13  2
   0.5403: 18 16  9  4 15 10 14
   0.5225: 19  3  5 12  7  1
   0.5380: 20 11
 Average spread of non-isolated clusters ................ : 0.5398

 Step number ............................................ : 16
 Distance between merged clusters ....................... : 0.5784
 Average dist within new cluster ........................ : 0.5650
 Distance: Cluster members
   0.0000:  6
   0.5584: 17 13  2
   0.5403: 18 16  9  4 15 10 14
   0.5225: 19  3  5 12  7  1
   0.5650: 20 11  8
 Average spread of non-isolated clusters ................ : 0.5465

 Step number ............................................ : 17
 Distance between merged clusters ....................... : 0.6018
 Average dist within new cluster ........................ : 0.5700
 Distance: Cluster members
   0.0000:  6
   0.5584: 17 13  2
   0.5700: 19  3  5 12  7  1 18 16  9  4 15 10 14
   0.5650: 20 11  8
 Average spread of non-isolated clusters ................ : 0.5644

 Step number ............................................ : 18
 Distance between merged clusters ....................... : 0.6257
 Average dist within new cluster ........................ : 0.5880
 Distance: Cluster members
   0.0000:  6
   0.5584: 17 13  2
   0.5880: 20 11  8 19  3  5 12  7  1 18 16  9  4 15 10 14
 Average spread of non-isolated clusters ................ : 0.5732

 Step number ............................................ : 19
 Distance between merged clusters ....................... : 0.6984
 Average dist within new cluster ........................ : 0.6284
 Distance: Cluster members
   0.6284: 17 13  2  6
   0.5880: 20 11  8 19  3  5 12  7  1 18 16  9  4 15 10 14
 Average spread of non-isolated clusters ................ : 0.6082

 Step number ............................................ : 20
 Distance between merged clusters ....................... : 0.7362
 Average dist within new cluster ........................ : 0.6392
 Distance: Cluster members
   0.6392: 20 11  8 19  3  5 12  7  1 18 16  9  4 15 10 14 17 13  2  6
 Average spread of non-isolated clusters ................ : 0.6392

 #, Target:            2   20.000000000000000     
 #, Target:            3   20.776640789214255     
 #, Target:            4   22.259812393215519     
 #, Target:            5   23.489693154812723     
 #, Target:            6   24.058140729451459     
 #, Target:            7   23.436232968743138     
 #, Target:            8   23.262301870790317     
 #, Target:            9   22.803101050139247     
 #, Target:           10   21.951102003062768     
 #, Target:           11   21.434761523140590     
 #, Target:           12   21.657725740390305     
 #, Target:           13   20.877112042108351     
 #, Target:           14   20.028366876218506     
 #, Target:           15   19.468758954732944     
 #, Target:           16   18.843819206446980     
 #, Target:           17   18.840611681983994     
 #, Target:           18   18.326704442624397     
 #, Target:           19   19.275916014645354     
 #, Target:           20   20.000000000000000     
 Best-Cut step .......................................... : 18

 Cluster  1 (isolated): lys_8_06-1.pdb
 Cluster  2 (representative, deviation): lys_8_17-1.pdb  0.54645774135087177     
 Other cluster members:
 lys_8_13-1.pdb
 lys_8_02-1.pdb
 Cluster  3 (representative, deviation): lys_8_09-1.pdb  0.55271163798583800     
 Other cluster members:
 lys_8_20-1.pdb
 lys_8_11-1.pdb
 lys_8_08-1.pdb
 lys_8_19-1.pdb
 lys_8_03-1.pdb
 lys_8_05-1.pdb
 lys_8_12-1.pdb
 lys_8_07-1.pdb
 lys_8_01-1.pdb
 lys_8_18-1.pdb
 lys_8_16-1.pdb
 lys_8_04-1.pdb
 lys_8_15-1.pdb
 lys_8_10-1.pdb
 lys_8_14-1.pdb

 Distances between the representatives
       (Cluster1, Cluster2, Distance):
           1           2  0.73155821423882128     
           1           3  0.68826272215609241     
           2           3  0.74965721147451347     
