dammif ........................................... : r11734
Log opened ....................................... : 25-Mar-2020, 10:23:30
Run as:
Full command line ................................ : /usr/bin/dammif --quiet --mode=Slow --prefix=lys_8_09 --unit=Unknown --symmetry=P1 --anisometry=Unknown --omit-solvent lys_8.out
Configuration mode ............................... : slow
Angular units .................................... : unknown
Prefix ........................................... : lys_8_09
Omit output of solvent ........................... : yes
GNOM input file .................................. : lys_8.out
Expected particle anisometry ..................... : unknown
Enforced particle symmetry ....................... : p1
Pseudo-chains in PDB output ...................... : no
GNOM file:
Title ............................................ :
Angular units .................................... : angstrom
Maximum particle diameter [Angstrom] ............. : 44.0
Radius of gyration [Angstrom] .................... : 14.7
Minimum s [1/Angstrom] ........................... : 0.00
Maximum s [1/Angstrom] ........................... : 0.579
Configured as:
Shape class ...................................... : compact
Approx. shape dimension (ri) ..................... : 0.00
Approx. shape dimension (ro) ..................... : 18.9
Approx. shape dimension (h) ...................... : 0.00
Dummy atom radius ................................ : 1.00
Number of spherical harmonics .................... : 20
Proportion of the curve to be fitted ............. : 1.00
Maximum s [1/Angstrom] ........................... : 0.579
Number of shannon channels ....................... : 9
Number of supporting points in spline approx. .... : 10
Probability that the spline approx. fits the data  : 0.563E-77
Weighting function ............................... : emphasised porod
Initial random seed .............................. : 3004565716172943041
Maximum number of steps .......................... : 400
Maximum number of iterations ..................... : 100000
Minumum number of successes ...................... : 50
Maximum number of successes ...................... : 10000
Temperature scheduling factor .................... : 0.950
Rg penalty weight ................................ : 0.100E-02
Center penalty weight ............................ : 0.100E-04
Looseness penalty weight ......................... : 0.100E-01
Anisometry penalty weight ........................ : 0.00
Constant subtraction ............................. : 0.520E-04
Annealing procedure status ....................... : warming up
Initial Rg penalty ............................... : 0.169E-03
Initial Center penalty ........................... : 0.781E-15
Initial Looseness penalty ........................ : 0.506E-02
Annealing procedure status ....................... : started
Step:    1, T: 0.730E-05, 3037/10728, Succ: 10000, Eval: 18182, CPU: 00:00:02
 Rf: 0.0662, Los: 0.11, Rg: 0.01, Cen: 0.27, Ani: 0.00, Fit: 0.0739
Step:    2, T: 0.693E-05, 3061/12312, Succ: 10000, Eval: 40344, CPU: 00:00:05
 Rf: 0.0665, Los: 0.11, Rg: 0.06, Cen: 0.35, Ani: 0.00, Fit: 0.0750
Step:    3, T: 0.659E-05, 3039/13280, Succ: 10000, Eval: 62663, CPU: 00:00:09
 Rf: 0.0604, Los: 0.11, Rg: 0.05, Cen: 0.76, Ani: 0.00, Fit: 0.0694
Step:    4, T: 0.626E-05, 2981/14068, Succ: 10000, Eval: 85850, CPU: 00:00:12
 Rf: 0.0589, Los: 0.12, Rg: 0.03, Cen: 0.81, Ani: 0.00, Fit: 0.0683
Step:    5, T: 0.594E-05, 2973/14610, Succ: 10000, Eval: 108304, CPU: 00:00:15
 Rf: 0.0583, Los: 0.12, Rg: 0.08, Cen: 0.50, Ani: 0.00, Fit: 0.0684
Step:    6, T: 0.565E-05, 3005/15122, Succ: 10000, Eval: 132198, CPU: 00:00:18
 Rf: 0.0554, Los: 0.11, Rg: 0.08, Cen: 0.64, Ani: 0.00, Fit: 0.0653
Step:    7, T: 0.536E-05, 2879/15428, Succ: 10000, Eval: 156274, CPU: 00:00:21
 Rf: 0.0512, Los: 0.12, Rg: 0.07, Cen: 0.66, Ani: 0.00, Fit: 0.0621
Step:    8, T: 0.510E-05, 2883/15744, Succ: 10000, Eval: 179258, CPU: 00:00:23
 Rf: 0.0505, Los: 0.11, Rg: 0.06, Cen: 0.33, Ani: 0.00, Fit: 0.0613
Step:    9, T: 0.484E-05, 2881/16039, Succ: 10000, Eval: 202321, CPU: 00:00:26
 Rf: 0.0476, Los: 0.11, Rg: 0.06, Cen: 0.42, Ani: 0.00, Fit: 0.0583
Step:   10, T: 0.460E-05, 2879/16332, Succ: 10000, Eval: 225660, CPU: 00:00:28
 Rf: 0.0468, Los: 0.11, Rg: 0.06, Cen: 0.88, Ani: 0.00, Fit: 0.0580
Step:   11, T: 0.437E-05, 2763/16489, Succ: 10000, Eval: 248845, CPU: 00:00:30
 Rf: 0.0419, Los: 0.10, Rg: 0.04, Cen: 0.61, Ani: 0.00, Fit: 0.0531
Step:   12, T: 0.415E-05, 2747/16705, Succ: 10000, Eval: 272038, CPU: 00:00:32
 Rf: 0.0381, Los: 0.11, Rg: 0.03, Cen: 0.59, Ani: 0.00, Fit: 0.0504
Step:   13, T: 0.394E-05, 2737/16902, Succ: 10000, Eval: 295304, CPU: 00:00:34
 Rf: 0.0367, Los: 0.11, Rg: 0.02, Cen: 0.84, Ani: 0.00, Fit: 0.0495
Step:   14, T: 0.375E-05, 2715/17041, Succ: 10000, Eval: 318076, CPU: 00:00:37
 Rf: 0.0340, Los: 0.10, Rg: 0.02, Cen: 0.75, Ani: 0.00, Fit: 0.0465
Step:   15, T: 0.356E-05, 2663/17219, Succ: 10000, Eval: 340374, CPU: 00:00:38
 Rf: 0.0310, Los: 0.10, Rg: 0.02, Cen: 0.44, Ani: 0.00, Fit: 0.0447
Step:   16, T: 0.338E-05, 2595/17366, Succ: 10000, Eval: 362841, CPU: 00:00:40
 Rf: 0.0300, Los: 0.10, Rg: 0.03, Cen: 0.53, Ani: 0.00, Fit: 0.0437
Step:   17, T: 0.321E-05, 2669/17579, Succ: 10000, Eval: 385932, CPU: 00:00:42
 Rf: 0.0301, Los: 0.10, Rg: 0.05, Cen: 0.56, Ani: 0.00, Fit: 0.0443
Step:   18, T: 0.305E-05, 2655/17768, Succ: 10000, Eval: 409474, CPU: 00:00:44
 Rf: 0.0266, Los: 0.09, Rg: 0.01, Cen: 0.99, Ani: 0.00, Fit: 0.0406
Step:   19, T: 0.290E-05, 2655/17878, Succ: 10000, Eval: 432431, CPU: 00:00:46
 Rf: 0.0267, Los: 0.09, Rg: 0.01, Cen: 0.91, Ani: 0.00, Fit: 0.0411
Step:   20, T: 0.275E-05, 2575/18063, Succ: 10000, Eval: 454488, CPU: 00:00:48
 Rf: 0.0232, Los: 0.10, Rg: 0.02, Cen: 0.42, Ani: 0.00, Fit: 0.0390
Step:   21, T: 0.262E-05, 2585/18198, Succ: 10000, Eval: 476670, CPU: 00:00:50
 Rf: 0.0240, Los: 0.10, Rg: 0.03, Cen: 0.77, Ani: 0.00, Fit: 0.0397
Step:   22, T: 0.249E-05, 2593/18326, Succ: 10000, Eval: 498656, CPU: 00:00:51
 Rf: 0.0220, Los: 0.09, Rg: 0.01, Cen: 0.89, Ani: 0.00, Fit: 0.0381
Step:   23, T: 0.236E-05, 2619/18432, Succ: 10000, Eval: 521037, CPU: 00:00:53
 Rf: 0.0227, Los: 0.09, Rg: 0.02, Cen: 1.06, Ani: 0.00, Fit: 0.0378
Step:   24, T: 0.224E-05, 2515/18503, Succ: 10000, Eval: 543101, CPU: 00:00:54
 Rf: 0.0196, Los: 0.09, Rg: 0.01, Cen: 1.05, Ani: 0.00, Fit: 0.0365
Step:   25, T: 0.213E-05, 2539/18575, Succ: 10000, Eval: 564953, CPU: 00:00:56
 Rf: 0.0195, Los: 0.09, Rg: 0.00, Cen: 0.46, Ani: 0.00, Fit: 0.0357
Step:   26, T: 0.202E-05, 2527/18618, Succ: 10000, Eval: 586918, CPU: 00:00:57
 Rf: 0.0173, Los: 0.09, Rg: 0.00, Cen: 0.54, Ani: 0.00, Fit: 0.0345
Step:   27, T: 0.192E-05, 2591/18666, Succ: 10000, Eval: 608381, CPU: 00:00:58
 Rf: 0.0177, Los: 0.08, Rg: 0.00, Cen: 0.82, Ani: 0.00, Fit: 0.0340
Step:   28, T: 0.183E-05, 2525/18703, Succ: 10000, Eval: 629962, CPU: 00:00:59
 Rf: 0.0160, Los: 0.08, Rg: 0.01, Cen: 0.24, Ani: 0.00, Fit: 0.0332
Step:   29, T: 0.174E-05, 2535/18754, Succ: 10000, Eval: 651357, CPU: 00:01:01
 Rf: 0.0138, Los: 0.08, Rg: 0.01, Cen: 0.16, Ani: 0.00, Fit: 0.0316
Step:   30, T: 0.165E-05, 2525/18805, Succ: 10000, Eval: 672706, CPU: 00:01:02
 Rf: 0.0151, Los: 0.08, Rg: 0.01, Cen: 0.58, Ani: 0.00, Fit: 0.0320
Step:   31, T: 0.157E-05, 2517/18865, Succ: 10000, Eval: 694125, CPU: 00:01:03
 Rf: 0.0129, Los: 0.07, Rg: 0.00, Cen: 0.53, Ani: 0.00, Fit: 0.0302
Step:   32, T: 0.149E-05, 2559/18910, Succ: 10000, Eval: 715455, CPU: 00:01:04
 Rf: 0.0129, Los: 0.07, Rg: 0.00, Cen: 1.12, Ani: 0.00, Fit: 0.0299
Step:   33, T: 0.141E-05, 2569/18938, Succ: 10000, Eval: 736016, CPU: 00:01:05
 Rf: 0.0112, Los: 0.07, Rg: 0.00, Cen: 0.38, Ani: 0.00, Fit: 0.0282
Step:   34, T: 0.134E-05, 2561/18977, Succ: 10000, Eval: 756113, CPU: 00:01:06
 Rf: 0.0102, Los: 0.07, Rg: 0.00, Cen: 0.77, Ani: 0.00, Fit: 0.0277
Step:   35, T: 0.128E-05, 2563/19008, Succ: 10000, Eval: 776155, CPU: 00:01:07
 Rf: 0.0099, Los: 0.06, Rg: 0.00, Cen: 1.10, Ani: 0.00, Fit: 0.0274
Step:   36, T: 0.121E-05, 2565/19053, Succ: 10000, Eval: 796812, CPU: 00:01:08
 Rf: 0.0089, Los: 0.06, Rg: 0.00, Cen: 0.48, Ani: 0.00, Fit: 0.0263
Step:   37, T: 0.115E-05, 2543/19080, Succ: 10000, Eval: 817356, CPU: 00:01:09
 Rf: 0.0094, Los: 0.06, Rg: 0.00, Cen: 0.65, Ani: 0.00, Fit: 0.0266
Step:   38, T: 0.109E-05, 2555/19127, Succ: 10000, Eval: 837966, CPU: 00:01:10
 Rf: 0.0097, Los: 0.06, Rg: 0.00, Cen: 0.98, Ani: 0.00, Fit: 0.0266
Step:   39, T: 0.104E-05, 2577/19135, Succ: 10000, Eval: 858508, CPU: 00:01:11
 Rf: 0.0088, Los: 0.06, Rg: 0.00, Cen: 1.09, Ani: 0.00, Fit: 0.0254
Step:   40, T: 0.987E-06, 2565/19153, Succ: 10000, Eval: 878925, CPU: 00:01:11
 Rf: 0.0074, Los: 0.05, Rg: 0.00, Cen: 0.64, Ani: 0.00, Fit: 0.0247
Step:   41, T: 0.938E-06, 2537/19183, Succ: 10000, Eval: 899709, CPU: 00:01:12
 Rf: 0.0069, Los: 0.05, Rg: 0.00, Cen: 0.24, Ani: 0.00, Fit: 0.0245
Step:   42, T: 0.891E-06, 2571/19225, Succ: 10000, Eval: 920666, CPU: 00:01:13
 Rf: 0.0071, Los: 0.05, Rg: 0.00, Cen: 0.29, Ani: 0.00, Fit: 0.0244
Step:   43, T: 0.846E-06, 2619/19274, Succ: 10000, Eval: 942038, CPU: 00:01:14
 Rf: 0.0073, Los: 0.05, Rg: 0.00, Cen: 0.08, Ani: 0.00, Fit: 0.0237
Step:   44, T: 0.804E-06, 2589/19278, Succ: 10000, Eval: 963136, CPU: 00:01:15
 Rf: 0.0053, Los: 0.05, Rg: 0.00, Cen: 0.28, Ani: 0.00, Fit: 0.0225
Step:   45, T: 0.764E-06, 2585/19286, Succ: 10000, Eval: 984471, CPU: 00:01:15
 Rf: 0.0052, Los: 0.05, Rg: 0.00, Cen: 0.05, Ani: 0.00, Fit: 0.0223
Step:   46, T: 0.726E-06, 2589/19303, Succ: 10000, Eval: 1005992, CPU: 00:01:16
 Rf: 0.0055, Los: 0.04, Rg: 0.00, Cen: 0.40, Ani: 0.00, Fit: 0.0219
Step:   47, T: 0.689E-06, 2605/19362, Succ: 10000, Eval: 1028174, CPU: 00:01:17
 Rf: 0.0058, Los: 0.05, Rg: 0.00, Cen: 0.15, Ani: 0.00, Fit: 0.0222
Step:   48, T: 0.655E-06, 2663/19389, Succ: 10000, Eval: 1050260, CPU: 00:01:18
 Rf: 0.0056, Los: 0.04, Rg: 0.00, Cen: 0.46, Ani: 0.00, Fit: 0.0211
Step:   49, T: 0.622E-06, 2633/19403, Succ: 10000, Eval: 1072314, CPU: 00:01:18
 Rf: 0.0048, Los: 0.04, Rg: 0.00, Cen: 0.34, Ani: 0.00, Fit: 0.0210
Step:   50, T: 0.591E-06, 2697/19419, Succ: 10000, Eval: 1095165, CPU: 00:01:19
 Rf: 0.0057, Los: 0.04, Rg: 0.00, Cen: 0.26, Ani: 0.00, Fit: 0.0208
Step:   51, T: 0.561E-06, 2657/19423, Succ: 10000, Eval: 1117883, CPU: 00:01:20
 Rf: 0.0052, Los: 0.04, Rg: 0.00, Cen: 0.18, Ani: 0.00, Fit: 0.0199
Step:   52, T: 0.533E-06, 2675/19423, Succ: 10000, Eval: 1141020, CPU: 00:01:20
 Rf: 0.0046, Los: 0.04, Rg: 0.00, Cen: 0.14, Ani: 0.00, Fit: 0.0200
Step:   53, T: 0.507E-06, 2655/19424, Succ: 10000, Eval: 1164806, CPU: 00:01:21
 Rf: 0.0049, Los: 0.04, Rg: 0.00, Cen: 0.23, Ani: 0.00, Fit: 0.0200
Step:   54, T: 0.481E-06, 2701/19426, Succ: 10000, Eval: 1188855, CPU: 00:01:22
 Rf: 0.0041, Los: 0.03, Rg: 0.00, Cen: 0.10, Ani: 0.00, Fit: 0.0191
Step:   55, T: 0.457E-06, 2743/19429, Succ: 10000, Eval: 1213674, CPU: 00:01:23
 Rf: 0.0048, Los: 0.03, Rg: 0.00, Cen: 0.13, Ani: 0.00, Fit: 0.0187
Step:   56, T: 0.434E-06, 2709/19431, Succ: 10000, Eval: 1238460, CPU: 00:01:23
 Rf: 0.0047, Los: 0.03, Rg: 0.00, Cen: 0.13, Ani: 0.00, Fit: 0.0188
Step:   57, T: 0.413E-06, 2703/19432, Succ: 10000, Eval: 1263731, CPU: 00:01:24
 Rf: 0.0044, Los: 0.03, Rg: 0.00, Cen: 0.26, Ani: 0.00, Fit: 0.0184
Step:   58, T: 0.392E-06, 2757/19432, Succ: 10000, Eval: 1289595, CPU: 00:01:25
 Rf: 0.0038, Los: 0.03, Rg: 0.00, Cen: 0.04, Ani: 0.00, Fit: 0.0180
Step:   59, T: 0.372E-06, 2777/19432, Succ: 10000, Eval: 1315229, CPU: 00:01:26
 Rf: 0.0033, Los: 0.03, Rg: 0.00, Cen: 0.03, Ani: 0.00, Fit: 0.0173
Step:   60, T: 0.354E-06, 2787/19435, Succ: 10000, Eval: 1341804, CPU: 00:01:27
 Rf: 0.0036, Los: 0.03, Rg: 0.00, Cen: 0.12, Ani: 0.00, Fit: 0.0172
Step:   61, T: 0.336E-06, 2785/19435, Succ: 10000, Eval: 1368653, CPU: 00:01:27
 Rf: 0.0033, Los: 0.03, Rg: 0.00, Cen: 0.04, Ani: 0.00, Fit: 0.0169
Step:   62, T: 0.319E-06, 2801/19439, Succ: 10000, Eval: 1395396, CPU: 00:01:28
 Rf: 0.0038, Los: 0.03, Rg: 0.00, Cen: 0.09, Ani: 0.00, Fit: 0.0168
Step:   63, T: 0.303E-06, 2831/19442, Succ: 10000, Eval: 1423154, CPU: 00:01:29
 Rf: 0.0038, Los: 0.03, Rg: 0.00, Cen: 0.14, Ani: 0.00, Fit: 0.0166
Step:   64, T: 0.288E-06, 2831/19443, Succ: 10000, Eval: 1451601, CPU: 00:01:30
 Rf: 0.0030, Los: 0.03, Rg: 0.00, Cen: 0.09, Ani: 0.00, Fit: 0.0162
Step:   65, T: 0.274E-06, 2833/19446, Succ: 10000, Eval: 1480289, CPU: 00:01:31
 Rf: 0.0031, Los: 0.02, Rg: 0.00, Cen: 0.11, Ani: 0.00, Fit: 0.0159
Step:   66, T: 0.260E-06, 2841/19459, Succ: 10000, Eval: 1509995, CPU: 00:01:32
 Rf: 0.0032, Los: 0.02, Rg: 0.00, Cen: 0.04, Ani: 0.00, Fit: 0.0157
Step:   67, T: 0.247E-06, 2865/19460, Succ: 10000, Eval: 1540289, CPU: 00:01:33
 Rf: 0.0030, Los: 0.02, Rg: 0.00, Cen: 0.05, Ani: 0.00, Fit: 0.0152
Step:   68, T: 0.235E-06, 2907/19467, Succ: 10000, Eval: 1571868, CPU: 00:01:34
 Rf: 0.0033, Los: 0.02, Rg: 0.00, Cen: 0.10, Ani: 0.00, Fit: 0.0153
Step:   69, T: 0.223E-06, 2879/19467, Succ: 10000, Eval: 1603439, CPU: 00:01:35
 Rf: 0.0031, Los: 0.02, Rg: 0.00, Cen: 0.08, Ani: 0.00, Fit: 0.0151
Step:   70, T: 0.212E-06, 2873/19467, Succ: 10000, Eval: 1635833, CPU: 00:01:36
 Rf: 0.0029, Los: 0.02, Rg: 0.00, Cen: 0.13, Ani: 0.00, Fit: 0.0148
Step:   71, T: 0.201E-06, 2895/19467, Succ: 10000, Eval: 1668909, CPU: 00:01:37
 Rf: 0.0029, Los: 0.02, Rg: 0.00, Cen: 0.07, Ani: 0.00, Fit: 0.0145
Step:   72, T: 0.191E-06, 2917/19467, Succ: 10000, Eval: 1702822, CPU: 00:01:38
 Rf: 0.0028, Los: 0.02, Rg: 0.00, Cen: 0.08, Ani: 0.00, Fit: 0.0142
Step:   73, T: 0.182E-06, 2943/19467, Succ: 10000, Eval: 1737846, CPU: 00:01:39
 Rf: 0.0026, Los: 0.02, Rg: 0.00, Cen: 0.03, Ani: 0.00, Fit: 0.0139
Step:   74, T: 0.173E-06, 2983/19468, Succ: 10000, Eval: 1774292, CPU: 00:01:40
 Rf: 0.0027, Los: 0.02, Rg: 0.00, Cen: 0.02, Ani: 0.00, Fit: 0.0134
Step:   75, T: 0.164E-06, 2955/19469, Succ: 10000, Eval: 1811234, CPU: 00:01:41
 Rf: 0.0027, Los: 0.02, Rg: 0.00, Cen: 0.02, Ani: 0.00, Fit: 0.0135
Step:   76, T: 0.156E-06, 3003/19469, Succ: 10000, Eval: 1849669, CPU: 00:01:42
 Rf: 0.0027, Los: 0.02, Rg: 0.00, Cen: 0.02, Ani: 0.00, Fit: 0.0135
Step:   77, T: 0.148E-06, 3035/19469, Succ: 10000, Eval: 1889493, CPU: 00:01:43
 Rf: 0.0024, Los: 0.02, Rg: 0.00, Cen: 0.03, Ani: 0.00, Fit: 0.0130
Step:   78, T: 0.141E-06, 3063/19469, Succ: 10000, Eval: 1930103, CPU: 00:01:45
 Rf: 0.0025, Los: 0.02, Rg: 0.00, Cen: 0.01, Ani: 0.00, Fit: 0.0126
Step:   79, T: 0.134E-06, 3043/19469, Succ: 10000, Eval: 1971864, CPU: 00:01:46
 Rf: 0.0022, Los: 0.02, Rg: 0.00, Cen: 0.05, Ani: 0.00, Fit: 0.0127
Step:   80, T: 0.127E-06, 3057/19469, Succ: 10000, Eval: 2014968, CPU: 00:01:47
 Rf: 0.0024, Los: 0.01, Rg: 0.00, Cen: 0.04, Ani: 0.00, Fit: 0.0123
Step:   81, T: 0.121E-06, 3041/19469, Succ: 10000, Eval: 2059374, CPU: 00:01:49
 Rf: 0.0024, Los: 0.01, Rg: 0.00, Cen: 0.06, Ani: 0.00, Fit: 0.0124
Step:   82, T: 0.114E-06, 3103/19469, Succ: 10000, Eval: 2105075, CPU: 00:01:50
 Rf: 0.0023, Los: 0.01, Rg: 0.00, Cen: 0.02, Ani: 0.00, Fit: 0.0120
Step:   83, T: 0.109E-06, 3103/19471, Succ: 10000, Eval: 2153498, CPU: 00:01:51
 Rf: 0.0021, Los: 0.01, Rg: 0.00, Cen: 0.01, Ani: 0.00, Fit: 0.0118
Step:   84, T: 0.103E-06, 3127/19471, Succ: 10000, Eval: 2203362, CPU: 00:01:53
 Rf: 0.0024, Los: 0.01, Rg: 0.00, Cen: 0.06, Ani: 0.00, Fit: 0.0116
Step:   85, T: 0.982E-07, 3137/19471, Succ: 10000, Eval: 2255601, CPU: 00:01:55
 Rf: 0.0020, Los: 0.01, Rg: 0.00, Cen: 0.02, Ani: 0.00, Fit: 0.0114
Step:   86, T: 0.933E-07, 3163/19472, Succ: 10000, Eval: 2309791, CPU: 00:01:56
 Rf: 0.0020, Los: 0.01, Rg: 0.00, Cen: 0.01, Ani: 0.00, Fit: 0.0111
Step:   87, T: 0.886E-07, 3165/19473, Succ: 10000, Eval: 2365042, CPU: 00:01:58
 Rf: 0.0022, Los: 0.01, Rg: 0.00, Cen: 0.01, Ani: 0.00, Fit: 0.0110
Step:   88, T: 0.842E-07, 3203/19473, Succ: 10000, Eval: 2423514, CPU: 00:02:00
 Rf: 0.0019, Los: 0.01, Rg: 0.00, Cen: 0.01, Ani: 0.00, Fit: 0.0108
Step:   89, T: 0.800E-07, 3213/19474, Succ: 10000, Eval: 2484121, CPU: 00:02:02
 Rf: 0.0020, Los: 0.01, Rg: 0.00, Cen: 0.03, Ani: 0.00, Fit: 0.0106
Step:   90, T: 0.760E-07, 3249/19474, Succ: 10000, Eval: 2547584, CPU: 00:02:04
 Rf: 0.0021, Los: 0.01, Rg: 0.00, Cen: 0.02, Ani: 0.00, Fit: 0.0104
Step:   91, T: 0.722E-07, 3233/19474, Succ: 10000, Eval: 2613653, CPU: 00:02:06
 Rf: 0.0019, Los: 0.01, Rg: 0.00, Cen: 0.02, Ani: 0.00, Fit: 0.0104
Step:   92, T: 0.685E-07, 3211/19477, Succ: 10000, Eval: 2683630, CPU: 00:02:08
 Rf: 0.0018, Los: 0.01, Rg: 0.00, Cen: 0.02, Ani: 0.00, Fit: 0.0104
Step:   93, T: 0.651E-07, 3261/19478, Succ: 10000, Eval: 2757165, CPU: 00:02:10
 Rf: 0.0020, Los: 0.01, Rg: 0.00, Cen: 0.02, Ani: 0.00, Fit: 0.0102
Step:   94, T: 0.619E-07, 3265/19479, Succ: 10000, Eval: 2836364, CPU: 00:02:13
 Rf: 0.0021, Los: 0.01, Rg: 0.00, Cen: 0.01, Ani: 0.00, Fit: 0.0101
Step:   95, T: 0.588E-07, 3283/19479, Succ: 10000, Eval: 2920417, CPU: 00:02:16
 Rf: 0.0020, Los: 0.01, Rg: 0.00, Cen: 0.02, Ani: 0.00, Fit: 0.0099
Step:   96, T: 0.558E-07, 3281/19479, Succ: 10000, Eval: 3008538, CPU: 00:02:18
 Rf: 0.0018, Los: 0.01, Rg: 0.00, Cen: 0.01, Ani: 0.00, Fit: 0.0098
Step:   97, T: 0.530E-07, 3311/19479, Succ: 10000, Eval: 3101336, CPU: 00:02:21
 Rf: 0.0018, Los: 0.01, Rg: 0.00, Cen: 0.01, Ani: 0.00, Fit: 0.0097
Step:   98, T: 0.504E-07, 3325/19479, Succ: 10000, Eval: 3199954, CPU: 00:02:24
 Rf: 0.0018, Los: 0.01, Rg: 0.00, Cen: 0.01, Ani: 0.00, Fit: 0.0095
Step:   99, T: 0.479E-07, 3360/19481, Succ: 9351, Eval: 3299954, CPU: 00:02:28
 Rf: 0.0017, Los: 0.01, Rg: 0.00, Cen: 0.01, Ani: 0.00, Fit: 0.0094
Step:  100, T: 0.455E-07, 3342/19481, Succ: 8666, Eval: 3399954, CPU: 00:02:31
 Rf: 0.0018, Los: 0.01, Rg: 0.00, Cen: 0.00, Ani: 0.00, Fit: 0.0092
Step:  101, T: 0.432E-07, 3370/19481, Succ: 8108, Eval: 3499954, CPU: 00:02:34
 Rf: 0.0018, Los: 0.01, Rg: 0.00, Cen: 0.01, Ani: 0.00, Fit: 0.0091
Step:  102, T: 0.410E-07, 3385/19481, Succ: 7597, Eval: 3599954, CPU: 00:02:37
 Rf: 0.0019, Los: 0.01, Rg: 0.00, Cen: 0.01, Ani: 0.00, Fit: 0.0090
Step:  103, T: 0.390E-07, 3396/19481, Succ: 6785, Eval: 3699954, CPU: 00:02:41
 Rf: 0.0020, Los: 0.01, Rg: 0.00, Cen: 0.02, Ani: 0.00, Fit: 0.0090
Step:  104, T: 0.370E-07, 3410/19481, Succ: 6090, Eval: 3799954, CPU: 00:02:44
 Rf: 0.0018, Los: 0.01, Rg: 0.00, Cen: 0.02, Ani: 0.00, Fit: 0.0088
Step:  105, T: 0.352E-07, 3427/19481, Succ: 5727, Eval: 3899954, CPU: 00:02:47
 Rf: 0.0018, Los: 0.01, Rg: 0.00, Cen: 0.02, Ani: 0.00, Fit: 0.0087
Step:  106, T: 0.334E-07, 3439/19481, Succ: 5030, Eval: 3999954, CPU: 00:02:50
 Rf: 0.0018, Los: 0.01, Rg: 0.00, Cen: 0.01, Ani: 0.00, Fit: 0.0085
Step:  107, T: 0.318E-07, 3429/19481, Succ: 4578, Eval: 4099954, CPU: 00:02:54
 Rf: 0.0017, Los: 0.01, Rg: 0.00, Cen: 0.00, Ani: 0.00, Fit: 0.0085
Step:  108, T: 0.302E-07, 3433/19481, Succ: 3994, Eval: 4199954, CPU: 00:02:57
 Rf: 0.0018, Los: 0.01, Rg: 0.00, Cen: 0.03, Ani: 0.00, Fit: 0.0085
Step:  109, T: 0.287E-07, 3450/19481, Succ: 3623, Eval: 4299954, CPU: 00:03:00
 Rf: 0.0017, Los: 0.01, Rg: 0.00, Cen: 0.02, Ani: 0.00, Fit: 0.0083
Step:  110, T: 0.272E-07, 3463/19481, Succ: 3173, Eval: 4399954, CPU: 00:03:03
 Rf: 0.0018, Los: 0.01, Rg: 0.00, Cen: 0.00, Ani: 0.00, Fit: 0.0082
Step:  111, T: 0.259E-07, 3466/19481, Succ: 2825, Eval: 4499954, CPU: 00:03:07
 Rf: 0.0019, Los: 0.01, Rg: 0.00, Cen: 0.00, Ani: 0.00, Fit: 0.0081
Step:  112, T: 0.246E-07, 3459/19481, Succ: 2363, Eval: 4599954, CPU: 00:03:10
 Rf: 0.0019, Los: 0.01, Rg: 0.00, Cen: 0.00, Ani: 0.00, Fit: 0.0081
Step:  113, T: 0.233E-07, 3474/19481, Succ: 2177, Eval: 4699954, CPU: 00:03:13
 Rf: 0.0018, Los: 0.01, Rg: 0.00, Cen: 0.01, Ani: 0.00, Fit: 0.0081
Step:  114, T: 0.222E-07, 3470/19481, Succ: 1854, Eval: 4799954, CPU: 00:03:17
 Rf: 0.0019, Los: 0.01, Rg: 0.00, Cen: 0.00, Ani: 0.00, Fit: 0.0080
Step:  115, T: 0.211E-07, 3485/19481, Succ: 1555, Eval: 4899954, CPU: 00:03:20
 Rf: 0.0018, Los: 0.01, Rg: 0.00, Cen: 0.01, Ani: 0.00, Fit: 0.0080
Step:  116, T: 0.200E-07, 3489/19481, Succ: 1470, Eval: 4999954, CPU: 00:03:23
 Rf: 0.0017, Los: 0.01, Rg: 0.00, Cen: 0.01, Ani: 0.00, Fit: 0.0079
Step:  117, T: 0.190E-07, 3499/19481, Succ: 1122, Eval: 5099954, CPU: 00:03:27
 Rf: 0.0018, Los: 0.01, Rg: 0.00, Cen: 0.01, Ani: 0.00, Fit: 0.0079
Step:  118, T: 0.181E-07, 3504/19481, Succ: 855, Eval: 5199954, CPU: 00:03:30
 Rf: 0.0018, Los: 0.01, Rg: 0.00, Cen: 0.01, Ani: 0.00, Fit: 0.0078
Step:  119, T: 0.172E-07, 3497/19481, Succ: 859, Eval: 5299954, CPU: 00:03:33
 Rf: 0.0019, Los: 0.01, Rg: 0.00, Cen: 0.01, Ani: 0.00, Fit: 0.0079
Step:  120, T: 0.163E-07, 3504/19481, Succ: 729, Eval: 5399954, CPU: 00:03:37
 Rf: 0.0018, Los: 0.01, Rg: 0.00, Cen: 0.01, Ani: 0.00, Fit: 0.0078
Step:  121, T: 0.155E-07, 3516/19481, Succ: 594, Eval: 5499954, CPU: 00:03:40
 Rf: 0.0019, Los: 0.01, Rg: 0.00, Cen: 0.01, Ani: 0.00, Fit: 0.0078
Step:  122, T: 0.147E-07, 3515/19481, Succ: 451, Eval: 5599954, CPU: 00:03:43
 Rf: 0.0019, Los: 0.01, Rg: 0.00, Cen: 0.01, Ani: 0.00, Fit: 0.0078
Step:  123, T: 0.140E-07, 3515/19481, Succ: 438, Eval: 5699954, CPU: 00:03:46
 Rf: 0.0018, Los: 0.01, Rg: 0.00, Cen: 0.00, Ani: 0.00, Fit: 0.0078
Step:  124, T: 0.133E-07, 3521/19481, Succ: 304, Eval: 5799954, CPU: 00:03:50
 Rf: 0.0018, Los: 0.01, Rg: 0.00, Cen: 0.00, Ani: 0.00, Fit: 0.0078
Step:  125, T: 0.126E-07, 3518/19481, Succ: 275, Eval: 5899954, CPU: 00:03:53
 Rf: 0.0018, Los: 0.01, Rg: 0.00, Cen: 0.01, Ani: 0.00, Fit: 0.0078
Step:  126, T: 0.120E-07, 3513/19481, Succ: 231, Eval: 5999954, CPU: 00:03:56
 Rf: 0.0018, Los: 0.01, Rg: 0.00, Cen: 0.00, Ani: 0.00, Fit: 0.0078
Step:  127, T: 0.114E-07, 3517/19481, Succ: 180, Eval: 6099954, CPU: 00:04:00
 Rf: 0.0018, Los: 0.01, Rg: 0.00, Cen: 0.00, Ani: 0.00, Fit: 0.0077
Step:  128, T: 0.108E-07, 3522/19481, Succ: 163, Eval: 6199954, CPU: 00:04:03
 Rf: 0.0018, Los: 0.01, Rg: 0.00, Cen: 0.00, Ani: 0.00, Fit: 0.0077
Step:  129, T: 0.103E-07, 3520/19481, Succ: 156, Eval: 6299954, CPU: 00:04:06
 Rf: 0.0019, Los: 0.01, Rg: 0.00, Cen: 0.00, Ani: 0.00, Fit: 0.0077
Step:  130, T: 0.976E-08, 3520/19481, Succ: 152, Eval: 6399954, CPU: 00:04:10
 Rf: 0.0018, Los: 0.01, Rg: 0.00, Cen: 0.01, Ani: 0.00, Fit: 0.0077
Step:  131, T: 0.927E-08, 3520/19481, Succ: 100, Eval: 6499954, CPU: 00:04:14
 Rf: 0.0018, Los: 0.01, Rg: 0.00, Cen: 0.00, Ani: 0.00, Fit: 0.0077
Step:  132, T: 0.881E-08, 3521/19481, Succ: 153, Eval: 6599954, CPU: 00:04:18
 Rf: 0.0018, Los: 0.01, Rg: 0.00, Cen: 0.00, Ani: 0.00, Fit: 0.0077
Step:  133, T: 0.837E-08, 3519/19481, Succ: 92, Eval: 6699954, CPU: 00:04:22
 Rf: 0.0018, Los: 0.01, Rg: 0.00, Cen: 0.00, Ani: 0.00, Fit: 0.0077
Step:  134, T: 0.795E-08, 3522/19481, Succ: 99, Eval: 6799954, CPU: 00:04:25
 Rf: 0.0018, Los: 0.01, Rg: 0.00, Cen: 0.00, Ani: 0.00, Fit: 0.0077
Step:  135, T: 0.755E-08, 3519/19481, Succ: 77, Eval: 6899954, CPU: 00:04:29
 Rf: 0.0018, Los: 0.01, Rg: 0.00, Cen: 0.00, Ani: 0.00, Fit: 0.0077
Step:  136, T: 0.718E-08, 3522/19481, Succ: 73, Eval: 6999954, CPU: 00:04:32
 Rf: 0.0018, Los: 0.01, Rg: 0.00, Cen: 0.00, Ani: 0.00, Fit: 0.0077
Step:  137, T: 0.682E-08, 3523/19481, Succ: 45, Eval: 7099954, CPU: 00:04:36
 Rf: 0.0019, Los: 0.01, Rg: 0.00, Cen: 0.01, Ani: 0.00, Fit: 0.0077
Annealing procedure status ....................... : cooled down
Probability that the model fits the data ......... : 0.603E-05
Preparing output files ........................... : pdb, fit, fir
Log closed ....................................... : 25-Mar-2020, 10:28:50
